execute /home/pei/Project/benchmarks/JCC-H/out/skinner_explained/10.sql_explained.sql
SET
                                                                                     QUERY PLAN                                                                                     
------------------------------------------------------------------------------------------------------------------------------------------------------------------------------------
 Sort  (cost=21298.42..21302.97 rows=1819 width=280) (actual time=109.650..109.767 rows=1584 loops=1)
   Sort Key: (sum((lineitem.l_extendedprice * ('1'::numeric - lineitem.l_discount)))) DESC
   Sort Method: quicksort  Memory: 469kB
   ->  Finalize GroupAggregate  (cost=21016.69..21199.93 rows=1819 width=280) (actual time=101.527..107.549 rows=1584 loops=1)
         Group Key: customer.c_custkey, nation.n_name
         ->  Gather Merge  (cost=21016.69..21166.49 rows=1070 width=280) (actual time=101.501..105.109 rows=1591 loops=1)
               Workers Planned: 1
               Workers Launched: 1
               ->  Partial GroupAggregate  (cost=20016.68..20046.11 rows=1070 width=280) (actual time=96.202..98.750 rows=796 loops=2)
                     Group Key: customer.c_custkey, nation.n_name
                     ->  Sort  (cost=20016.68..20019.36 rows=1070 width=260) (actual time=96.181..96.334 rows=1859 loops=2)
                           Sort Key: customer.c_custkey, nation.n_name
                           Sort Method: quicksort  Memory: 555kB
                           Worker 0:  Sort Method: quicksort  Memory: 533kB
                           ->  Hash Join  (cost=45.88..19962.84 rows=1070 width=260) (actual time=1.489..93.156 rows=1859 loops=2)
                                 Hash Cond: (customer.c_nationkey = nation.n_nationkey)
                                 ->  Nested Loop  (cost=44.31..19957.99 rows=1070 width=160) (actual time=1.335..91.617 rows=1859 loops=2)
                                       ->  Nested Loop  (cost=43.89..15136.11 rows=1070 width=16) (actual time=1.240..65.148 rows=1859 loops=2)
                                             ->  Parallel Bitmap Heap Scan on orders  (cost=43.46..5824.69 rows=1092 width=8) (actual time=1.126..22.194 rows=940 loops=2)
                                                   Recheck Cond: ((o_orderdate >= '1992-05-26'::date) AND (o_orderdate < '1992-05-29'::date))
                                                   Heap Blocks: exact=937
                                                   ->  Bitmap Index Scan on idx_orders_orderdate  (cost=0.00..43.00 rows=1857 width=0) (actual time=1.790..1.790 rows=1879 loops=1)
                                                         Index Cond: ((o_orderdate >= '1992-05-26'::date) AND (o_orderdate < '1992-05-29'::date))
                                             ->  Index Scan using idx_lineitem_orderkey on lineitem  (cost=0.43..8.49 rows=4 width=16) (actual time=0.041..0.044 rows=2 loops=1879)
                                                   Index Cond: (l_orderkey = orders.o_orderkey)
                                                   Filter: (l_returnflag = 'R'::bpchar)
                                                   Rows Removed by Filter: 2
                                       ->  Index Scan using customer_pkey on customer  (cost=0.42..4.51 rows=1 width=148) (actual time=0.013..0.013 rows=1 loops=3718)
                                             Index Cond: (c_custkey = orders.o_custkey)
                                 ->  Hash  (cost=1.25..1.25 rows=25 width=108) (actual time=0.054..0.054 rows=25 loops=2)
                                       Buckets: 1024  Batches: 1  Memory Usage: 10kB
                                       ->  Seq Scan on nation  (cost=0.00..1.25 rows=25 width=108) (actual time=0.024..0.029 rows=25 loops=2)
 Planning Time: 3.357 ms
 Execution Time: 110.765 ms
(34 rows)

execute /home/pei/Project/benchmarks/JCC-H/out/skinner_explained/11.sql_explained.sql
SET
                                                                            QUERY PLAN                                                                             
-------------------------------------------------------------------------------------------------------------------------------------------------------------------
 Sort  (cost=13433.18..13459.84 rows=10667 width=36) (actual time=459.631..459.689 rows=869 loops=1)
   Sort Key: (sum((partsupp.ps_supplycost * (partsupp.ps_availqty)::numeric))) DESC
   Sort Method: quicksort  Memory: 65kB
   InitPlan 1 (returns $2)
     ->  Aggregate  (cost=4682.49..4682.50 rows=1 width=32) (actual time=126.959..126.959 rows=1 loops=1)
           ->  Nested Loop  (cost=11.81..4442.48 rows=32000 width=10) (actual time=0.143..106.343 rows=32560 loops=1)
                 ->  Nested Loop  (cost=11.38..248.58 rows=400 width=4) (actual time=0.107..3.518 rows=407 loops=1)
                       ->  Seq Scan on nation nation_1  (cost=0.00..1.31 rows=1 width=4) (actual time=0.015..0.020 rows=1 loops=1)
                             Filter: (n_name = 'CHINA'::bpchar)
                             Rows Removed by Filter: 24
                       ->  Bitmap Heap Scan on supplier supplier_1  (cost=11.38..243.27 rows=400 width=8) (actual time=0.085..3.348 rows=407 loops=1)
                             Recheck Cond: (s_nationkey = nation_1.n_nationkey)
                             Heap Blocks: exact=186
                             ->  Bitmap Index Scan on idx_supplier_nation_key  (cost=0.00..11.29 rows=400 width=0) (actual time=0.062..0.062 rows=407 loops=1)
                                   Index Cond: (s_nationkey = nation_1.n_nationkey)
                 ->  Index Scan using idx_partsupp_suppkey on partsupp partsupp_1  (cost=0.42..9.68 rows=80 width=14) (actual time=0.017..0.232 rows=80 loops=407)
                       Index Cond: (ps_suppkey = supplier_1.s_suppkey)
   ->  GroupAggregate  (cost=6837.01..8037.01 rows=10667 width=36) (actual time=422.234..459.145 rows=869 loops=1)
         Group Key: partsupp.ps_partkey
         Filter: (sum((partsupp.ps_supplycost * (partsupp.ps_availqty)::numeric)) > $2)
         Rows Removed by Filter: 29770
         ->  Sort  (cost=6837.01..6917.01 rows=32000 width=14) (actual time=295.219..297.614 rows=32560 loops=1)
               Sort Key: partsupp.ps_partkey
               Sort Method: quicksort  Memory: 2295kB
               ->  Nested Loop  (cost=11.81..4442.48 rows=32000 width=14) (actual time=0.206..268.700 rows=32560 loops=1)
                     ->  Nested Loop  (cost=11.38..248.58 rows=400 width=4) (actual time=0.159..4.089 rows=407 loops=1)
                           ->  Seq Scan on nation  (cost=0.00..1.31 rows=1 width=4) (actual time=0.017..0.023 rows=1 loops=1)
                                 Filter: (n_name = 'CHINA'::bpchar)
                                 Rows Removed by Filter: 24
                           ->  Bitmap Heap Scan on supplier  (cost=11.38..243.27 rows=400 width=8) (actual time=0.135..3.907 rows=407 loops=1)
                                 Recheck Cond: (s_nationkey = nation.n_nationkey)
                                 Heap Blocks: exact=186
                                 ->  Bitmap Index Scan on idx_supplier_nation_key  (cost=0.00..11.29 rows=400 width=0) (actual time=0.102..0.102 rows=407 loops=1)
                                       Index Cond: (s_nationkey = nation.n_nationkey)
                     ->  Index Scan using idx_partsupp_suppkey on partsupp  (cost=0.42..9.68 rows=80 width=18) (actual time=0.025..0.616 rows=80 loops=407)
                           Index Cond: (ps_suppkey = supplier.s_suppkey)
 Planning Time: 2.523 ms
 Execution Time: 460.379 ms
(38 rows)

execute /home/pei/Project/benchmarks/JCC-H/out/skinner_explained/12.sql_explained.sql
SET
                                                                                                                                       QUERY PLAN                                                                                                                                       
----------------------------------------------------------------------------------------------------------------------------------------------------------------------------------------------------------------------------------------------------------------------------------------
 Finalize GroupAggregate  (cost=209360.10..209599.26 rows=7 width=27) (actual time=1325.327..1325.330 rows=2 loops=1)
   Group Key: lineitem.l_shipmode
   ->  Gather Merge  (cost=209360.10..209599.08 rows=14 width=27) (actual time=1322.851..1326.945 rows=6 loops=1)
         Workers Planned: 2
         Workers Launched: 2
         ->  Partial GroupAggregate  (cost=208360.07..208597.44 rows=7 width=27) (actual time=1316.531..1318.954 rows=2 loops=3)
               Group Key: lineitem.l_shipmode
               ->  Sort  (cost=208360.07..208389.74 rows=11865 width=27) (actual time=1314.080..1314.724 rows=10341 loops=3)
                     Sort Key: lineitem.l_shipmode
                     Sort Method: quicksort  Memory: 1188kB
                     Worker 0:  Sort Method: quicksort  Memory: 1190kB
                     Worker 1:  Sort Method: quicksort  Memory: 1199kB
                     ->  Parallel Hash Join  (cost=168912.70..207557.14 rows=11865 width=27) (actual time=1062.866..1305.285 rows=10341 loops=3)
                           Hash Cond: (orders.o_orderkey = lineitem.l_orderkey)
                           ->  Parallel Seq Scan on orders  (cost=0.00..32345.00 rows=625000 width=20) (actual time=0.041..150.503 rows=500000 loops=3)
                           ->  Parallel Hash  (cost=168764.39..168764.39 rows=11865 width=15) (actual time=1062.051..1062.051 rows=10341 loops=3)
                                 Buckets: 32768  Batches: 1  Memory Usage: 1792kB
                                 ->  Parallel Seq Scan on lineitem  (cost=0.00..168764.39 rows=11865 width=15) (actual time=0.172..1050.086 rows=10341 loops=3)
                                       Filter: ((l_shipmode = ANY ('{"REG AIR",FOB}'::bpchar[])) AND (l_commitdate < l_receiptdate) AND (l_shipdate < l_commitdate) AND (l_receiptdate >= '1993-01-01'::date) AND (l_receiptdate < '1994-01-01 00:00:00'::timestamp without time zone))
                                       Rows Removed by Filter: 1990064
 Planning Time: 2.178 ms
 Execution Time: 1327.369 ms
(22 rows)

execute /home/pei/Project/benchmarks/JCC-H/out/skinner_explained/13.sql_explained.sql
SET
                                                                                      QUERY PLAN                                                                                      
--------------------------------------------------------------------------------------------------------------------------------------------------------------------------------------
 Sort  (cost=161053.73..161054.23 rows=200 width=16) (actual time=4945.819..4945.822 rows=42 loops=1)
   Sort Key: (count(*)) DESC, (count(orders.o_orderkey)) DESC
   Sort Method: quicksort  Memory: 26kB
   ->  HashAggregate  (cost=161044.09..161046.09 rows=200 width=16) (actual time=4945.736..4945.744 rows=42 loops=1)
         Group Key: count(orders.o_orderkey)
         ->  Finalize GroupAggregate  (cost=1000.87..158794.09 rows=150000 width=12) (actual time=9.744..4886.480 rows=150000 loops=1)
               Group Key: customer.c_custkey
               ->  Gather Merge  (cost=1000.87..155794.09 rows=300000 width=12) (actual time=9.520..4796.571 rows=150000 loops=1)
                     Workers Planned: 2
                     Workers Launched: 2
                     ->  Partial GroupAggregate  (cost=0.85..120166.62 rows=150000 width=12) (actual time=0.461..4008.711 rows=50000 loops=3)
                           Group Key: customer.c_custkey
                           ->  Nested Loop Left Join  (cost=0.85..115573.18 rows=618687 width=8) (actual time=0.191..3804.487 rows=511342 loops=3)
                                 ->  Parallel Index Only Scan using customer_pkey on customer  (cost=0.42..6619.43 rows=62500 width=4) (actual time=0.079..51.442 rows=50000 loops=3)
                                       Heap Fetches: 150000
                                 ->  Index Scan using idx_orders_custkey on orders  (cost=0.43..1.57 rows=17 width=8) (actual time=0.008..0.072 rows=10 loops=150000)
                                       Index Cond: (o_custkey = customer.c_custkey)
                                       Filter: ((o_comment)::text !~~ '%express%deposits%'::text)
                                       Rows Removed by Filter: 0
 Planning Time: 2.118 ms
 Execution Time: 4950.886 ms
(21 rows)

execute /home/pei/Project/benchmarks/JCC-H/out/skinner_explained/14.sql_explained.sql
SET
                                                                               QUERY PLAN                                                                                
-------------------------------------------------------------------------------------------------------------------------------------------------------------------------
 Finalize Aggregate  (cost=118266.17..118266.18 rows=1 width=32) (actual time=494.201..494.201 rows=1 loops=1)
   ->  Gather  (cost=118265.93..118266.14 rows=2 width=64) (actual time=492.847..499.128 rows=3 loops=1)
         Workers Planned: 2
         Workers Launched: 2
         ->  Partial Aggregate  (cost=117265.93..117265.94 rows=1 width=64) (actual time=486.256..486.257 rows=1 loops=3)
               ->  Parallel Hash Join  (cost=110065.79..116694.64 rows=32645 width=33) (actual time=421.000..467.870 rows=25967 loops=3)
                     Hash Cond: (part.p_partkey = lineitem.l_partkey)
                     ->  Parallel Seq Scan on part  (cost=0.00..4930.33 rows=83333 width=25) (actual time=0.047..22.823 rows=66667 loops=3)
                     ->  Parallel Hash  (cost=109657.73..109657.73 rows=32645 width=16) (actual time=419.744..419.744 rows=25967 loops=3)
                           Buckets: 131072  Batches: 1  Memory Usage: 5184kB
                           ->  Parallel Bitmap Heap Scan on lineitem  (cost=2015.50..109657.73 rows=32645 width=16) (actual time=31.509..393.542 rows=25967 loops=3)
                                 Recheck Cond: ((l_shipdate >= '1995-05-01'::date) AND (l_shipdate < '1995-06-01 00:00:00'::timestamp without time zone))
                                 Heap Blocks: exact=14725
                                 ->  Bitmap Index Scan on idx_lineitem_shipdate  (cost=0.00..1995.91 rows=78348 width=0) (actual time=26.172..26.172 rows=77900 loops=1)
                                       Index Cond: ((l_shipdate >= '1995-05-01'::date) AND (l_shipdate < '1995-06-01 00:00:00'::timestamp without time zone))
 Planning Time: 2.423 ms
 Execution Time: 499.419 ms
(17 rows)

execute /home/pei/Project/benchmarks/JCC-H/out/skinner_explained/15.sql_explained.sql
SET
CREATE VIEW
                                                                                       QUERY PLAN                                                                                       
----------------------------------------------------------------------------------------------------------------------------------------------------------------------------------------
 Nested Loop  (cost=299146.69..302223.56 rows=50 width=103) (actual time=1831.437..1844.559 rows=1 loops=1)
   InitPlan 1 (returns $1)
     ->  Aggregate  (cost=150945.41..150945.42 rows=1 width=32) (actual time=910.667..910.667 rows=1 loops=1)
           ->  Finalize GroupAggregate  (cost=148200.98..150819.91 rows=10040 width=36) (actual time=877.462..909.503 rows=10000 loops=1)
                 Group Key: lineitem_1.l_suppkey
                 ->  Gather Merge  (cost=148200.98..150543.81 rows=20080 width=36) (actual time=877.451..887.726 rows=29987 loops=1)
                       Workers Planned: 2
                       Workers Launched: 2
                       ->  Sort  (cost=147200.96..147226.06 rows=10040 width=36) (actual time=869.242..870.097 rows=9996 loops=3)
                             Sort Key: lineitem_1.l_suppkey
                             Sort Method: quicksort  Memory: 1166kB
                             Worker 0:  Sort Method: quicksort  Memory: 1165kB
                             Worker 1:  Sort Method: quicksort  Memory: 1165kB
                             ->  Partial HashAggregate  (cost=146408.13..146533.63 rows=10040 width=36) (actual time=857.345..863.161 rows=9996 loops=3)
                                   Group Key: lineitem_1.l_suppkey
                                   ->  Parallel Bitmap Heap Scan on lineitem lineitem_1  (cost=5705.45..145482.51 rows=92562 width=16) (actual time=60.337..729.945 rows=75898 loops=3)
                                         Recheck Cond: ((l_shipdate >= '1993-05-01'::date) AND (l_shipdate < '1993-08-01 00:00:00'::timestamp without time zone))
                                         Rows Removed by Index Recheck: 552534
                                         Heap Blocks: exact=11635 lossy=11602
                                         ->  Bitmap Index Scan on idx_lineitem_shipdate  (cost=0.00..5649.91 rows=222148 width=0) (actual time=60.273..60.274 rows=227694 loops=1)
                                               Index Cond: ((l_shipdate >= '1993-05-01'::date) AND (l_shipdate < '1993-08-01 00:00:00'::timestamp without time zone))
   ->  Finalize GroupAggregate  (cost=148200.98..150970.51 rows=50 width=36) (actual time=1831.386..1844.507 rows=1 loops=1)
         Group Key: lineitem.l_suppkey
         Filter: (sum((lineitem.l_extendedprice * ('1'::numeric - lineitem.l_discount))) = $1)
         Rows Removed by Filter: 9999
         ->  Gather Merge  (cost=148200.98..150543.81 rows=20080 width=36) (actual time=901.623..912.239 rows=29985 loops=1)
               Workers Planned: 2
               Workers Launched: 2
               ->  Sort  (cost=147200.96..147226.06 rows=10040 width=36) (actual time=894.248..895.369 rows=9995 loops=3)
                     Sort Key: lineitem.l_suppkey
                     Sort Method: quicksort  Memory: 1165kB
                     Worker 0:  Sort Method: quicksort  Memory: 1165kB
                     Worker 1:  Sort Method: quicksort  Memory: 1165kB
                     ->  Partial HashAggregate  (cost=146408.13..146533.63 rows=10040 width=36) (actual time=882.440..888.214 rows=9995 loops=3)
                           Group Key: lineitem.l_suppkey
                           ->  Parallel Bitmap Heap Scan on lineitem  (cost=5705.45..145482.51 rows=92562 width=16) (actual time=66.100..754.538 rows=75898 loops=3)
                                 Recheck Cond: ((l_shipdate >= '1993-05-01'::date) AND (l_shipdate < '1993-08-01 00:00:00'::timestamp without time zone))
                                 Rows Removed by Index Recheck: 552534
                                 Heap Blocks: exact=11127 lossy=10986
                                 ->  Bitmap Index Scan on idx_lineitem_shipdate  (cost=0.00..5649.91 rows=222148 width=0) (actual time=64.814..64.814 rows=227694 loops=1)
                                       Index Cond: ((l_shipdate >= '1993-05-01'::date) AND (l_shipdate < '1993-08-01 00:00:00'::timestamp without time zone))
   ->  Index Scan using supplier_pkey on supplier  (cost=0.29..6.14 rows=1 width=71) (actual time=0.046..0.046 rows=1 loops=1)
         Index Cond: (s_suppkey = lineitem.l_suppkey)
 Planning Time: 2.551 ms
 Execution Time: 1851.339 ms
(45 rows)

DROP VIEW
execute /home/pei/Project/benchmarks/JCC-H/out/skinner_explained/16.sql_explained.sql
SET
                                                                                         QUERY PLAN                                                                                          
---------------------------------------------------------------------------------------------------------------------------------------------------------------------------------------------
 Sort  (cost=42566.75..42606.95 rows=16081 width=44) (actual time=889.882..891.066 rows=18337 loops=1)
   Sort Key: (count(DISTINCT partsupp.ps_suppkey)) DESC, part.p_brand, part.p_type, part.p_size
   Sort Method: quicksort  Memory: 2217kB
   ->  GroupAggregate  (cost=40530.46..41443.25 rows=16081 width=44) (actual time=683.297..809.240 rows=18337 loops=1)
         Group Key: part.p_brand, part.p_type, part.p_size
         ->  Sort  (cost=40530.46..40680.86 rows=60158 width=40) (actual time=683.273..748.885 rows=119466 loops=1)
               Sort Key: part.p_brand, part.p_type, part.p_size
               Sort Method: external merge  Disk: 6104kB
               ->  Gather  (cost=7684.00..35754.98 rows=60158 width=40) (actual time=60.756..249.891 rows=119466 loops=1)
                     Workers Planned: 2
                     Workers Launched: 2
                     ->  Parallel Hash Join  (cost=6684.00..28739.18 rows=25066 width=40) (actual time=54.536..234.863 rows=39822 loops=3)
                           Hash Cond: (partsupp.ps_partkey = part.p_partkey)
                           ->  Parallel Seq Scan on partsupp  (cost=347.00..21964.67 rows=166667 width=8) (actual time=8.224..141.359 rows=266560 loops=3)
                                 Filter: (NOT (hashed SubPlan 1))
                                 Rows Removed by Filter: 107
                                 SubPlan 1
                                   ->  Seq Scan on supplier  (cost=0.00..347.00 rows=1 width=4) (actual time=0.313..8.162 rows=4 loops=3)
                                         Filter: ((s_comment)::text ~~ '%Customer%Complaints%'::text)
                                         Rows Removed by Filter: 9996
                           ->  Parallel Hash  (cost=6180.33..6180.33 rows=12533 width=40) (actual time=45.631..45.631 rows=9959 loops=3)
                                 Buckets: 32768  Batches: 1  Memory Usage: 2528kB
                                 ->  Parallel Seq Scan on part  (cost=0.00..6180.33 rows=12533 width=40) (actual time=0.048..38.020 rows=9959 loops=3)
                                       Filter: ((p_brand <> 'Brand#21'::bpchar) AND ((p_type)::text !~~ 'LARGE BURNISHED%'::text) AND (p_size = ANY ('{26,35,38,45,10,37,8,1}'::integer[])))
                                       Rows Removed by Filter: 56707
 Planning Time: 2.649 ms
 Execution Time: 894.663 ms
(27 rows)

execute /home/pei/Project/benchmarks/JCC-H/out/skinner_explained/17.sql_explained.sql
SET
                                                                       QUERY PLAN                                                                       
--------------------------------------------------------------------------------------------------------------------------------------------------------
 Aggregate  (cost=195920.86..195920.87 rows=1 width=32) (actual time=2996.331..2996.331 rows=1 loops=1)
   ->  Hash Join  (cost=6370.96..195915.53 rows=2130 width=8) (actual time=36.278..2996.149 rows=570 loops=1)
         Hash Cond: (lineitem.l_partkey = part.p_partkey)
         Join Filter: (lineitem.l_quantity < (SubPlan 1))
         Rows Removed by Join Filter: 5714
         ->  Seq Scan on lineitem  (cost=0.00..172515.15 rows=6001215 width=17) (actual time=0.034..1668.390 rows=6001215 loops=1)
         ->  Hash  (cost=6368.30..6368.30 rows=213 width=4) (actual time=33.709..33.709 rows=207 loops=1)
               Buckets: 1024  Batches: 1  Memory Usage: 16kB
               ->  Gather  (cost=1000.00..6368.30 rows=213 width=4) (actual time=1.372..33.692 rows=207 loops=1)
                     Workers Planned: 2
                     Workers Launched: 2
                     ->  Parallel Seq Scan on part  (cost=0.00..5347.00 rows=89 width=4) (actual time=0.865..27.946 rows=69 loops=3)
                           Filter: ((p_brand = 'Brand#55'::bpchar) AND (p_container = 'LG BOX'::bpchar))
                           Rows Removed by Filter: 66598
         SubPlan 1
           ->  Aggregate  (cost=127.60..127.61 rows=1 width=32) (actual time=0.080..0.080 rows=1 loops=6284)
                 ->  Bitmap Heap Scan on lineitem lineitem_1  (cost=4.67..127.52 rows=31 width=5) (actual time=0.016..0.063 rows=31 loops=6284)
                       Recheck Cond: (l_partkey = part.p_partkey)
                       Heap Blocks: exact=196800
                       ->  Bitmap Index Scan on idx_lineitem_part_supp  (cost=0.00..4.67 rows=31 width=0) (actual time=0.010..0.010 rows=31 loops=6284)
                             Index Cond: (l_partkey = part.p_partkey)
 Planning Time: 1.913 ms
 Execution Time: 2996.782 ms
(23 rows)

execute /home/pei/Project/benchmarks/JCC-H/out/skinner_explained/18.sql_explained.sql
SET
                                                                                                        QUERY PLAN                                                                                                         
---------------------------------------------------------------------------------------------------------------------------------------------------------------------------------------------------------------------------
 Sort  (cost=599988.69..601302.86 rows=525670 width=71) (actual time=8195.341..8195.341 rows=0 loops=1)
   Sort Key: orders.o_totalprice DESC, orders.o_orderdate
   Sort Method: quicksort  Memory: 25kB
   ->  Finalize GroupAggregate  (cost=462034.19..528476.56 rows=525670 width=71) (actual time=8195.285..8195.285 rows=0 loops=1)
         Group Key: customer.c_custkey, orders.o_orderkey
         ->  Gather Merge  (cost=462034.19..517525.10 rows=438058 width=71) (actual time=8195.284..8201.247 rows=0 loops=1)
               Workers Planned: 2
               Workers Launched: 2
               ->  Partial GroupAggregate  (cost=461034.16..465962.32 rows=219029 width=71) (actual time=8188.079..8188.079 rows=0 loops=3)
                     Group Key: customer.c_custkey, orders.o_orderkey
                     ->  Sort  (cost=461034.16..461581.74 rows=219029 width=44) (actual time=8188.077..8188.078 rows=0 loops=3)
                           Sort Key: customer.c_custkey, orders.o_orderkey
                           Sort Method: quicksort  Memory: 25kB
                           Worker 0:  Sort Method: quicksort  Memory: 25kB
                           Worker 1:  Sort Method: quicksort  Memory: 25kB
                           ->  Nested Loop  (cost=327808.40..434864.46 rows=219029 width=44) (actual time=8188.012..8188.012 rows=0 loops=3)
                                 ->  Parallel Hash Join  (cost=327807.97..369777.30 rows=54746 width=43) (actual time=8188.011..8188.012 rows=0 loops=3)
                                       Hash Cond: (orders.o_custkey = customer.c_custkey)
                                       ->  Hash Join  (cost=322816.72..364642.34 rows=54746 width=24) (actual time=8123.651..8123.651 rows=0 loops=3)
                                             Hash Cond: (orders.o_orderkey = lineitem_1.l_orderkey)
                                             ->  Parallel Seq Scan on orders  (cost=0.00..32345.00 rows=625000 width=20) (actual time=0.041..0.041 rows=1 loops=3)
                                             ->  Hash  (cost=320660.33..320660.33 rows=131391 width=4) (actual time=8121.279..8121.279 rows=0 loops=3)
                                                   Buckets: 131072  Batches: 2  Memory Usage: 1024kB
                                                   ->  GroupAggregate  (cost=0.43..319346.42 rows=131391 width=4) (actual time=8121.278..8121.278 rows=0 loops=3)
                                                         Group Key: lineitem_1.l_orderkey
                                                         Filter: (sum(lineitem_1.l_quantity) > '814'::numeric)
                                                         Rows Removed by Filter: 1500000
                                                         ->  Index Scan using idx_lineitem_orderkey on lineitem lineitem_1  (cost=0.43..283427.74 rows=6001215 width=9) (actual time=0.042..6067.581 rows=6001215 loops=3)
                                                               Filter: (l_quantity <= '100'::numeric)
                                       ->  Parallel Hash  (cost=4210.00..4210.00 rows=62500 width=23) (actual time=61.681..61.681 rows=50000 loops=3)
                                             Buckets: 262144  Batches: 1  Memory Usage: 10304kB
                                             ->  Parallel Seq Scan on customer  (cost=0.00..4210.00 rows=62500 width=23) (actual time=0.036..31.166 rows=50000 loops=3)
                                 ->  Index Scan using lineitem_pkey on lineitem  (cost=0.43..1.04 rows=15 width=9) (never executed)
                                       Index Cond: (l_orderkey = orders.o_orderkey)
 Planning Time: 3.167 ms
 Execution Time: 8201.915 ms
(36 rows)

execute /home/pei/Project/benchmarks/JCC-H/out/skinner_explained/19.sql_explained.sql
SET
                                                                                                                                                                                                                                                                                                                                                                                                                                                                                                              QUERY PLAN                                                                                                                                                                                                                                                                                                                                                                                                                                                                                                              
--------------------------------------------------------------------------------------------------------------------------------------------------------------------------------------------------------------------------------------------------------------------------------------------------------------------------------------------------------------------------------------------------------------------------------------------------------------------------------------------------------------------------------------------------------------------------------------------------------------------------------------------------------------------------------------------------------------------------------------------------------------------------------------------------------------------------------------------------------------------------------------------------------------------------------------------------------------------------------------------------------------------------------------
 Finalize Aggregate  (cost=21574.99..21575.00 rows=1 width=32) (actual time=114.518..114.518 rows=1 loops=1)
   ->  Gather  (cost=21574.77..21574.98 rows=2 width=32) (actual time=114.506..117.292 rows=3 loops=1)
         Workers Planned: 2
         Workers Launched: 2
         ->  Partial Aggregate  (cost=20574.77..20574.78 rows=1 width=32) (actual time=107.375..107.375 rows=1 loops=3)
               ->  Nested Loop  (cost=4.65..20574.63 rows=18 width=12) (actual time=5.811..107.338 rows=14 loops=3)
                     ->  Parallel Seq Scan on part  (cost=0.00..7638.67 rows=103 width=30) (actual time=0.532..37.837 rows=80 loops=3)
                           Filter: ((p_size >= 1) AND (((p_brand = 'Brand#00'::bpchar) AND (p_container = ANY ('{"SM CASE","SM BOX","SM PACK","SM PKG"}'::bpchar[])) AND (p_size <= 5)) OR ((p_brand = 'Brand#00'::bpchar) AND (p_container = ANY ('{"MED BAG","MED BOX","MED PKG","MED PACK"}'::bpchar[])) AND (p_size <= 10)) OR ((p_brand = 'Brand#55'::bpchar) AND (p_container = ANY ('{"LG CASE","LG BOX","LG PACK","LG PKG"}'::bpchar[])) AND (p_size <= 15))))
                           Rows Removed by Filter: 66587
                     ->  Bitmap Heap Scan on lineitem  (cost=4.65..125.58 rows=1 width=21) (actual time=0.807..0.865 rows=0 loops=239)
                           Recheck Cond: (l_partkey = part.p_partkey)
                           Filter: ((l_shipmode = ANY ('{AIR,"AIR REG"}'::bpchar[])) AND (l_shipinstruct = 'DELIVER IN PERSON'::bpchar) AND (((l_quantity >= '1'::numeric) AND (l_quantity <= '11'::numeric)) OR ((l_quantity >= '17'::numeric) AND (l_quantity <= '27'::numeric)) OR ((l_quantity >= '43'::numeric) AND (l_quantity <= '53'::numeric))) AND (((part.p_brand = 'Brand#00'::bpchar) AND (part.p_container = ANY ('{"SM CASE","SM BOX","SM PACK","SM PKG"}'::bpchar[])) AND (l_quantity >= '1'::numeric) AND (l_quantity <= '11'::numeric) AND (part.p_size <= 5)) OR ((part.p_brand = 'Brand#00'::bpchar) AND (part.p_container = ANY ('{"MED BAG","MED BOX","MED PKG","MED PACK"}'::bpchar[])) AND (l_quantity >= '17'::numeric) AND (l_quantity <= '27'::numeric) AND (part.p_size <= 10)) OR ((part.p_brand = 'Brand#55'::bpchar) AND (part.p_container = ANY ('{"LG CASE","LG BOX","LG PACK","LG PKG"}'::bpchar[])) AND (l_quantity >= '43'::numeric) AND (l_quantity <= '53'::numeric) AND (part.p_size <= 15))))
                           Rows Removed by Filter: 30
                           Heap Blocks: exact=2639
                           ->  Bitmap Index Scan on idx_lineitem_part_supp  (cost=0.00..4.65 rows=31 width=0) (actual time=0.044..0.044 rows=30 loops=239)
                                 Index Cond: (l_partkey = part.p_partkey)
 Planning Time: 3.497 ms
 Execution Time: 117.628 ms
(18 rows)

execute /home/pei/Project/benchmarks/JCC-H/out/skinner_explained/1.sql_explained.sql
SET
psql:/home/pei/Project/benchmarks/JCC-H/out/skinner_explained/1.sql_explained.sql:29: ERROR:  syntax error at or near "("
LINE 15:  l_shipdate <= date '1998-12-01' - interval '108' day (3)
                                                               ^
execute /home/pei/Project/benchmarks/JCC-H/out/skinner_explained/20.sql_explained.sql
SET
                                                                            QUERY PLAN                                                                            
------------------------------------------------------------------------------------------------------------------------------------------------------------------
 Sort  (cost=7001.80..7001.81 rows=1 width=51) (actual time=30.324..30.324 rows=0 loops=1)
   Sort Key: supplier.s_name
   Sort Method: quicksort  Memory: 25kB
   ->  Hash Join  (cost=6990.84..7001.79 rows=1 width=51) (actual time=30.262..30.263 rows=0 loops=1)
         Hash Cond: (supplier.s_nationkey = nation.n_nationkey)
         ->  Nested Loop  (cost=6989.52..7000.39 rows=27 width=55) (actual time=30.166..30.166 rows=0 loops=1)
               ->  HashAggregate  (cost=6989.23..6989.50 rows=27 width=4) (actual time=30.166..30.166 rows=0 loops=1)
                     Group Key: partsupp.ps_suppkey
                     ->  Nested Loop  (cost=1000.42..6989.17 rows=27 width=4) (actual time=30.165..30.165 rows=0 loops=1)
                           ->  Gather  (cost=1000.00..6140.67 rows=20 width=4) (actual time=30.165..31.250 rows=0 loops=1)
                                 Workers Planned: 2
                                 Workers Launched: 2
                                 ->  Parallel Seq Scan on part  (cost=0.00..5138.67 rows=8 width=4) (actual time=24.573..24.573 rows=0 loops=3)
                                       Filter: ((p_name)::text ~~ 'shiny mined g%'::text)
                                       Rows Removed by Filter: 66667
                           ->  Index Scan using idx_partsupp_partkey on partsupp  (cost=0.42..42.41 rows=1 width=8) (never executed)
                                 Index Cond: (ps_partkey = part.p_partkey)
                                 Filter: ((ps_availqty)::numeric > (SubPlan 1))
                                 SubPlan 1
                                   ->  Aggregate  (cost=8.46..8.47 rows=1 width=32) (never executed)
                                         ->  Index Scan using idx_lineitem_part_supp on lineitem  (cost=0.43..8.46 rows=1 width=5) (never executed)
                                               Index Cond: ((l_partkey = partsupp.ps_partkey) AND (l_suppkey = partsupp.ps_suppkey))
                                               Filter: ((l_shipdate >= '1993-01-01'::date) AND (l_shipdate < '1994-01-01 00:00:00'::timestamp without time zone))
               ->  Index Scan using supplier_pkey on supplier  (cost=0.29..0.40 rows=1 width=59) (never executed)
                     Index Cond: (s_suppkey = partsupp.ps_suppkey)
         ->  Hash  (cost=1.31..1.31 rows=1 width=4) (actual time=0.052..0.052 rows=1 loops=1)
               Buckets: 1024  Batches: 1  Memory Usage: 9kB
               ->  Seq Scan on nation  (cost=0.00..1.31 rows=1 width=4) (actual time=0.031..0.034 rows=1 loops=1)
                     Filter: (n_name = 'MOROCCO'::bpchar)
                     Rows Removed by Filter: 24
 Planning Time: 3.486 ms
 Execution Time: 31.829 ms
(32 rows)

execute /home/pei/Project/benchmarks/JCC-H/out/skinner_explained/21.sql_explained.sql
SET
                                                                                           QUERY PLAN                                                                                            
-------------------------------------------------------------------------------------------------------------------------------------------------------------------------------------------------
 Sort  (cost=169890.75..169890.76 rows=1 width=34) (actual time=1785.539..1785.565 rows=415 loops=1)
   Sort Key: (count(*)) DESC, supplier.s_name
   Sort Method: quicksort  Memory: 57kB
   ->  GroupAggregate  (cost=169890.72..169890.74 rows=1 width=34) (actual time=1783.049..1784.165 rows=415 loops=1)
         Group Key: supplier.s_name
         ->  Sort  (cost=169890.72..169890.73 rows=1 width=26) (actual time=1783.039..1783.331 rows=4112 loops=1)
               Sort Key: supplier.s_name
               Sort Method: quicksort  Memory: 514kB
               ->  Nested Loop  (cost=1254.87..169890.71 rows=1 width=26) (actual time=7.104..1762.889 rows=4112 loops=1)
                     ->  Nested Loop Semi Join  (cost=1254.44..169890.20 rows=1 width=34) (actual time=7.034..1579.706 rows=8423 loops=1)
                           ->  Gather  (cost=1254.01..169889.19 rows=1 width=34) (actual time=7.002..1481.394 rows=14099 loops=1)
                                 Workers Planned: 2
                                 Workers Launched: 2
                                 ->  Nested Loop Anti Join  (cost=254.01..168889.09 rows=1 width=34) (actual time=4.210..1656.841 rows=4700 loops=3)
                                       ->  Hash Join  (cost=253.58..147470.61 rows=33207 width=34) (actual time=3.450..1087.180 rows=52665 loops=3)
                                             Hash Cond: (l1.l_suppkey = supplier.s_suppkey)
                                             ->  Parallel Seq Scan on lineitem l1  (cost=0.00..143759.33 rows=833502 width=8) (actual time=0.050..904.470 rows=1264432 loops=3)
                                                   Filter: (l_receiptdate > l_commitdate)
                                                   Rows Removed by Filter: 735973
                                             ->  Hash  (cost=248.58..248.58 rows=400 width=30) (actual time=3.167..3.167 rows=415 loops=3)
                                                   Buckets: 1024  Batches: 1  Memory Usage: 34kB
                                                   ->  Nested Loop  (cost=11.38..248.58 rows=400 width=30) (actual time=0.181..2.889 rows=415 loops=3)
                                                         ->  Seq Scan on nation  (cost=0.00..1.31 rows=1 width=4) (actual time=0.035..0.039 rows=1 loops=3)
                                                               Filter: (n_name = 'EGYPT'::bpchar)
                                                               Rows Removed by Filter: 24
                                                         ->  Bitmap Heap Scan on supplier  (cost=11.38..243.27 rows=400 width=34) (actual time=0.136..2.700 rows=415 loops=3)
                                                               Recheck Cond: (s_nationkey = nation.n_nationkey)
                                                               Heap Blocks: exact=183
                                                               ->  Bitmap Index Scan on idx_supplier_nation_key  (cost=0.00..11.29 rows=400 width=0) (actual time=0.100..0.100 rows=415 loops=3)
                                                                     Index Cond: (s_nationkey = nation.n_nationkey)
                                       ->  Index Scan using lineitem_pkey on lineitem l3  (cost=0.43..1.03 rows=5 width=8) (actual time=0.010..0.010 rows=1 loops=157994)
                                             Index Cond: (l_orderkey = l1.l_orderkey)
                                             Filter: ((l_receiptdate > l_commitdate) AND (l_suppkey <> l1.l_suppkey))
                                             Rows Removed by Filter: 1
                           ->  Index Scan using lineitem_pkey on lineitem l2  (cost=0.43..0.99 rows=15 width=8) (actual time=0.006..0.006 rows=1 loops=14099)
                                 Index Cond: (l_orderkey = l1.l_orderkey)
                                 Filter: (l_suppkey <> l1.l_suppkey)
                                 Rows Removed by Filter: 1
                     ->  Index Scan using orders_pkey on orders  (cost=0.43..0.51 rows=1 width=4) (actual time=0.021..0.021 rows=0 loops=8423)
                           Index Cond: (o_orderkey = l1.l_orderkey)
                           Filter: (o_orderstatus = 'F'::bpchar)
                           Rows Removed by Filter: 1
 Planning Time: 4.310 ms
 Execution Time: 1786.279 ms
(44 rows)

execute /home/pei/Project/benchmarks/JCC-H/out/skinner_explained/22.sql_explained.sql
SET
                                                                            QUERY PLAN                                                                             
-------------------------------------------------------------------------------------------------------------------------------------------------------------------
 Finalize GroupAggregate  (cost=15870.27..15965.73 rows=715 width=72) (actual time=166.055..166.059 rows=2 loops=1)
   Group Key: ("substring"((customer.c_phone)::text, 1, 2))
   InitPlan 1 (returns $1)
     ->  Finalize Aggregate  (cost=6230.80..6230.81 rows=1 width=32) (actual time=67.566..67.566 rows=1 loops=1)
           ->  Gather  (cost=6230.58..6230.79 rows=2 width=32) (actual time=67.425..67.696 rows=3 loops=1)
                 Workers Planned: 2
                 Workers Launched: 2
                 ->  Partial Aggregate  (cost=5230.58..5230.59 rows=1 width=32) (actual time=61.385..61.385 rows=1 loops=3)
                       ->  Parallel Seq Scan on customer customer_1  (cost=0.00..5225.62 rows=1981 width=6) (actual time=0.046..60.296 rows=3616 loops=3)
                             Filter: ((c_acctbal > 0.00) AND ("substring"((c_phone)::text, 1, 2) = ANY ('{40,50,60,70,80,27,20}'::text[])))
                             Rows Removed by Filter: 46384
   ->  Gather Merge  (cost=9639.46..9716.45 rows=596 width=72) (actual time=165.933..169.921 rows=6 loops=1)
         Workers Planned: 2
         Params Evaluated: $1
         Workers Launched: 2
         ->  Partial GroupAggregate  (cost=8639.43..8647.63 rows=298 width=72) (actual time=91.719..91.819 rows=2 loops=3)
               Group Key: ("substring"((customer.c_phone)::text, 1, 2))
               ->  Sort  (cost=8639.43..8640.18 rows=298 width=38) (actual time=91.606..91.644 rows=599 loops=3)
                     Sort Key: ("substring"((customer.c_phone)::text, 1, 2))
                     Sort Method: quicksort  Memory: 54kB
                     Worker 0:  Sort Method: quicksort  Memory: 51kB
                     Worker 1:  Sort Method: quicksort  Memory: 52kB
                     ->  Nested Loop Anti Join  (cost=0.43..8627.19 rows=298 width=38) (actual time=0.268..90.969 rows=599 loops=3)
                           ->  Parallel Seq Scan on customer  (cost=0.00..5225.62 rows=729 width=26) (actual time=0.017..41.912 rows=1806 loops=3)
                                 Filter: ((c_acctbal > $1) AND ("substring"((c_phone)::text, 1, 2) = ANY ('{40,50,60,70,80,27,20}'::text[])))
                                 Rows Removed by Filter: 48194
                           ->  Index Only Scan using idx_orders_custkey on orders  (cost=0.43..47.34 rows=17 width=4) (actual time=0.026..0.026 rows=1 loops=5418)
                                 Index Cond: (o_custkey = customer.c_custkey)
                                 Heap Fetches: 3622
 Planning Time: 2.660 ms
 Execution Time: 170.526 ms
(31 rows)

execute /home/pei/Project/benchmarks/JCC-H/out/skinner_explained/2.sql_explained.sql
SET
                                                                                QUERY PLAN                                                                                
--------------------------------------------------------------------------------------------------------------------------------------------------------------------------
 Sort  (cost=6532.22..6532.23 rows=1 width=270) (actual time=39.410..39.410 rows=0 loops=1)
   Sort Key: supplier.s_acctbal DESC, nation.n_name, supplier.s_name, part.p_partkey
   Sort Method: quicksort  Memory: 25kB
   ->  Nested Loop  (cost=1001.78..6532.21 rows=1 width=270) (actual time=39.307..39.307 rows=0 loops=1)
         Join Filter: (nation.n_nationkey = supplier.s_nationkey)
         ->  Nested Loop  (cost=1000.71..6529.75 rows=1 width=170) (actual time=39.306..39.306 rows=0 loops=1)
               ->  Nested Loop  (cost=1000.42..6529.45 rows=1 width=34) (actual time=39.306..39.306 rows=0 loops=1)
                     ->  Gather  (cost=1000.00..6347.10 rows=1 width=30) (actual time=39.306..40.901 rows=0 loops=1)
                           Workers Planned: 2
                           Workers Launched: 2
                           ->  Parallel Seq Scan on part  (cost=0.00..5347.00 rows=1 width=30) (actual time=33.347..33.348 rows=0 loops=3)
                                 Filter: (((p_type)::text ~~ '%INED GOLD'::text) AND (p_size = 1))
                                 Rows Removed by Filter: 66667
                     ->  Index Scan using idx_partsupp_partkey on partsupp  (cost=0.42..182.34 rows=1 width=14) (never executed)
                           Index Cond: (ps_partkey = part.p_partkey)
                           Filter: ((SubPlan 1) = ps_supplycost)
                           SubPlan 1
                             ->  Aggregate  (cost=43.45..43.46 rows=1 width=32) (never executed)
                                   ->  Nested Loop  (cost=0.85..43.45 rows=1 width=6) (never executed)
                                         Join Filter: (nation_1.n_regionkey = region_1.r_regionkey)
                                         ->  Seq Scan on region region_1  (cost=0.00..1.06 rows=1 width=4) (never executed)
                                               Filter: (r_name = 'AFRICA'::bpchar)
                                         ->  Nested Loop  (cost=0.85..42.33 rows=4 width=10) (never executed)
                                               ->  Nested Loop  (cost=0.71..41.71 rows=4 width=10) (never executed)
                                                     ->  Index Scan using idx_partsupp_partkey on partsupp partsupp_1  (cost=0.42..8.50 rows=4 width=10) (never executed)
                                                           Index Cond: (ps_partkey = part.p_partkey)
                                                     ->  Index Scan using supplier_pkey on supplier supplier_1  (cost=0.29..8.30 rows=1 width=8) (never executed)
                                                           Index Cond: (s_suppkey = partsupp_1.ps_suppkey)
                                               ->  Index Scan using nation_pkey on nation nation_1  (cost=0.14..0.16 rows=1 width=8) (never executed)
                                                     Index Cond: (n_nationkey = supplier_1.s_nationkey)
               ->  Index Scan using supplier_pkey on supplier  (cost=0.29..0.30 rows=1 width=144) (never executed)
                     Index Cond: (s_suppkey = partsupp.ps_suppkey)
         ->  Hash Join  (cost=1.07..2.40 rows=5 width=108) (never executed)
               Hash Cond: (nation.n_regionkey = region.r_regionkey)
               ->  Seq Scan on nation  (cost=0.00..1.25 rows=25 width=112) (never executed)
               ->  Hash  (cost=1.06..1.06 rows=1 width=4) (never executed)
                     ->  Seq Scan on region  (cost=0.00..1.06 rows=1 width=4) (never executed)
                           Filter: (r_name = 'AFRICA'::bpchar)
 Planning Time: 4.817 ms
 Execution Time: 41.490 ms
(40 rows)

execute /home/pei/Project/benchmarks/JCC-H/out/skinner_explained/3.sql_explained.sql
SET
                                                                                      QUERY PLAN                                                                                      
--------------------------------------------------------------------------------------------------------------------------------------------------------------------------------------
 Sort  (cost=167797.46..168322.45 rows=209997 width=44) (actual time=928.793..929.640 rows=11343 loops=1)
   Sort Key: (sum((lineitem.l_extendedprice * ('1'::numeric - lineitem.l_discount)))) DESC, orders.o_orderdate
   Sort Method: quicksort  Memory: 1271kB
   ->  Finalize GroupAggregate  (cost=115136.20..142772.72 rows=209997 width=44) (actual time=892.293..920.766 rows=11343 loops=1)
         Group Key: lineitem.l_orderkey, orders.o_orderdate, orders.o_shippriority
         ->  Gather Merge  (cost=115136.20..137960.28 rows=174998 width=44) (actual time=892.284..908.468 rows=11343 loops=1)
               Workers Planned: 2
               Workers Launched: 2
               ->  Partial GroupAggregate  (cost=114136.17..116761.14 rows=87499 width=44) (actual time=885.230..895.515 rows=3781 loops=3)
                     Group Key: lineitem.l_orderkey, orders.o_orderdate, orders.o_shippriority
                     ->  Sort  (cost=114136.17..114354.92 rows=87499 width=24) (actual time=885.209..885.892 rows=10008 loops=3)
                           Sort Key: lineitem.l_orderkey, orders.o_orderdate, orders.o_shippriority
                           Sort Method: quicksort  Memory: 1190kB
                           Worker 0:  Sort Method: quicksort  Memory: 1150kB
                           Worker 1:  Sort Method: quicksort  Memory: 1159kB
                           ->  Nested Loop  (cost=10526.33..105158.33 rows=87499 width=24) (actual time=81.624..876.214 rows=10008 loops=3)
                                 ->  Parallel Hash Join  (cost=10525.90..38638.46 rows=26999 width=12) (actual time=81.218..346.361 rows=21278 loops=3)
                                       Hash Cond: (orders.o_custkey = customer.c_custkey)
                                       ->  Parallel Bitmap Heap Scan on orders  (cost=6001.52..33763.92 rows=133392 width=16) (actual time=50.075..254.594 rows=106243 loops=3)
                                             Recheck Cond: (o_orderdate < '1993-05-29'::date)
                                             Heap Blocks: exact=8704
                                             ->  Bitmap Index Scan on idx_orders_orderdate  (cost=0.00..5921.48 rows=320141 width=0) (actual time=44.695..44.695 rows=318729 loops=1)
                                                   Index Cond: (o_orderdate < '1993-05-29'::date)
                                       ->  Parallel Hash  (cost=4366.25..4366.25 rows=12650 width=4) (actual time=30.480..30.480 rows=9983 loops=3)
                                             Buckets: 32768  Batches: 1  Memory Usage: 1472kB
                                             ->  Parallel Seq Scan on customer  (cost=0.00..4366.25 rows=12650 width=4) (actual time=0.024..25.068 rows=9983 loops=3)
                                                   Filter: (c_mktsegment = 'MACHINERY'::bpchar)
                                                   Rows Removed by Filter: 40017
                                 ->  Index Scan using lineitem_pkey on lineitem  (cost=0.43..2.34 rows=12 width=16) (actual time=0.023..0.024 rows=0 loops=63835)
                                       Index Cond: (l_orderkey = orders.o_orderkey)
                                       Filter: (l_shipdate > '1993-05-29'::date)
                                       Rows Removed by Filter: 4
 Planning Time: 3.013 ms
 Execution Time: 932.634 ms
(34 rows)

execute /home/pei/Project/benchmarks/JCC-H/out/skinner_explained/4.sql_explained.sql
SET
                                                                               QUERY PLAN                                                                               
------------------------------------------------------------------------------------------------------------------------------------------------------------------------
 Finalize GroupAggregate  (cost=64722.70..64769.93 rows=5 width=24) (actual time=717.872..720.876 rows=5 loops=1)
   Group Key: orders.o_orderpriority
   ->  Gather Merge  (cost=64722.70..64769.83 rows=10 width=24) (actual time=717.061..725.186 rows=15 loops=1)
         Workers Planned: 2
         Workers Launched: 2
         ->  Partial GroupAggregate  (cost=63722.68..63768.65 rows=5 width=24) (actual time=710.275..713.449 rows=5 loops=3)
               Group Key: orders.o_orderpriority
               ->  Sort  (cost=63722.68..63737.98 rows=6123 width=16) (actual time=709.459..710.644 rows=17575 loops=3)
                     Sort Key: orders.o_orderpriority
                     Sort Method: quicksort  Memory: 1587kB
                     Worker 0:  Sort Method: quicksort  Memory: 1594kB
                     Worker 1:  Sort Method: quicksort  Memory: 1596kB
                     ->  Nested Loop Semi Join  (cost=1190.06..63337.54 rows=6123 width=16) (actual time=15.905..692.477 rows=17575 loops=3)
                           ->  Parallel Bitmap Heap Scan on orders  (cost=1189.63..27634.14 rows=23301 width=20) (actual time=15.808..196.719 rows=19158 loops=3)
                                 Recheck Cond: ((o_orderdate >= '1994-06-01'::date) AND (o_orderdate < '1994-09-01 00:00:00'::timestamp without time zone))
                                 Heap Blocks: exact=7709
                                 ->  Bitmap Index Scan on idx_orders_orderdate  (cost=0.00..1175.65 rows=55922 width=0) (actual time=16.719..16.719 rows=57474 loops=1)
                                       Index Cond: ((o_orderdate >= '1994-06-01'::date) AND (o_orderdate < '1994-09-01 00:00:00'::timestamp without time zone))
                           ->  Index Scan using idx_lineitem_orderkey on lineitem  (cost=0.43..5.11 rows=5 width=4) (actual time=0.024..0.024 rows=1 loops=57474)
                                 Index Cond: (l_orderkey = orders.o_orderkey)
                                 Filter: (l_commitdate < l_receiptdate)
                                 Rows Removed by Filter: 1
 Planning Time: 2.538 ms
 Execution Time: 725.637 ms
(24 rows)

execute /home/pei/Project/benchmarks/JCC-H/out/skinner_explained/5.sql_explained.sql
SET
                                                                                   QUERY PLAN                                                                                   
--------------------------------------------------------------------------------------------------------------------------------------------------------------------------------
 Sort  (cost=85981.88..85981.94 rows=25 width=136) (actual time=1771.952..1771.954 rows=5 loops=1)
   Sort Key: (sum((lineitem.l_extendedprice * ('1'::numeric - lineitem.l_discount)))) DESC
   Sort Method: quicksort  Memory: 25kB
   ->  Finalize GroupAggregate  (cost=85937.25..85981.30 rows=25 width=136) (actual time=1770.462..1771.894 rows=5 loops=1)
         Group Key: nation.n_name
         ->  Gather Merge  (cost=85937.25..85980.61 rows=50 width=136) (actual time=1770.087..1778.056 rows=15 loops=1)
               Workers Planned: 2
               Workers Launched: 2
               ->  Partial GroupAggregate  (cost=84937.23..84974.82 rows=25 width=136) (actual time=1762.054..1763.381 rows=5 loops=3)
                     Group Key: nation.n_name
                     ->  Sort  (cost=84937.23..84944.68 rows=2982 width=116) (actual time=1761.711..1761.876 rows=2459 loops=3)
                           Sort Key: nation.n_name
                           Sort Method: quicksort  Memory: 296kB
                           Worker 0:  Sort Method: quicksort  Memory: 273kB
                           Worker 1:  Sort Method: quicksort  Memory: 297kB
                           ->  Hash Join  (cost=475.32..84765.14 rows=2982 width=116) (actual time=8.942..1757.745 rows=2459 loops=3)
                                 Hash Cond: ((lineitem.l_suppkey = supplier.s_suppkey) AND (customer.c_nationkey = supplier.s_nationkey))
                                 ->  Nested Loop  (cost=3.32..83900.20 rows=74844 width=128) (actual time=0.672..1724.330 rows=60981 loops=3)
                                       ->  Nested Loop  (cost=2.89..25143.84 rows=18707 width=116) (actual time=0.562..1144.048 rows=15233 loops=3)
                                             ->  Hash Join  (cost=2.46..4571.84 rows=12500 width=116) (actual time=0.300..42.731 rows=10066 loops=3)
                                                   Hash Cond: (customer.c_nationkey = nation.n_nationkey)
                                                   ->  Parallel Seq Scan on customer  (cost=0.00..4210.00 rows=62500 width=8) (actual time=0.036..24.942 rows=50000 loops=3)
                                                   ->  Hash  (cost=2.40..2.40 rows=5 width=108) (actual time=0.167..0.167 rows=5 loops=3)
                                                         Buckets: 1024  Batches: 1  Memory Usage: 9kB
                                                         ->  Hash Join  (cost=1.07..2.40 rows=5 width=108) (actual time=0.146..0.153 rows=5 loops=3)
                                                               Hash Cond: (nation.n_regionkey = region.r_regionkey)
                                                               ->  Seq Scan on nation  (cost=0.00..1.25 rows=25 width=112) (actual time=0.040..0.043 rows=25 loops=3)
                                                               ->  Hash  (cost=1.06..1.06 rows=1 width=4) (actual time=0.052..0.052 rows=1 loops=3)
                                                                     Buckets: 1024  Batches: 1  Memory Usage: 9kB
                                                                     ->  Seq Scan on region  (cost=0.00..1.06 rows=1 width=4) (actual time=0.026..0.027 rows=1 loops=3)
                                                                           Filter: (r_name = 'EUROPE'::bpchar)
                                                                           Rows Removed by Filter: 4
                                             ->  Index Scan using idx_orders_custkey on orders  (cost=0.43..1.62 rows=3 width=8) (actual time=0.046..0.108 rows=2 loops=30197)
                                                   Index Cond: (o_custkey = customer.c_custkey)
                                                   Filter: ((o_orderdate >= '1993-01-01'::date) AND (o_orderdate < '1994-01-01 00:00:00'::timestamp without time zone))
                                                   Rows Removed by Filter: 9
                                       ->  Index Scan using idx_lineitem_orderkey on lineitem  (cost=0.43..2.99 rows=15 width=20) (actual time=0.033..0.036 rows=4 loops=45699)
                                             Index Cond: (l_orderkey = orders.o_orderkey)
                                 ->  Hash  (cost=322.00..322.00 rows=10000 width=8) (actual time=7.298..7.298 rows=10000 loops=3)
                                       Buckets: 16384  Batches: 1  Memory Usage: 519kB
                                       ->  Seq Scan on supplier  (cost=0.00..322.00 rows=10000 width=8) (actual time=0.032..4.217 rows=10000 loops=3)
 Planning Time: 6.750 ms
 Execution Time: 1778.861 ms
(43 rows)

execute /home/pei/Project/benchmarks/JCC-H/out/skinner_explained/6.sql_explained.sql
SET
                                                                                                         QUERY PLAN                                                                                                         
----------------------------------------------------------------------------------------------------------------------------------------------------------------------------------------------------------------------------
 Finalize Aggregate  (cost=170272.46..170272.47 rows=1 width=32) (actual time=940.269..940.269 rows=1 loops=1)
   ->  Gather  (cost=170272.23..170272.44 rows=2 width=32) (actual time=940.090..944.142 rows=3 loops=1)
         Workers Planned: 2
         Workers Launched: 2
         ->  Partial Aggregate  (cost=169272.23..169272.24 rows=1 width=32) (actual time=934.052..934.053 rows=1 loops=3)
               ->  Parallel Seq Scan on lineitem  (cost=0.00..168764.39 rows=101568 width=12) (actual time=0.065..877.986 rows=82632 loops=3)
                     Filter: ((l_shipdate >= '1993-01-01'::date) AND (l_shipdate < '1994-01-01 00:00:00'::timestamp without time zone) AND (l_discount >= 0.06) AND (l_discount <= 0.08) AND (l_quantity < '100'::numeric))
                     Rows Removed by Filter: 1917773
 Planning Time: 1.494 ms
 Execution Time: 944.354 ms
(10 rows)

execute /home/pei/Project/benchmarks/JCC-H/out/skinner_explained/7.sql_explained.sql
SET
                                                                                             QUERY PLAN                                                                                              
-----------------------------------------------------------------------------------------------------------------------------------------------------------------------------------------------------
 Finalize GroupAggregate  (cost=72940.15..73769.59 rows=5980 width=248) (actual time=1876.225..1877.377 rows=4 loops=1)
   Group Key: n1.n_name, n2.n_name, (date_part('year'::text, (lineitem.l_shipdate)::timestamp without time zone))
   ->  Gather Merge  (cost=72940.15..73602.64 rows=4984 width=248) (actual time=1875.804..1881.719 rows=12 loops=1)
         Workers Planned: 2
         Workers Launched: 2
         ->  Partial GroupAggregate  (cost=71940.12..72027.34 rows=2492 width=248) (actual time=1867.514..1868.668 rows=4 loops=3)
               Group Key: n1.n_name, n2.n_name, (date_part('year'::text, (lineitem.l_shipdate)::timestamp without time zone))
               ->  Sort  (cost=71940.12..71946.35 rows=2492 width=228) (actual time=1867.118..1867.253 rows=1930 loops=3)
                     Sort Key: n1.n_name, n2.n_name, (date_part('year'::text, (lineitem.l_shipdate)::timestamp without time zone))
                     Sort Method: quicksort  Memory: 321kB
                     Worker 0:  Sort Method: quicksort  Memory: 316kB
                     Worker 1:  Sort Method: quicksort  Memory: 322kB
                     ->  Hash Join  (cost=366.36..71799.54 rows=2492 width=228) (actual time=7.334..1863.163 rows=1930 loops=3)
                           Hash Cond: (lineitem.l_suppkey = supplier.s_suppkey)
                           Join Filter: (((n1.n_name = 'UNITED STATES'::bpchar) AND (n2.n_name = 'GERMANY'::bpchar)) OR ((n1.n_name = 'GERMANY'::bpchar) AND (n2.n_name = 'UNITED STATES'::bpchar)))
                           Rows Removed by Join Filter: 1894
                           ->  Nested Loop  (cost=2.26..71101.74 rows=60116 width=124) (actual time=0.628..1837.805 rows=48207 loops=3)
                                 ->  Nested Loop  (cost=1.83..12907.07 rows=50000 width=108) (actual time=0.315..548.018 rows=39882 loops=3)
                                       ->  Hash Join  (cost=1.40..4403.27 rows=5000 width=108) (actual time=0.202..33.977 rows=3964 loops=3)
                                             Hash Cond: (customer.c_nationkey = n2.n_nationkey)
                                             ->  Parallel Seq Scan on customer  (cost=0.00..4210.00 rows=62500 width=8) (actual time=0.037..22.243 rows=50000 loops=3)
                                             ->  Hash  (cost=1.38..1.38 rows=2 width=108) (actual time=0.065..0.065 rows=2 loops=3)
                                                   Buckets: 1024  Batches: 1  Memory Usage: 9kB
                                                   ->  Seq Scan on nation n2  (cost=0.00..1.38 rows=2 width=108) (actual time=0.035..0.041 rows=2 loops=3)
                                                         Filter: ((n_name = 'GERMANY'::bpchar) OR (n_name = 'UNITED STATES'::bpchar))
                                                         Rows Removed by Filter: 23
                                       ->  Index Scan using idx_orders_custkey on orders  (cost=0.43..1.53 rows=17 width=8) (actual time=0.016..0.123 rows=10 loops=11891)
                                             Index Cond: (o_custkey = customer.c_custkey)
                                 ->  Index Scan using lineitem_pkey on lineitem  (cost=0.43..1.11 rows=5 width=24) (actual time=0.030..0.031 rows=1 loops=119645)
                                       Index Cond: (l_orderkey = orders.o_orderkey)
                                       Filter: ((l_shipdate >= '1993-01-01'::date) AND (l_shipdate <= '1994-12-31'::date))
                                       Rows Removed by Filter: 3
                           ->  Hash  (cost=354.10..354.10 rows=800 width=108) (actual time=5.391..5.391 rows=789 loops=3)
                                 Buckets: 1024  Batches: 1  Memory Usage: 56kB
                                 ->  Hash Join  (cost=1.40..354.10 rows=800 width=108) (actual time=0.110..4.996 rows=789 loops=3)
                                       Hash Cond: (supplier.s_nationkey = n1.n_nationkey)
                                       ->  Seq Scan on supplier  (cost=0.00..322.00 rows=10000 width=8) (actual time=0.027..3.233 rows=10000 loops=3)
                                       ->  Hash  (cost=1.38..1.38 rows=2 width=108) (actual time=0.027..0.027 rows=2 loops=3)
                                             Buckets: 1024  Batches: 1  Memory Usage: 9kB
                                             ->  Seq Scan on nation n1  (cost=0.00..1.38 rows=2 width=108) (actual time=0.011..0.016 rows=2 loops=3)
                                                   Filter: ((n_name = 'UNITED STATES'::bpchar) OR (n_name = 'GERMANY'::bpchar))
                                                   Rows Removed by Filter: 23
 Planning Time: 5.623 ms
 Execution Time: 1882.415 ms
(44 rows)

execute /home/pei/Project/benchmarks/JCC-H/out/skinner_explained/8.sql_explained.sql
SET
                                                                                QUERY PLAN                                                                                
--------------------------------------------------------------------------------------------------------------------------------------------------------------------------
 Finalize GroupAggregate  (cost=77405.33..77756.97 rows=2395 width=40) (actual time=32.722..32.722 rows=0 loops=1)
   Group Key: (date_part('year'::text, (orders.o_orderdate)::timestamp without time zone))
   ->  Gather Merge  (cost=77405.33..77678.13 rows=1996 width=72) (actual time=32.721..33.987 rows=0 loops=1)
         Workers Planned: 2
         Workers Launched: 2
         ->  Partial GroupAggregate  (cost=76405.31..76447.72 rows=998 width=72) (actual time=25.185..25.186 rows=0 loops=3)
               Group Key: (date_part('year'::text, (orders.o_orderdate)::timestamp without time zone))
               ->  Sort  (cost=76405.31..76407.80 rows=998 width=124) (actual time=25.185..25.185 rows=0 loops=3)
                     Sort Key: (date_part('year'::text, (orders.o_orderdate)::timestamp without time zone))
                     Sort Method: quicksort  Memory: 25kB
                     Worker 0:  Sort Method: quicksort  Memory: 25kB
                     Worker 1:  Sort Method: quicksort  Memory: 25kB
                     ->  Hash Join  (cost=5.59..76355.59 rows=998 width=124) (actual time=25.109..25.110 rows=0 loops=3)
                           Hash Cond: (supplier.s_nationkey = n2.n_nationkey)
                           ->  Nested Loop  (cost=4.03..76345.97 rows=998 width=20) (actual time=24.949..24.949 rows=0 loops=3)
                                 ->  Hash Join  (cost=3.74..76042.70 rows=1002 width=20) (actual time=24.949..24.949 rows=0 loops=3)
                                       Hash Cond: (customer.c_nationkey = n1.n_nationkey)
                                       ->  Nested Loop  (cost=1.28..76011.43 rows=5010 width=24) (actual time=24.948..24.948 rows=0 loops=3)
                                             ->  Nested Loop  (cost=0.86..73643.02 rows=5010 width=24) (actual time=24.948..24.948 rows=0 loops=3)
                                                   ->  Nested Loop  (cost=0.43..65860.85 rows=16553 width=20) (actual time=24.948..24.948 rows=0 loops=3)
                                                         ->  Parallel Seq Scan on part  (cost=0.00..5138.67 rows=552 width=4) (actual time=24.948..24.948 rows=0 loops=3)
                                                               Filter: ((p_type)::text = 'SHINY MINED GOLD'::text)
                                                               Rows Removed by Filter: 66667
                                                         ->  Index Scan using idx_lineitem_part_supp on lineitem  (cost=0.43..109.69 rows=31 width=24) (never executed)
                                                               Index Cond: (l_partkey = part.p_partkey)
                                                   ->  Index Scan using orders_pkey on orders  (cost=0.43..0.47 rows=1 width=12) (never executed)
                                                         Index Cond: (o_orderkey = lineitem.l_orderkey)
                                                         Filter: ((o_orderdate >= '1993-01-01'::date) AND (o_orderdate <= '1994-12-31'::date))
                                             ->  Index Scan using customer_pkey on customer  (cost=0.42..0.47 rows=1 width=8) (never executed)
                                                   Index Cond: (c_custkey = orders.o_custkey)
                                       ->  Hash  (cost=2.40..2.40 rows=5 width=4) (never executed)
                                             ->  Hash Join  (cost=1.07..2.40 rows=5 width=4) (never executed)
                                                   Hash Cond: (n1.n_regionkey = region.r_regionkey)
                                                   ->  Seq Scan on nation n1  (cost=0.00..1.25 rows=25 width=8) (never executed)
                                                   ->  Hash  (cost=1.06..1.06 rows=1 width=4) (never executed)
                                                         ->  Seq Scan on region  (cost=0.00..1.06 rows=1 width=4) (never executed)
                                                               Filter: (r_name = 'MIDDLE EAST'::bpchar)
                                 ->  Index Scan using supplier_pkey on supplier  (cost=0.29..0.30 rows=1 width=8) (never executed)
                                       Index Cond: (s_suppkey = lineitem.l_suppkey)
                           ->  Hash  (cost=1.25..1.25 rows=25 width=108) (actual time=0.067..0.067 rows=25 loops=3)
                                 Buckets: 1024  Batches: 1  Memory Usage: 10kB
                                 ->  Seq Scan on nation n2  (cost=0.00..1.25 rows=25 width=108) (actual time=0.033..0.037 rows=25 loops=3)
 Planning Time: 7.713 ms
 Execution Time: 34.642 ms
(44 rows)

execute /home/pei/Project/benchmarks/JCC-H/out/skinner_explained/9.sql_explained.sql
SET
                                                                            QUERY PLAN                                                                            
------------------------------------------------------------------------------------------------------------------------------------------------------------------
 Finalize GroupAggregate  (cost=6382.26..6464.52 rows=598 width=144) (actual time=39.851..39.851 rows=0 loops=1)
   Group Key: nation.n_name, (date_part('year'::text, (orders.o_orderdate)::timestamp without time zone))
   ->  Gather Merge  (cost=6382.26..6449.07 rows=498 width=144) (actual time=39.850..41.076 rows=0 loops=1)
         Workers Planned: 2
         Workers Launched: 2
         ->  Partial GroupAggregate  (cost=5382.23..5391.57 rows=249 width=144) (actual time=32.973..32.973 rows=0 loops=3)
               Group Key: nation.n_name, (date_part('year'::text, (orders.o_orderdate)::timestamp without time zone))
               ->  Sort  (cost=5382.23..5382.85 rows=249 width=135) (actual time=32.973..32.973 rows=0 loops=3)
                     Sort Key: nation.n_name, (date_part('year'::text, (orders.o_orderdate)::timestamp without time zone)) DESC
                     Sort Method: quicksort  Memory: 25kB
                     Worker 0:  Sort Method: quicksort  Memory: 25kB
                     Worker 1:  Sort Method: quicksort  Memory: 25kB
                     ->  Nested Loop  (cost=3.13..5372.32 rows=249 width=135) (actual time=32.892..32.892 rows=0 loops=3)
                           ->  Nested Loop  (cost=2.71..5255.26 rows=249 width=131) (actual time=32.891..32.891 rows=0 loops=3)
                                 Join Filter: (supplier.s_suppkey = lineitem.l_suppkey)
                                 ->  Hash Join  (cost=2.27..5218.63 rows=33 width=126) (actual time=32.891..32.891 rows=0 loops=3)
                                       Hash Cond: (supplier.s_nationkey = nation.n_nationkey)
                                       ->  Nested Loop  (cost=0.71..5216.97 rows=33 width=26) (actual time=32.891..32.891 rows=0 loops=3)
                                             ->  Nested Loop  (cost=0.42..5206.95 rows=33 width=18) (actual time=32.891..32.891 rows=0 loops=3)
                                                   ->  Parallel Seq Scan on part  (cost=0.00..5138.67 rows=8 width=4) (actual time=32.890..32.890 rows=0 loops=3)
                                                         Filter: ((p_name)::text ~~ '%shiny mined gold%'::text)
                                                         Rows Removed by Filter: 66667
                                                   ->  Index Scan using idx_partsupp_partkey on partsupp  (cost=0.42..8.50 rows=4 width=14) (never executed)
                                                         Index Cond: (ps_partkey = part.p_partkey)
                                             ->  Index Scan using supplier_pkey on supplier  (cost=0.29..0.30 rows=1 width=8) (never executed)
                                                   Index Cond: (s_suppkey = partsupp.ps_suppkey)
                                       ->  Hash  (cost=1.25..1.25 rows=25 width=108) (never executed)
                                             ->  Seq Scan on nation  (cost=0.00..1.25 rows=25 width=108) (never executed)
                                 ->  Index Scan using idx_lineitem_part_supp on lineitem  (cost=0.43..1.10 rows=1 width=29) (never executed)
                                       Index Cond: ((l_partkey = partsupp.ps_partkey) AND (l_suppkey = partsupp.ps_suppkey))
                           ->  Index Scan using orders_pkey on orders  (cost=0.43..0.47 rows=1 width=8) (never executed)
                                 Index Cond: (o_orderkey = lineitem.l_orderkey)
 Planning Time: 7.767 ms
 Execution Time: 41.627 ms
(34 rows)

execute /home/pei/Project/benchmarks/JCC-H/out/skinner_explained/10.sql_explained.sql
SET
                                                                                     QUERY PLAN                                                                                     
------------------------------------------------------------------------------------------------------------------------------------------------------------------------------------
 Sort  (cost=21298.42..21302.97 rows=1819 width=280) (actual time=108.330..108.448 rows=1584 loops=1)
   Sort Key: (sum((lineitem.l_extendedprice * ('1'::numeric - lineitem.l_discount)))) DESC
   Sort Method: quicksort  Memory: 469kB
   ->  Finalize GroupAggregate  (cost=21016.69..21199.93 rows=1819 width=280) (actual time=100.178..106.223 rows=1584 loops=1)
         Group Key: customer.c_custkey, nation.n_name
         ->  Gather Merge  (cost=21016.69..21166.49 rows=1070 width=280) (actual time=100.156..103.915 rows=1593 loops=1)
               Workers Planned: 1
               Workers Launched: 1
               ->  Partial GroupAggregate  (cost=20016.68..20046.11 rows=1070 width=280) (actual time=94.912..97.455 rows=796 loops=2)
                     Group Key: customer.c_custkey, nation.n_name
                     ->  Sort  (cost=20016.68..20019.36 rows=1070 width=260) (actual time=94.890..95.048 rows=1859 loops=2)
                           Sort Key: customer.c_custkey, nation.n_name
                           Sort Method: quicksort  Memory: 557kB
                           Worker 0:  Sort Method: quicksort  Memory: 531kB
                           ->  Hash Join  (cost=45.88..19962.84 rows=1070 width=260) (actual time=1.422..91.891 rows=1859 loops=2)
                                 Hash Cond: (customer.c_nationkey = nation.n_nationkey)
                                 ->  Nested Loop  (cost=44.31..19957.99 rows=1070 width=160) (actual time=1.304..90.385 rows=1859 loops=2)
                                       ->  Nested Loop  (cost=43.89..15136.11 rows=1070 width=16) (actual time=1.212..64.205 rows=1859 loops=2)
                                             ->  Parallel Bitmap Heap Scan on orders  (cost=43.46..5824.69 rows=1092 width=8) (actual time=1.101..21.964 rows=940 loops=2)
                                                   Recheck Cond: ((o_orderdate >= '1992-05-26'::date) AND (o_orderdate < '1992-05-29'::date))
                                                   Heap Blocks: exact=936
                                                   ->  Bitmap Index Scan on idx_orders_orderdate  (cost=0.00..43.00 rows=1857 width=0) (actual time=1.741..1.741 rows=1879 loops=1)
                                                         Index Cond: ((o_orderdate >= '1992-05-26'::date) AND (o_orderdate < '1992-05-29'::date))
                                             ->  Index Scan using idx_lineitem_orderkey on lineitem  (cost=0.43..8.49 rows=4 width=16) (actual time=0.040..0.043 rows=2 loops=1879)
                                                   Index Cond: (l_orderkey = orders.o_orderkey)
                                                   Filter: (l_returnflag = 'R'::bpchar)
                                                   Rows Removed by Filter: 2
                                       ->  Index Scan using customer_pkey on customer  (cost=0.42..4.51 rows=1 width=148) (actual time=0.013..0.013 rows=1 loops=3718)
                                             Index Cond: (c_custkey = orders.o_custkey)
                                 ->  Hash  (cost=1.25..1.25 rows=25 width=108) (actual time=0.051..0.051 rows=25 loops=2)
                                       Buckets: 1024  Batches: 1  Memory Usage: 10kB
                                       ->  Seq Scan on nation  (cost=0.00..1.25 rows=25 width=108) (actual time=0.023..0.027 rows=25 loops=2)
 Planning Time: 3.205 ms
 Execution Time: 109.586 ms
(34 rows)

execute /home/pei/Project/benchmarks/JCC-H/out/skinner_explained/11.sql_explained.sql
SET
                                                                            QUERY PLAN                                                                             
-------------------------------------------------------------------------------------------------------------------------------------------------------------------
 Sort  (cost=13433.18..13459.84 rows=10667 width=36) (actual time=459.157..459.216 rows=869 loops=1)
   Sort Key: (sum((partsupp.ps_supplycost * (partsupp.ps_availqty)::numeric))) DESC
   Sort Method: quicksort  Memory: 65kB
   InitPlan 1 (returns $2)
     ->  Aggregate  (cost=4682.49..4682.50 rows=1 width=32) (actual time=126.650..126.650 rows=1 loops=1)
           ->  Nested Loop  (cost=11.81..4442.48 rows=32000 width=10) (actual time=0.145..106.074 rows=32560 loops=1)
                 ->  Nested Loop  (cost=11.38..248.58 rows=400 width=4) (actual time=0.108..3.517 rows=407 loops=1)
                       ->  Seq Scan on nation nation_1  (cost=0.00..1.31 rows=1 width=4) (actual time=0.015..0.020 rows=1 loops=1)
                             Filter: (n_name = 'CHINA'::bpchar)
                             Rows Removed by Filter: 24
                       ->  Bitmap Heap Scan on supplier supplier_1  (cost=11.38..243.27 rows=400 width=8) (actual time=0.086..3.346 rows=407 loops=1)
                             Recheck Cond: (s_nationkey = nation_1.n_nationkey)
                             Heap Blocks: exact=186
                             ->  Bitmap Index Scan on idx_supplier_nation_key  (cost=0.00..11.29 rows=400 width=0) (actual time=0.062..0.062 rows=407 loops=1)
                                   Index Cond: (s_nationkey = nation_1.n_nationkey)
                 ->  Index Scan using idx_partsupp_suppkey on partsupp partsupp_1  (cost=0.42..9.68 rows=80 width=14) (actual time=0.017..0.231 rows=80 loops=407)
                       Index Cond: (ps_suppkey = supplier_1.s_suppkey)
   ->  GroupAggregate  (cost=6837.01..8037.01 rows=10667 width=36) (actual time=421.570..458.670 rows=869 loops=1)
         Group Key: partsupp.ps_partkey
         Filter: (sum((partsupp.ps_supplycost * (partsupp.ps_availqty)::numeric)) > $2)
         Rows Removed by Filter: 29770
         ->  Sort  (cost=6837.01..6917.01 rows=32000 width=14) (actual time=294.866..297.292 rows=32560 loops=1)
               Sort Key: partsupp.ps_partkey
               Sort Method: quicksort  Memory: 2295kB
               ->  Nested Loop  (cost=11.81..4442.48 rows=32000 width=14) (actual time=0.217..268.367 rows=32560 loops=1)
                     ->  Nested Loop  (cost=11.38..248.58 rows=400 width=4) (actual time=0.168..4.071 rows=407 loops=1)
                           ->  Seq Scan on nation  (cost=0.00..1.31 rows=1 width=4) (actual time=0.018..0.023 rows=1 loops=1)
                                 Filter: (n_name = 'CHINA'::bpchar)
                                 Rows Removed by Filter: 24
                           ->  Bitmap Heap Scan on supplier  (cost=11.38..243.27 rows=400 width=8) (actual time=0.144..3.889 rows=407 loops=1)
                                 Recheck Cond: (s_nationkey = nation.n_nationkey)
                                 Heap Blocks: exact=186
                                 ->  Bitmap Index Scan on idx_supplier_nation_key  (cost=0.00..11.29 rows=400 width=0) (actual time=0.112..0.112 rows=407 loops=1)
                                       Index Cond: (s_nationkey = nation.n_nationkey)
                     ->  Index Scan using idx_partsupp_suppkey on partsupp  (cost=0.42..9.68 rows=80 width=18) (actual time=0.025..0.615 rows=80 loops=407)
                           Index Cond: (ps_suppkey = supplier.s_suppkey)
 Planning Time: 2.488 ms
 Execution Time: 459.921 ms
(38 rows)

execute /home/pei/Project/benchmarks/JCC-H/out/skinner_explained/12.sql_explained.sql
SET
                                                                                                                                       QUERY PLAN                                                                                                                                       
----------------------------------------------------------------------------------------------------------------------------------------------------------------------------------------------------------------------------------------------------------------------------------------
 Finalize GroupAggregate  (cost=209360.10..209599.26 rows=7 width=27) (actual time=1321.808..1321.811 rows=2 loops=1)
   Group Key: lineitem.l_shipmode
   ->  Gather Merge  (cost=209360.10..209599.08 rows=14 width=27) (actual time=1319.313..1323.222 rows=6 loops=1)
         Workers Planned: 2
         Workers Launched: 2
         ->  Partial GroupAggregate  (cost=208360.07..208597.44 rows=7 width=27) (actual time=1313.127..1315.543 rows=2 loops=3)
               Group Key: lineitem.l_shipmode
               ->  Sort  (cost=208360.07..208389.74 rows=11865 width=27) (actual time=1310.661..1311.311 rows=10341 loops=3)
                     Sort Key: lineitem.l_shipmode
                     Sort Method: quicksort  Memory: 1216kB
                     Worker 0:  Sort Method: quicksort  Memory: 1192kB
                     Worker 1:  Sort Method: quicksort  Memory: 1170kB
                     ->  Parallel Hash Join  (cost=168912.70..207557.14 rows=11865 width=27) (actual time=1059.558..1301.930 rows=10341 loops=3)
                           Hash Cond: (orders.o_orderkey = lineitem.l_orderkey)
                           ->  Parallel Seq Scan on orders  (cost=0.00..32345.00 rows=625000 width=20) (actual time=0.047..148.137 rows=500000 loops=3)
                           ->  Parallel Hash  (cost=168764.39..168764.39 rows=11865 width=15) (actual time=1058.706..1058.706 rows=10341 loops=3)
                                 Buckets: 32768  Batches: 1  Memory Usage: 1792kB
                                 ->  Parallel Seq Scan on lineitem  (cost=0.00..168764.39 rows=11865 width=15) (actual time=0.158..1046.854 rows=10341 loops=3)
                                       Filter: ((l_shipmode = ANY ('{"REG AIR",FOB}'::bpchar[])) AND (l_commitdate < l_receiptdate) AND (l_shipdate < l_commitdate) AND (l_receiptdate >= '1993-01-01'::date) AND (l_receiptdate < '1994-01-01 00:00:00'::timestamp without time zone))
                                       Rows Removed by Filter: 1990064
 Planning Time: 2.070 ms
 Execution Time: 1323.649 ms
(22 rows)

execute /home/pei/Project/benchmarks/JCC-H/out/skinner_explained/13.sql_explained.sql
SET
                                                                                      QUERY PLAN                                                                                      
--------------------------------------------------------------------------------------------------------------------------------------------------------------------------------------
 Sort  (cost=161053.73..161054.23 rows=200 width=16) (actual time=4855.314..4855.317 rows=42 loops=1)
   Sort Key: (count(*)) DESC, (count(orders.o_orderkey)) DESC
   Sort Method: quicksort  Memory: 26kB
   ->  HashAggregate  (cost=161044.09..161046.09 rows=200 width=16) (actual time=4855.229..4855.237 rows=42 loops=1)
         Group Key: count(orders.o_orderkey)
         ->  Finalize GroupAggregate  (cost=1000.87..158794.09 rows=150000 width=12) (actual time=9.834..4794.544 rows=150000 loops=1)
               Group Key: customer.c_custkey
               ->  Gather Merge  (cost=1000.87..155794.09 rows=300000 width=12) (actual time=9.647..4699.820 rows=150000 loops=1)
                     Workers Planned: 2
                     Workers Launched: 2
                     ->  Partial GroupAggregate  (cost=0.85..120166.62 rows=150000 width=12) (actual time=0.457..3940.050 rows=50000 loops=3)
                           Group Key: customer.c_custkey
                           ->  Nested Loop Left Join  (cost=0.85..115573.18 rows=618687 width=8) (actual time=0.189..3735.443 rows=511342 loops=3)
                                 ->  Parallel Index Only Scan using customer_pkey on customer  (cost=0.42..6619.43 rows=62500 width=4) (actual time=0.081..51.004 rows=50000 loops=3)
                                       Heap Fetches: 150000
                                 ->  Index Scan using idx_orders_custkey on orders  (cost=0.43..1.57 rows=17 width=8) (actual time=0.008..0.070 rows=10 loops=150000)
                                       Index Cond: (o_custkey = customer.c_custkey)
                                       Filter: ((o_comment)::text !~~ '%express%deposits%'::text)
                                       Rows Removed by Filter: 0
 Planning Time: 2.125 ms
 Execution Time: 4855.852 ms
(21 rows)

execute /home/pei/Project/benchmarks/JCC-H/out/skinner_explained/14.sql_explained.sql
SET
                                                                               QUERY PLAN                                                                                
-------------------------------------------------------------------------------------------------------------------------------------------------------------------------
 Finalize Aggregate  (cost=118266.17..118266.18 rows=1 width=32) (actual time=496.939..496.940 rows=1 loops=1)
   ->  Gather  (cost=118265.93..118266.14 rows=2 width=64) (actual time=495.971..501.928 rows=3 loops=1)
         Workers Planned: 2
         Workers Launched: 2
         ->  Partial Aggregate  (cost=117265.93..117265.94 rows=1 width=64) (actual time=489.284..489.284 rows=1 loops=3)
               ->  Parallel Hash Join  (cost=110065.79..116694.64 rows=32645 width=33) (actual time=423.635..470.819 rows=25967 loops=3)
                     Hash Cond: (part.p_partkey = lineitem.l_partkey)
                     ->  Parallel Seq Scan on part  (cost=0.00..4930.33 rows=83333 width=25) (actual time=0.075..23.237 rows=66667 loops=3)
                     ->  Parallel Hash  (cost=109657.73..109657.73 rows=32645 width=16) (actual time=422.158..422.158 rows=25967 loops=3)
                           Buckets: 131072  Batches: 1  Memory Usage: 5216kB
                           ->  Parallel Bitmap Heap Scan on lineitem  (cost=2015.50..109657.73 rows=32645 width=16) (actual time=31.478..395.799 rows=25967 loops=3)
                                 Recheck Cond: ((l_shipdate >= '1995-05-01'::date) AND (l_shipdate < '1995-06-01 00:00:00'::timestamp without time zone))
                                 Heap Blocks: exact=14656
                                 ->  Bitmap Index Scan on idx_lineitem_shipdate  (cost=0.00..1995.91 rows=78348 width=0) (actual time=25.753..25.753 rows=77900 loops=1)
                                       Index Cond: ((l_shipdate >= '1995-05-01'::date) AND (l_shipdate < '1995-06-01 00:00:00'::timestamp without time zone))
 Planning Time: 2.437 ms
 Execution Time: 502.208 ms
(17 rows)

execute /home/pei/Project/benchmarks/JCC-H/out/skinner_explained/15.sql_explained.sql
SET
CREATE VIEW
                                                                                       QUERY PLAN                                                                                       
----------------------------------------------------------------------------------------------------------------------------------------------------------------------------------------
 Nested Loop  (cost=299146.69..302223.56 rows=50 width=103) (actual time=1834.720..1847.977 rows=1 loops=1)
   InitPlan 1 (returns $1)
     ->  Aggregate  (cost=150945.41..150945.42 rows=1 width=32) (actual time=912.550..912.550 rows=1 loops=1)
           ->  Finalize GroupAggregate  (cost=148200.98..150819.91 rows=10040 width=36) (actual time=879.118..911.396 rows=10000 loops=1)
                 Group Key: lineitem_1.l_suppkey
                 ->  Gather Merge  (cost=148200.98..150543.81 rows=20080 width=36) (actual time=879.106..889.401 rows=29982 loops=1)
                       Workers Planned: 2
                       Workers Launched: 2
                       ->  Sort  (cost=147200.96..147226.06 rows=10040 width=36) (actual time=871.139..872.005 rows=9994 loops=3)
                             Sort Key: lineitem_1.l_suppkey
                             Sort Method: quicksort  Memory: 1165kB
                             Worker 0:  Sort Method: quicksort  Memory: 1165kB
                             Worker 1:  Sort Method: quicksort  Memory: 1165kB
                             ->  Partial HashAggregate  (cost=146408.13..146533.63 rows=10040 width=36) (actual time=859.337..865.156 rows=9994 loops=3)
                                   Group Key: lineitem_1.l_suppkey
                                   ->  Parallel Bitmap Heap Scan on lineitem lineitem_1  (cost=5705.45..145482.51 rows=92562 width=16) (actual time=60.674..732.134 rows=75898 loops=3)
                                         Recheck Cond: ((l_shipdate >= '1993-05-01'::date) AND (l_shipdate < '1993-08-01 00:00:00'::timestamp without time zone))
                                         Rows Removed by Index Recheck: 552534
                                         Heap Blocks: exact=11424 lossy=11451
                                         ->  Bitmap Index Scan on idx_lineitem_shipdate  (cost=0.00..5649.91 rows=222148 width=0) (actual time=60.556..60.556 rows=227694 loops=1)
                                               Index Cond: ((l_shipdate >= '1993-05-01'::date) AND (l_shipdate < '1993-08-01 00:00:00'::timestamp without time zone))
   ->  Finalize GroupAggregate  (cost=148200.98..150970.51 rows=50 width=36) (actual time=1834.662..1847.919 rows=1 loops=1)
         Group Key: lineitem.l_suppkey
         Filter: (sum((lineitem.l_extendedprice * ('1'::numeric - lineitem.l_discount))) = $1)
         Rows Removed by Filter: 9999
         ->  Gather Merge  (cost=148200.98..150543.81 rows=20080 width=36) (actual time=902.860..913.681 rows=29986 loops=1)
               Workers Planned: 2
               Workers Launched: 2
               ->  Sort  (cost=147200.96..147226.06 rows=10040 width=36) (actual time=895.670..896.846 rows=9995 loops=3)
                     Sort Key: lineitem.l_suppkey
                     Sort Method: quicksort  Memory: 1166kB
                     Worker 0:  Sort Method: quicksort  Memory: 1165kB
                     Worker 1:  Sort Method: quicksort  Memory: 1165kB
                     ->  Partial HashAggregate  (cost=146408.13..146533.63 rows=10040 width=36) (actual time=883.759..889.553 rows=9995 loops=3)
                           Group Key: lineitem.l_suppkey
                           ->  Parallel Bitmap Heap Scan on lineitem  (cost=5705.45..145482.51 rows=92562 width=16) (actual time=67.267..756.097 rows=75898 loops=3)
                                 Recheck Cond: ((l_shipdate >= '1993-05-01'::date) AND (l_shipdate < '1993-08-01 00:00:00'::timestamp without time zone))
                                 Rows Removed by Index Recheck: 552534
                                 Heap Blocks: exact=10937 lossy=10853
                                 ->  Bitmap Index Scan on idx_lineitem_shipdate  (cost=0.00..5649.91 rows=222148 width=0) (actual time=65.847..65.847 rows=227694 loops=1)
                                       Index Cond: ((l_shipdate >= '1993-05-01'::date) AND (l_shipdate < '1993-08-01 00:00:00'::timestamp without time zone))
   ->  Index Scan using supplier_pkey on supplier  (cost=0.29..6.14 rows=1 width=71) (actual time=0.052..0.052 rows=1 loops=1)
         Index Cond: (s_suppkey = lineitem.l_suppkey)
 Planning Time: 2.602 ms
 Execution Time: 1854.804 ms
(45 rows)

DROP VIEW
execute /home/pei/Project/benchmarks/JCC-H/out/skinner_explained/16.sql_explained.sql
SET
                                                                                         QUERY PLAN                                                                                          
---------------------------------------------------------------------------------------------------------------------------------------------------------------------------------------------
 Sort  (cost=42566.75..42606.95 rows=16081 width=44) (actual time=888.096..889.281 rows=18337 loops=1)
   Sort Key: (count(DISTINCT partsupp.ps_suppkey)) DESC, part.p_brand, part.p_type, part.p_size
   Sort Method: quicksort  Memory: 2217kB
   ->  GroupAggregate  (cost=40530.46..41443.25 rows=16081 width=44) (actual time=681.802..807.770 rows=18337 loops=1)
         Group Key: part.p_brand, part.p_type, part.p_size
         ->  Sort  (cost=40530.46..40680.86 rows=60158 width=40) (actual time=681.783..747.332 rows=119466 loops=1)
               Sort Key: part.p_brand, part.p_type, part.p_size
               Sort Method: external merge  Disk: 6104kB
               ->  Gather  (cost=7684.00..35754.98 rows=60158 width=40) (actual time=61.750..251.116 rows=119466 loops=1)
                     Workers Planned: 2
                     Workers Launched: 2
                     ->  Parallel Hash Join  (cost=6684.00..28739.18 rows=25066 width=40) (actual time=55.395..235.741 rows=39822 loops=3)
                           Hash Cond: (partsupp.ps_partkey = part.p_partkey)
                           ->  Parallel Seq Scan on partsupp  (cost=347.00..21964.67 rows=166667 width=8) (actual time=8.496..141.352 rows=266560 loops=3)
                                 Filter: (NOT (hashed SubPlan 1))
                                 Rows Removed by Filter: 107
                                 SubPlan 1
                                   ->  Seq Scan on supplier  (cost=0.00..347.00 rows=1 width=4) (actual time=0.276..8.437 rows=4 loops=3)
                                         Filter: ((s_comment)::text ~~ '%Customer%Complaints%'::text)
                                         Rows Removed by Filter: 9996
                           ->  Parallel Hash  (cost=6180.33..6180.33 rows=12533 width=40) (actual time=46.201..46.201 rows=9959 loops=3)
                                 Buckets: 32768  Batches: 1  Memory Usage: 2528kB
                                 ->  Parallel Seq Scan on part  (cost=0.00..6180.33 rows=12533 width=40) (actual time=0.049..38.492 rows=9959 loops=3)
                                       Filter: ((p_brand <> 'Brand#21'::bpchar) AND ((p_type)::text !~~ 'LARGE BURNISHED%'::text) AND (p_size = ANY ('{26,35,38,45,10,37,8,1}'::integer[])))
                                       Rows Removed by Filter: 56707
 Planning Time: 2.643 ms
 Execution Time: 892.900 ms
(27 rows)

execute /home/pei/Project/benchmarks/JCC-H/out/skinner_explained/17.sql_explained.sql
SET
                                                                       QUERY PLAN                                                                       
--------------------------------------------------------------------------------------------------------------------------------------------------------
 Aggregate  (cost=195920.86..195920.87 rows=1 width=32) (actual time=2992.964..2992.965 rows=1 loops=1)
   ->  Hash Join  (cost=6370.96..195915.53 rows=2130 width=8) (actual time=36.354..2992.776 rows=570 loops=1)
         Hash Cond: (lineitem.l_partkey = part.p_partkey)
         Join Filter: (lineitem.l_quantity < (SubPlan 1))
         Rows Removed by Join Filter: 5714
         ->  Seq Scan on lineitem  (cost=0.00..172515.15 rows=6001215 width=17) (actual time=0.034..1662.303 rows=6001215 loops=1)
         ->  Hash  (cost=6368.30..6368.30 rows=213 width=4) (actual time=33.745..33.745 rows=207 loops=1)
               Buckets: 1024  Batches: 1  Memory Usage: 16kB
               ->  Gather  (cost=1000.00..6368.30 rows=213 width=4) (actual time=1.474..33.731 rows=207 loops=1)
                     Workers Planned: 2
                     Workers Launched: 2
                     ->  Parallel Seq Scan on part  (cost=0.00..5347.00 rows=89 width=4) (actual time=0.704..27.885 rows=69 loops=3)
                           Filter: ((p_brand = 'Brand#55'::bpchar) AND (p_container = 'LG BOX'::bpchar))
                           Rows Removed by Filter: 66598
         SubPlan 1
           ->  Aggregate  (cost=127.60..127.61 rows=1 width=32) (actual time=0.080..0.080 rows=1 loops=6284)
                 ->  Bitmap Heap Scan on lineitem lineitem_1  (cost=4.67..127.52 rows=31 width=5) (actual time=0.016..0.063 rows=31 loops=6284)
                       Recheck Cond: (l_partkey = part.p_partkey)
                       Heap Blocks: exact=196800
                       ->  Bitmap Index Scan on idx_lineitem_part_supp  (cost=0.00..4.67 rows=31 width=0) (actual time=0.010..0.010 rows=31 loops=6284)
                             Index Cond: (l_partkey = part.p_partkey)
 Planning Time: 1.926 ms
 Execution Time: 2993.450 ms
(23 rows)

execute /home/pei/Project/benchmarks/JCC-H/out/skinner_explained/18.sql_explained.sql
SET
                                                                                                        QUERY PLAN                                                                                                         
---------------------------------------------------------------------------------------------------------------------------------------------------------------------------------------------------------------------------
 Sort  (cost=599988.69..601302.86 rows=525670 width=71) (actual time=8169.833..8169.833 rows=0 loops=1)
   Sort Key: orders.o_totalprice DESC, orders.o_orderdate
   Sort Method: quicksort  Memory: 25kB
   ->  Finalize GroupAggregate  (cost=462034.19..528476.56 rows=525670 width=71) (actual time=8169.778..8169.778 rows=0 loops=1)
         Group Key: customer.c_custkey, orders.o_orderkey
         ->  Gather Merge  (cost=462034.19..517525.10 rows=438058 width=71) (actual time=8169.776..8175.805 rows=0 loops=1)
               Workers Planned: 2
               Workers Launched: 2
               ->  Partial GroupAggregate  (cost=461034.16..465962.32 rows=219029 width=71) (actual time=8162.733..8162.733 rows=0 loops=3)
                     Group Key: customer.c_custkey, orders.o_orderkey
                     ->  Sort  (cost=461034.16..461581.74 rows=219029 width=44) (actual time=8162.732..8162.732 rows=0 loops=3)
                           Sort Key: customer.c_custkey, orders.o_orderkey
                           Sort Method: quicksort  Memory: 25kB
                           Worker 0:  Sort Method: quicksort  Memory: 25kB
                           Worker 1:  Sort Method: quicksort  Memory: 25kB
                           ->  Nested Loop  (cost=327808.40..434864.46 rows=219029 width=44) (actual time=8162.668..8162.668 rows=0 loops=3)
                                 ->  Parallel Hash Join  (cost=327807.97..369777.30 rows=54746 width=43) (actual time=8162.667..8162.668 rows=0 loops=3)
                                       Hash Cond: (orders.o_custkey = customer.c_custkey)
                                       ->  Hash Join  (cost=322816.72..364642.34 rows=54746 width=24) (actual time=8098.827..8098.827 rows=0 loops=3)
                                             Hash Cond: (orders.o_orderkey = lineitem_1.l_orderkey)
                                             ->  Parallel Seq Scan on orders  (cost=0.00..32345.00 rows=625000 width=20) (actual time=0.047..0.047 rows=1 loops=3)
                                             ->  Hash  (cost=320660.33..320660.33 rows=131391 width=4) (actual time=8096.327..8096.327 rows=0 loops=3)
                                                   Buckets: 131072  Batches: 2  Memory Usage: 1024kB
                                                   ->  GroupAggregate  (cost=0.43..319346.42 rows=131391 width=4) (actual time=8096.325..8096.326 rows=0 loops=3)
                                                         Group Key: lineitem_1.l_orderkey
                                                         Filter: (sum(lineitem_1.l_quantity) > '814'::numeric)
                                                         Rows Removed by Filter: 1500000
                                                         ->  Index Scan using idx_lineitem_orderkey on lineitem lineitem_1  (cost=0.43..283427.74 rows=6001215 width=9) (actual time=0.033..6050.393 rows=6001215 loops=3)
                                                               Filter: (l_quantity <= '100'::numeric)
                                       ->  Parallel Hash  (cost=4210.00..4210.00 rows=62500 width=23) (actual time=61.294..61.294 rows=50000 loops=3)
                                             Buckets: 262144  Batches: 1  Memory Usage: 10304kB
                                             ->  Parallel Seq Scan on customer  (cost=0.00..4210.00 rows=62500 width=23) (actual time=0.033..30.943 rows=50000 loops=3)
                                 ->  Index Scan using lineitem_pkey on lineitem  (cost=0.43..1.04 rows=15 width=9) (never executed)
                                       Index Cond: (l_orderkey = orders.o_orderkey)
 Planning Time: 3.180 ms
 Execution Time: 8176.473 ms
(36 rows)

execute /home/pei/Project/benchmarks/JCC-H/out/skinner_explained/19.sql_explained.sql
SET
                                                                                                                                                                                                                                                                                                                                                                                                                                                                                                              QUERY PLAN                                                                                                                                                                                                                                                                                                                                                                                                                                                                                                              
--------------------------------------------------------------------------------------------------------------------------------------------------------------------------------------------------------------------------------------------------------------------------------------------------------------------------------------------------------------------------------------------------------------------------------------------------------------------------------------------------------------------------------------------------------------------------------------------------------------------------------------------------------------------------------------------------------------------------------------------------------------------------------------------------------------------------------------------------------------------------------------------------------------------------------------------------------------------------------------------------------------------------------------
 Finalize Aggregate  (cost=21574.99..21575.00 rows=1 width=32) (actual time=114.883..114.883 rows=1 loops=1)
   ->  Gather  (cost=21574.77..21574.98 rows=2 width=32) (actual time=114.870..117.642 rows=3 loops=1)
         Workers Planned: 2
         Workers Launched: 2
         ->  Partial Aggregate  (cost=20574.77..20574.78 rows=1 width=32) (actual time=107.584..107.584 rows=1 loops=3)
               ->  Nested Loop  (cost=4.65..20574.63 rows=18 width=12) (actual time=6.008..107.548 rows=14 loops=3)
                     ->  Parallel Seq Scan on part  (cost=0.00..7638.67 rows=103 width=30) (actual time=0.554..37.909 rows=80 loops=3)
                           Filter: ((p_size >= 1) AND (((p_brand = 'Brand#00'::bpchar) AND (p_container = ANY ('{"SM CASE","SM BOX","SM PACK","SM PKG"}'::bpchar[])) AND (p_size <= 5)) OR ((p_brand = 'Brand#00'::bpchar) AND (p_container = ANY ('{"MED BAG","MED BOX","MED PKG","MED PACK"}'::bpchar[])) AND (p_size <= 10)) OR ((p_brand = 'Brand#55'::bpchar) AND (p_container = ANY ('{"LG CASE","LG BOX","LG PACK","LG PKG"}'::bpchar[])) AND (p_size <= 15))))
                           Rows Removed by Filter: 66587
                     ->  Bitmap Heap Scan on lineitem  (cost=4.65..125.58 rows=1 width=21) (actual time=0.809..0.867 rows=0 loops=239)
                           Recheck Cond: (l_partkey = part.p_partkey)
                           Filter: ((l_shipmode = ANY ('{AIR,"AIR REG"}'::bpchar[])) AND (l_shipinstruct = 'DELIVER IN PERSON'::bpchar) AND (((l_quantity >= '1'::numeric) AND (l_quantity <= '11'::numeric)) OR ((l_quantity >= '17'::numeric) AND (l_quantity <= '27'::numeric)) OR ((l_quantity >= '43'::numeric) AND (l_quantity <= '53'::numeric))) AND (((part.p_brand = 'Brand#00'::bpchar) AND (part.p_container = ANY ('{"SM CASE","SM BOX","SM PACK","SM PKG"}'::bpchar[])) AND (l_quantity >= '1'::numeric) AND (l_quantity <= '11'::numeric) AND (part.p_size <= 5)) OR ((part.p_brand = 'Brand#00'::bpchar) AND (part.p_container = ANY ('{"MED BAG","MED BOX","MED PKG","MED PACK"}'::bpchar[])) AND (l_quantity >= '17'::numeric) AND (l_quantity <= '27'::numeric) AND (part.p_size <= 10)) OR ((part.p_brand = 'Brand#55'::bpchar) AND (part.p_container = ANY ('{"LG CASE","LG BOX","LG PACK","LG PKG"}'::bpchar[])) AND (l_quantity >= '43'::numeric) AND (l_quantity <= '53'::numeric) AND (part.p_size <= 15))))
                           Rows Removed by Filter: 30
                           Heap Blocks: exact=2608
                           ->  Bitmap Index Scan on idx_lineitem_part_supp  (cost=0.00..4.65 rows=31 width=0) (actual time=0.044..0.044 rows=30 loops=239)
                                 Index Cond: (l_partkey = part.p_partkey)
 Planning Time: 3.457 ms
 Execution Time: 117.954 ms
(18 rows)

execute /home/pei/Project/benchmarks/JCC-H/out/skinner_explained/1.sql_explained.sql
SET
psql:/home/pei/Project/benchmarks/JCC-H/out/skinner_explained/1.sql_explained.sql:29: ERROR:  syntax error at or near "("
LINE 15:  l_shipdate <= date '1998-12-01' - interval '108' day (3)
                                                               ^
execute /home/pei/Project/benchmarks/JCC-H/out/skinner_explained/20.sql_explained.sql
SET
                                                                            QUERY PLAN                                                                            
------------------------------------------------------------------------------------------------------------------------------------------------------------------
 Sort  (cost=7001.80..7001.81 rows=1 width=51) (actual time=30.694..30.694 rows=0 loops=1)
   Sort Key: supplier.s_name
   Sort Method: quicksort  Memory: 25kB
   ->  Hash Join  (cost=6990.84..7001.79 rows=1 width=51) (actual time=30.630..30.631 rows=0 loops=1)
         Hash Cond: (supplier.s_nationkey = nation.n_nationkey)
         ->  Nested Loop  (cost=6989.52..7000.39 rows=27 width=55) (actual time=30.532..30.532 rows=0 loops=1)
               ->  HashAggregate  (cost=6989.23..6989.50 rows=27 width=4) (actual time=30.532..30.532 rows=0 loops=1)
                     Group Key: partsupp.ps_suppkey
                     ->  Nested Loop  (cost=1000.42..6989.17 rows=27 width=4) (actual time=30.531..30.531 rows=0 loops=1)
                           ->  Gather  (cost=1000.00..6140.67 rows=20 width=4) (actual time=30.530..31.807 rows=0 loops=1)
                                 Workers Planned: 2
                                 Workers Launched: 2
                                 ->  Parallel Seq Scan on part  (cost=0.00..5138.67 rows=8 width=4) (actual time=24.841..24.842 rows=0 loops=3)
                                       Filter: ((p_name)::text ~~ 'shiny mined g%'::text)
                                       Rows Removed by Filter: 66667
                           ->  Index Scan using idx_partsupp_partkey on partsupp  (cost=0.42..42.41 rows=1 width=8) (never executed)
                                 Index Cond: (ps_partkey = part.p_partkey)
                                 Filter: ((ps_availqty)::numeric > (SubPlan 1))
                                 SubPlan 1
                                   ->  Aggregate  (cost=8.46..8.47 rows=1 width=32) (never executed)
                                         ->  Index Scan using idx_lineitem_part_supp on lineitem  (cost=0.43..8.46 rows=1 width=5) (never executed)
                                               Index Cond: ((l_partkey = partsupp.ps_partkey) AND (l_suppkey = partsupp.ps_suppkey))
                                               Filter: ((l_shipdate >= '1993-01-01'::date) AND (l_shipdate < '1994-01-01 00:00:00'::timestamp without time zone))
               ->  Index Scan using supplier_pkey on supplier  (cost=0.29..0.40 rows=1 width=59) (never executed)
                     Index Cond: (s_suppkey = partsupp.ps_suppkey)
         ->  Hash  (cost=1.31..1.31 rows=1 width=4) (actual time=0.052..0.052 rows=1 loops=1)
               Buckets: 1024  Batches: 1  Memory Usage: 9kB
               ->  Seq Scan on nation  (cost=0.00..1.31 rows=1 width=4) (actual time=0.031..0.034 rows=1 loops=1)
                     Filter: (n_name = 'MOROCCO'::bpchar)
                     Rows Removed by Filter: 24
 Planning Time: 3.538 ms
 Execution Time: 32.402 ms
(32 rows)

execute /home/pei/Project/benchmarks/JCC-H/out/skinner_explained/21.sql_explained.sql
SET
                                                                                           QUERY PLAN                                                                                            
-------------------------------------------------------------------------------------------------------------------------------------------------------------------------------------------------
 Sort  (cost=169890.75..169890.76 rows=1 width=34) (actual time=1807.301..1807.327 rows=415 loops=1)
   Sort Key: (count(*)) DESC, supplier.s_name
   Sort Method: quicksort  Memory: 57kB
   ->  GroupAggregate  (cost=169890.72..169890.74 rows=1 width=34) (actual time=1804.818..1805.934 rows=415 loops=1)
         Group Key: supplier.s_name
         ->  Sort  (cost=169890.72..169890.73 rows=1 width=26) (actual time=1804.808..1805.100 rows=4112 loops=1)
               Sort Key: supplier.s_name
               Sort Method: quicksort  Memory: 514kB
               ->  Nested Loop  (cost=1254.87..169890.71 rows=1 width=26) (actual time=7.025..1783.826 rows=4112 loops=1)
                     ->  Nested Loop Semi Join  (cost=1254.44..169890.20 rows=1 width=34) (actual time=6.958..1599.221 rows=8423 loops=1)
                           ->  Gather  (cost=1254.01..169889.19 rows=1 width=34) (actual time=6.927..1498.406 rows=14099 loops=1)
                                 Workers Planned: 2
                                 Workers Launched: 2
                                 ->  Nested Loop Anti Join  (cost=254.01..168889.09 rows=1 width=34) (actual time=3.771..1676.266 rows=4700 loops=3)
                                       ->  Hash Join  (cost=253.58..147470.61 rows=33207 width=34) (actual time=3.359..1090.480 rows=52665 loops=3)
                                             Hash Cond: (l1.l_suppkey = supplier.s_suppkey)
                                             ->  Parallel Seq Scan on lineitem l1  (cost=0.00..143759.33 rows=833502 width=8) (actual time=0.052..908.254 rows=1264432 loops=3)
                                                   Filter: (l_receiptdate > l_commitdate)
                                                   Rows Removed by Filter: 735973
                                             ->  Hash  (cost=248.58..248.58 rows=400 width=30) (actual time=3.123..3.123 rows=415 loops=3)
                                                   Buckets: 1024  Batches: 1  Memory Usage: 34kB
                                                   ->  Nested Loop  (cost=11.38..248.58 rows=400 width=30) (actual time=0.183..2.852 rows=415 loops=3)
                                                         ->  Seq Scan on nation  (cost=0.00..1.31 rows=1 width=4) (actual time=0.037..0.041 rows=1 loops=3)
                                                               Filter: (n_name = 'EGYPT'::bpchar)
                                                               Rows Removed by Filter: 24
                                                         ->  Bitmap Heap Scan on supplier  (cost=11.38..243.27 rows=400 width=34) (actual time=0.137..2.669 rows=415 loops=3)
                                                               Recheck Cond: (s_nationkey = nation.n_nationkey)
                                                               Heap Blocks: exact=183
                                                               ->  Bitmap Index Scan on idx_supplier_nation_key  (cost=0.00..11.29 rows=400 width=0) (actual time=0.102..0.102 rows=415 loops=3)
                                                                     Index Cond: (s_nationkey = nation.n_nationkey)
                                       ->  Index Scan using lineitem_pkey on lineitem l3  (cost=0.43..1.03 rows=5 width=8) (actual time=0.010..0.010 rows=1 loops=157994)
                                             Index Cond: (l_orderkey = l1.l_orderkey)
                                             Filter: ((l_receiptdate > l_commitdate) AND (l_suppkey <> l1.l_suppkey))
                                             Rows Removed by Filter: 1
                           ->  Index Scan using lineitem_pkey on lineitem l2  (cost=0.43..0.99 rows=15 width=8) (actual time=0.006..0.006 rows=1 loops=14099)
                                 Index Cond: (l_orderkey = l1.l_orderkey)
                                 Filter: (l_suppkey <> l1.l_suppkey)
                                 Rows Removed by Filter: 1
                     ->  Index Scan using orders_pkey on orders  (cost=0.43..0.51 rows=1 width=4) (actual time=0.021..0.021 rows=0 loops=8423)
                           Index Cond: (o_orderkey = l1.l_orderkey)
                           Filter: (o_orderstatus = 'F'::bpchar)
                           Rows Removed by Filter: 1
 Planning Time: 4.427 ms
 Execution Time: 1808.105 ms
(44 rows)

execute /home/pei/Project/benchmarks/JCC-H/out/skinner_explained/22.sql_explained.sql
SET
                                                                            QUERY PLAN                                                                             
-------------------------------------------------------------------------------------------------------------------------------------------------------------------
 Finalize GroupAggregate  (cost=15870.27..15965.73 rows=715 width=72) (actual time=172.173..172.179 rows=2 loops=1)
   Group Key: ("substring"((customer.c_phone)::text, 1, 2))
   InitPlan 1 (returns $1)
     ->  Finalize Aggregate  (cost=6230.80..6230.81 rows=1 width=32) (actual time=66.980..66.980 rows=1 loops=1)
           ->  Gather  (cost=6230.58..6230.79 rows=2 width=32) (actual time=66.893..67.109 rows=3 loops=1)
                 Workers Planned: 2
                 Workers Launched: 2
                 ->  Partial Aggregate  (cost=5230.58..5230.59 rows=1 width=32) (actual time=60.852..60.853 rows=1 loops=3)
                       ->  Parallel Seq Scan on customer customer_1  (cost=0.00..5225.62 rows=1981 width=6) (actual time=0.052..59.764 rows=3616 loops=3)
                             Filter: ((c_acctbal > 0.00) AND ("substring"((c_phone)::text, 1, 2) = ANY ('{40,50,60,70,80,27,20}'::text[])))
                             Rows Removed by Filter: 46384
   ->  Gather Merge  (cost=9639.46..9716.45 rows=596 width=72) (actual time=172.027..177.492 rows=6 loops=1)
         Workers Planned: 2
         Params Evaluated: $1
         Workers Launched: 2
         ->  Partial GroupAggregate  (cost=8639.43..8647.63 rows=298 width=72) (actual time=97.918..98.025 rows=2 loops=3)
               Group Key: ("substring"((customer.c_phone)::text, 1, 2))
               ->  Sort  (cost=8639.43..8640.18 rows=298 width=38) (actual time=97.795..97.832 rows=599 loops=3)
                     Sort Key: ("substring"((customer.c_phone)::text, 1, 2))
                     Sort Method: quicksort  Memory: 57kB
                     Worker 0:  Sort Method: quicksort  Memory: 52kB
                     Worker 1:  Sort Method: quicksort  Memory: 49kB
                     ->  Nested Loop Anti Join  (cost=0.43..8627.19 rows=298 width=38) (actual time=0.329..97.142 rows=599 loops=3)
                           ->  Parallel Seq Scan on customer  (cost=0.00..5225.62 rows=729 width=26) (actual time=0.032..43.940 rows=1806 loops=3)
                                 Filter: ((c_acctbal > $1) AND ("substring"((c_phone)::text, 1, 2) = ANY ('{40,50,60,70,80,27,20}'::text[])))
                                 Rows Removed by Filter: 48194
                           ->  Index Only Scan using idx_orders_custkey on orders  (cost=0.43..47.34 rows=17 width=4) (actual time=0.028..0.028 rows=1 loops=5418)
                                 Index Cond: (o_custkey = customer.c_custkey)
                                 Heap Fetches: 3622
 Planning Time: 2.675 ms
 Execution Time: 178.117 ms
(31 rows)

execute /home/pei/Project/benchmarks/JCC-H/out/skinner_explained/2.sql_explained.sql
SET
                                                                                QUERY PLAN                                                                                
--------------------------------------------------------------------------------------------------------------------------------------------------------------------------
 Sort  (cost=6532.22..6532.23 rows=1 width=270) (actual time=38.486..38.486 rows=0 loops=1)
   Sort Key: supplier.s_acctbal DESC, nation.n_name, supplier.s_name, part.p_partkey
   Sort Method: quicksort  Memory: 25kB
   ->  Nested Loop  (cost=1001.78..6532.21 rows=1 width=270) (actual time=38.382..38.382 rows=0 loops=1)
         Join Filter: (nation.n_nationkey = supplier.s_nationkey)
         ->  Nested Loop  (cost=1000.71..6529.75 rows=1 width=170) (actual time=38.382..38.382 rows=0 loops=1)
               ->  Nested Loop  (cost=1000.42..6529.45 rows=1 width=34) (actual time=38.382..38.382 rows=0 loops=1)
                     ->  Gather  (cost=1000.00..6347.10 rows=1 width=30) (actual time=38.381..39.614 rows=0 loops=1)
                           Workers Planned: 2
                           Workers Launched: 2
                           ->  Parallel Seq Scan on part  (cost=0.00..5347.00 rows=1 width=30) (actual time=32.627..32.627 rows=0 loops=3)
                                 Filter: (((p_type)::text ~~ '%INED GOLD'::text) AND (p_size = 1))
                                 Rows Removed by Filter: 66667
                     ->  Index Scan using idx_partsupp_partkey on partsupp  (cost=0.42..182.34 rows=1 width=14) (never executed)
                           Index Cond: (ps_partkey = part.p_partkey)
                           Filter: ((SubPlan 1) = ps_supplycost)
                           SubPlan 1
                             ->  Aggregate  (cost=43.45..43.46 rows=1 width=32) (never executed)
                                   ->  Nested Loop  (cost=0.85..43.45 rows=1 width=6) (never executed)
                                         Join Filter: (nation_1.n_regionkey = region_1.r_regionkey)
                                         ->  Seq Scan on region region_1  (cost=0.00..1.06 rows=1 width=4) (never executed)
                                               Filter: (r_name = 'AFRICA'::bpchar)
                                         ->  Nested Loop  (cost=0.85..42.33 rows=4 width=10) (never executed)
                                               ->  Nested Loop  (cost=0.71..41.71 rows=4 width=10) (never executed)
                                                     ->  Index Scan using idx_partsupp_partkey on partsupp partsupp_1  (cost=0.42..8.50 rows=4 width=10) (never executed)
                                                           Index Cond: (ps_partkey = part.p_partkey)
                                                     ->  Index Scan using supplier_pkey on supplier supplier_1  (cost=0.29..8.30 rows=1 width=8) (never executed)
                                                           Index Cond: (s_suppkey = partsupp_1.ps_suppkey)
                                               ->  Index Scan using nation_pkey on nation nation_1  (cost=0.14..0.16 rows=1 width=8) (never executed)
                                                     Index Cond: (n_nationkey = supplier_1.s_nationkey)
               ->  Index Scan using supplier_pkey on supplier  (cost=0.29..0.30 rows=1 width=144) (never executed)
                     Index Cond: (s_suppkey = partsupp.ps_suppkey)
         ->  Hash Join  (cost=1.07..2.40 rows=5 width=108) (never executed)
               Hash Cond: (nation.n_regionkey = region.r_regionkey)
               ->  Seq Scan on nation  (cost=0.00..1.25 rows=25 width=112) (never executed)
               ->  Hash  (cost=1.06..1.06 rows=1 width=4) (never executed)
                     ->  Seq Scan on region  (cost=0.00..1.06 rows=1 width=4) (never executed)
                           Filter: (r_name = 'AFRICA'::bpchar)
 Planning Time: 4.918 ms
 Execution Time: 40.219 ms
(40 rows)

execute /home/pei/Project/benchmarks/JCC-H/out/skinner_explained/3.sql_explained.sql
SET
                                                                                      QUERY PLAN                                                                                      
--------------------------------------------------------------------------------------------------------------------------------------------------------------------------------------
 Sort  (cost=167797.46..168322.45 rows=209997 width=44) (actual time=943.912..944.760 rows=11343 loops=1)
   Sort Key: (sum((lineitem.l_extendedprice * ('1'::numeric - lineitem.l_discount)))) DESC, orders.o_orderdate
   Sort Method: quicksort  Memory: 1271kB
   ->  Finalize GroupAggregate  (cost=115136.20..142772.72 rows=209997 width=44) (actual time=907.227..935.873 rows=11343 loops=1)
         Group Key: lineitem.l_orderkey, orders.o_orderdate, orders.o_shippriority
         ->  Gather Merge  (cost=115136.20..137960.28 rows=174998 width=44) (actual time=907.217..923.351 rows=11343 loops=1)
               Workers Planned: 2
               Workers Launched: 2
               ->  Partial GroupAggregate  (cost=114136.17..116761.14 rows=87499 width=44) (actual time=900.519..910.775 rows=3781 loops=3)
                     Group Key: lineitem.l_orderkey, orders.o_orderdate, orders.o_shippriority
                     ->  Sort  (cost=114136.17..114354.92 rows=87499 width=24) (actual time=900.497..901.175 rows=10008 loops=3)
                           Sort Key: lineitem.l_orderkey, orders.o_orderdate, orders.o_shippriority
                           Sort Method: quicksort  Memory: 1198kB
                           Worker 0:  Sort Method: quicksort  Memory: 1161kB
                           Worker 1:  Sort Method: quicksort  Memory: 1140kB
                           ->  Nested Loop  (cost=10526.33..105158.33 rows=87499 width=24) (actual time=82.264..891.255 rows=10008 loops=3)
                                 ->  Parallel Hash Join  (cost=10525.90..38638.46 rows=26999 width=12) (actual time=81.931..350.042 rows=21278 loops=3)
                                       Hash Cond: (orders.o_custkey = customer.c_custkey)
                                       ->  Parallel Bitmap Heap Scan on orders  (cost=6001.52..33763.92 rows=133392 width=16) (actual time=49.955..257.787 rows=106243 loops=3)
                                             Recheck Cond: (o_orderdate < '1993-05-29'::date)
                                             Heap Blocks: exact=8666
                                             ->  Bitmap Index Scan on idx_orders_orderdate  (cost=0.00..5921.48 rows=320141 width=0) (actual time=44.599..44.599 rows=318729 loops=1)
                                                   Index Cond: (o_orderdate < '1993-05-29'::date)
                                       ->  Parallel Hash  (cost=4366.25..4366.25 rows=12650 width=4) (actual time=31.310..31.310 rows=9983 loops=3)
                                             Buckets: 32768  Batches: 1  Memory Usage: 1472kB
                                             ->  Parallel Seq Scan on customer  (cost=0.00..4366.25 rows=12650 width=4) (actual time=0.021..25.924 rows=9983 loops=3)
                                                   Filter: (c_mktsegment = 'MACHINERY'::bpchar)
                                                   Rows Removed by Filter: 40017
                                 ->  Index Scan using lineitem_pkey on lineitem  (cost=0.43..2.34 rows=12 width=16) (actual time=0.024..0.024 rows=0 loops=63835)
                                       Index Cond: (l_orderkey = orders.o_orderkey)
                                       Filter: (l_shipdate > '1993-05-29'::date)
                                       Rows Removed by Filter: 4
 Planning Time: 2.937 ms
 Execution Time: 947.698 ms
(34 rows)

execute /home/pei/Project/benchmarks/JCC-H/out/skinner_explained/4.sql_explained.sql
SET
                                                                               QUERY PLAN                                                                               
------------------------------------------------------------------------------------------------------------------------------------------------------------------------
 Finalize GroupAggregate  (cost=64722.70..64769.93 rows=5 width=24) (actual time=716.972..720.184 rows=5 loops=1)
   Group Key: orders.o_orderpriority
   ->  Gather Merge  (cost=64722.70..64769.83 rows=10 width=24) (actual time=716.142..724.513 rows=15 loops=1)
         Workers Planned: 2
         Workers Launched: 2
         ->  Partial GroupAggregate  (cost=63722.68..63768.65 rows=5 width=24) (actual time=709.388..712.558 rows=5 loops=3)
               Group Key: orders.o_orderpriority
               ->  Sort  (cost=63722.68..63737.98 rows=6123 width=16) (actual time=708.577..709.751 rows=17575 loops=3)
                     Sort Key: orders.o_orderpriority
                     Sort Method: quicksort  Memory: 1583kB
                     Worker 0:  Sort Method: quicksort  Memory: 1590kB
                     Worker 1:  Sort Method: quicksort  Memory: 1604kB
                     ->  Nested Loop Semi Join  (cost=1190.06..63337.54 rows=6123 width=16) (actual time=15.378..691.527 rows=17575 loops=3)
                           ->  Parallel Bitmap Heap Scan on orders  (cost=1189.63..27634.14 rows=23301 width=20) (actual time=15.285..196.100 rows=19158 loops=3)
                                 Recheck Cond: ((o_orderdate >= '1994-06-01'::date) AND (o_orderdate < '1994-09-01 00:00:00'::timestamp without time zone))
                                 Heap Blocks: exact=7742
                                 ->  Bitmap Index Scan on idx_orders_orderdate  (cost=0.00..1175.65 rows=55922 width=0) (actual time=16.084..16.084 rows=57474 loops=1)
                                       Index Cond: ((o_orderdate >= '1994-06-01'::date) AND (o_orderdate < '1994-09-01 00:00:00'::timestamp without time zone))
                           ->  Index Scan using idx_lineitem_orderkey on lineitem  (cost=0.43..5.11 rows=5 width=4) (actual time=0.024..0.024 rows=1 loops=57474)
                                 Index Cond: (l_orderkey = orders.o_orderkey)
                                 Filter: (l_commitdate < l_receiptdate)
                                 Rows Removed by Filter: 1
 Planning Time: 2.460 ms
 Execution Time: 724.974 ms
(24 rows)

execute /home/pei/Project/benchmarks/JCC-H/out/skinner_explained/5.sql_explained.sql
SET
                                                                                   QUERY PLAN                                                                                   
--------------------------------------------------------------------------------------------------------------------------------------------------------------------------------
 Sort  (cost=85981.88..85981.94 rows=25 width=136) (actual time=1614.163..1614.164 rows=5 loops=1)
   Sort Key: (sum((lineitem.l_extendedprice * ('1'::numeric - lineitem.l_discount)))) DESC
   Sort Method: quicksort  Memory: 25kB
   ->  Finalize GroupAggregate  (cost=85937.25..85981.30 rows=25 width=136) (actual time=1612.780..1614.103 rows=5 loops=1)
         Group Key: nation.n_name
         ->  Gather Merge  (cost=85937.25..85980.61 rows=50 width=136) (actual time=1612.404..1618.909 rows=15 loops=1)
               Workers Planned: 2
               Workers Launched: 2
               ->  Partial GroupAggregate  (cost=84937.23..84974.82 rows=25 width=136) (actual time=1604.631..1605.941 rows=5 loops=3)
                     Group Key: nation.n_name
                     ->  Sort  (cost=84937.23..84944.68 rows=2982 width=116) (actual time=1604.291..1604.454 rows=2459 loops=3)
                           Sort Key: nation.n_name
                           Sort Method: quicksort  Memory: 294kB
                           Worker 0:  Sort Method: quicksort  Memory: 284kB
                           Worker 1:  Sort Method: quicksort  Memory: 289kB
                           ->  Hash Join  (cost=475.32..84765.14 rows=2982 width=116) (actual time=8.908..1600.441 rows=2459 loops=3)
                                 Hash Cond: ((lineitem.l_suppkey = supplier.s_suppkey) AND (customer.c_nationkey = supplier.s_nationkey))
                                 ->  Nested Loop  (cost=3.32..83900.20 rows=74844 width=128) (actual time=0.622..1567.742 rows=60981 loops=3)
                                       ->  Nested Loop  (cost=2.89..25143.84 rows=18707 width=116) (actual time=0.508..1033.174 rows=15233 loops=3)
                                             ->  Hash Join  (cost=2.46..4571.84 rows=12500 width=116) (actual time=0.279..40.652 rows=10066 loops=3)
                                                   Hash Cond: (customer.c_nationkey = nation.n_nationkey)
                                                   ->  Parallel Seq Scan on customer  (cost=0.00..4210.00 rows=62500 width=8) (actual time=0.029..23.035 rows=50000 loops=3)
                                                   ->  Hash  (cost=2.40..2.40 rows=5 width=108) (actual time=0.164..0.164 rows=5 loops=3)
                                                         Buckets: 1024  Batches: 1  Memory Usage: 9kB
                                                         ->  Hash Join  (cost=1.07..2.40 rows=5 width=108) (actual time=0.144..0.151 rows=5 loops=3)
                                                               Hash Cond: (nation.n_regionkey = region.r_regionkey)
                                                               ->  Seq Scan on nation  (cost=0.00..1.25 rows=25 width=112) (actual time=0.041..0.044 rows=25 loops=3)
                                                               ->  Hash  (cost=1.06..1.06 rows=1 width=4) (actual time=0.049..0.050 rows=1 loops=3)
                                                                     Buckets: 1024  Batches: 1  Memory Usage: 9kB
                                                                     ->  Seq Scan on region  (cost=0.00..1.06 rows=1 width=4) (actual time=0.025..0.026 rows=1 loops=3)
                                                                           Filter: (r_name = 'EUROPE'::bpchar)
                                                                           Rows Removed by Filter: 4
                                             ->  Index Scan using idx_orders_custkey on orders  (cost=0.43..1.62 rows=3 width=8) (actual time=0.041..0.097 rows=2 loops=30197)
                                                   Index Cond: (o_custkey = customer.c_custkey)
                                                   Filter: ((o_orderdate >= '1993-01-01'::date) AND (o_orderdate < '1994-01-01 00:00:00'::timestamp without time zone))
                                                   Rows Removed by Filter: 9
                                       ->  Index Scan using idx_lineitem_orderkey on lineitem  (cost=0.43..2.99 rows=15 width=20) (actual time=0.030..0.033 rows=4 loops=45699)
                                             Index Cond: (l_orderkey = orders.o_orderkey)
                                 ->  Hash  (cost=322.00..322.00 rows=10000 width=8) (actual time=7.371..7.371 rows=10000 loops=3)
                                       Buckets: 16384  Batches: 1  Memory Usage: 519kB
                                       ->  Seq Scan on supplier  (cost=0.00..322.00 rows=10000 width=8) (actual time=0.033..4.277 rows=10000 loops=3)
 Planning Time: 6.912 ms
 Execution Time: 1619.730 ms
(43 rows)

execute /home/pei/Project/benchmarks/JCC-H/out/skinner_explained/6.sql_explained.sql
SET
                                                                                                         QUERY PLAN                                                                                                         
----------------------------------------------------------------------------------------------------------------------------------------------------------------------------------------------------------------------------
 Finalize Aggregate  (cost=170272.46..170272.47 rows=1 width=32) (actual time=922.025..922.025 rows=1 loops=1)
   ->  Gather  (cost=170272.23..170272.44 rows=2 width=32) (actual time=921.867..925.025 rows=3 loops=1)
         Workers Planned: 2
         Workers Launched: 2
         ->  Partial Aggregate  (cost=169272.23..169272.24 rows=1 width=32) (actual time=915.976..915.976 rows=1 loops=3)
               ->  Parallel Seq Scan on lineitem  (cost=0.00..168764.39 rows=101568 width=12) (actual time=0.064..860.102 rows=82632 loops=3)
                     Filter: ((l_shipdate >= '1993-01-01'::date) AND (l_shipdate < '1994-01-01 00:00:00'::timestamp without time zone) AND (l_discount >= 0.06) AND (l_discount <= 0.08) AND (l_quantity < '100'::numeric))
                     Rows Removed by Filter: 1917773
 Planning Time: 1.483 ms
 Execution Time: 925.240 ms
(10 rows)

execute /home/pei/Project/benchmarks/JCC-H/out/skinner_explained/7.sql_explained.sql
SET
                                                                                             QUERY PLAN                                                                                              
-----------------------------------------------------------------------------------------------------------------------------------------------------------------------------------------------------
 Finalize GroupAggregate  (cost=72940.15..73769.59 rows=5980 width=248) (actual time=1870.300..1871.424 rows=4 loops=1)
   Group Key: n1.n_name, n2.n_name, (date_part('year'::text, (lineitem.l_shipdate)::timestamp without time zone))
   ->  Gather Merge  (cost=72940.15..73602.64 rows=4984 width=248) (actual time=1869.880..1875.809 rows=12 loops=1)
         Workers Planned: 2
         Workers Launched: 2
         ->  Partial GroupAggregate  (cost=71940.12..72027.34 rows=2492 width=248) (actual time=1861.737..1862.872 rows=4 loops=3)
               Group Key: n1.n_name, n2.n_name, (date_part('year'::text, (lineitem.l_shipdate)::timestamp without time zone))
               ->  Sort  (cost=71940.12..71946.35 rows=2492 width=228) (actual time=1861.348..1861.479 rows=1930 loops=3)
                     Sort Key: n1.n_name, n2.n_name, (date_part('year'::text, (lineitem.l_shipdate)::timestamp without time zone))
                     Sort Method: quicksort  Memory: 313kB
                     Worker 0:  Sort Method: quicksort  Memory: 317kB
                     Worker 1:  Sort Method: quicksort  Memory: 329kB
                     ->  Hash Join  (cost=366.36..71799.54 rows=2492 width=228) (actual time=7.572..1857.466 rows=1930 loops=3)
                           Hash Cond: (lineitem.l_suppkey = supplier.s_suppkey)
                           Join Filter: (((n1.n_name = 'UNITED STATES'::bpchar) AND (n2.n_name = 'GERMANY'::bpchar)) OR ((n1.n_name = 'GERMANY'::bpchar) AND (n2.n_name = 'UNITED STATES'::bpchar)))
                           Rows Removed by Join Filter: 1894
                           ->  Nested Loop  (cost=2.26..71101.74 rows=60116 width=124) (actual time=0.620..1831.909 rows=48207 loops=3)
                                 ->  Nested Loop  (cost=1.83..12907.07 rows=50000 width=108) (actual time=0.318..546.457 rows=39882 loops=3)
                                       ->  Hash Join  (cost=1.40..4403.27 rows=5000 width=108) (actual time=0.198..33.843 rows=3964 loops=3)
                                             Hash Cond: (customer.c_nationkey = n2.n_nationkey)
                                             ->  Parallel Seq Scan on customer  (cost=0.00..4210.00 rows=62500 width=8) (actual time=0.029..22.130 rows=50000 loops=3)
                                             ->  Hash  (cost=1.38..1.38 rows=2 width=108) (actual time=0.065..0.065 rows=2 loops=3)
                                                   Buckets: 1024  Batches: 1  Memory Usage: 9kB
                                                   ->  Seq Scan on nation n2  (cost=0.00..1.38 rows=2 width=108) (actual time=0.036..0.041 rows=2 loops=3)
                                                         Filter: ((n_name = 'GERMANY'::bpchar) OR (n_name = 'UNITED STATES'::bpchar))
                                                         Rows Removed by Filter: 23
                                       ->  Index Scan using idx_orders_custkey on orders  (cost=0.43..1.53 rows=17 width=8) (actual time=0.016..0.123 rows=10 loops=11891)
                                             Index Cond: (o_custkey = customer.c_custkey)
                                 ->  Index Scan using lineitem_pkey on lineitem  (cost=0.43..1.11 rows=5 width=24) (actual time=0.030..0.031 rows=1 loops=119645)
                                       Index Cond: (l_orderkey = orders.o_orderkey)
                                       Filter: ((l_shipdate >= '1993-01-01'::date) AND (l_shipdate <= '1994-12-31'::date))
                                       Rows Removed by Filter: 3
                           ->  Hash  (cost=354.10..354.10 rows=800 width=108) (actual time=5.638..5.638 rows=789 loops=3)
                                 Buckets: 1024  Batches: 1  Memory Usage: 56kB
                                 ->  Hash Join  (cost=1.40..354.10 rows=800 width=108) (actual time=0.110..5.241 rows=789 loops=3)
                                       Hash Cond: (supplier.s_nationkey = n1.n_nationkey)
                                       ->  Seq Scan on supplier  (cost=0.00..322.00 rows=10000 width=8) (actual time=0.025..3.478 rows=10000 loops=3)
                                       ->  Hash  (cost=1.38..1.38 rows=2 width=108) (actual time=0.027..0.027 rows=2 loops=3)
                                             Buckets: 1024  Batches: 1  Memory Usage: 9kB
                                             ->  Seq Scan on nation n1  (cost=0.00..1.38 rows=2 width=108) (actual time=0.011..0.016 rows=2 loops=3)
                                                   Filter: ((n_name = 'UNITED STATES'::bpchar) OR (n_name = 'GERMANY'::bpchar))
                                                   Rows Removed by Filter: 23
 Planning Time: 5.546 ms
 Execution Time: 1876.474 ms
(44 rows)

execute /home/pei/Project/benchmarks/JCC-H/out/skinner_explained/8.sql_explained.sql
SET
                                                                                QUERY PLAN                                                                                
--------------------------------------------------------------------------------------------------------------------------------------------------------------------------
 Finalize GroupAggregate  (cost=77405.33..77756.97 rows=2395 width=40) (actual time=32.397..32.397 rows=0 loops=1)
   Group Key: (date_part('year'::text, (orders.o_orderdate)::timestamp without time zone))
   ->  Gather Merge  (cost=77405.33..77678.13 rows=1996 width=72) (actual time=32.396..33.591 rows=0 loops=1)
         Workers Planned: 2
         Workers Launched: 2
         ->  Partial GroupAggregate  (cost=76405.31..76447.72 rows=998 width=72) (actual time=25.124..25.124 rows=0 loops=3)
               Group Key: (date_part('year'::text, (orders.o_orderdate)::timestamp without time zone))
               ->  Sort  (cost=76405.31..76407.80 rows=998 width=124) (actual time=25.123..25.123 rows=0 loops=3)
                     Sort Key: (date_part('year'::text, (orders.o_orderdate)::timestamp without time zone))
                     Sort Method: quicksort  Memory: 25kB
                     Worker 0:  Sort Method: quicksort  Memory: 25kB
                     Worker 1:  Sort Method: quicksort  Memory: 25kB
                     ->  Hash Join  (cost=5.59..76355.59 rows=998 width=124) (actual time=25.050..25.050 rows=0 loops=3)
                           Hash Cond: (supplier.s_nationkey = n2.n_nationkey)
                           ->  Nested Loop  (cost=4.03..76345.97 rows=998 width=20) (actual time=24.893..24.893 rows=0 loops=3)
                                 ->  Hash Join  (cost=3.74..76042.70 rows=1002 width=20) (actual time=24.892..24.893 rows=0 loops=3)
                                       Hash Cond: (customer.c_nationkey = n1.n_nationkey)
                                       ->  Nested Loop  (cost=1.28..76011.43 rows=5010 width=24) (actual time=24.892..24.892 rows=0 loops=3)
                                             ->  Nested Loop  (cost=0.86..73643.02 rows=5010 width=24) (actual time=24.892..24.892 rows=0 loops=3)
                                                   ->  Nested Loop  (cost=0.43..65860.85 rows=16553 width=20) (actual time=24.892..24.892 rows=0 loops=3)
                                                         ->  Parallel Seq Scan on part  (cost=0.00..5138.67 rows=552 width=4) (actual time=24.891..24.892 rows=0 loops=3)
                                                               Filter: ((p_type)::text = 'SHINY MINED GOLD'::text)
                                                               Rows Removed by Filter: 66667
                                                         ->  Index Scan using idx_lineitem_part_supp on lineitem  (cost=0.43..109.69 rows=31 width=24) (never executed)
                                                               Index Cond: (l_partkey = part.p_partkey)
                                                   ->  Index Scan using orders_pkey on orders  (cost=0.43..0.47 rows=1 width=12) (never executed)
                                                         Index Cond: (o_orderkey = lineitem.l_orderkey)
                                                         Filter: ((o_orderdate >= '1993-01-01'::date) AND (o_orderdate <= '1994-12-31'::date))
                                             ->  Index Scan using customer_pkey on customer  (cost=0.42..0.47 rows=1 width=8) (never executed)
                                                   Index Cond: (c_custkey = orders.o_custkey)
                                       ->  Hash  (cost=2.40..2.40 rows=5 width=4) (never executed)
                                             ->  Hash Join  (cost=1.07..2.40 rows=5 width=4) (never executed)
                                                   Hash Cond: (n1.n_regionkey = region.r_regionkey)
                                                   ->  Seq Scan on nation n1  (cost=0.00..1.25 rows=25 width=8) (never executed)
                                                   ->  Hash  (cost=1.06..1.06 rows=1 width=4) (never executed)
                                                         ->  Seq Scan on region  (cost=0.00..1.06 rows=1 width=4) (never executed)
                                                               Filter: (r_name = 'MIDDLE EAST'::bpchar)
                                 ->  Index Scan using supplier_pkey on supplier  (cost=0.29..0.30 rows=1 width=8) (never executed)
                                       Index Cond: (s_suppkey = lineitem.l_suppkey)
                           ->  Hash  (cost=1.25..1.25 rows=25 width=108) (actual time=0.065..0.065 rows=25 loops=3)
                                 Buckets: 1024  Batches: 1  Memory Usage: 10kB
                                 ->  Seq Scan on nation n2  (cost=0.00..1.25 rows=25 width=108) (actual time=0.032..0.037 rows=25 loops=3)
 Planning Time: 7.749 ms
 Execution Time: 34.251 ms
(44 rows)

execute /home/pei/Project/benchmarks/JCC-H/out/skinner_explained/9.sql_explained.sql
SET
                                                                            QUERY PLAN                                                                            
------------------------------------------------------------------------------------------------------------------------------------------------------------------
 Finalize GroupAggregate  (cost=6382.26..6464.52 rows=598 width=144) (actual time=39.339..39.339 rows=0 loops=1)
   Group Key: nation.n_name, (date_part('year'::text, (orders.o_orderdate)::timestamp without time zone))
   ->  Gather Merge  (cost=6382.26..6449.07 rows=498 width=144) (actual time=39.338..40.539 rows=0 loops=1)
         Workers Planned: 2
         Workers Launched: 2
         ->  Partial GroupAggregate  (cost=5382.23..5391.57 rows=249 width=144) (actual time=32.551..32.551 rows=0 loops=3)
               Group Key: nation.n_name, (date_part('year'::text, (orders.o_orderdate)::timestamp without time zone))
               ->  Sort  (cost=5382.23..5382.85 rows=249 width=135) (actual time=32.550..32.550 rows=0 loops=3)
                     Sort Key: nation.n_name, (date_part('year'::text, (orders.o_orderdate)::timestamp without time zone)) DESC
                     Sort Method: quicksort  Memory: 25kB
                     Worker 0:  Sort Method: quicksort  Memory: 25kB
                     Worker 1:  Sort Method: quicksort  Memory: 25kB
                     ->  Nested Loop  (cost=3.13..5372.32 rows=249 width=135) (actual time=32.467..32.467 rows=0 loops=3)
                           ->  Nested Loop  (cost=2.71..5255.26 rows=249 width=131) (actual time=32.466..32.466 rows=0 loops=3)
                                 Join Filter: (supplier.s_suppkey = lineitem.l_suppkey)
                                 ->  Hash Join  (cost=2.27..5218.63 rows=33 width=126) (actual time=32.466..32.466 rows=0 loops=3)
                                       Hash Cond: (supplier.s_nationkey = nation.n_nationkey)
                                       ->  Nested Loop  (cost=0.71..5216.97 rows=33 width=26) (actual time=32.466..32.466 rows=0 loops=3)
                                             ->  Nested Loop  (cost=0.42..5206.95 rows=33 width=18) (actual time=32.466..32.466 rows=0 loops=3)
                                                   ->  Parallel Seq Scan on part  (cost=0.00..5138.67 rows=8 width=4) (actual time=32.465..32.465 rows=0 loops=3)
                                                         Filter: ((p_name)::text ~~ '%shiny mined gold%'::text)
                                                         Rows Removed by Filter: 66667
                                                   ->  Index Scan using idx_partsupp_partkey on partsupp  (cost=0.42..8.50 rows=4 width=14) (never executed)
                                                         Index Cond: (ps_partkey = part.p_partkey)
                                             ->  Index Scan using supplier_pkey on supplier  (cost=0.29..0.30 rows=1 width=8) (never executed)
                                                   Index Cond: (s_suppkey = partsupp.ps_suppkey)
                                       ->  Hash  (cost=1.25..1.25 rows=25 width=108) (never executed)
                                             ->  Seq Scan on nation  (cost=0.00..1.25 rows=25 width=108) (never executed)
                                 ->  Index Scan using idx_lineitem_part_supp on lineitem  (cost=0.43..1.10 rows=1 width=29) (never executed)
                                       Index Cond: ((l_partkey = partsupp.ps_partkey) AND (l_suppkey = partsupp.ps_suppkey))
                           ->  Index Scan using orders_pkey on orders  (cost=0.43..0.47 rows=1 width=8) (never executed)
                                 Index Cond: (o_orderkey = lineitem.l_orderkey)
 Planning Time: 7.646 ms
 Execution Time: 41.118 ms
(34 rows)

execute /home/pei/Project/benchmarks/JCC-H/out/skinner_explained/10.sql_explained.sql
SET
                                                                                     QUERY PLAN                                                                                     
------------------------------------------------------------------------------------------------------------------------------------------------------------------------------------
 Sort  (cost=21298.42..21302.97 rows=1819 width=280) (actual time=108.520..108.638 rows=1584 loops=1)
   Sort Key: (sum((lineitem.l_extendedprice * ('1'::numeric - lineitem.l_discount)))) DESC
   Sort Method: quicksort  Memory: 469kB
   ->  Finalize GroupAggregate  (cost=21016.69..21199.93 rows=1819 width=280) (actual time=100.312..106.388 rows=1584 loops=1)
         Group Key: customer.c_custkey, nation.n_name
         ->  Gather Merge  (cost=21016.69..21166.49 rows=1070 width=280) (actual time=100.288..103.946 rows=1594 loops=1)
               Workers Planned: 1
               Workers Launched: 1
               ->  Partial GroupAggregate  (cost=20016.68..20046.11 rows=1070 width=280) (actual time=95.242..97.819 rows=797 loops=2)
                     Group Key: customer.c_custkey, nation.n_name
                     ->  Sort  (cost=20016.68..20019.36 rows=1070 width=260) (actual time=95.222..95.375 rows=1859 loops=2)
                           Sort Key: customer.c_custkey, nation.n_name
                           Sort Method: quicksort  Memory: 565kB
                           Worker 0:  Sort Method: quicksort  Memory: 523kB
                           ->  Hash Join  (cost=45.88..19962.84 rows=1070 width=260) (actual time=1.391..92.182 rows=1859 loops=2)
                                 Hash Cond: (customer.c_nationkey = nation.n_nationkey)
                                 ->  Nested Loop  (cost=44.31..19957.99 rows=1070 width=160) (actual time=1.275..90.671 rows=1859 loops=2)
                                       ->  Nested Loop  (cost=43.89..15136.11 rows=1070 width=16) (actual time=1.188..64.403 rows=1859 loops=2)
                                             ->  Parallel Bitmap Heap Scan on orders  (cost=43.46..5824.69 rows=1092 width=8) (actual time=1.079..21.941 rows=940 loops=2)
                                                   Recheck Cond: ((o_orderdate >= '1992-05-26'::date) AND (o_orderdate < '1992-05-29'::date))
                                                   Heap Blocks: exact=928
                                                   ->  Bitmap Index Scan on idx_orders_orderdate  (cost=0.00..43.00 rows=1857 width=0) (actual time=1.737..1.737 rows=1879 loops=1)
                                                         Index Cond: ((o_orderdate >= '1992-05-26'::date) AND (o_orderdate < '1992-05-29'::date))
                                             ->  Index Scan using idx_lineitem_orderkey on lineitem  (cost=0.43..8.49 rows=4 width=16) (actual time=0.040..0.043 rows=2 loops=1879)
                                                   Index Cond: (l_orderkey = orders.o_orderkey)
                                                   Filter: (l_returnflag = 'R'::bpchar)
                                                   Rows Removed by Filter: 2
                                       ->  Index Scan using customer_pkey on customer  (cost=0.42..4.51 rows=1 width=148) (actual time=0.013..0.013 rows=1 loops=3718)
                                             Index Cond: (c_custkey = orders.o_custkey)
                                 ->  Hash  (cost=1.25..1.25 rows=25 width=108) (actual time=0.056..0.056 rows=25 loops=2)
                                       Buckets: 1024  Batches: 1  Memory Usage: 10kB
                                       ->  Seq Scan on nation  (cost=0.00..1.25 rows=25 width=108) (actual time=0.027..0.031 rows=25 loops=2)
 Planning Time: 3.177 ms
 Execution Time: 109.658 ms
(34 rows)

execute /home/pei/Project/benchmarks/JCC-H/out/skinner_explained/11.sql_explained.sql
SET
                                                                            QUERY PLAN                                                                             
-------------------------------------------------------------------------------------------------------------------------------------------------------------------
 Sort  (cost=13433.18..13459.84 rows=10667 width=36) (actual time=458.886..458.945 rows=869 loops=1)
   Sort Key: (sum((partsupp.ps_supplycost * (partsupp.ps_availqty)::numeric))) DESC
   Sort Method: quicksort  Memory: 65kB
   InitPlan 1 (returns $2)
     ->  Aggregate  (cost=4682.49..4682.50 rows=1 width=32) (actual time=126.270..126.270 rows=1 loops=1)
           ->  Nested Loop  (cost=11.81..4442.48 rows=32000 width=10) (actual time=0.149..105.762 rows=32560 loops=1)
                 ->  Nested Loop  (cost=11.38..248.58 rows=400 width=4) (actual time=0.115..3.537 rows=407 loops=1)
                       ->  Seq Scan on nation nation_1  (cost=0.00..1.31 rows=1 width=4) (actual time=0.016..0.021 rows=1 loops=1)
                             Filter: (n_name = 'CHINA'::bpchar)
                             Rows Removed by Filter: 24
                       ->  Bitmap Heap Scan on supplier supplier_1  (cost=11.38..243.27 rows=400 width=8) (actual time=0.092..3.365 rows=407 loops=1)
                             Recheck Cond: (s_nationkey = nation_1.n_nationkey)
                             Heap Blocks: exact=186
                             ->  Bitmap Index Scan on idx_supplier_nation_key  (cost=0.00..11.29 rows=400 width=0) (actual time=0.069..0.069 rows=407 loops=1)
                                   Index Cond: (s_nationkey = nation_1.n_nationkey)
                 ->  Index Scan using idx_partsupp_suppkey on partsupp partsupp_1  (cost=0.42..9.68 rows=80 width=14) (actual time=0.017..0.230 rows=80 loops=407)
                       Index Cond: (ps_suppkey = supplier_1.s_suppkey)
   ->  GroupAggregate  (cost=6837.01..8037.01 rows=10667 width=36) (actual time=421.204..458.385 rows=869 loops=1)
         Group Key: partsupp.ps_partkey
         Filter: (sum((partsupp.ps_supplycost * (partsupp.ps_availqty)::numeric)) > $2)
         Rows Removed by Filter: 29770
         ->  Sort  (cost=6837.01..6917.01 rows=32000 width=14) (actual time=294.878..297.280 rows=32560 loops=1)
               Sort Key: partsupp.ps_partkey
               Sort Method: quicksort  Memory: 2295kB
               ->  Nested Loop  (cost=11.81..4442.48 rows=32000 width=14) (actual time=0.222..268.107 rows=32560 loops=1)
                     ->  Nested Loop  (cost=11.38..248.58 rows=400 width=4) (actual time=0.173..4.084 rows=407 loops=1)
                           ->  Seq Scan on nation  (cost=0.00..1.31 rows=1 width=4) (actual time=0.026..0.031 rows=1 loops=1)
                                 Filter: (n_name = 'CHINA'::bpchar)
                                 Rows Removed by Filter: 24
                           ->  Bitmap Heap Scan on supplier  (cost=11.38..243.27 rows=400 width=8) (actual time=0.140..3.894 rows=407 loops=1)
                                 Recheck Cond: (s_nationkey = nation.n_nationkey)
                                 Heap Blocks: exact=186
                                 ->  Bitmap Index Scan on idx_supplier_nation_key  (cost=0.00..11.29 rows=400 width=0) (actual time=0.108..0.108 rows=407 loops=1)
                                       Index Cond: (s_nationkey = nation.n_nationkey)
                     ->  Index Scan using idx_partsupp_suppkey on partsupp  (cost=0.42..9.68 rows=80 width=18) (actual time=0.025..0.614 rows=80 loops=407)
                           Index Cond: (ps_suppkey = supplier.s_suppkey)
 Planning Time: 2.450 ms
 Execution Time: 459.685 ms
(38 rows)

execute /home/pei/Project/benchmarks/JCC-H/out/skinner_explained/12.sql_explained.sql
SET
                                                                                                                                       QUERY PLAN                                                                                                                                       
----------------------------------------------------------------------------------------------------------------------------------------------------------------------------------------------------------------------------------------------------------------------------------------
 Finalize GroupAggregate  (cost=209360.10..209599.26 rows=7 width=27) (actual time=1319.948..1319.951 rows=2 loops=1)
   Group Key: lineitem.l_shipmode
   ->  Gather Merge  (cost=209360.10..209599.08 rows=14 width=27) (actual time=1317.509..1321.589 rows=6 loops=1)
         Workers Planned: 2
         Workers Launched: 2
         ->  Partial GroupAggregate  (cost=208360.07..208597.44 rows=7 width=27) (actual time=1311.369..1313.777 rows=2 loops=3)
               Group Key: lineitem.l_shipmode
               ->  Sort  (cost=208360.07..208389.74 rows=11865 width=27) (actual time=1308.921..1309.568 rows=10341 loops=3)
                     Sort Key: lineitem.l_shipmode
                     Sort Method: quicksort  Memory: 1181kB
                     Worker 0:  Sort Method: quicksort  Memory: 1195kB
                     Worker 1:  Sort Method: quicksort  Memory: 1201kB
                     ->  Parallel Hash Join  (cost=168912.70..207557.14 rows=11865 width=27) (actual time=1059.002..1300.141 rows=10341 loops=3)
                           Hash Cond: (orders.o_orderkey = lineitem.l_orderkey)
                           ->  Parallel Seq Scan on orders  (cost=0.00..32345.00 rows=625000 width=20) (actual time=0.034..148.207 rows=500000 loops=3)
                           ->  Parallel Hash  (cost=168764.39..168764.39 rows=11865 width=15) (actual time=1058.132..1058.132 rows=10341 loops=3)
                                 Buckets: 32768  Batches: 1  Memory Usage: 1760kB
                                 ->  Parallel Seq Scan on lineitem  (cost=0.00..168764.39 rows=11865 width=15) (actual time=0.179..1046.237 rows=10341 loops=3)
                                       Filter: ((l_shipmode = ANY ('{"REG AIR",FOB}'::bpchar[])) AND (l_commitdate < l_receiptdate) AND (l_shipdate < l_commitdate) AND (l_receiptdate >= '1993-01-01'::date) AND (l_receiptdate < '1994-01-01 00:00:00'::timestamp without time zone))
                                       Rows Removed by Filter: 1990064
 Planning Time: 2.139 ms
 Execution Time: 1322.003 ms
(22 rows)

execute /home/pei/Project/benchmarks/JCC-H/out/skinner_explained/13.sql_explained.sql
SET
                                                                                      QUERY PLAN                                                                                      
--------------------------------------------------------------------------------------------------------------------------------------------------------------------------------------
 Sort  (cost=161053.73..161054.23 rows=200 width=16) (actual time=4928.680..4928.682 rows=42 loops=1)
   Sort Key: (count(*)) DESC, (count(orders.o_orderkey)) DESC
   Sort Method: quicksort  Memory: 26kB
   ->  HashAggregate  (cost=161044.09..161046.09 rows=200 width=16) (actual time=4928.595..4928.603 rows=42 loops=1)
         Group Key: count(orders.o_orderkey)
         ->  Finalize GroupAggregate  (cost=1000.87..158794.09 rows=150000 width=12) (actual time=9.662..4869.289 rows=150000 loops=1)
               Group Key: customer.c_custkey
               ->  Gather Merge  (cost=1000.87..155794.09 rows=300000 width=12) (actual time=9.437..4776.120 rows=150000 loops=1)
                     Workers Planned: 2
                     Workers Launched: 2
                     ->  Partial GroupAggregate  (cost=0.85..120166.62 rows=150000 width=12) (actual time=0.438..3991.847 rows=50000 loops=3)
                           Group Key: customer.c_custkey
                           ->  Nested Loop Left Join  (cost=0.85..115573.18 rows=618687 width=8) (actual time=0.178..3787.975 rows=511342 loops=3)
                                 ->  Parallel Index Only Scan using customer_pkey on customer  (cost=0.42..6619.43 rows=62500 width=4) (actual time=0.074..51.159 rows=50000 loops=3)
                                       Heap Fetches: 150000
                                 ->  Index Scan using idx_orders_custkey on orders  (cost=0.43..1.57 rows=17 width=8) (actual time=0.008..0.071 rows=10 loops=150000)
                                       Index Cond: (o_custkey = customer.c_custkey)
                                       Filter: ((o_comment)::text !~~ '%express%deposits%'::text)
                                       Rows Removed by Filter: 0
 Planning Time: 2.160 ms
 Execution Time: 4929.221 ms
(21 rows)

execute /home/pei/Project/benchmarks/JCC-H/out/skinner_explained/14.sql_explained.sql
SET
                                                                               QUERY PLAN                                                                                
-------------------------------------------------------------------------------------------------------------------------------------------------------------------------
 Finalize Aggregate  (cost=118266.17..118266.18 rows=1 width=32) (actual time=494.089..494.089 rows=1 loops=1)
   ->  Gather  (cost=118265.93..118266.14 rows=2 width=64) (actual time=493.233..498.748 rows=3 loops=1)
         Workers Planned: 2
         Workers Launched: 2
         ->  Partial Aggregate  (cost=117265.93..117265.94 rows=1 width=64) (actual time=486.349..486.349 rows=1 loops=3)
               ->  Parallel Hash Join  (cost=110065.79..116694.64 rows=32645 width=33) (actual time=421.139..467.887 rows=25967 loops=3)
                     Hash Cond: (part.p_partkey = lineitem.l_partkey)
                     ->  Parallel Seq Scan on part  (cost=0.00..4930.33 rows=83333 width=25) (actual time=0.091..22.861 rows=66667 loops=3)
                     ->  Parallel Hash  (cost=109657.73..109657.73 rows=32645 width=16) (actual time=419.619..419.619 rows=25967 loops=3)
                           Buckets: 131072  Batches: 1  Memory Usage: 5152kB
                           ->  Parallel Bitmap Heap Scan on lineitem  (cost=2015.50..109657.73 rows=32645 width=16) (actual time=31.581..393.315 rows=25967 loops=3)
                                 Recheck Cond: ((l_shipdate >= '1995-05-01'::date) AND (l_shipdate < '1995-06-01 00:00:00'::timestamp without time zone))
                                 Heap Blocks: exact=14406
                                 ->  Bitmap Index Scan on idx_lineitem_shipdate  (cost=0.00..1995.91 rows=78348 width=0) (actual time=26.016..26.016 rows=77900 loops=1)
                                       Index Cond: ((l_shipdate >= '1995-05-01'::date) AND (l_shipdate < '1995-06-01 00:00:00'::timestamp without time zone))
 Planning Time: 2.536 ms
 Execution Time: 499.033 ms
(17 rows)

execute /home/pei/Project/benchmarks/JCC-H/out/skinner_explained/15.sql_explained.sql
SET
CREATE VIEW
                                                                                       QUERY PLAN                                                                                       
----------------------------------------------------------------------------------------------------------------------------------------------------------------------------------------
 Nested Loop  (cost=299146.69..302223.56 rows=50 width=103) (actual time=1832.120..1845.282 rows=1 loops=1)
   InitPlan 1 (returns $1)
     ->  Aggregate  (cost=150945.41..150945.42 rows=1 width=32) (actual time=916.663..916.663 rows=1 loops=1)
           ->  Finalize GroupAggregate  (cost=148200.98..150819.91 rows=10040 width=36) (actual time=883.517..915.514 rows=10000 loops=1)
                 Group Key: lineitem_1.l_suppkey
                 ->  Gather Merge  (cost=148200.98..150543.81 rows=20080 width=36) (actual time=883.506..893.787 rows=29982 loops=1)
                       Workers Planned: 2
                       Workers Launched: 2
                       ->  Sort  (cost=147200.96..147226.06 rows=10040 width=36) (actual time=875.532..876.385 rows=9994 loops=3)
                             Sort Key: lineitem_1.l_suppkey
                             Sort Method: quicksort  Memory: 1165kB
                             Worker 0:  Sort Method: quicksort  Memory: 1165kB
                             Worker 1:  Sort Method: quicksort  Memory: 1165kB
                             ->  Partial HashAggregate  (cost=146408.13..146533.63 rows=10040 width=36) (actual time=863.720..869.498 rows=9994 loops=3)
                                   Group Key: lineitem_1.l_suppkey
                                   ->  Parallel Bitmap Heap Scan on lineitem lineitem_1  (cost=5705.45..145482.51 rows=92562 width=16) (actual time=60.209..736.201 rows=75898 loops=3)
                                         Recheck Cond: ((l_shipdate >= '1993-05-01'::date) AND (l_shipdate < '1993-08-01 00:00:00'::timestamp without time zone))
                                         Rows Removed by Index Recheck: 552534
                                         Heap Blocks: exact=11734 lossy=11671
                                         ->  Bitmap Index Scan on idx_lineitem_shipdate  (cost=0.00..5649.91 rows=222148 width=0) (actual time=60.221..60.221 rows=227694 loops=1)
                                               Index Cond: ((l_shipdate >= '1993-05-01'::date) AND (l_shipdate < '1993-08-01 00:00:00'::timestamp without time zone))
   ->  Finalize GroupAggregate  (cost=148200.98..150970.51 rows=50 width=36) (actual time=1832.065..1845.226 rows=1 loops=1)
         Group Key: lineitem.l_suppkey
         Filter: (sum((lineitem.l_extendedprice * ('1'::numeric - lineitem.l_discount))) = $1)
         Rows Removed by Filter: 9999
         ->  Gather Merge  (cost=148200.98..150543.81 rows=20080 width=36) (actual time=896.266..906.944 rows=29984 loops=1)
               Workers Planned: 2
               Workers Launched: 2
               ->  Sort  (cost=147200.96..147226.06 rows=10040 width=36) (actual time=888.864..890.078 rows=9995 loops=3)
                     Sort Key: lineitem.l_suppkey
                     Sort Method: quicksort  Memory: 1165kB
                     Worker 0:  Sort Method: quicksort  Memory: 1165kB
                     Worker 1:  Sort Method: quicksort  Memory: 1165kB
                     ->  Partial HashAggregate  (cost=146408.13..146533.63 rows=10040 width=36) (actual time=877.091..882.874 rows=9995 loops=3)
                           Group Key: lineitem.l_suppkey
                           ->  Parallel Bitmap Heap Scan on lineitem  (cost=5705.45..145482.51 rows=92562 width=16) (actual time=65.962..749.694 rows=75898 loops=3)
                                 Recheck Cond: ((l_shipdate >= '1993-05-01'::date) AND (l_shipdate < '1993-08-01 00:00:00'::timestamp without time zone))
                                 Rows Removed by Index Recheck: 552534
                                 Heap Blocks: exact=11152 lossy=10860
                                 ->  Bitmap Index Scan on idx_lineitem_shipdate  (cost=0.00..5649.91 rows=222148 width=0) (actual time=64.826..64.827 rows=227694 loops=1)
                                       Index Cond: ((l_shipdate >= '1993-05-01'::date) AND (l_shipdate < '1993-08-01 00:00:00'::timestamp without time zone))
   ->  Index Scan using supplier_pkey on supplier  (cost=0.29..6.14 rows=1 width=71) (actual time=0.051..0.051 rows=1 loops=1)
         Index Cond: (s_suppkey = lineitem.l_suppkey)
 Planning Time: 2.522 ms
 Execution Time: 1852.104 ms
(45 rows)

DROP VIEW
execute /home/pei/Project/benchmarks/JCC-H/out/skinner_explained/16.sql_explained.sql
SET
                                                                                         QUERY PLAN                                                                                          
---------------------------------------------------------------------------------------------------------------------------------------------------------------------------------------------
 Sort  (cost=42566.75..42606.95 rows=16081 width=44) (actual time=881.419..882.639 rows=18337 loops=1)
   Sort Key: (count(DISTINCT partsupp.ps_suppkey)) DESC, part.p_brand, part.p_type, part.p_size
   Sort Method: quicksort  Memory: 2217kB
   ->  GroupAggregate  (cost=40530.46..41443.25 rows=16081 width=44) (actual time=675.175..801.018 rows=18337 loops=1)
         Group Key: part.p_brand, part.p_type, part.p_size
         ->  Sort  (cost=40530.46..40680.86 rows=60158 width=40) (actual time=675.135..740.472 rows=119466 loops=1)
               Sort Key: part.p_brand, part.p_type, part.p_size
               Sort Method: external merge  Disk: 6104kB
               ->  Gather  (cost=7684.00..35754.98 rows=60158 width=40) (actual time=61.150..249.504 rows=119466 loops=1)
                     Workers Planned: 2
                     Workers Launched: 2
                     ->  Parallel Hash Join  (cost=6684.00..28739.18 rows=25066 width=40) (actual time=54.866..234.520 rows=39822 loops=3)
                           Hash Cond: (partsupp.ps_partkey = part.p_partkey)
                           ->  Parallel Seq Scan on partsupp  (cost=347.00..21964.67 rows=166667 width=8) (actual time=8.300..141.041 rows=266560 loops=3)
                                 Filter: (NOT (hashed SubPlan 1))
                                 Rows Removed by Filter: 107
                                 SubPlan 1
                                   ->  Seq Scan on supplier  (cost=0.00..347.00 rows=1 width=4) (actual time=0.259..8.242 rows=4 loops=3)
                                         Filter: ((s_comment)::text ~~ '%Customer%Complaints%'::text)
                                         Rows Removed by Filter: 9996
                           ->  Parallel Hash  (cost=6180.33..6180.33 rows=12533 width=40) (actual time=45.861..45.861 rows=9959 loops=3)
                                 Buckets: 32768  Batches: 1  Memory Usage: 2496kB
                                 ->  Parallel Seq Scan on part  (cost=0.00..6180.33 rows=12533 width=40) (actual time=0.049..38.012 rows=9959 loops=3)
                                       Filter: ((p_brand <> 'Brand#21'::bpchar) AND ((p_type)::text !~~ 'LARGE BURNISHED%'::text) AND (p_size = ANY ('{26,35,38,45,10,37,8,1}'::integer[])))
                                       Rows Removed by Filter: 56707
 Planning Time: 2.835 ms
 Execution Time: 886.151 ms
(27 rows)

execute /home/pei/Project/benchmarks/JCC-H/out/skinner_explained/17.sql_explained.sql
SET
                                                                       QUERY PLAN                                                                       
--------------------------------------------------------------------------------------------------------------------------------------------------------
 Aggregate  (cost=195920.86..195920.87 rows=1 width=32) (actual time=2999.397..2999.397 rows=1 loops=1)
   ->  Hash Join  (cost=6370.96..195915.53 rows=2130 width=8) (actual time=35.818..2999.207 rows=570 loops=1)
         Hash Cond: (lineitem.l_partkey = part.p_partkey)
         Join Filter: (lineitem.l_quantity < (SubPlan 1))
         Rows Removed by Join Filter: 5714
         ->  Seq Scan on lineitem  (cost=0.00..172515.15 rows=6001215 width=17) (actual time=0.036..1666.686 rows=6001215 loops=1)
         ->  Hash  (cost=6368.30..6368.30 rows=213 width=4) (actual time=33.252..33.252 rows=207 loops=1)
               Buckets: 1024  Batches: 1  Memory Usage: 16kB
               ->  Gather  (cost=1000.00..6368.30 rows=213 width=4) (actual time=1.336..33.243 rows=207 loops=1)
                     Workers Planned: 2
                     Workers Launched: 2
                     ->  Parallel Seq Scan on part  (cost=0.00..5347.00 rows=89 width=4) (actual time=0.794..27.432 rows=69 loops=3)
                           Filter: ((p_brand = 'Brand#55'::bpchar) AND (p_container = 'LG BOX'::bpchar))
                           Rows Removed by Filter: 66598
         SubPlan 1
           ->  Aggregate  (cost=127.60..127.61 rows=1 width=32) (actual time=0.081..0.081 rows=1 loops=6284)
                 ->  Bitmap Heap Scan on lineitem lineitem_1  (cost=4.67..127.52 rows=31 width=5) (actual time=0.016..0.064 rows=31 loops=6284)
                       Recheck Cond: (l_partkey = part.p_partkey)
                       Heap Blocks: exact=196800
                       ->  Bitmap Index Scan on idx_lineitem_part_supp  (cost=0.00..4.67 rows=31 width=0) (actual time=0.010..0.010 rows=31 loops=6284)
                             Index Cond: (l_partkey = part.p_partkey)
 Planning Time: 1.926 ms
 Execution Time: 2999.859 ms
(23 rows)

execute /home/pei/Project/benchmarks/JCC-H/out/skinner_explained/18.sql_explained.sql
SET
                                                                                                        QUERY PLAN                                                                                                         
---------------------------------------------------------------------------------------------------------------------------------------------------------------------------------------------------------------------------
 Sort  (cost=599988.69..601302.86 rows=525670 width=71) (actual time=9304.129..9304.129 rows=0 loops=1)
   Sort Key: orders.o_totalprice DESC, orders.o_orderdate
   Sort Method: quicksort  Memory: 25kB
   ->  Finalize GroupAggregate  (cost=462034.19..528476.56 rows=525670 width=71) (actual time=9304.073..9304.073 rows=0 loops=1)
         Group Key: customer.c_custkey, orders.o_orderkey
         ->  Gather Merge  (cost=462034.19..517525.10 rows=438058 width=71) (actual time=9304.072..9312.031 rows=0 loops=1)
               Workers Planned: 2
               Workers Launched: 2
               ->  Partial GroupAggregate  (cost=461034.16..465962.32 rows=219029 width=71) (actual time=9296.517..9296.517 rows=0 loops=3)
                     Group Key: customer.c_custkey, orders.o_orderkey
                     ->  Sort  (cost=461034.16..461581.74 rows=219029 width=44) (actual time=9296.516..9296.516 rows=0 loops=3)
                           Sort Key: customer.c_custkey, orders.o_orderkey
                           Sort Method: quicksort  Memory: 25kB
                           Worker 0:  Sort Method: quicksort  Memory: 25kB
                           Worker 1:  Sort Method: quicksort  Memory: 25kB
                           ->  Nested Loop  (cost=327808.40..434864.46 rows=219029 width=44) (actual time=9296.443..9296.443 rows=0 loops=3)
                                 ->  Parallel Hash Join  (cost=327807.97..369777.30 rows=54746 width=43) (actual time=9296.442..9296.443 rows=0 loops=3)
                                       Hash Cond: (orders.o_custkey = customer.c_custkey)
                                       ->  Hash Join  (cost=322816.72..364642.34 rows=54746 width=24) (actual time=9225.849..9225.850 rows=0 loops=3)
                                             Hash Cond: (orders.o_orderkey = lineitem_1.l_orderkey)
                                             ->  Parallel Seq Scan on orders  (cost=0.00..32345.00 rows=625000 width=20) (actual time=0.045..0.045 rows=1 loops=3)
                                             ->  Hash  (cost=320660.33..320660.33 rows=131391 width=4) (actual time=9223.575..9223.576 rows=0 loops=3)
                                                   Buckets: 131072  Batches: 2  Memory Usage: 1024kB
                                                   ->  GroupAggregate  (cost=0.43..319346.42 rows=131391 width=4) (actual time=9223.574..9223.574 rows=0 loops=3)
                                                         Group Key: lineitem_1.l_orderkey
                                                         Filter: (sum(lineitem_1.l_quantity) > '814'::numeric)
                                                         Rows Removed by Filter: 1500000
                                                         ->  Index Scan using idx_lineitem_orderkey on lineitem lineitem_1  (cost=0.43..283427.74 rows=6001215 width=9) (actual time=0.037..7144.426 rows=6001215 loops=3)
                                                               Filter: (l_quantity <= '100'::numeric)
                                       ->  Parallel Hash  (cost=4210.00..4210.00 rows=62500 width=23) (actual time=67.871..67.871 rows=50000 loops=3)
                                             Buckets: 262144  Batches: 1  Memory Usage: 10304kB
                                             ->  Parallel Seq Scan on customer  (cost=0.00..4210.00 rows=62500 width=23) (actual time=0.040..33.785 rows=50000 loops=3)
                                 ->  Index Scan using lineitem_pkey on lineitem  (cost=0.43..1.04 rows=15 width=9) (never executed)
                                       Index Cond: (l_orderkey = orders.o_orderkey)
 Planning Time: 3.276 ms
 Execution Time: 9312.730 ms
(36 rows)

execute /home/pei/Project/benchmarks/JCC-H/out/skinner_explained/19.sql_explained.sql
SET
                                                                                                                                                                                                                                                                                                                                                                                                                                                                                                              QUERY PLAN                                                                                                                                                                                                                                                                                                                                                                                                                                                                                                              
--------------------------------------------------------------------------------------------------------------------------------------------------------------------------------------------------------------------------------------------------------------------------------------------------------------------------------------------------------------------------------------------------------------------------------------------------------------------------------------------------------------------------------------------------------------------------------------------------------------------------------------------------------------------------------------------------------------------------------------------------------------------------------------------------------------------------------------------------------------------------------------------------------------------------------------------------------------------------------------------------------------------------------------
 Finalize Aggregate  (cost=21574.99..21575.00 rows=1 width=32) (actual time=120.413..120.413 rows=1 loops=1)
   ->  Gather  (cost=21574.77..21574.98 rows=2 width=32) (actual time=119.325..123.508 rows=3 loops=1)
         Workers Planned: 2
         Workers Launched: 2
         ->  Partial Aggregate  (cost=20574.77..20574.78 rows=1 width=32) (actual time=113.133..113.134 rows=1 loops=3)
               ->  Nested Loop  (cost=4.65..20574.63 rows=18 width=12) (actual time=5.150..113.096 rows=14 loops=3)
                     ->  Parallel Seq Scan on part  (cost=0.00..7638.67 rows=103 width=30) (actual time=0.652..38.183 rows=80 loops=3)
                           Filter: ((p_size >= 1) AND (((p_brand = 'Brand#00'::bpchar) AND (p_container = ANY ('{"SM CASE","SM BOX","SM PACK","SM PKG"}'::bpchar[])) AND (p_size <= 5)) OR ((p_brand = 'Brand#00'::bpchar) AND (p_container = ANY ('{"MED BAG","MED BOX","MED PKG","MED PACK"}'::bpchar[])) AND (p_size <= 10)) OR ((p_brand = 'Brand#55'::bpchar) AND (p_container = ANY ('{"LG CASE","LG BOX","LG PACK","LG PKG"}'::bpchar[])) AND (p_size <= 15))))
                           Rows Removed by Filter: 66587
                     ->  Bitmap Heap Scan on lineitem  (cost=4.65..125.58 rows=1 width=21) (actual time=0.870..0.933 rows=0 loops=239)
                           Recheck Cond: (l_partkey = part.p_partkey)
                           Filter: ((l_shipmode = ANY ('{AIR,"AIR REG"}'::bpchar[])) AND (l_shipinstruct = 'DELIVER IN PERSON'::bpchar) AND (((l_quantity >= '1'::numeric) AND (l_quantity <= '11'::numeric)) OR ((l_quantity >= '17'::numeric) AND (l_quantity <= '27'::numeric)) OR ((l_quantity >= '43'::numeric) AND (l_quantity <= '53'::numeric))) AND (((part.p_brand = 'Brand#00'::bpchar) AND (part.p_container = ANY ('{"SM CASE","SM BOX","SM PACK","SM PKG"}'::bpchar[])) AND (l_quantity >= '1'::numeric) AND (l_quantity <= '11'::numeric) AND (part.p_size <= 5)) OR ((part.p_brand = 'Brand#00'::bpchar) AND (part.p_container = ANY ('{"MED BAG","MED BOX","MED PKG","MED PACK"}'::bpchar[])) AND (l_quantity >= '17'::numeric) AND (l_quantity <= '27'::numeric) AND (part.p_size <= 10)) OR ((part.p_brand = 'Brand#55'::bpchar) AND (part.p_container = ANY ('{"LG CASE","LG BOX","LG PACK","LG PKG"}'::bpchar[])) AND (l_quantity >= '43'::numeric) AND (l_quantity <= '53'::numeric) AND (part.p_size <= 15))))
                           Rows Removed by Filter: 30
                           Heap Blocks: exact=2571
                           ->  Bitmap Index Scan on idx_lineitem_part_supp  (cost=0.00..4.65 rows=31 width=0) (actual time=0.047..0.047 rows=30 loops=239)
                                 Index Cond: (l_partkey = part.p_partkey)
 Planning Time: 3.569 ms
 Execution Time: 123.842 ms
(18 rows)

execute /home/pei/Project/benchmarks/JCC-H/out/skinner_explained/1.sql_explained.sql
SET
psql:/home/pei/Project/benchmarks/JCC-H/out/skinner_explained/1.sql_explained.sql:29: ERROR:  syntax error at or near "("
LINE 15:  l_shipdate <= date '1998-12-01' - interval '108' day (3)
                                                               ^
execute /home/pei/Project/benchmarks/JCC-H/out/skinner_explained/20.sql_explained.sql
SET
                                                                            QUERY PLAN                                                                            
------------------------------------------------------------------------------------------------------------------------------------------------------------------
 Sort  (cost=7001.80..7001.81 rows=1 width=51) (actual time=30.816..30.816 rows=0 loops=1)
   Sort Key: supplier.s_name
   Sort Method: quicksort  Memory: 25kB
   ->  Hash Join  (cost=6990.84..7001.79 rows=1 width=51) (actual time=30.754..30.755 rows=0 loops=1)
         Hash Cond: (supplier.s_nationkey = nation.n_nationkey)
         ->  Nested Loop  (cost=6989.52..7000.39 rows=27 width=55) (actual time=30.658..30.658 rows=0 loops=1)
               ->  HashAggregate  (cost=6989.23..6989.50 rows=27 width=4) (actual time=30.658..30.658 rows=0 loops=1)
                     Group Key: partsupp.ps_suppkey
                     ->  Nested Loop  (cost=1000.42..6989.17 rows=27 width=4) (actual time=30.657..30.657 rows=0 loops=1)
                           ->  Gather  (cost=1000.00..6140.67 rows=20 width=4) (actual time=30.657..31.758 rows=0 loops=1)
                                 Workers Planned: 2
                                 Workers Launched: 2
                                 ->  Parallel Seq Scan on part  (cost=0.00..5138.67 rows=8 width=4) (actual time=25.143..25.143 rows=0 loops=3)
                                       Filter: ((p_name)::text ~~ 'shiny mined g%'::text)
                                       Rows Removed by Filter: 66667
                           ->  Index Scan using idx_partsupp_partkey on partsupp  (cost=0.42..42.41 rows=1 width=8) (never executed)
                                 Index Cond: (ps_partkey = part.p_partkey)
                                 Filter: ((ps_availqty)::numeric > (SubPlan 1))
                                 SubPlan 1
                                   ->  Aggregate  (cost=8.46..8.47 rows=1 width=32) (never executed)
                                         ->  Index Scan using idx_lineitem_part_supp on lineitem  (cost=0.43..8.46 rows=1 width=5) (never executed)
                                               Index Cond: ((l_partkey = partsupp.ps_partkey) AND (l_suppkey = partsupp.ps_suppkey))
                                               Filter: ((l_shipdate >= '1993-01-01'::date) AND (l_shipdate < '1994-01-01 00:00:00'::timestamp without time zone))
               ->  Index Scan using supplier_pkey on supplier  (cost=0.29..0.40 rows=1 width=59) (never executed)
                     Index Cond: (s_suppkey = partsupp.ps_suppkey)
         ->  Hash  (cost=1.31..1.31 rows=1 width=4) (actual time=0.052..0.052 rows=1 loops=1)
               Buckets: 1024  Batches: 1  Memory Usage: 9kB
               ->  Seq Scan on nation  (cost=0.00..1.31 rows=1 width=4) (actual time=0.032..0.035 rows=1 loops=1)
                     Filter: (n_name = 'MOROCCO'::bpchar)
                     Rows Removed by Filter: 24
 Planning Time: 3.507 ms
 Execution Time: 32.327 ms
(32 rows)

execute /home/pei/Project/benchmarks/JCC-H/out/skinner_explained/21.sql_explained.sql
SET
                                                                                           QUERY PLAN                                                                                            
-------------------------------------------------------------------------------------------------------------------------------------------------------------------------------------------------
 Sort  (cost=169890.75..169890.76 rows=1 width=34) (actual time=1922.621..1922.647 rows=415 loops=1)
   Sort Key: (count(*)) DESC, supplier.s_name
   Sort Method: quicksort  Memory: 57kB
   ->  GroupAggregate  (cost=169890.72..169890.74 rows=1 width=34) (actual time=1920.116..1921.240 rows=415 loops=1)
         Group Key: supplier.s_name
         ->  Sort  (cost=169890.72..169890.73 rows=1 width=26) (actual time=1920.105..1920.400 rows=4112 loops=1)
               Sort Key: supplier.s_name
               Sort Method: quicksort  Memory: 514kB
               ->  Nested Loop  (cost=1254.87..169890.71 rows=1 width=26) (actual time=7.736..1899.255 rows=4112 loops=1)
                     ->  Nested Loop Semi Join  (cost=1254.44..169890.20 rows=1 width=34) (actual time=7.661..1699.549 rows=8423 loops=1)
                           ->  Gather  (cost=1254.01..169889.19 rows=1 width=34) (actual time=7.629..1591.006 rows=14099 loops=1)
                                 Workers Planned: 2
                                 Workers Launched: 2
                                 ->  Nested Loop Anti Join  (cost=254.01..168889.09 rows=1 width=34) (actual time=4.054..1783.490 rows=4700 loops=3)
                                       ->  Hash Join  (cost=253.58..147470.61 rows=33207 width=34) (actual time=3.678..1116.491 rows=52665 loops=3)
                                             Hash Cond: (l1.l_suppkey = supplier.s_suppkey)
                                             ->  Parallel Seq Scan on lineitem l1  (cost=0.00..143759.33 rows=833502 width=8) (actual time=0.051..932.845 rows=1264432 loops=3)
                                                   Filter: (l_receiptdate > l_commitdate)
                                                   Rows Removed by Filter: 735973
                                             ->  Hash  (cost=248.58..248.58 rows=400 width=30) (actual time=3.407..3.407 rows=415 loops=3)
                                                   Buckets: 1024  Batches: 1  Memory Usage: 34kB
                                                   ->  Nested Loop  (cost=11.38..248.58 rows=400 width=30) (actual time=0.206..3.130 rows=415 loops=3)
                                                         ->  Seq Scan on nation  (cost=0.00..1.31 rows=1 width=4) (actual time=0.035..0.039 rows=1 loops=3)
                                                               Filter: (n_name = 'EGYPT'::bpchar)
                                                               Rows Removed by Filter: 24
                                                         ->  Bitmap Heap Scan on supplier  (cost=11.38..243.27 rows=400 width=34) (actual time=0.162..2.950 rows=415 loops=3)
                                                               Recheck Cond: (s_nationkey = nation.n_nationkey)
                                                               Heap Blocks: exact=183
                                                               ->  Bitmap Index Scan on idx_supplier_nation_key  (cost=0.00..11.29 rows=400 width=0) (actual time=0.125..0.125 rows=415 loops=3)
                                                                     Index Cond: (s_nationkey = nation.n_nationkey)
                                       ->  Index Scan using lineitem_pkey on lineitem l3  (cost=0.43..1.03 rows=5 width=8) (actual time=0.012..0.012 rows=1 loops=157994)
                                             Index Cond: (l_orderkey = l1.l_orderkey)
                                             Filter: ((l_receiptdate > l_commitdate) AND (l_suppkey <> l1.l_suppkey))
                                             Rows Removed by Filter: 1
                           ->  Index Scan using lineitem_pkey on lineitem l2  (cost=0.43..0.99 rows=15 width=8) (actual time=0.007..0.007 rows=1 loops=14099)
                                 Index Cond: (l_orderkey = l1.l_orderkey)
                                 Filter: (l_suppkey <> l1.l_suppkey)
                                 Rows Removed by Filter: 1
                     ->  Index Scan using orders_pkey on orders  (cost=0.43..0.51 rows=1 width=4) (actual time=0.023..0.023 rows=0 loops=8423)
                           Index Cond: (o_orderkey = l1.l_orderkey)
                           Filter: (o_orderstatus = 'F'::bpchar)
                           Rows Removed by Filter: 1
 Planning Time: 4.476 ms
 Execution Time: 1923.392 ms
(44 rows)

execute /home/pei/Project/benchmarks/JCC-H/out/skinner_explained/22.sql_explained.sql
SET
                                                                            QUERY PLAN                                                                             
-------------------------------------------------------------------------------------------------------------------------------------------------------------------
 Finalize GroupAggregate  (cost=15870.27..15965.73 rows=715 width=72) (actual time=174.339..174.344 rows=2 loops=1)
   Group Key: ("substring"((customer.c_phone)::text, 1, 2))
   InitPlan 1 (returns $1)
     ->  Finalize Aggregate  (cost=6230.80..6230.81 rows=1 width=32) (actual time=67.960..67.960 rows=1 loops=1)
           ->  Gather  (cost=6230.58..6230.79 rows=2 width=32) (actual time=67.793..68.083 rows=3 loops=1)
                 Workers Planned: 2
                 Workers Launched: 2
                 ->  Partial Aggregate  (cost=5230.58..5230.59 rows=1 width=32) (actual time=61.838..61.838 rows=1 loops=3)
                       ->  Parallel Seq Scan on customer customer_1  (cost=0.00..5225.62 rows=1981 width=6) (actual time=0.051..60.748 rows=3616 loops=3)
                             Filter: ((c_acctbal > 0.00) AND ("substring"((c_phone)::text, 1, 2) = ANY ('{40,50,60,70,80,27,20}'::text[])))
                             Rows Removed by Filter: 46384
   ->  Gather Merge  (cost=9639.46..9716.45 rows=596 width=72) (actual time=174.189..179.731 rows=6 loops=1)
         Workers Planned: 2
         Params Evaluated: $1
         Workers Launched: 2
         ->  Partial GroupAggregate  (cost=8639.43..8647.63 rows=298 width=72) (actual time=98.819..98.928 rows=2 loops=3)
               Group Key: ("substring"((customer.c_phone)::text, 1, 2))
               ->  Sort  (cost=8639.43..8640.18 rows=298 width=38) (actual time=98.705..98.749 rows=599 loops=3)
                     Sort Key: ("substring"((customer.c_phone)::text, 1, 2))
                     Sort Method: quicksort  Memory: 55kB
                     Worker 0:  Sort Method: quicksort  Memory: 52kB
                     Worker 1:  Sort Method: quicksort  Memory: 51kB
                     ->  Nested Loop Anti Join  (cost=0.43..8627.19 rows=298 width=38) (actual time=0.413..98.055 rows=599 loops=3)
                           ->  Parallel Seq Scan on customer  (cost=0.00..5225.62 rows=729 width=26) (actual time=0.027..44.042 rows=1806 loops=3)
                                 Filter: ((c_acctbal > $1) AND ("substring"((c_phone)::text, 1, 2) = ANY ('{40,50,60,70,80,27,20}'::text[])))
                                 Rows Removed by Filter: 48194
                           ->  Index Only Scan using idx_orders_custkey on orders  (cost=0.43..47.34 rows=17 width=4) (actual time=0.028..0.028 rows=1 loops=5418)
                                 Index Cond: (o_custkey = customer.c_custkey)
                                 Heap Fetches: 3622
 Planning Time: 2.705 ms
 Execution Time: 180.402 ms
(31 rows)

execute /home/pei/Project/benchmarks/JCC-H/out/skinner_explained/2.sql_explained.sql
SET
                                                                                QUERY PLAN                                                                                
--------------------------------------------------------------------------------------------------------------------------------------------------------------------------
 Sort  (cost=6532.22..6532.23 rows=1 width=270) (actual time=38.654..38.654 rows=0 loops=1)
   Sort Key: supplier.s_acctbal DESC, nation.n_name, supplier.s_name, part.p_partkey
   Sort Method: quicksort  Memory: 25kB
   ->  Nested Loop  (cost=1001.78..6532.21 rows=1 width=270) (actual time=38.551..38.551 rows=0 loops=1)
         Join Filter: (nation.n_nationkey = supplier.s_nationkey)
         ->  Nested Loop  (cost=1000.71..6529.75 rows=1 width=170) (actual time=38.551..38.551 rows=0 loops=1)
               ->  Nested Loop  (cost=1000.42..6529.45 rows=1 width=34) (actual time=38.550..38.551 rows=0 loops=1)
                     ->  Gather  (cost=1000.00..6347.10 rows=1 width=30) (actual time=38.550..39.861 rows=0 loops=1)
                           Workers Planned: 2
                           Workers Launched: 2
                           ->  Parallel Seq Scan on part  (cost=0.00..5347.00 rows=1 width=30) (actual time=32.781..32.781 rows=0 loops=3)
                                 Filter: (((p_type)::text ~~ '%INED GOLD'::text) AND (p_size = 1))
                                 Rows Removed by Filter: 66667
                     ->  Index Scan using idx_partsupp_partkey on partsupp  (cost=0.42..182.34 rows=1 width=14) (never executed)
                           Index Cond: (ps_partkey = part.p_partkey)
                           Filter: ((SubPlan 1) = ps_supplycost)
                           SubPlan 1
                             ->  Aggregate  (cost=43.45..43.46 rows=1 width=32) (never executed)
                                   ->  Nested Loop  (cost=0.85..43.45 rows=1 width=6) (never executed)
                                         Join Filter: (nation_1.n_regionkey = region_1.r_regionkey)
                                         ->  Seq Scan on region region_1  (cost=0.00..1.06 rows=1 width=4) (never executed)
                                               Filter: (r_name = 'AFRICA'::bpchar)
                                         ->  Nested Loop  (cost=0.85..42.33 rows=4 width=10) (never executed)
                                               ->  Nested Loop  (cost=0.71..41.71 rows=4 width=10) (never executed)
                                                     ->  Index Scan using idx_partsupp_partkey on partsupp partsupp_1  (cost=0.42..8.50 rows=4 width=10) (never executed)
                                                           Index Cond: (ps_partkey = part.p_partkey)
                                                     ->  Index Scan using supplier_pkey on supplier supplier_1  (cost=0.29..8.30 rows=1 width=8) (never executed)
                                                           Index Cond: (s_suppkey = partsupp_1.ps_suppkey)
                                               ->  Index Scan using nation_pkey on nation nation_1  (cost=0.14..0.16 rows=1 width=8) (never executed)
                                                     Index Cond: (n_nationkey = supplier_1.s_nationkey)
               ->  Index Scan using supplier_pkey on supplier  (cost=0.29..0.30 rows=1 width=144) (never executed)
                     Index Cond: (s_suppkey = partsupp.ps_suppkey)
         ->  Hash Join  (cost=1.07..2.40 rows=5 width=108) (never executed)
               Hash Cond: (nation.n_regionkey = region.r_regionkey)
               ->  Seq Scan on nation  (cost=0.00..1.25 rows=25 width=112) (never executed)
               ->  Hash  (cost=1.06..1.06 rows=1 width=4) (never executed)
                     ->  Seq Scan on region  (cost=0.00..1.06 rows=1 width=4) (never executed)
                           Filter: (r_name = 'AFRICA'::bpchar)
 Planning Time: 4.980 ms
 Execution Time: 40.454 ms
(40 rows)

execute /home/pei/Project/benchmarks/JCC-H/out/skinner_explained/3.sql_explained.sql
SET
                                                                                      QUERY PLAN                                                                                      
--------------------------------------------------------------------------------------------------------------------------------------------------------------------------------------
 Sort  (cost=167797.46..168322.45 rows=209997 width=44) (actual time=949.024..949.868 rows=11343 loops=1)
   Sort Key: (sum((lineitem.l_extendedprice * ('1'::numeric - lineitem.l_discount)))) DESC, orders.o_orderdate
   Sort Method: quicksort  Memory: 1271kB
   ->  Finalize GroupAggregate  (cost=115136.20..142772.72 rows=209997 width=44) (actual time=912.759..940.965 rows=11343 loops=1)
         Group Key: lineitem.l_orderkey, orders.o_orderdate, orders.o_shippriority
         ->  Gather Merge  (cost=115136.20..137960.28 rows=174998 width=44) (actual time=912.745..928.460 rows=11343 loops=1)
               Workers Planned: 2
               Workers Launched: 2
               ->  Partial GroupAggregate  (cost=114136.17..116761.14 rows=87499 width=44) (actual time=906.053..916.325 rows=3781 loops=3)
                     Group Key: lineitem.l_orderkey, orders.o_orderdate, orders.o_shippriority
                     ->  Sort  (cost=114136.17..114354.92 rows=87499 width=24) (actual time=906.032..906.706 rows=10008 loops=3)
                           Sort Key: lineitem.l_orderkey, orders.o_orderdate, orders.o_shippriority
                           Sort Method: quicksort  Memory: 1158kB
                           Worker 0:  Sort Method: quicksort  Memory: 1163kB
                           Worker 1:  Sort Method: quicksort  Memory: 1178kB
                           ->  Nested Loop  (cost=10526.33..105158.33 rows=87499 width=24) (actual time=84.047..896.844 rows=10008 loops=3)
                                 ->  Parallel Hash Join  (cost=10525.90..38638.46 rows=26999 width=12) (actual time=83.629..352.596 rows=21278 loops=3)
                                       Hash Cond: (orders.o_custkey = customer.c_custkey)
                                       ->  Parallel Bitmap Heap Scan on orders  (cost=6001.52..33763.92 rows=133392 width=16) (actual time=51.426..259.879 rows=106243 loops=3)
                                             Recheck Cond: (o_orderdate < '1993-05-29'::date)
                                             Heap Blocks: exact=8704
                                             ->  Bitmap Index Scan on idx_orders_orderdate  (cost=0.00..5921.48 rows=320141 width=0) (actual time=46.080..46.080 rows=318729 loops=1)
                                                   Index Cond: (o_orderdate < '1993-05-29'::date)
                                       ->  Parallel Hash  (cost=4366.25..4366.25 rows=12650 width=4) (actual time=31.560..31.560 rows=9983 loops=3)
                                             Buckets: 32768  Batches: 1  Memory Usage: 1472kB
                                             ->  Parallel Seq Scan on customer  (cost=0.00..4366.25 rows=12650 width=4) (actual time=0.020..26.156 rows=9983 loops=3)
                                                   Filter: (c_mktsegment = 'MACHINERY'::bpchar)
                                                   Rows Removed by Filter: 40017
                                 ->  Index Scan using lineitem_pkey on lineitem  (cost=0.43..2.34 rows=12 width=16) (actual time=0.024..0.024 rows=0 loops=63835)
                                       Index Cond: (l_orderkey = orders.o_orderkey)
                                       Filter: (l_shipdate > '1993-05-29'::date)
                                       Rows Removed by Filter: 4
 Planning Time: 2.979 ms
 Execution Time: 952.631 ms
(34 rows)

execute /home/pei/Project/benchmarks/JCC-H/out/skinner_explained/4.sql_explained.sql
SET
                                                                               QUERY PLAN                                                                               
------------------------------------------------------------------------------------------------------------------------------------------------------------------------
 Finalize GroupAggregate  (cost=64722.70..64769.93 rows=5 width=24) (actual time=718.490..721.680 rows=5 loops=1)
   Group Key: orders.o_orderpriority
   ->  Gather Merge  (cost=64722.70..64769.83 rows=10 width=24) (actual time=717.641..725.831 rows=15 loops=1)
         Workers Planned: 2
         Workers Launched: 2
         ->  Partial GroupAggregate  (cost=63722.68..63768.65 rows=5 width=24) (actual time=711.065..714.238 rows=5 loops=3)
               Group Key: orders.o_orderpriority
               ->  Sort  (cost=63722.68..63737.98 rows=6123 width=16) (actual time=710.255..711.445 rows=17575 loops=3)
                     Sort Key: orders.o_orderpriority
                     Sort Method: quicksort  Memory: 1582kB
                     Worker 0:  Sort Method: quicksort  Memory: 1593kB
                     Worker 1:  Sort Method: quicksort  Memory: 1602kB
                     ->  Nested Loop Semi Join  (cost=1190.06..63337.54 rows=6123 width=16) (actual time=15.335..693.139 rows=17575 loops=3)
                           ->  Parallel Bitmap Heap Scan on orders  (cost=1189.63..27634.14 rows=23301 width=20) (actual time=15.249..196.042 rows=19158 loops=3)
                                 Recheck Cond: ((o_orderdate >= '1994-06-01'::date) AND (o_orderdate < '1994-09-01 00:00:00'::timestamp without time zone))
                                 Heap Blocks: exact=7722
                                 ->  Bitmap Index Scan on idx_orders_orderdate  (cost=0.00..1175.65 rows=55922 width=0) (actual time=16.074..16.074 rows=57474 loops=1)
                                       Index Cond: ((o_orderdate >= '1994-06-01'::date) AND (o_orderdate < '1994-09-01 00:00:00'::timestamp without time zone))
                           ->  Index Scan using idx_lineitem_orderkey on lineitem  (cost=0.43..5.11 rows=5 width=4) (actual time=0.024..0.024 rows=1 loops=57474)
                                 Index Cond: (l_orderkey = orders.o_orderkey)
                                 Filter: (l_commitdate < l_receiptdate)
                                 Rows Removed by Filter: 1
 Planning Time: 2.560 ms
 Execution Time: 726.276 ms
(24 rows)

execute /home/pei/Project/benchmarks/JCC-H/out/skinner_explained/5.sql_explained.sql
SET
                                                                                   QUERY PLAN                                                                                   
--------------------------------------------------------------------------------------------------------------------------------------------------------------------------------
 Sort  (cost=85981.88..85981.94 rows=25 width=136) (actual time=1606.473..1606.474 rows=5 loops=1)
   Sort Key: (sum((lineitem.l_extendedprice * ('1'::numeric - lineitem.l_discount)))) DESC
   Sort Method: quicksort  Memory: 25kB
   ->  Finalize GroupAggregate  (cost=85937.25..85981.30 rows=25 width=136) (actual time=1605.344..1606.415 rows=5 loops=1)
         Group Key: nation.n_name
         ->  Gather Merge  (cost=85937.25..85980.61 rows=50 width=136) (actual time=1604.978..1610.286 rows=15 loops=1)
               Workers Planned: 2
               Workers Launched: 2
               ->  Partial GroupAggregate  (cost=84937.23..84974.82 rows=25 width=136) (actual time=1597.325..1598.660 rows=5 loops=3)
                     Group Key: nation.n_name
                     ->  Sort  (cost=84937.23..84944.68 rows=2982 width=116) (actual time=1596.981..1597.153 rows=2459 loops=3)
                           Sort Key: nation.n_name
                           Sort Method: quicksort  Memory: 293kB
                           Worker 0:  Sort Method: quicksort  Memory: 287kB
                           Worker 1:  Sort Method: quicksort  Memory: 287kB
                           ->  Hash Join  (cost=475.32..84765.14 rows=2982 width=116) (actual time=8.750..1593.239 rows=2459 loops=3)
                                 Hash Cond: ((lineitem.l_suppkey = supplier.s_suppkey) AND (customer.c_nationkey = supplier.s_nationkey))
                                 ->  Nested Loop  (cost=3.32..83900.20 rows=74844 width=128) (actual time=0.614..1561.058 rows=60981 loops=3)
                                       ->  Nested Loop  (cost=2.89..25143.84 rows=18707 width=116) (actual time=0.506..1028.542 rows=15233 loops=3)
                                             ->  Hash Join  (cost=2.46..4571.84 rows=12500 width=116) (actual time=0.273..40.489 rows=10066 loops=3)
                                                   Hash Cond: (customer.c_nationkey = nation.n_nationkey)
                                                   ->  Parallel Seq Scan on customer  (cost=0.00..4210.00 rows=62500 width=8) (actual time=0.030..22.885 rows=50000 loops=3)
                                                   ->  Hash  (cost=2.40..2.40 rows=5 width=108) (actual time=0.159..0.159 rows=5 loops=3)
                                                         Buckets: 1024  Batches: 1  Memory Usage: 9kB
                                                         ->  Hash Join  (cost=1.07..2.40 rows=5 width=108) (actual time=0.139..0.145 rows=5 loops=3)
                                                               Hash Cond: (nation.n_regionkey = region.r_regionkey)
                                                               ->  Seq Scan on nation  (cost=0.00..1.25 rows=25 width=112) (actual time=0.036..0.039 rows=25 loops=3)
                                                               ->  Hash  (cost=1.06..1.06 rows=1 width=4) (actual time=0.049..0.049 rows=1 loops=3)
                                                                     Buckets: 1024  Batches: 1  Memory Usage: 9kB
                                                                     ->  Seq Scan on region  (cost=0.00..1.06 rows=1 width=4) (actual time=0.025..0.026 rows=1 loops=3)
                                                                           Filter: (r_name = 'EUROPE'::bpchar)
                                                                           Rows Removed by Filter: 4
                                             ->  Index Scan using idx_orders_custkey on orders  (cost=0.43..1.62 rows=3 width=8) (actual time=0.041..0.097 rows=2 loops=30197)
                                                   Index Cond: (o_custkey = customer.c_custkey)
                                                   Filter: ((o_orderdate >= '1993-01-01'::date) AND (o_orderdate < '1994-01-01 00:00:00'::timestamp without time zone))
                                                   Rows Removed by Filter: 9
                                       ->  Index Scan using idx_lineitem_orderkey on lineitem  (cost=0.43..2.99 rows=15 width=20) (actual time=0.030..0.033 rows=4 loops=45699)
                                             Index Cond: (l_orderkey = orders.o_orderkey)
                                 ->  Hash  (cost=322.00..322.00 rows=10000 width=8) (actual time=7.223..7.223 rows=10000 loops=3)
                                       Buckets: 16384  Batches: 1  Memory Usage: 519kB
                                       ->  Seq Scan on supplier  (cost=0.00..322.00 rows=10000 width=8) (actual time=0.029..4.146 rows=10000 loops=3)
 Planning Time: 6.749 ms
 Execution Time: 1611.041 ms
(43 rows)

execute /home/pei/Project/benchmarks/JCC-H/out/skinner_explained/6.sql_explained.sql
SET
                                                                                                         QUERY PLAN                                                                                                         
----------------------------------------------------------------------------------------------------------------------------------------------------------------------------------------------------------------------------
 Finalize Aggregate  (cost=170272.46..170272.47 rows=1 width=32) (actual time=937.515..937.515 rows=1 loops=1)
   ->  Gather  (cost=170272.23..170272.44 rows=2 width=32) (actual time=937.328..941.493 rows=3 loops=1)
         Workers Planned: 2
         Workers Launched: 2
         ->  Partial Aggregate  (cost=169272.23..169272.24 rows=1 width=32) (actual time=931.195..931.195 rows=1 loops=3)
               ->  Parallel Seq Scan on lineitem  (cost=0.00..168764.39 rows=101568 width=12) (actual time=0.070..875.283 rows=82632 loops=3)
                     Filter: ((l_shipdate >= '1993-01-01'::date) AND (l_shipdate < '1994-01-01 00:00:00'::timestamp without time zone) AND (l_discount >= 0.06) AND (l_discount <= 0.08) AND (l_quantity < '100'::numeric))
                     Rows Removed by Filter: 1917773
 Planning Time: 1.522 ms
 Execution Time: 941.741 ms
(10 rows)

execute /home/pei/Project/benchmarks/JCC-H/out/skinner_explained/7.sql_explained.sql
SET
                                                                                             QUERY PLAN                                                                                              
-----------------------------------------------------------------------------------------------------------------------------------------------------------------------------------------------------
 Finalize GroupAggregate  (cost=72940.15..73769.59 rows=5980 width=248) (actual time=1923.602..1924.785 rows=4 loops=1)
   Group Key: n1.n_name, n2.n_name, (date_part('year'::text, (lineitem.l_shipdate)::timestamp without time zone))
   ->  Gather Merge  (cost=72940.15..73602.64 rows=4984 width=248) (actual time=1923.201..1929.189 rows=12 loops=1)
         Workers Planned: 2
         Workers Launched: 2
         ->  Partial GroupAggregate  (cost=71940.12..72027.34 rows=2492 width=248) (actual time=1914.700..1915.850 rows=4 loops=3)
               Group Key: n1.n_name, n2.n_name, (date_part('year'::text, (lineitem.l_shipdate)::timestamp without time zone))
               ->  Sort  (cost=71940.12..71946.35 rows=2492 width=228) (actual time=1914.307..1914.442 rows=1930 loops=3)
                     Sort Key: n1.n_name, n2.n_name, (date_part('year'::text, (lineitem.l_shipdate)::timestamp without time zone))
                     Sort Method: quicksort  Memory: 329kB
                     Worker 0:  Sort Method: quicksort  Memory: 316kB
                     Worker 1:  Sort Method: quicksort  Memory: 314kB
                     ->  Hash Join  (cost=366.36..71799.54 rows=2492 width=228) (actual time=7.656..1910.431 rows=1930 loops=3)
                           Hash Cond: (lineitem.l_suppkey = supplier.s_suppkey)
                           Join Filter: (((n1.n_name = 'UNITED STATES'::bpchar) AND (n2.n_name = 'GERMANY'::bpchar)) OR ((n1.n_name = 'GERMANY'::bpchar) AND (n2.n_name = 'UNITED STATES'::bpchar)))
                           Rows Removed by Join Filter: 1894
                           ->  Nested Loop  (cost=2.26..71101.74 rows=60116 width=124) (actual time=0.680..1884.941 rows=48207 loops=3)
                                 ->  Nested Loop  (cost=1.83..12907.07 rows=50000 width=108) (actual time=0.356..564.608 rows=39882 loops=3)
                                       ->  Hash Join  (cost=1.40..4403.27 rows=5000 width=108) (actual time=0.233..34.532 rows=3964 loops=3)
                                             Hash Cond: (customer.c_nationkey = n2.n_nationkey)
                                             ->  Parallel Seq Scan on customer  (cost=0.00..4210.00 rows=62500 width=8) (actual time=0.031..22.784 rows=50000 loops=3)
                                             ->  Hash  (cost=1.38..1.38 rows=2 width=108) (actual time=0.067..0.067 rows=2 loops=3)
                                                   Buckets: 1024  Batches: 1  Memory Usage: 9kB
                                                   ->  Seq Scan on nation n2  (cost=0.00..1.38 rows=2 width=108) (actual time=0.037..0.043 rows=2 loops=3)
                                                         Filter: ((n_name = 'GERMANY'::bpchar) OR (n_name = 'UNITED STATES'::bpchar))
                                                         Rows Removed by Filter: 23
                                       ->  Index Scan using idx_orders_custkey on orders  (cost=0.43..1.53 rows=17 width=8) (actual time=0.017..0.127 rows=10 loops=11891)
                                             Index Cond: (o_custkey = customer.c_custkey)
                                 ->  Index Scan using lineitem_pkey on lineitem  (cost=0.43..1.11 rows=5 width=24) (actual time=0.031..0.032 rows=1 loops=119645)
                                       Index Cond: (l_orderkey = orders.o_orderkey)
                                       Filter: ((l_shipdate >= '1993-01-01'::date) AND (l_shipdate <= '1994-12-31'::date))
                                       Rows Removed by Filter: 3
                           ->  Hash  (cost=354.10..354.10 rows=800 width=108) (actual time=5.612..5.612 rows=789 loops=3)
                                 Buckets: 1024  Batches: 1  Memory Usage: 56kB
                                 ->  Hash Join  (cost=1.40..354.10 rows=800 width=108) (actual time=0.116..5.216 rows=789 loops=3)
                                       Hash Cond: (supplier.s_nationkey = n1.n_nationkey)
                                       ->  Seq Scan on supplier  (cost=0.00..322.00 rows=10000 width=8) (actual time=0.027..3.446 rows=10000 loops=3)
                                       ->  Hash  (cost=1.38..1.38 rows=2 width=108) (actual time=0.028..0.028 rows=2 loops=3)
                                             Buckets: 1024  Batches: 1  Memory Usage: 9kB
                                             ->  Seq Scan on nation n1  (cost=0.00..1.38 rows=2 width=108) (actual time=0.011..0.016 rows=2 loops=3)
                                                   Filter: ((n_name = 'UNITED STATES'::bpchar) OR (n_name = 'GERMANY'::bpchar))
                                                   Rows Removed by Filter: 23
 Planning Time: 5.667 ms
 Execution Time: 1929.926 ms
(44 rows)

execute /home/pei/Project/benchmarks/JCC-H/out/skinner_explained/8.sql_explained.sql
SET
                                                                                QUERY PLAN                                                                                
--------------------------------------------------------------------------------------------------------------------------------------------------------------------------
 Finalize GroupAggregate  (cost=77405.33..77756.97 rows=2395 width=40) (actual time=32.418..32.418 rows=0 loops=1)
   Group Key: (date_part('year'::text, (orders.o_orderdate)::timestamp without time zone))
   ->  Gather Merge  (cost=77405.33..77678.13 rows=1996 width=72) (actual time=32.417..33.571 rows=0 loops=1)
         Workers Planned: 2
         Workers Launched: 2
         ->  Partial GroupAggregate  (cost=76405.31..76447.72 rows=998 width=72) (actual time=24.998..24.998 rows=0 loops=3)
               Group Key: (date_part('year'::text, (orders.o_orderdate)::timestamp without time zone))
               ->  Sort  (cost=76405.31..76407.80 rows=998 width=124) (actual time=24.997..24.997 rows=0 loops=3)
                     Sort Key: (date_part('year'::text, (orders.o_orderdate)::timestamp without time zone))
                     Sort Method: quicksort  Memory: 25kB
                     Worker 0:  Sort Method: quicksort  Memory: 25kB
                     Worker 1:  Sort Method: quicksort  Memory: 25kB
                     ->  Hash Join  (cost=5.59..76355.59 rows=998 width=124) (actual time=24.924..24.925 rows=0 loops=3)
                           Hash Cond: (supplier.s_nationkey = n2.n_nationkey)
                           ->  Nested Loop  (cost=4.03..76345.97 rows=998 width=20) (actual time=24.774..24.774 rows=0 loops=3)
                                 ->  Hash Join  (cost=3.74..76042.70 rows=1002 width=20) (actual time=24.774..24.774 rows=0 loops=3)
                                       Hash Cond: (customer.c_nationkey = n1.n_nationkey)
                                       ->  Nested Loop  (cost=1.28..76011.43 rows=5010 width=24) (actual time=24.773..24.773 rows=0 loops=3)
                                             ->  Nested Loop  (cost=0.86..73643.02 rows=5010 width=24) (actual time=24.773..24.773 rows=0 loops=3)
                                                   ->  Nested Loop  (cost=0.43..65860.85 rows=16553 width=20) (actual time=24.773..24.773 rows=0 loops=3)
                                                         ->  Parallel Seq Scan on part  (cost=0.00..5138.67 rows=552 width=4) (actual time=24.773..24.773 rows=0 loops=3)
                                                               Filter: ((p_type)::text = 'SHINY MINED GOLD'::text)
                                                               Rows Removed by Filter: 66667
                                                         ->  Index Scan using idx_lineitem_part_supp on lineitem  (cost=0.43..109.69 rows=31 width=24) (never executed)
                                                               Index Cond: (l_partkey = part.p_partkey)
                                                   ->  Index Scan using orders_pkey on orders  (cost=0.43..0.47 rows=1 width=12) (never executed)
                                                         Index Cond: (o_orderkey = lineitem.l_orderkey)
                                                         Filter: ((o_orderdate >= '1993-01-01'::date) AND (o_orderdate <= '1994-12-31'::date))
                                             ->  Index Scan using customer_pkey on customer  (cost=0.42..0.47 rows=1 width=8) (never executed)
                                                   Index Cond: (c_custkey = orders.o_custkey)
                                       ->  Hash  (cost=2.40..2.40 rows=5 width=4) (never executed)
                                             ->  Hash Join  (cost=1.07..2.40 rows=5 width=4) (never executed)
                                                   Hash Cond: (n1.n_regionkey = region.r_regionkey)
                                                   ->  Seq Scan on nation n1  (cost=0.00..1.25 rows=25 width=8) (never executed)
                                                   ->  Hash  (cost=1.06..1.06 rows=1 width=4) (never executed)
                                                         ->  Seq Scan on region  (cost=0.00..1.06 rows=1 width=4) (never executed)
                                                               Filter: (r_name = 'MIDDLE EAST'::bpchar)
                                 ->  Index Scan using supplier_pkey on supplier  (cost=0.29..0.30 rows=1 width=8) (never executed)
                                       Index Cond: (s_suppkey = lineitem.l_suppkey)
                           ->  Hash  (cost=1.25..1.25 rows=25 width=108) (actual time=0.067..0.067 rows=25 loops=3)
                                 Buckets: 1024  Batches: 1  Memory Usage: 10kB
                                 ->  Seq Scan on nation n2  (cost=0.00..1.25 rows=25 width=108) (actual time=0.033..0.038 rows=25 loops=3)
 Planning Time: 7.856 ms
 Execution Time: 34.248 ms
(44 rows)

execute /home/pei/Project/benchmarks/JCC-H/out/skinner_explained/9.sql_explained.sql
SET
                                                                            QUERY PLAN                                                                            
------------------------------------------------------------------------------------------------------------------------------------------------------------------
 Finalize GroupAggregate  (cost=6382.26..6464.52 rows=598 width=144) (actual time=39.196..39.196 rows=0 loops=1)
   Group Key: nation.n_name, (date_part('year'::text, (orders.o_orderdate)::timestamp without time zone))
   ->  Gather Merge  (cost=6382.26..6449.07 rows=498 width=144) (actual time=39.195..40.320 rows=0 loops=1)
         Workers Planned: 2
         Workers Launched: 2
         ->  Partial GroupAggregate  (cost=5382.23..5391.57 rows=249 width=144) (actual time=32.324..32.324 rows=0 loops=3)
               Group Key: nation.n_name, (date_part('year'::text, (orders.o_orderdate)::timestamp without time zone))
               ->  Sort  (cost=5382.23..5382.85 rows=249 width=135) (actual time=32.323..32.323 rows=0 loops=3)
                     Sort Key: nation.n_name, (date_part('year'::text, (orders.o_orderdate)::timestamp without time zone)) DESC
                     Sort Method: quicksort  Memory: 25kB
                     Worker 0:  Sort Method: quicksort  Memory: 25kB
                     Worker 1:  Sort Method: quicksort  Memory: 25kB
                     ->  Nested Loop  (cost=3.13..5372.32 rows=249 width=135) (actual time=32.239..32.239 rows=0 loops=3)
                           ->  Nested Loop  (cost=2.71..5255.26 rows=249 width=131) (actual time=32.239..32.239 rows=0 loops=3)
                                 Join Filter: (supplier.s_suppkey = lineitem.l_suppkey)
                                 ->  Hash Join  (cost=2.27..5218.63 rows=33 width=126) (actual time=32.239..32.239 rows=0 loops=3)
                                       Hash Cond: (supplier.s_nationkey = nation.n_nationkey)
                                       ->  Nested Loop  (cost=0.71..5216.97 rows=33 width=26) (actual time=32.238..32.238 rows=0 loops=3)
                                             ->  Nested Loop  (cost=0.42..5206.95 rows=33 width=18) (actual time=32.238..32.238 rows=0 loops=3)
                                                   ->  Parallel Seq Scan on part  (cost=0.00..5138.67 rows=8 width=4) (actual time=32.238..32.238 rows=0 loops=3)
                                                         Filter: ((p_name)::text ~~ '%shiny mined gold%'::text)
                                                         Rows Removed by Filter: 66667
                                                   ->  Index Scan using idx_partsupp_partkey on partsupp  (cost=0.42..8.50 rows=4 width=14) (never executed)
                                                         Index Cond: (ps_partkey = part.p_partkey)
                                             ->  Index Scan using supplier_pkey on supplier  (cost=0.29..0.30 rows=1 width=8) (never executed)
                                                   Index Cond: (s_suppkey = partsupp.ps_suppkey)
                                       ->  Hash  (cost=1.25..1.25 rows=25 width=108) (never executed)
                                             ->  Seq Scan on nation  (cost=0.00..1.25 rows=25 width=108) (never executed)
                                 ->  Index Scan using idx_lineitem_part_supp on lineitem  (cost=0.43..1.10 rows=1 width=29) (never executed)
                                       Index Cond: ((l_partkey = partsupp.ps_partkey) AND (l_suppkey = partsupp.ps_suppkey))
                           ->  Index Scan using orders_pkey on orders  (cost=0.43..0.47 rows=1 width=8) (never executed)
                                 Index Cond: (o_orderkey = lineitem.l_orderkey)
 Planning Time: 7.847 ms
 Execution Time: 40.866 ms
(34 rows)

execute /home/pei/Project/benchmarks/JCC-H/out/skinner_explained/10.sql_explained.sql
SET
                                                                                     QUERY PLAN                                                                                     
------------------------------------------------------------------------------------------------------------------------------------------------------------------------------------
 Sort  (cost=21298.42..21302.97 rows=1819 width=280) (actual time=108.452..108.569 rows=1584 loops=1)
   Sort Key: (sum((lineitem.l_extendedprice * ('1'::numeric - lineitem.l_discount)))) DESC
   Sort Method: quicksort  Memory: 469kB
   ->  Finalize GroupAggregate  (cost=21016.69..21199.93 rows=1819 width=280) (actual time=100.317..106.375 rows=1584 loops=1)
         Group Key: customer.c_custkey, nation.n_name
         ->  Gather Merge  (cost=21016.69..21166.49 rows=1070 width=280) (actual time=100.276..103.949 rows=1592 loops=1)
               Workers Planned: 1
               Workers Launched: 1
               ->  Partial GroupAggregate  (cost=20016.68..20046.11 rows=1070 width=280) (actual time=95.255..97.816 rows=796 loops=2)
                     Group Key: customer.c_custkey, nation.n_name
                     ->  Sort  (cost=20016.68..20019.36 rows=1070 width=260) (actual time=95.234..95.392 rows=1859 loops=2)
                           Sort Key: customer.c_custkey, nation.n_name
                           Sort Method: quicksort  Memory: 555kB
                           Worker 0:  Sort Method: quicksort  Memory: 533kB
                           ->  Hash Join  (cost=45.88..19962.84 rows=1070 width=260) (actual time=1.390..92.226 rows=1859 loops=2)
                                 Hash Cond: (customer.c_nationkey = nation.n_nationkey)
                                 ->  Nested Loop  (cost=44.31..19957.99 rows=1070 width=160) (actual time=1.277..90.721 rows=1859 loops=2)
                                       ->  Nested Loop  (cost=43.89..15136.11 rows=1070 width=16) (actual time=1.187..64.536 rows=1859 loops=2)
                                             ->  Parallel Bitmap Heap Scan on orders  (cost=43.46..5824.69 rows=1092 width=8) (actual time=1.087..21.921 rows=940 loops=2)
                                                   Recheck Cond: ((o_orderdate >= '1992-05-26'::date) AND (o_orderdate < '1992-05-29'::date))
                                                   Heap Blocks: exact=933
                                                   ->  Bitmap Index Scan on idx_orders_orderdate  (cost=0.00..43.00 rows=1857 width=0) (actual time=1.694..1.694 rows=1879 loops=1)
                                                         Index Cond: ((o_orderdate >= '1992-05-26'::date) AND (o_orderdate < '1992-05-29'::date))
                                             ->  Index Scan using idx_lineitem_orderkey on lineitem  (cost=0.43..8.49 rows=4 width=16) (actual time=0.040..0.043 rows=2 loops=1879)
                                                   Index Cond: (l_orderkey = orders.o_orderkey)
                                                   Filter: (l_returnflag = 'R'::bpchar)
                                                   Rows Removed by Filter: 2
                                       ->  Index Scan using customer_pkey on customer  (cost=0.42..4.51 rows=1 width=148) (actual time=0.013..0.013 rows=1 loops=3718)
                                             Index Cond: (c_custkey = orders.o_custkey)
                                 ->  Hash  (cost=1.25..1.25 rows=25 width=108) (actual time=0.051..0.051 rows=25 loops=2)
                                       Buckets: 1024  Batches: 1  Memory Usage: 10kB
                                       ->  Seq Scan on nation  (cost=0.00..1.25 rows=25 width=108) (actual time=0.022..0.026 rows=25 loops=2)
 Planning Time: 3.257 ms
 Execution Time: 109.586 ms
(34 rows)

execute /home/pei/Project/benchmarks/JCC-H/out/skinner_explained/11.sql_explained.sql
SET
                                                                            QUERY PLAN                                                                             
-------------------------------------------------------------------------------------------------------------------------------------------------------------------
 Sort  (cost=13433.18..13459.84 rows=10667 width=36) (actual time=458.763..458.821 rows=869 loops=1)
   Sort Key: (sum((partsupp.ps_supplycost * (partsupp.ps_availqty)::numeric))) DESC
   Sort Method: quicksort  Memory: 65kB
   InitPlan 1 (returns $2)
     ->  Aggregate  (cost=4682.49..4682.50 rows=1 width=32) (actual time=126.574..126.574 rows=1 loops=1)
           ->  Nested Loop  (cost=11.81..4442.48 rows=32000 width=10) (actual time=0.148..106.034 rows=32560 loops=1)
                 ->  Nested Loop  (cost=11.38..248.58 rows=400 width=4) (actual time=0.111..3.536 rows=407 loops=1)
                       ->  Seq Scan on nation nation_1  (cost=0.00..1.31 rows=1 width=4) (actual time=0.017..0.023 rows=1 loops=1)
                             Filter: (n_name = 'CHINA'::bpchar)
                             Rows Removed by Filter: 24
                       ->  Bitmap Heap Scan on supplier supplier_1  (cost=11.38..243.27 rows=400 width=8) (actual time=0.086..3.360 rows=407 loops=1)
                             Recheck Cond: (s_nationkey = nation_1.n_nationkey)
                             Heap Blocks: exact=186
                             ->  Bitmap Index Scan on idx_supplier_nation_key  (cost=0.00..11.29 rows=400 width=0) (actual time=0.062..0.062 rows=407 loops=1)
                                   Index Cond: (s_nationkey = nation_1.n_nationkey)
                 ->  Index Scan using idx_partsupp_suppkey on partsupp partsupp_1  (cost=0.42..9.68 rows=80 width=14) (actual time=0.017..0.231 rows=80 loops=407)
                       Index Cond: (ps_suppkey = supplier_1.s_suppkey)
   ->  GroupAggregate  (cost=6837.01..8037.01 rows=10667 width=36) (actual time=421.233..458.272 rows=869 loops=1)
         Group Key: partsupp.ps_partkey
         Filter: (sum((partsupp.ps_supplycost * (partsupp.ps_availqty)::numeric)) > $2)
         Rows Removed by Filter: 29770
         ->  Sort  (cost=6837.01..6917.01 rows=32000 width=14) (actual time=294.604..296.998 rows=32560 loops=1)
               Sort Key: partsupp.ps_partkey
               Sort Method: quicksort  Memory: 2295kB
               ->  Nested Loop  (cost=11.81..4442.48 rows=32000 width=14) (actual time=0.209..267.928 rows=32560 loops=1)
                     ->  Nested Loop  (cost=11.38..248.58 rows=400 width=4) (actual time=0.161..4.095 rows=407 loops=1)
                           ->  Seq Scan on nation  (cost=0.00..1.31 rows=1 width=4) (actual time=0.016..0.022 rows=1 loops=1)
                                 Filter: (n_name = 'CHINA'::bpchar)
                                 Rows Removed by Filter: 24
                           ->  Bitmap Heap Scan on supplier  (cost=11.38..243.27 rows=400 width=8) (actual time=0.138..3.914 rows=407 loops=1)
                                 Recheck Cond: (s_nationkey = nation.n_nationkey)
                                 Heap Blocks: exact=186
                                 ->  Bitmap Index Scan on idx_supplier_nation_key  (cost=0.00..11.29 rows=400 width=0) (actual time=0.104..0.104 rows=407 loops=1)
                                       Index Cond: (s_nationkey = nation.n_nationkey)
                     ->  Index Scan using idx_partsupp_suppkey on partsupp  (cost=0.42..9.68 rows=80 width=18) (actual time=0.025..0.614 rows=80 loops=407)
                           Index Cond: (ps_suppkey = supplier.s_suppkey)
 Planning Time: 2.490 ms
 Execution Time: 459.577 ms
(38 rows)

execute /home/pei/Project/benchmarks/JCC-H/out/skinner_explained/12.sql_explained.sql
SET
                                                                                                                                       QUERY PLAN                                                                                                                                       
----------------------------------------------------------------------------------------------------------------------------------------------------------------------------------------------------------------------------------------------------------------------------------------
 Finalize GroupAggregate  (cost=209360.10..209599.26 rows=7 width=27) (actual time=1321.707..1321.710 rows=2 loops=1)
   Group Key: lineitem.l_shipmode
   ->  Gather Merge  (cost=209360.10..209599.08 rows=14 width=27) (actual time=1319.250..1323.410 rows=6 loops=1)
         Workers Planned: 2
         Workers Launched: 2
         ->  Partial GroupAggregate  (cost=208360.07..208597.44 rows=7 width=27) (actual time=1312.946..1315.362 rows=2 loops=3)
               Group Key: lineitem.l_shipmode
               ->  Sort  (cost=208360.07..208389.74 rows=11865 width=27) (actual time=1310.490..1311.140 rows=10341 loops=3)
                     Sort Key: lineitem.l_shipmode
                     Sort Method: quicksort  Memory: 1188kB
                     Worker 0:  Sort Method: quicksort  Memory: 1186kB
                     Worker 1:  Sort Method: quicksort  Memory: 1204kB
                     ->  Parallel Hash Join  (cost=168912.70..207557.14 rows=11865 width=27) (actual time=1061.667..1301.709 rows=10341 loops=3)
                           Hash Cond: (orders.o_orderkey = lineitem.l_orderkey)
                           ->  Parallel Seq Scan on orders  (cost=0.00..32345.00 rows=625000 width=20) (actual time=0.038..148.030 rows=500000 loops=3)
                           ->  Parallel Hash  (cost=168764.39..168764.39 rows=11865 width=15) (actual time=1060.774..1060.774 rows=10341 loops=3)
                                 Buckets: 32768  Batches: 1  Memory Usage: 1760kB
                                 ->  Parallel Seq Scan on lineitem  (cost=0.00..168764.39 rows=11865 width=15) (actual time=0.156..1048.946 rows=10341 loops=3)
                                       Filter: ((l_shipmode = ANY ('{"REG AIR",FOB}'::bpchar[])) AND (l_commitdate < l_receiptdate) AND (l_shipdate < l_commitdate) AND (l_receiptdate >= '1993-01-01'::date) AND (l_receiptdate < '1994-01-01 00:00:00'::timestamp without time zone))
                                       Rows Removed by Filter: 1990064
 Planning Time: 2.157 ms
 Execution Time: 1323.841 ms
(22 rows)

execute /home/pei/Project/benchmarks/JCC-H/out/skinner_explained/13.sql_explained.sql
SET
                                                                                      QUERY PLAN                                                                                      
--------------------------------------------------------------------------------------------------------------------------------------------------------------------------------------
 Sort  (cost=161053.73..161054.23 rows=200 width=16) (actual time=4928.293..4928.295 rows=42 loops=1)
   Sort Key: (count(*)) DESC, (count(orders.o_orderkey)) DESC
   Sort Method: quicksort  Memory: 26kB
   ->  HashAggregate  (cost=161044.09..161046.09 rows=200 width=16) (actual time=4928.209..4928.217 rows=42 loops=1)
         Group Key: count(orders.o_orderkey)
         ->  Finalize GroupAggregate  (cost=1000.87..158794.09 rows=150000 width=12) (actual time=9.671..4868.305 rows=150000 loops=1)
               Group Key: customer.c_custkey
               ->  Gather Merge  (cost=1000.87..155794.09 rows=300000 width=12) (actual time=9.465..4771.977 rows=150000 loops=1)
                     Workers Planned: 2
                     Workers Launched: 2
                     ->  Partial GroupAggregate  (cost=0.85..120166.62 rows=150000 width=12) (actual time=0.454..3995.302 rows=50000 loops=3)
                           Group Key: customer.c_custkey
                           ->  Nested Loop Left Join  (cost=0.85..115573.18 rows=618687 width=8) (actual time=0.188..3791.180 rows=511342 loops=3)
                                 ->  Parallel Index Only Scan using customer_pkey on customer  (cost=0.42..6619.43 rows=62500 width=4) (actual time=0.074..51.168 rows=50000 loops=3)
                                       Heap Fetches: 150000
                                 ->  Index Scan using idx_orders_custkey on orders  (cost=0.43..1.57 rows=17 width=8) (actual time=0.008..0.071 rows=10 loops=150000)
                                       Index Cond: (o_custkey = customer.c_custkey)
                                       Filter: ((o_comment)::text !~~ '%express%deposits%'::text)
                                       Rows Removed by Filter: 0
 Planning Time: 2.168 ms
 Execution Time: 4928.843 ms
(21 rows)

execute /home/pei/Project/benchmarks/JCC-H/out/skinner_explained/14.sql_explained.sql
SET
                                                                               QUERY PLAN                                                                                
-------------------------------------------------------------------------------------------------------------------------------------------------------------------------
 Finalize Aggregate  (cost=118266.17..118266.18 rows=1 width=32) (actual time=494.609..494.609 rows=1 loops=1)
   ->  Gather  (cost=118265.93..118266.14 rows=2 width=64) (actual time=493.509..499.315 rows=3 loops=1)
         Workers Planned: 2
         Workers Launched: 2
         ->  Partial Aggregate  (cost=117265.93..117265.94 rows=1 width=64) (actual time=486.848..486.848 rows=1 loops=3)
               ->  Parallel Hash Join  (cost=110065.79..116694.64 rows=32645 width=33) (actual time=421.529..468.443 rows=25967 loops=3)
                     Hash Cond: (part.p_partkey = lineitem.l_partkey)
                     ->  Parallel Seq Scan on part  (cost=0.00..4930.33 rows=83333 width=25) (actual time=0.049..22.900 rows=66667 loops=3)
                     ->  Parallel Hash  (cost=109657.73..109657.73 rows=32645 width=16) (actual time=419.987..419.987 rows=25967 loops=3)
                           Buckets: 131072  Batches: 1  Memory Usage: 5216kB
                           ->  Parallel Bitmap Heap Scan on lineitem  (cost=2015.50..109657.73 rows=32645 width=16) (actual time=31.807..393.684 rows=25967 loops=3)
                                 Recheck Cond: ((l_shipdate >= '1995-05-01'::date) AND (l_shipdate < '1995-06-01 00:00:00'::timestamp without time zone))
                                 Heap Blocks: exact=14089
                                 ->  Bitmap Index Scan on idx_lineitem_shipdate  (cost=0.00..1995.91 rows=78348 width=0) (actual time=26.056..26.056 rows=77900 loops=1)
                                       Index Cond: ((l_shipdate >= '1995-05-01'::date) AND (l_shipdate < '1995-06-01 00:00:00'::timestamp without time zone))
 Planning Time: 2.482 ms
 Execution Time: 499.607 ms
(17 rows)

execute /home/pei/Project/benchmarks/JCC-H/out/skinner_explained/15.sql_explained.sql
SET
CREATE VIEW
                                                                                       QUERY PLAN                                                                                       
----------------------------------------------------------------------------------------------------------------------------------------------------------------------------------------
 Nested Loop  (cost=299146.69..302223.56 rows=50 width=103) (actual time=1831.843..1845.011 rows=1 loops=1)
   InitPlan 1 (returns $1)
     ->  Aggregate  (cost=150945.41..150945.42 rows=1 width=32) (actual time=916.502..916.502 rows=1 loops=1)
           ->  Finalize GroupAggregate  (cost=148200.98..150819.91 rows=10040 width=36) (actual time=883.271..915.342 rows=10000 loops=1)
                 Group Key: lineitem_1.l_suppkey
                 ->  Gather Merge  (cost=148200.98..150543.81 rows=20080 width=36) (actual time=883.259..893.552 rows=29981 loops=1)
                       Workers Planned: 2
                       Workers Launched: 2
                       ->  Sort  (cost=147200.96..147226.06 rows=10040 width=36) (actual time=875.020..875.880 rows=9994 loops=3)
                             Sort Key: lineitem_1.l_suppkey
                             Sort Method: quicksort  Memory: 1165kB
                             Worker 0:  Sort Method: quicksort  Memory: 1165kB
                             Worker 1:  Sort Method: quicksort  Memory: 1165kB
                             ->  Partial HashAggregate  (cost=146408.13..146533.63 rows=10040 width=36) (actual time=863.093..868.898 rows=9994 loops=3)
                                   Group Key: lineitem_1.l_suppkey
                                   ->  Parallel Bitmap Heap Scan on lineitem lineitem_1  (cost=5705.45..145482.51 rows=92562 width=16) (actual time=60.448..735.304 rows=75898 loops=3)
                                         Recheck Cond: ((l_shipdate >= '1993-05-01'::date) AND (l_shipdate < '1993-08-01 00:00:00'::timestamp without time zone))
                                         Rows Removed by Index Recheck: 552534
                                         Heap Blocks: exact=11866 lossy=11589
                                         ->  Bitmap Index Scan on idx_lineitem_shipdate  (cost=0.00..5649.91 rows=222148 width=0) (actual time=60.643..60.643 rows=227694 loops=1)
                                               Index Cond: ((l_shipdate >= '1993-05-01'::date) AND (l_shipdate < '1993-08-01 00:00:00'::timestamp without time zone))
   ->  Finalize GroupAggregate  (cost=148200.98..150970.51 rows=50 width=36) (actual time=1831.794..1844.961 rows=1 loops=1)
         Group Key: lineitem.l_suppkey
         Filter: (sum((lineitem.l_extendedprice * ('1'::numeric - lineitem.l_discount))) = $1)
         Rows Removed by Filter: 9999
         ->  Gather Merge  (cost=148200.98..150543.81 rows=20080 width=36) (actual time=896.142..907.004 rows=29982 loops=1)
               Workers Planned: 2
               Workers Launched: 2
               ->  Sort  (cost=147200.96..147226.06 rows=10040 width=36) (actual time=889.070..890.244 rows=9994 loops=3)
                     Sort Key: lineitem.l_suppkey
                     Sort Method: quicksort  Memory: 1166kB
                     Worker 0:  Sort Method: quicksort  Memory: 1165kB
                     Worker 1:  Sort Method: quicksort  Memory: 1165kB
                     ->  Partial HashAggregate  (cost=146408.13..146533.63 rows=10040 width=36) (actual time=877.255..883.031 rows=9994 loops=3)
                           Group Key: lineitem.l_suppkey
                           ->  Parallel Bitmap Heap Scan on lineitem  (cost=5705.45..145482.51 rows=92562 width=16) (actual time=67.308..749.513 rows=75898 loops=3)
                                 Recheck Cond: ((l_shipdate >= '1993-05-01'::date) AND (l_shipdate < '1993-08-01 00:00:00'::timestamp without time zone))
                                 Rows Removed by Index Recheck: 552534
                                 Heap Blocks: exact=10736 lossy=11044
                                 ->  Bitmap Index Scan on idx_lineitem_shipdate  (cost=0.00..5649.91 rows=222148 width=0) (actual time=65.826..65.826 rows=227694 loops=1)
                                       Index Cond: ((l_shipdate >= '1993-05-01'::date) AND (l_shipdate < '1993-08-01 00:00:00'::timestamp without time zone))
   ->  Index Scan using supplier_pkey on supplier  (cost=0.29..6.14 rows=1 width=71) (actual time=0.045..0.045 rows=1 loops=1)
         Index Cond: (s_suppkey = lineitem.l_suppkey)
 Planning Time: 2.528 ms
 Execution Time: 1852.096 ms
(45 rows)

DROP VIEW
execute /home/pei/Project/benchmarks/JCC-H/out/skinner_explained/16.sql_explained.sql
SET
                                                                                         QUERY PLAN                                                                                          
---------------------------------------------------------------------------------------------------------------------------------------------------------------------------------------------
 Sort  (cost=42566.75..42606.95 rows=16081 width=44) (actual time=900.099..901.279 rows=18337 loops=1)
   Sort Key: (count(DISTINCT partsupp.ps_suppkey)) DESC, part.p_brand, part.p_type, part.p_size
   Sort Method: quicksort  Memory: 2217kB
   ->  GroupAggregate  (cost=40530.46..41443.25 rows=16081 width=44) (actual time=693.690..819.789 rows=18337 loops=1)
         Group Key: part.p_brand, part.p_type, part.p_size
         ->  Sort  (cost=40530.46..40680.86 rows=60158 width=40) (actual time=693.666..759.101 rows=119466 loops=1)
               Sort Key: part.p_brand, part.p_type, part.p_size
               Sort Method: external merge  Disk: 6104kB
               ->  Gather  (cost=7684.00..35754.98 rows=60158 width=40) (actual time=62.928..266.061 rows=119466 loops=1)
                     Workers Planned: 2
                     Workers Launched: 2
                     ->  Parallel Hash Join  (cost=6684.00..28739.18 rows=25066 width=40) (actual time=56.563..244.591 rows=39822 loops=3)
                           Hash Cond: (partsupp.ps_partkey = part.p_partkey)
                           ->  Parallel Seq Scan on partsupp  (cost=347.00..21964.67 rows=166667 width=8) (actual time=8.658..148.542 rows=266560 loops=3)
                                 Filter: (NOT (hashed SubPlan 1))
                                 Rows Removed by Filter: 107
                                 SubPlan 1
                                   ->  Seq Scan on supplier  (cost=0.00..347.00 rows=1 width=4) (actual time=0.303..8.596 rows=4 loops=3)
                                         Filter: ((s_comment)::text ~~ '%Customer%Complaints%'::text)
                                         Rows Removed by Filter: 9996
                           ->  Parallel Hash  (cost=6180.33..6180.33 rows=12533 width=40) (actual time=47.464..47.464 rows=9959 loops=3)
                                 Buckets: 32768  Batches: 1  Memory Usage: 2528kB
                                 ->  Parallel Seq Scan on part  (cost=0.00..6180.33 rows=12533 width=40) (actual time=0.053..38.969 rows=9959 loops=3)
                                       Filter: ((p_brand <> 'Brand#21'::bpchar) AND ((p_type)::text !~~ 'LARGE BURNISHED%'::text) AND (p_size = ANY ('{26,35,38,45,10,37,8,1}'::integer[])))
                                       Rows Removed by Filter: 56707
 Planning Time: 2.743 ms
 Execution Time: 904.856 ms
(27 rows)

execute /home/pei/Project/benchmarks/JCC-H/out/skinner_explained/17.sql_explained.sql
SET
                                                                       QUERY PLAN                                                                       
--------------------------------------------------------------------------------------------------------------------------------------------------------
 Aggregate  (cost=195920.86..195920.87 rows=1 width=32) (actual time=2999.006..2999.006 rows=1 loops=1)
   ->  Hash Join  (cost=6370.96..195915.53 rows=2130 width=8) (actual time=37.068..2998.817 rows=570 loops=1)
         Hash Cond: (lineitem.l_partkey = part.p_partkey)
         Join Filter: (lineitem.l_quantity < (SubPlan 1))
         Rows Removed by Join Filter: 5714
         ->  Seq Scan on lineitem  (cost=0.00..172515.15 rows=6001215 width=17) (actual time=0.036..1667.782 rows=6001215 loops=1)
         ->  Hash  (cost=6368.30..6368.30 rows=213 width=4) (actual time=34.455..34.455 rows=207 loops=1)
               Buckets: 1024  Batches: 1  Memory Usage: 16kB
               ->  Gather  (cost=1000.00..6368.30 rows=213 width=4) (actual time=1.343..34.453 rows=207 loops=1)
                     Workers Planned: 2
                     Workers Launched: 2
                     ->  Parallel Seq Scan on part  (cost=0.00..5347.00 rows=89 width=4) (actual time=0.515..28.415 rows=69 loops=3)
                           Filter: ((p_brand = 'Brand#55'::bpchar) AND (p_container = 'LG BOX'::bpchar))
                           Rows Removed by Filter: 66598
         SubPlan 1
           ->  Aggregate  (cost=127.60..127.61 rows=1 width=32) (actual time=0.080..0.080 rows=1 loops=6284)
                 ->  Bitmap Heap Scan on lineitem lineitem_1  (cost=4.67..127.52 rows=31 width=5) (actual time=0.016..0.064 rows=31 loops=6284)
                       Recheck Cond: (l_partkey = part.p_partkey)
                       Heap Blocks: exact=196800
                       ->  Bitmap Index Scan on idx_lineitem_part_supp  (cost=0.00..4.67 rows=31 width=0) (actual time=0.010..0.010 rows=31 loops=6284)
                             Index Cond: (l_partkey = part.p_partkey)
 Planning Time: 1.899 ms
 Execution Time: 2999.492 ms
(23 rows)

execute /home/pei/Project/benchmarks/JCC-H/out/skinner_explained/18.sql_explained.sql
SET
                                                                                                        QUERY PLAN                                                                                                         
---------------------------------------------------------------------------------------------------------------------------------------------------------------------------------------------------------------------------
 Sort  (cost=599988.69..601302.86 rows=525670 width=71) (actual time=8189.335..8189.335 rows=0 loops=1)
   Sort Key: orders.o_totalprice DESC, orders.o_orderdate
   Sort Method: quicksort  Memory: 25kB
   ->  Finalize GroupAggregate  (cost=462034.19..528476.56 rows=525670 width=71) (actual time=8189.283..8189.283 rows=0 loops=1)
         Group Key: customer.c_custkey, orders.o_orderkey
         ->  Gather Merge  (cost=462034.19..517525.10 rows=438058 width=71) (actual time=8189.282..8195.097 rows=0 loops=1)
               Workers Planned: 2
               Workers Launched: 2
               ->  Partial GroupAggregate  (cost=461034.16..465962.32 rows=219029 width=71) (actual time=8182.308..8182.308 rows=0 loops=3)
                     Group Key: customer.c_custkey, orders.o_orderkey
                     ->  Sort  (cost=461034.16..461581.74 rows=219029 width=44) (actual time=8182.307..8182.307 rows=0 loops=3)
                           Sort Key: customer.c_custkey, orders.o_orderkey
                           Sort Method: quicksort  Memory: 25kB
                           Worker 0:  Sort Method: quicksort  Memory: 25kB
                           Worker 1:  Sort Method: quicksort  Memory: 25kB
                           ->  Nested Loop  (cost=327808.40..434864.46 rows=219029 width=44) (actual time=8182.244..8182.244 rows=0 loops=3)
                                 ->  Parallel Hash Join  (cost=327807.97..369777.30 rows=54746 width=43) (actual time=8182.243..8182.244 rows=0 loops=3)
                                       Hash Cond: (orders.o_custkey = customer.c_custkey)
                                       ->  Hash Join  (cost=322816.72..364642.34 rows=54746 width=24) (actual time=8118.279..8118.279 rows=0 loops=3)
                                             Hash Cond: (orders.o_orderkey = lineitem_1.l_orderkey)
                                             ->  Parallel Seq Scan on orders  (cost=0.00..32345.00 rows=625000 width=20) (actual time=0.040..0.040 rows=1 loops=3)
                                             ->  Hash  (cost=320660.33..320660.33 rows=131391 width=4) (actual time=8115.982..8115.983 rows=0 loops=3)
                                                   Buckets: 131072  Batches: 2  Memory Usage: 1024kB
                                                   ->  GroupAggregate  (cost=0.43..319346.42 rows=131391 width=4) (actual time=8115.981..8115.981 rows=0 loops=3)
                                                         Group Key: lineitem_1.l_orderkey
                                                         Filter: (sum(lineitem_1.l_quantity) > '814'::numeric)
                                                         Rows Removed by Filter: 1500000
                                                         ->  Index Scan using idx_lineitem_orderkey on lineitem lineitem_1  (cost=0.43..283427.74 rows=6001215 width=9) (actual time=0.035..6062.098 rows=6001215 loops=3)
                                                               Filter: (l_quantity <= '100'::numeric)
                                       ->  Parallel Hash  (cost=4210.00..4210.00 rows=62500 width=23) (actual time=61.835..61.835 rows=50000 loops=3)
                                             Buckets: 262144  Batches: 1  Memory Usage: 10304kB
                                             ->  Parallel Seq Scan on customer  (cost=0.00..4210.00 rows=62500 width=23) (actual time=0.031..30.962 rows=50000 loops=3)
                                 ->  Index Scan using lineitem_pkey on lineitem  (cost=0.43..1.04 rows=15 width=9) (never executed)
                                       Index Cond: (l_orderkey = orders.o_orderkey)
 Planning Time: 3.167 ms
 Execution Time: 8195.715 ms
(36 rows)

execute /home/pei/Project/benchmarks/JCC-H/out/skinner_explained/19.sql_explained.sql
SET
                                                                                                                                                                                                                                                                                                                                                                                                                                                                                                              QUERY PLAN                                                                                                                                                                                                                                                                                                                                                                                                                                                                                                              
--------------------------------------------------------------------------------------------------------------------------------------------------------------------------------------------------------------------------------------------------------------------------------------------------------------------------------------------------------------------------------------------------------------------------------------------------------------------------------------------------------------------------------------------------------------------------------------------------------------------------------------------------------------------------------------------------------------------------------------------------------------------------------------------------------------------------------------------------------------------------------------------------------------------------------------------------------------------------------------------------------------------------------------
 Finalize Aggregate  (cost=21574.99..21575.00 rows=1 width=32) (actual time=114.252..114.253 rows=1 loops=1)
   ->  Gather  (cost=21574.77..21574.98 rows=2 width=32) (actual time=113.887..117.168 rows=3 loops=1)
         Workers Planned: 2
         Workers Launched: 2
         ->  Partial Aggregate  (cost=20574.77..20574.78 rows=1 width=32) (actual time=106.952..106.952 rows=1 loops=3)
               ->  Nested Loop  (cost=4.65..20574.63 rows=18 width=12) (actual time=5.861..106.912 rows=14 loops=3)
                     ->  Parallel Seq Scan on part  (cost=0.00..7638.67 rows=103 width=30) (actual time=0.524..37.470 rows=80 loops=3)
                           Filter: ((p_size >= 1) AND (((p_brand = 'Brand#00'::bpchar) AND (p_container = ANY ('{"SM CASE","SM BOX","SM PACK","SM PKG"}'::bpchar[])) AND (p_size <= 5)) OR ((p_brand = 'Brand#00'::bpchar) AND (p_container = ANY ('{"MED BAG","MED BOX","MED PKG","MED PACK"}'::bpchar[])) AND (p_size <= 10)) OR ((p_brand = 'Brand#55'::bpchar) AND (p_container = ANY ('{"LG CASE","LG BOX","LG PACK","LG PKG"}'::bpchar[])) AND (p_size <= 15))))
                           Rows Removed by Filter: 66587
                     ->  Bitmap Heap Scan on lineitem  (cost=4.65..125.58 rows=1 width=21) (actual time=0.807..0.865 rows=0 loops=239)
                           Recheck Cond: (l_partkey = part.p_partkey)
                           Filter: ((l_shipmode = ANY ('{AIR,"AIR REG"}'::bpchar[])) AND (l_shipinstruct = 'DELIVER IN PERSON'::bpchar) AND (((l_quantity >= '1'::numeric) AND (l_quantity <= '11'::numeric)) OR ((l_quantity >= '17'::numeric) AND (l_quantity <= '27'::numeric)) OR ((l_quantity >= '43'::numeric) AND (l_quantity <= '53'::numeric))) AND (((part.p_brand = 'Brand#00'::bpchar) AND (part.p_container = ANY ('{"SM CASE","SM BOX","SM PACK","SM PKG"}'::bpchar[])) AND (l_quantity >= '1'::numeric) AND (l_quantity <= '11'::numeric) AND (part.p_size <= 5)) OR ((part.p_brand = 'Brand#00'::bpchar) AND (part.p_container = ANY ('{"MED BAG","MED BOX","MED PKG","MED PACK"}'::bpchar[])) AND (l_quantity >= '17'::numeric) AND (l_quantity <= '27'::numeric) AND (part.p_size <= 10)) OR ((part.p_brand = 'Brand#55'::bpchar) AND (part.p_container = ANY ('{"LG CASE","LG BOX","LG PACK","LG PKG"}'::bpchar[])) AND (l_quantity >= '43'::numeric) AND (l_quantity <= '53'::numeric) AND (part.p_size <= 15))))
                           Rows Removed by Filter: 30
                           Heap Blocks: exact=2546
                           ->  Bitmap Index Scan on idx_lineitem_part_supp  (cost=0.00..4.65 rows=31 width=0) (actual time=0.043..0.043 rows=30 loops=239)
                                 Index Cond: (l_partkey = part.p_partkey)
 Planning Time: 3.504 ms
 Execution Time: 117.497 ms
(18 rows)

execute /home/pei/Project/benchmarks/JCC-H/out/skinner_explained/1.sql_explained.sql
SET
psql:/home/pei/Project/benchmarks/JCC-H/out/skinner_explained/1.sql_explained.sql:29: ERROR:  syntax error at or near "("
LINE 15:  l_shipdate <= date '1998-12-01' - interval '108' day (3)
                                                               ^
execute /home/pei/Project/benchmarks/JCC-H/out/skinner_explained/20.sql_explained.sql
SET
                                                                            QUERY PLAN                                                                            
------------------------------------------------------------------------------------------------------------------------------------------------------------------
 Sort  (cost=7001.80..7001.81 rows=1 width=51) (actual time=30.320..30.320 rows=0 loops=1)
   Sort Key: supplier.s_name
   Sort Method: quicksort  Memory: 25kB
   ->  Hash Join  (cost=6990.84..7001.79 rows=1 width=51) (actual time=30.258..30.258 rows=0 loops=1)
         Hash Cond: (supplier.s_nationkey = nation.n_nationkey)
         ->  Nested Loop  (cost=6989.52..7000.39 rows=27 width=55) (actual time=30.161..30.161 rows=0 loops=1)
               ->  HashAggregate  (cost=6989.23..6989.50 rows=27 width=4) (actual time=30.160..30.160 rows=0 loops=1)
                     Group Key: partsupp.ps_suppkey
                     ->  Nested Loop  (cost=1000.42..6989.17 rows=27 width=4) (actual time=30.159..30.159 rows=0 loops=1)
                           ->  Gather  (cost=1000.00..6140.67 rows=20 width=4) (actual time=30.159..31.165 rows=0 loops=1)
                                 Workers Planned: 2
                                 Workers Launched: 2
                                 ->  Parallel Seq Scan on part  (cost=0.00..5138.67 rows=8 width=4) (actual time=24.609..24.609 rows=0 loops=3)
                                       Filter: ((p_name)::text ~~ 'shiny mined g%'::text)
                                       Rows Removed by Filter: 66667
                           ->  Index Scan using idx_partsupp_partkey on partsupp  (cost=0.42..42.41 rows=1 width=8) (never executed)
                                 Index Cond: (ps_partkey = part.p_partkey)
                                 Filter: ((ps_availqty)::numeric > (SubPlan 1))
                                 SubPlan 1
                                   ->  Aggregate  (cost=8.46..8.47 rows=1 width=32) (never executed)
                                         ->  Index Scan using idx_lineitem_part_supp on lineitem  (cost=0.43..8.46 rows=1 width=5) (never executed)
                                               Index Cond: ((l_partkey = partsupp.ps_partkey) AND (l_suppkey = partsupp.ps_suppkey))
                                               Filter: ((l_shipdate >= '1993-01-01'::date) AND (l_shipdate < '1994-01-01 00:00:00'::timestamp without time zone))
               ->  Index Scan using supplier_pkey on supplier  (cost=0.29..0.40 rows=1 width=59) (never executed)
                     Index Cond: (s_suppkey = partsupp.ps_suppkey)
         ->  Hash  (cost=1.31..1.31 rows=1 width=4) (actual time=0.053..0.053 rows=1 loops=1)
               Buckets: 1024  Batches: 1  Memory Usage: 9kB
               ->  Seq Scan on nation  (cost=0.00..1.31 rows=1 width=4) (actual time=0.033..0.035 rows=1 loops=1)
                     Filter: (n_name = 'MOROCCO'::bpchar)
                     Rows Removed by Filter: 24
 Planning Time: 3.531 ms
 Execution Time: 31.743 ms
(32 rows)

execute /home/pei/Project/benchmarks/JCC-H/out/skinner_explained/21.sql_explained.sql
SET
                                                                                           QUERY PLAN                                                                                            
-------------------------------------------------------------------------------------------------------------------------------------------------------------------------------------------------
 Sort  (cost=169890.75..169890.76 rows=1 width=34) (actual time=1809.982..1810.009 rows=415 loops=1)
   Sort Key: (count(*)) DESC, supplier.s_name
   Sort Method: quicksort  Memory: 57kB
   ->  GroupAggregate  (cost=169890.72..169890.74 rows=1 width=34) (actual time=1807.498..1808.616 rows=415 loops=1)
         Group Key: supplier.s_name
         ->  Sort  (cost=169890.72..169890.73 rows=1 width=26) (actual time=1807.487..1807.782 rows=4112 loops=1)
               Sort Key: supplier.s_name
               Sort Method: quicksort  Memory: 514kB
               ->  Nested Loop  (cost=1254.87..169890.71 rows=1 width=26) (actual time=6.841..1786.729 rows=4112 loops=1)
                     ->  Nested Loop Semi Join  (cost=1254.44..169890.20 rows=1 width=34) (actual time=6.761..1602.643 rows=8423 loops=1)
                           ->  Gather  (cost=1254.01..169889.19 rows=1 width=34) (actual time=6.729..1501.901 rows=14099 loops=1)
                                 Workers Planned: 2
                                 Workers Launched: 2
                                 ->  Nested Loop Anti Join  (cost=254.01..168889.09 rows=1 width=34) (actual time=3.766..1679.548 rows=4700 loops=3)
                                       ->  Hash Join  (cost=253.58..147470.61 rows=33207 width=34) (actual time=3.235..1094.073 rows=52665 loops=3)
                                             Hash Cond: (l1.l_suppkey = supplier.s_suppkey)
                                             ->  Parallel Seq Scan on lineitem l1  (cost=0.00..143759.33 rows=833502 width=8) (actual time=0.052..911.268 rows=1264432 loops=3)
                                                   Filter: (l_receiptdate > l_commitdate)
                                                   Rows Removed by Filter: 735973
                                             ->  Hash  (cost=248.58..248.58 rows=400 width=30) (actual time=2.986..2.986 rows=415 loops=3)
                                                   Buckets: 1024  Batches: 1  Memory Usage: 34kB
                                                   ->  Nested Loop  (cost=11.38..248.58 rows=400 width=30) (actual time=0.188..2.710 rows=415 loops=3)
                                                         ->  Seq Scan on nation  (cost=0.00..1.31 rows=1 width=4) (actual time=0.033..0.037 rows=1 loops=3)
                                                               Filter: (n_name = 'EGYPT'::bpchar)
                                                               Rows Removed by Filter: 24
                                                         ->  Bitmap Heap Scan on supplier  (cost=11.38..243.27 rows=400 width=34) (actual time=0.145..2.537 rows=415 loops=3)
                                                               Recheck Cond: (s_nationkey = nation.n_nationkey)
                                                               Heap Blocks: exact=183
                                                               ->  Bitmap Index Scan on idx_supplier_nation_key  (cost=0.00..11.29 rows=400 width=0) (actual time=0.108..0.108 rows=415 loops=3)
                                                                     Index Cond: (s_nationkey = nation.n_nationkey)
                                       ->  Index Scan using lineitem_pkey on lineitem l3  (cost=0.43..1.03 rows=5 width=8) (actual time=0.010..0.010 rows=1 loops=157994)
                                             Index Cond: (l_orderkey = l1.l_orderkey)
                                             Filter: ((l_receiptdate > l_commitdate) AND (l_suppkey <> l1.l_suppkey))
                                             Rows Removed by Filter: 1
                           ->  Index Scan using lineitem_pkey on lineitem l2  (cost=0.43..0.99 rows=15 width=8) (actual time=0.006..0.006 rows=1 loops=14099)
                                 Index Cond: (l_orderkey = l1.l_orderkey)
                                 Filter: (l_suppkey <> l1.l_suppkey)
                                 Rows Removed by Filter: 1
                     ->  Index Scan using orders_pkey on orders  (cost=0.43..0.51 rows=1 width=4) (actual time=0.021..0.021 rows=0 loops=8423)
                           Index Cond: (o_orderkey = l1.l_orderkey)
                           Filter: (o_orderstatus = 'F'::bpchar)
                           Rows Removed by Filter: 1
 Planning Time: 4.361 ms
 Execution Time: 1810.753 ms
(44 rows)

execute /home/pei/Project/benchmarks/JCC-H/out/skinner_explained/22.sql_explained.sql
SET
                                                                            QUERY PLAN                                                                             
-------------------------------------------------------------------------------------------------------------------------------------------------------------------
 Finalize GroupAggregate  (cost=15870.27..15965.73 rows=715 width=72) (actual time=173.529..173.534 rows=2 loops=1)
   Group Key: ("substring"((customer.c_phone)::text, 1, 2))
   InitPlan 1 (returns $1)
     ->  Finalize Aggregate  (cost=6230.80..6230.81 rows=1 width=32) (actual time=67.308..67.308 rows=1 loops=1)
           ->  Gather  (cost=6230.58..6230.79 rows=2 width=32) (actual time=67.168..67.456 rows=3 loops=1)
                 Workers Planned: 2
                 Workers Launched: 2
                 ->  Partial Aggregate  (cost=5230.58..5230.59 rows=1 width=32) (actual time=61.103..61.103 rows=1 loops=3)
                       ->  Parallel Seq Scan on customer customer_1  (cost=0.00..5225.62 rows=1981 width=6) (actual time=0.052..60.010 rows=3616 loops=3)
                             Filter: ((c_acctbal > 0.00) AND ("substring"((c_phone)::text, 1, 2) = ANY ('{40,50,60,70,80,27,20}'::text[])))
                             Rows Removed by Filter: 46384
   ->  Gather Merge  (cost=9639.46..9716.45 rows=596 width=72) (actual time=173.378..178.898 rows=6 loops=1)
         Workers Planned: 2
         Params Evaluated: $1
         Workers Launched: 2
         ->  Partial GroupAggregate  (cost=8639.43..8647.63 rows=298 width=72) (actual time=98.747..98.856 rows=2 loops=3)
               Group Key: ("substring"((customer.c_phone)::text, 1, 2))
               ->  Sort  (cost=8639.43..8640.18 rows=298 width=38) (actual time=98.632..98.670 rows=599 loops=3)
                     Sort Key: ("substring"((customer.c_phone)::text, 1, 2))
                     Sort Method: quicksort  Memory: 55kB
                     Worker 0:  Sort Method: quicksort  Memory: 53kB
                     Worker 1:  Sort Method: quicksort  Memory: 50kB
                     ->  Nested Loop Anti Join  (cost=0.43..8627.19 rows=298 width=38) (actual time=0.443..97.987 rows=599 loops=3)
                           ->  Parallel Seq Scan on customer  (cost=0.00..5225.62 rows=729 width=26) (actual time=0.039..43.989 rows=1806 loops=3)
                                 Filter: ((c_acctbal > $1) AND ("substring"((c_phone)::text, 1, 2) = ANY ('{40,50,60,70,80,27,20}'::text[])))
                                 Rows Removed by Filter: 48194
                           ->  Index Only Scan using idx_orders_custkey on orders  (cost=0.43..47.34 rows=17 width=4) (actual time=0.028..0.028 rows=1 loops=5418)
                                 Index Cond: (o_custkey = customer.c_custkey)
                                 Heap Fetches: 3622
 Planning Time: 2.685 ms
 Execution Time: 179.529 ms
(31 rows)

execute /home/pei/Project/benchmarks/JCC-H/out/skinner_explained/2.sql_explained.sql
SET
                                                                                QUERY PLAN                                                                                
--------------------------------------------------------------------------------------------------------------------------------------------------------------------------
 Sort  (cost=6532.22..6532.23 rows=1 width=270) (actual time=38.671..38.671 rows=0 loops=1)
   Sort Key: supplier.s_acctbal DESC, nation.n_name, supplier.s_name, part.p_partkey
   Sort Method: quicksort  Memory: 25kB
   ->  Nested Loop  (cost=1001.78..6532.21 rows=1 width=270) (actual time=38.566..38.566 rows=0 loops=1)
         Join Filter: (nation.n_nationkey = supplier.s_nationkey)
         ->  Nested Loop  (cost=1000.71..6529.75 rows=1 width=170) (actual time=38.566..38.566 rows=0 loops=1)
               ->  Nested Loop  (cost=1000.42..6529.45 rows=1 width=34) (actual time=38.565..38.566 rows=0 loops=1)
                     ->  Gather  (cost=1000.00..6347.10 rows=1 width=30) (actual time=38.565..39.713 rows=0 loops=1)
                           Workers Planned: 2
                           Workers Launched: 2
                           ->  Parallel Seq Scan on part  (cost=0.00..5347.00 rows=1 width=30) (actual time=32.816..32.816 rows=0 loops=3)
                                 Filter: (((p_type)::text ~~ '%INED GOLD'::text) AND (p_size = 1))
                                 Rows Removed by Filter: 66667
                     ->  Index Scan using idx_partsupp_partkey on partsupp  (cost=0.42..182.34 rows=1 width=14) (never executed)
                           Index Cond: (ps_partkey = part.p_partkey)
                           Filter: ((SubPlan 1) = ps_supplycost)
                           SubPlan 1
                             ->  Aggregate  (cost=43.45..43.46 rows=1 width=32) (never executed)
                                   ->  Nested Loop  (cost=0.85..43.45 rows=1 width=6) (never executed)
                                         Join Filter: (nation_1.n_regionkey = region_1.r_regionkey)
                                         ->  Seq Scan on region region_1  (cost=0.00..1.06 rows=1 width=4) (never executed)
                                               Filter: (r_name = 'AFRICA'::bpchar)
                                         ->  Nested Loop  (cost=0.85..42.33 rows=4 width=10) (never executed)
                                               ->  Nested Loop  (cost=0.71..41.71 rows=4 width=10) (never executed)
                                                     ->  Index Scan using idx_partsupp_partkey on partsupp partsupp_1  (cost=0.42..8.50 rows=4 width=10) (never executed)
                                                           Index Cond: (ps_partkey = part.p_partkey)
                                                     ->  Index Scan using supplier_pkey on supplier supplier_1  (cost=0.29..8.30 rows=1 width=8) (never executed)
                                                           Index Cond: (s_suppkey = partsupp_1.ps_suppkey)
                                               ->  Index Scan using nation_pkey on nation nation_1  (cost=0.14..0.16 rows=1 width=8) (never executed)
                                                     Index Cond: (n_nationkey = supplier_1.s_nationkey)
               ->  Index Scan using supplier_pkey on supplier  (cost=0.29..0.30 rows=1 width=144) (never executed)
                     Index Cond: (s_suppkey = partsupp.ps_suppkey)
         ->  Hash Join  (cost=1.07..2.40 rows=5 width=108) (never executed)
               Hash Cond: (nation.n_regionkey = region.r_regionkey)
               ->  Seq Scan on nation  (cost=0.00..1.25 rows=25 width=112) (never executed)
               ->  Hash  (cost=1.06..1.06 rows=1 width=4) (never executed)
                     ->  Seq Scan on region  (cost=0.00..1.06 rows=1 width=4) (never executed)
                           Filter: (r_name = 'AFRICA'::bpchar)
 Planning Time: 4.915 ms
 Execution Time: 40.320 ms
(40 rows)

execute /home/pei/Project/benchmarks/JCC-H/out/skinner_explained/3.sql_explained.sql
SET
                                                                                      QUERY PLAN                                                                                      
--------------------------------------------------------------------------------------------------------------------------------------------------------------------------------------
 Sort  (cost=167797.46..168322.45 rows=209997 width=44) (actual time=1010.320..1011.163 rows=11343 loops=1)
   Sort Key: (sum((lineitem.l_extendedprice * ('1'::numeric - lineitem.l_discount)))) DESC, orders.o_orderdate
   Sort Method: quicksort  Memory: 1271kB
   ->  Finalize GroupAggregate  (cost=115136.20..142772.72 rows=209997 width=44) (actual time=973.273..1002.199 rows=11343 loops=1)
         Group Key: lineitem.l_orderkey, orders.o_orderdate, orders.o_shippriority
         ->  Gather Merge  (cost=115136.20..137960.28 rows=174998 width=44) (actual time=973.258..989.941 rows=11343 loops=1)
               Workers Planned: 2
               Workers Launched: 2
               ->  Partial GroupAggregate  (cost=114136.17..116761.14 rows=87499 width=44) (actual time=966.104..976.422 rows=3781 loops=3)
                     Group Key: lineitem.l_orderkey, orders.o_orderdate, orders.o_shippriority
                     ->  Sort  (cost=114136.17..114354.92 rows=87499 width=24) (actual time=966.082..966.754 rows=10008 loops=3)
                           Sort Key: lineitem.l_orderkey, orders.o_orderdate, orders.o_shippriority
                           Sort Method: quicksort  Memory: 1207kB
                           Worker 0:  Sort Method: quicksort  Memory: 1113kB
                           Worker 1:  Sort Method: quicksort  Memory: 1179kB
                           ->  Nested Loop  (cost=10526.33..105158.33 rows=87499 width=24) (actual time=86.818..956.882 rows=10008 loops=3)
                                 ->  Parallel Hash Join  (cost=10525.90..38638.46 rows=26999 width=12) (actual time=86.413..376.474 rows=21278 loops=3)
                                       Hash Cond: (orders.o_custkey = customer.c_custkey)
                                       ->  Parallel Bitmap Heap Scan on orders  (cost=6001.52..33763.92 rows=133392 width=16) (actual time=52.981..279.851 rows=106243 loops=3)
                                             Recheck Cond: (o_orderdate < '1993-05-29'::date)
                                             Heap Blocks: exact=8939
                                             ->  Bitmap Index Scan on idx_orders_orderdate  (cost=0.00..5921.48 rows=320141 width=0) (actual time=47.628..47.628 rows=318729 loops=1)
                                                   Index Cond: (o_orderdate < '1993-05-29'::date)
                                       ->  Parallel Hash  (cost=4366.25..4366.25 rows=12650 width=4) (actual time=32.743..32.743 rows=9983 loops=3)
                                             Buckets: 32768  Batches: 1  Memory Usage: 1472kB
                                             ->  Parallel Seq Scan on customer  (cost=0.00..4366.25 rows=12650 width=4) (actual time=0.024..26.783 rows=9983 loops=3)
                                                   Filter: (c_mktsegment = 'MACHINERY'::bpchar)
                                                   Rows Removed by Filter: 40017
                                 ->  Index Scan using lineitem_pkey on lineitem  (cost=0.43..2.34 rows=12 width=16) (actual time=0.026..0.026 rows=0 loops=63835)
                                       Index Cond: (l_orderkey = orders.o_orderkey)
                                       Filter: (l_shipdate > '1993-05-29'::date)
                                       Rows Removed by Filter: 4
 Planning Time: 2.973 ms
 Execution Time: 1014.233 ms
(34 rows)

execute /home/pei/Project/benchmarks/JCC-H/out/skinner_explained/4.sql_explained.sql
SET
                                                                               QUERY PLAN                                                                               
------------------------------------------------------------------------------------------------------------------------------------------------------------------------
 Finalize GroupAggregate  (cost=64722.70..64769.93 rows=5 width=24) (actual time=717.597..720.729 rows=5 loops=1)
   Group Key: orders.o_orderpriority
   ->  Gather Merge  (cost=64722.70..64769.83 rows=10 width=24) (actual time=716.764..725.027 rows=15 loops=1)
         Workers Planned: 2
         Workers Launched: 2
         ->  Partial GroupAggregate  (cost=63722.68..63768.65 rows=5 width=24) (actual time=710.001..713.173 rows=5 loops=3)
               Group Key: orders.o_orderpriority
               ->  Sort  (cost=63722.68..63737.98 rows=6123 width=16) (actual time=709.189..710.368 rows=17575 loops=3)
                     Sort Key: orders.o_orderpriority
                     Sort Method: quicksort  Memory: 1584kB
                     Worker 0:  Sort Method: quicksort  Memory: 1589kB
                     Worker 1:  Sort Method: quicksort  Memory: 1604kB
                     ->  Nested Loop Semi Join  (cost=1190.06..63337.54 rows=6123 width=16) (actual time=15.225..692.353 rows=17575 loops=3)
                           ->  Parallel Bitmap Heap Scan on orders  (cost=1189.63..27634.14 rows=23301 width=20) (actual time=15.132..195.956 rows=19158 loops=3)
                                 Recheck Cond: ((o_orderdate >= '1994-06-01'::date) AND (o_orderdate < '1994-09-01 00:00:00'::timestamp without time zone))
                                 Heap Blocks: exact=7670
                                 ->  Bitmap Index Scan on idx_orders_orderdate  (cost=0.00..1175.65 rows=55922 width=0) (actual time=16.090..16.091 rows=57474 loops=1)
                                       Index Cond: ((o_orderdate >= '1994-06-01'::date) AND (o_orderdate < '1994-09-01 00:00:00'::timestamp without time zone))
                           ->  Index Scan using idx_lineitem_orderkey on lineitem  (cost=0.43..5.11 rows=5 width=4) (actual time=0.024..0.024 rows=1 loops=57474)
                                 Index Cond: (l_orderkey = orders.o_orderkey)
                                 Filter: (l_commitdate < l_receiptdate)
                                 Rows Removed by Filter: 1
 Planning Time: 2.564 ms
 Execution Time: 725.486 ms
(24 rows)

execute /home/pei/Project/benchmarks/JCC-H/out/skinner_explained/5.sql_explained.sql
SET
                                                                                   QUERY PLAN                                                                                   
--------------------------------------------------------------------------------------------------------------------------------------------------------------------------------
 Sort  (cost=85981.88..85981.94 rows=25 width=136) (actual time=1652.209..1652.210 rows=5 loops=1)
   Sort Key: (sum((lineitem.l_extendedprice * ('1'::numeric - lineitem.l_discount)))) DESC
   Sort Method: quicksort  Memory: 25kB
   ->  Finalize GroupAggregate  (cost=85937.25..85981.30 rows=25 width=136) (actual time=1651.067..1652.150 rows=5 loops=1)
         Group Key: nation.n_name
         ->  Gather Merge  (cost=85937.25..85980.61 rows=50 width=136) (actual time=1650.763..1656.505 rows=15 loops=1)
               Workers Planned: 2
               Workers Launched: 2
               ->  Partial GroupAggregate  (cost=84937.23..84974.82 rows=25 width=136) (actual time=1643.195..1644.523 rows=5 loops=3)
                     Group Key: nation.n_name
                     ->  Sort  (cost=84937.23..84944.68 rows=2982 width=116) (actual time=1642.859..1643.021 rows=2459 loops=3)
                           Sort Key: nation.n_name
                           Sort Method: quicksort  Memory: 282kB
                           Worker 0:  Sort Method: quicksort  Memory: 285kB
                           Worker 1:  Sort Method: quicksort  Memory: 299kB
                           ->  Hash Join  (cost=475.32..84765.14 rows=2982 width=116) (actual time=8.693..1639.058 rows=2459 loops=3)
                                 Hash Cond: ((lineitem.l_suppkey = supplier.s_suppkey) AND (customer.c_nationkey = supplier.s_nationkey))
                                 ->  Nested Loop  (cost=3.32..83900.20 rows=74844 width=128) (actual time=0.614..1606.287 rows=60981 loops=3)
                                       ->  Nested Loop  (cost=2.89..25143.84 rows=18707 width=116) (actual time=0.512..1060.814 rows=15233 loops=3)
                                             ->  Hash Join  (cost=2.46..4571.84 rows=12500 width=116) (actual time=0.285..41.168 rows=10066 loops=3)
                                                   Hash Cond: (customer.c_nationkey = nation.n_nationkey)
                                                   ->  Parallel Seq Scan on customer  (cost=0.00..4210.00 rows=62500 width=8) (actual time=0.029..23.508 rows=50000 loops=3)
                                                   ->  Hash  (cost=2.40..2.40 rows=5 width=108) (actual time=0.166..0.166 rows=5 loops=3)
                                                         Buckets: 1024  Batches: 1  Memory Usage: 9kB
                                                         ->  Hash Join  (cost=1.07..2.40 rows=5 width=108) (actual time=0.145..0.152 rows=5 loops=3)
                                                               Hash Cond: (nation.n_regionkey = region.r_regionkey)
                                                               ->  Seq Scan on nation  (cost=0.00..1.25 rows=25 width=112) (actual time=0.037..0.040 rows=25 loops=3)
                                                               ->  Hash  (cost=1.06..1.06 rows=1 width=4) (actual time=0.050..0.050 rows=1 loops=3)
                                                                     Buckets: 1024  Batches: 1  Memory Usage: 9kB
                                                                     ->  Seq Scan on region  (cost=0.00..1.06 rows=1 width=4) (actual time=0.025..0.027 rows=1 loops=3)
                                                                           Filter: (r_name = 'EUROPE'::bpchar)
                                                                           Rows Removed by Filter: 4
                                             ->  Index Scan using idx_orders_custkey on orders  (cost=0.43..1.62 rows=3 width=8) (actual time=0.042..0.100 rows=2 loops=30197)
                                                   Index Cond: (o_custkey = customer.c_custkey)
                                                   Filter: ((o_orderdate >= '1993-01-01'::date) AND (o_orderdate < '1994-01-01 00:00:00'::timestamp without time zone))
                                                   Rows Removed by Filter: 9
                                       ->  Index Scan using idx_lineitem_orderkey on lineitem  (cost=0.43..2.99 rows=15 width=20) (actual time=0.031..0.033 rows=4 loops=45699)
                                             Index Cond: (l_orderkey = orders.o_orderkey)
                                 ->  Hash  (cost=322.00..322.00 rows=10000 width=8) (actual time=7.147..7.147 rows=10000 loops=3)
                                       Buckets: 16384  Batches: 1  Memory Usage: 519kB
                                       ->  Seq Scan on supplier  (cost=0.00..322.00 rows=10000 width=8) (actual time=0.030..4.069 rows=10000 loops=3)
 Planning Time: 6.764 ms
 Execution Time: 1657.293 ms
(43 rows)

execute /home/pei/Project/benchmarks/JCC-H/out/skinner_explained/6.sql_explained.sql
SET
                                                                                                         QUERY PLAN                                                                                                         
----------------------------------------------------------------------------------------------------------------------------------------------------------------------------------------------------------------------------
 Finalize Aggregate  (cost=170272.46..170272.47 rows=1 width=32) (actual time=920.124..920.124 rows=1 loops=1)
   ->  Gather  (cost=170272.23..170272.44 rows=2 width=32) (actual time=920.004..923.247 rows=3 loops=1)
         Workers Planned: 2
         Workers Launched: 2
         ->  Partial Aggregate  (cost=169272.23..169272.24 rows=1 width=32) (actual time=913.864..913.864 rows=1 loops=3)
               ->  Parallel Seq Scan on lineitem  (cost=0.00..168764.39 rows=101568 width=12) (actual time=0.063..857.910 rows=82632 loops=3)
                     Filter: ((l_shipdate >= '1993-01-01'::date) AND (l_shipdate < '1994-01-01 00:00:00'::timestamp without time zone) AND (l_discount >= 0.06) AND (l_discount <= 0.08) AND (l_quantity < '100'::numeric))
                     Rows Removed by Filter: 1917773
 Planning Time: 1.562 ms
 Execution Time: 923.465 ms
(10 rows)

execute /home/pei/Project/benchmarks/JCC-H/out/skinner_explained/7.sql_explained.sql
SET
                                                                                             QUERY PLAN                                                                                              
-----------------------------------------------------------------------------------------------------------------------------------------------------------------------------------------------------
 Finalize GroupAggregate  (cost=72940.15..73769.59 rows=5980 width=248) (actual time=1878.811..1879.571 rows=4 loops=1)
   Group Key: n1.n_name, n2.n_name, (date_part('year'::text, (lineitem.l_shipdate)::timestamp without time zone))
   ->  Gather Merge  (cost=72940.15..73602.64 rows=4984 width=248) (actual time=1878.413..1882.589 rows=12 loops=1)
         Workers Planned: 2
         Workers Launched: 2
         ->  Partial GroupAggregate  (cost=71940.12..72027.34 rows=2492 width=248) (actual time=1869.708..1870.830 rows=4 loops=3)
               Group Key: n1.n_name, n2.n_name, (date_part('year'::text, (lineitem.l_shipdate)::timestamp without time zone))
               ->  Sort  (cost=71940.12..71946.35 rows=2492 width=228) (actual time=1869.315..1869.444 rows=1930 loops=3)
                     Sort Key: n1.n_name, n2.n_name, (date_part('year'::text, (lineitem.l_shipdate)::timestamp without time zone))
                     Sort Method: quicksort  Memory: 316kB
                     Worker 0:  Sort Method: quicksort  Memory: 321kB
                     Worker 1:  Sort Method: quicksort  Memory: 323kB
                     ->  Hash Join  (cost=366.36..71799.54 rows=2492 width=228) (actual time=7.403..1865.371 rows=1930 loops=3)
                           Hash Cond: (lineitem.l_suppkey = supplier.s_suppkey)
                           Join Filter: (((n1.n_name = 'UNITED STATES'::bpchar) AND (n2.n_name = 'GERMANY'::bpchar)) OR ((n1.n_name = 'GERMANY'::bpchar) AND (n2.n_name = 'UNITED STATES'::bpchar)))
                           Rows Removed by Join Filter: 1894
                           ->  Nested Loop  (cost=2.26..71101.74 rows=60116 width=124) (actual time=0.652..1840.149 rows=48207 loops=3)
                                 ->  Nested Loop  (cost=1.83..12907.07 rows=50000 width=108) (actual time=0.344..547.654 rows=39882 loops=3)
                                       ->  Hash Join  (cost=1.40..4403.27 rows=5000 width=108) (actual time=0.231..34.000 rows=3964 loops=3)
                                             Hash Cond: (customer.c_nationkey = n2.n_nationkey)
                                             ->  Parallel Seq Scan on customer  (cost=0.00..4210.00 rows=62500 width=8) (actual time=0.030..22.237 rows=50000 loops=3)
                                             ->  Hash  (cost=1.38..1.38 rows=2 width=108) (actual time=0.064..0.064 rows=2 loops=3)
                                                   Buckets: 1024  Batches: 1  Memory Usage: 9kB
                                                   ->  Seq Scan on nation n2  (cost=0.00..1.38 rows=2 width=108) (actual time=0.034..0.039 rows=2 loops=3)
                                                         Filter: ((n_name = 'GERMANY'::bpchar) OR (n_name = 'UNITED STATES'::bpchar))
                                                         Rows Removed by Filter: 23
                                       ->  Index Scan using idx_orders_custkey on orders  (cost=0.43..1.53 rows=17 width=8) (actual time=0.016..0.123 rows=10 loops=11891)
                                             Index Cond: (o_custkey = customer.c_custkey)
                                 ->  Index Scan using lineitem_pkey on lineitem  (cost=0.43..1.11 rows=5 width=24) (actual time=0.030..0.031 rows=1 loops=119645)
                                       Index Cond: (l_orderkey = orders.o_orderkey)
                                       Filter: ((l_shipdate >= '1993-01-01'::date) AND (l_shipdate <= '1994-12-31'::date))
                                       Rows Removed by Filter: 3
                           ->  Hash  (cost=354.10..354.10 rows=800 width=108) (actual time=5.401..5.401 rows=789 loops=3)
                                 Buckets: 1024  Batches: 1  Memory Usage: 56kB
                                 ->  Hash Join  (cost=1.40..354.10 rows=800 width=108) (actual time=0.118..4.997 rows=789 loops=3)
                                       Hash Cond: (supplier.s_nationkey = n1.n_nationkey)
                                       ->  Seq Scan on supplier  (cost=0.00..322.00 rows=10000 width=8) (actual time=0.027..3.219 rows=10000 loops=3)
                                       ->  Hash  (cost=1.38..1.38 rows=2 width=108) (actual time=0.028..0.028 rows=2 loops=3)
                                             Buckets: 1024  Batches: 1  Memory Usage: 9kB
                                             ->  Seq Scan on nation n1  (cost=0.00..1.38 rows=2 width=108) (actual time=0.011..0.016 rows=2 loops=3)
                                                   Filter: ((n_name = 'UNITED STATES'::bpchar) OR (n_name = 'GERMANY'::bpchar))
                                                   Rows Removed by Filter: 23
 Planning Time: 5.630 ms
 Execution Time: 1883.376 ms
(44 rows)

execute /home/pei/Project/benchmarks/JCC-H/out/skinner_explained/8.sql_explained.sql
SET
                                                                                QUERY PLAN                                                                                
--------------------------------------------------------------------------------------------------------------------------------------------------------------------------
 Finalize GroupAggregate  (cost=77405.33..77756.97 rows=2395 width=40) (actual time=32.335..32.335 rows=0 loops=1)
   Group Key: (date_part('year'::text, (orders.o_orderdate)::timestamp without time zone))
   ->  Gather Merge  (cost=77405.33..77678.13 rows=1996 width=72) (actual time=32.333..33.608 rows=0 loops=1)
         Workers Planned: 2
         Workers Launched: 2
         ->  Partial GroupAggregate  (cost=76405.31..76447.72 rows=998 width=72) (actual time=24.848..24.848 rows=0 loops=3)
               Group Key: (date_part('year'::text, (orders.o_orderdate)::timestamp without time zone))
               ->  Sort  (cost=76405.31..76407.80 rows=998 width=124) (actual time=24.848..24.848 rows=0 loops=3)
                     Sort Key: (date_part('year'::text, (orders.o_orderdate)::timestamp without time zone))
                     Sort Method: quicksort  Memory: 25kB
                     Worker 0:  Sort Method: quicksort  Memory: 25kB
                     Worker 1:  Sort Method: quicksort  Memory: 25kB
                     ->  Hash Join  (cost=5.59..76355.59 rows=998 width=124) (actual time=24.774..24.774 rows=0 loops=3)
                           Hash Cond: (supplier.s_nationkey = n2.n_nationkey)
                           ->  Nested Loop  (cost=4.03..76345.97 rows=998 width=20) (actual time=24.634..24.634 rows=0 loops=3)
                                 ->  Hash Join  (cost=3.74..76042.70 rows=1002 width=20) (actual time=24.634..24.634 rows=0 loops=3)
                                       Hash Cond: (customer.c_nationkey = n1.n_nationkey)
                                       ->  Nested Loop  (cost=1.28..76011.43 rows=5010 width=24) (actual time=24.633..24.633 rows=0 loops=3)
                                             ->  Nested Loop  (cost=0.86..73643.02 rows=5010 width=24) (actual time=24.633..24.633 rows=0 loops=3)
                                                   ->  Nested Loop  (cost=0.43..65860.85 rows=16553 width=20) (actual time=24.633..24.633 rows=0 loops=3)
                                                         ->  Parallel Seq Scan on part  (cost=0.00..5138.67 rows=552 width=4) (actual time=24.633..24.633 rows=0 loops=3)
                                                               Filter: ((p_type)::text = 'SHINY MINED GOLD'::text)
                                                               Rows Removed by Filter: 66667
                                                         ->  Index Scan using idx_lineitem_part_supp on lineitem  (cost=0.43..109.69 rows=31 width=24) (never executed)
                                                               Index Cond: (l_partkey = part.p_partkey)
                                                   ->  Index Scan using orders_pkey on orders  (cost=0.43..0.47 rows=1 width=12) (never executed)
                                                         Index Cond: (o_orderkey = lineitem.l_orderkey)
                                                         Filter: ((o_orderdate >= '1993-01-01'::date) AND (o_orderdate <= '1994-12-31'::date))
                                             ->  Index Scan using customer_pkey on customer  (cost=0.42..0.47 rows=1 width=8) (never executed)
                                                   Index Cond: (c_custkey = orders.o_custkey)
                                       ->  Hash  (cost=2.40..2.40 rows=5 width=4) (never executed)
                                             ->  Hash Join  (cost=1.07..2.40 rows=5 width=4) (never executed)
                                                   Hash Cond: (n1.n_regionkey = region.r_regionkey)
                                                   ->  Seq Scan on nation n1  (cost=0.00..1.25 rows=25 width=8) (never executed)
                                                   ->  Hash  (cost=1.06..1.06 rows=1 width=4) (never executed)
                                                         ->  Seq Scan on region  (cost=0.00..1.06 rows=1 width=4) (never executed)
                                                               Filter: (r_name = 'MIDDLE EAST'::bpchar)
                                 ->  Index Scan using supplier_pkey on supplier  (cost=0.29..0.30 rows=1 width=8) (never executed)
                                       Index Cond: (s_suppkey = lineitem.l_suppkey)
                           ->  Hash  (cost=1.25..1.25 rows=25 width=108) (actual time=0.065..0.065 rows=25 loops=3)
                                 Buckets: 1024  Batches: 1  Memory Usage: 10kB
                                 ->  Seq Scan on nation n2  (cost=0.00..1.25 rows=25 width=108) (actual time=0.032..0.037 rows=25 loops=3)
 Planning Time: 7.780 ms
 Execution Time: 34.360 ms
(44 rows)

execute /home/pei/Project/benchmarks/JCC-H/out/skinner_explained/9.sql_explained.sql
SET
                                                                            QUERY PLAN                                                                            
------------------------------------------------------------------------------------------------------------------------------------------------------------------
 Finalize GroupAggregate  (cost=6382.26..6464.52 rows=598 width=144) (actual time=39.559..39.559 rows=0 loops=1)
   Group Key: nation.n_name, (date_part('year'::text, (orders.o_orderdate)::timestamp without time zone))
   ->  Gather Merge  (cost=6382.26..6449.07 rows=498 width=144) (actual time=39.558..40.797 rows=0 loops=1)
         Workers Planned: 2
         Workers Launched: 2
         ->  Partial GroupAggregate  (cost=5382.23..5391.57 rows=249 width=144) (actual time=32.759..32.759 rows=0 loops=3)
               Group Key: nation.n_name, (date_part('year'::text, (orders.o_orderdate)::timestamp without time zone))
               ->  Sort  (cost=5382.23..5382.85 rows=249 width=135) (actual time=32.758..32.758 rows=0 loops=3)
                     Sort Key: nation.n_name, (date_part('year'::text, (orders.o_orderdate)::timestamp without time zone)) DESC
                     Sort Method: quicksort  Memory: 25kB
                     Worker 0:  Sort Method: quicksort  Memory: 25kB
                     Worker 1:  Sort Method: quicksort  Memory: 25kB
                     ->  Nested Loop  (cost=3.13..5372.32 rows=249 width=135) (actual time=32.676..32.676 rows=0 loops=3)
                           ->  Nested Loop  (cost=2.71..5255.26 rows=249 width=131) (actual time=32.675..32.675 rows=0 loops=3)
                                 Join Filter: (supplier.s_suppkey = lineitem.l_suppkey)
                                 ->  Hash Join  (cost=2.27..5218.63 rows=33 width=126) (actual time=32.675..32.675 rows=0 loops=3)
                                       Hash Cond: (supplier.s_nationkey = nation.n_nationkey)
                                       ->  Nested Loop  (cost=0.71..5216.97 rows=33 width=26) (actual time=32.675..32.675 rows=0 loops=3)
                                             ->  Nested Loop  (cost=0.42..5206.95 rows=33 width=18) (actual time=32.675..32.675 rows=0 loops=3)
                                                   ->  Parallel Seq Scan on part  (cost=0.00..5138.67 rows=8 width=4) (actual time=32.674..32.674 rows=0 loops=3)
                                                         Filter: ((p_name)::text ~~ '%shiny mined gold%'::text)
                                                         Rows Removed by Filter: 66667
                                                   ->  Index Scan using idx_partsupp_partkey on partsupp  (cost=0.42..8.50 rows=4 width=14) (never executed)
                                                         Index Cond: (ps_partkey = part.p_partkey)
                                             ->  Index Scan using supplier_pkey on supplier  (cost=0.29..0.30 rows=1 width=8) (never executed)
                                                   Index Cond: (s_suppkey = partsupp.ps_suppkey)
                                       ->  Hash  (cost=1.25..1.25 rows=25 width=108) (never executed)
                                             ->  Seq Scan on nation  (cost=0.00..1.25 rows=25 width=108) (never executed)
                                 ->  Index Scan using idx_lineitem_part_supp on lineitem  (cost=0.43..1.10 rows=1 width=29) (never executed)
                                       Index Cond: ((l_partkey = partsupp.ps_partkey) AND (l_suppkey = partsupp.ps_suppkey))
                           ->  Index Scan using orders_pkey on orders  (cost=0.43..0.47 rows=1 width=8) (never executed)
                                 Index Cond: (o_orderkey = lineitem.l_orderkey)
 Planning Time: 7.796 ms
 Execution Time: 41.345 ms
(34 rows)

execute /home/pei/Project/benchmarks/JCC-H/out/skinner_explained/10.sql_explained.sql
SET
                                                                                     QUERY PLAN                                                                                     
------------------------------------------------------------------------------------------------------------------------------------------------------------------------------------
 Sort  (cost=21298.42..21302.97 rows=1819 width=280) (actual time=111.878..111.995 rows=1584 loops=1)
   Sort Key: (sum((lineitem.l_extendedprice * ('1'::numeric - lineitem.l_discount)))) DESC
   Sort Method: quicksort  Memory: 469kB
   ->  Finalize GroupAggregate  (cost=21016.69..21199.93 rows=1819 width=280) (actual time=103.729..109.780 rows=1584 loops=1)
         Group Key: customer.c_custkey, nation.n_name
         ->  Gather Merge  (cost=21016.69..21166.49 rows=1070 width=280) (actual time=103.706..107.627 rows=1596 loops=1)
               Workers Planned: 1
               Workers Launched: 1
               ->  Partial GroupAggregate  (cost=20016.68..20046.11 rows=1070 width=280) (actual time=98.668..101.197 rows=798 loops=2)
                     Group Key: customer.c_custkey, nation.n_name
                     ->  Sort  (cost=20016.68..20019.36 rows=1070 width=260) (actual time=98.646..98.798 rows=1859 loops=2)
                           Sort Key: customer.c_custkey, nation.n_name
                           Sort Method: quicksort  Memory: 561kB
                           Worker 0:  Sort Method: quicksort  Memory: 527kB
                           ->  Hash Join  (cost=45.88..19962.84 rows=1070 width=260) (actual time=1.400..95.566 rows=1859 loops=2)
                                 Hash Cond: (customer.c_nationkey = nation.n_nationkey)
                                 ->  Nested Loop  (cost=44.31..19957.99 rows=1070 width=160) (actual time=1.277..94.033 rows=1859 loops=2)
                                       ->  Nested Loop  (cost=43.89..15136.11 rows=1070 width=16) (actual time=1.187..66.661 rows=1859 loops=2)
                                             ->  Parallel Bitmap Heap Scan on orders  (cost=43.46..5824.69 rows=1092 width=8) (actual time=1.086..22.714 rows=940 loops=2)
                                                   Recheck Cond: ((o_orderdate >= '1992-05-26'::date) AND (o_orderdate < '1992-05-29'::date))
                                                   Heap Blocks: exact=941
                                                   ->  Bitmap Index Scan on idx_orders_orderdate  (cost=0.00..43.00 rows=1857 width=0) (actual time=1.712..1.712 rows=1879 loops=1)
                                                         Index Cond: ((o_orderdate >= '1992-05-26'::date) AND (o_orderdate < '1992-05-29'::date))
                                             ->  Index Scan using idx_lineitem_orderkey on lineitem  (cost=0.43..8.49 rows=4 width=16) (actual time=0.042..0.045 rows=2 loops=1879)
                                                   Index Cond: (l_orderkey = orders.o_orderkey)
                                                   Filter: (l_returnflag = 'R'::bpchar)
                                                   Rows Removed by Filter: 2
                                       ->  Index Scan using customer_pkey on customer  (cost=0.42..4.51 rows=1 width=148) (actual time=0.013..0.013 rows=1 loops=3718)
                                             Index Cond: (c_custkey = orders.o_custkey)
                                 ->  Hash  (cost=1.25..1.25 rows=25 width=108) (actual time=0.052..0.052 rows=25 loops=2)
                                       Buckets: 1024  Batches: 1  Memory Usage: 10kB
                                       ->  Seq Scan on nation  (cost=0.00..1.25 rows=25 width=108) (actual time=0.023..0.027 rows=25 loops=2)
 Planning Time: 3.225 ms
 Execution Time: 113.343 ms
(34 rows)

execute /home/pei/Project/benchmarks/JCC-H/out/skinner_explained/11.sql_explained.sql
SET
                                                                            QUERY PLAN                                                                             
-------------------------------------------------------------------------------------------------------------------------------------------------------------------
 Sort  (cost=13433.18..13459.84 rows=10667 width=36) (actual time=464.317..464.376 rows=869 loops=1)
   Sort Key: (sum((partsupp.ps_supplycost * (partsupp.ps_availqty)::numeric))) DESC
   Sort Method: quicksort  Memory: 65kB
   InitPlan 1 (returns $2)
     ->  Aggregate  (cost=4682.49..4682.50 rows=1 width=32) (actual time=127.412..127.413 rows=1 loops=1)
           ->  Nested Loop  (cost=11.81..4442.48 rows=32000 width=10) (actual time=0.146..107.126 rows=32560 loops=1)
                 ->  Nested Loop  (cost=11.38..248.58 rows=400 width=4) (actual time=0.110..3.530 rows=407 loops=1)
                       ->  Seq Scan on nation nation_1  (cost=0.00..1.31 rows=1 width=4) (actual time=0.015..0.021 rows=1 loops=1)
                             Filter: (n_name = 'CHINA'::bpchar)
                             Rows Removed by Filter: 24
                       ->  Bitmap Heap Scan on supplier supplier_1  (cost=11.38..243.27 rows=400 width=8) (actual time=0.087..3.360 rows=407 loops=1)
                             Recheck Cond: (s_nationkey = nation_1.n_nationkey)
                             Heap Blocks: exact=186
                             ->  Bitmap Index Scan on idx_supplier_nation_key  (cost=0.00..11.29 rows=400 width=0) (actual time=0.064..0.064 rows=407 loops=1)
                                   Index Cond: (s_nationkey = nation_1.n_nationkey)
                 ->  Index Scan using idx_partsupp_suppkey on partsupp partsupp_1  (cost=0.42..9.68 rows=80 width=14) (actual time=0.017..0.234 rows=80 loops=407)
                       Index Cond: (ps_suppkey = supplier_1.s_suppkey)
   ->  GroupAggregate  (cost=6837.01..8037.01 rows=10667 width=36) (actual time=426.734..463.831 rows=869 loops=1)
         Group Key: partsupp.ps_partkey
         Filter: (sum((partsupp.ps_supplycost * (partsupp.ps_availqty)::numeric)) > $2)
         Rows Removed by Filter: 29770
         ->  Sort  (cost=6837.01..6917.01 rows=32000 width=14) (actual time=299.259..301.652 rows=32560 loops=1)
               Sort Key: partsupp.ps_partkey
               Sort Method: quicksort  Memory: 2295kB
               ->  Nested Loop  (cost=11.81..4442.48 rows=32000 width=14) (actual time=0.224..272.809 rows=32560 loops=1)
                     ->  Nested Loop  (cost=11.38..248.58 rows=400 width=4) (actual time=0.178..4.110 rows=407 loops=1)
                           ->  Seq Scan on nation  (cost=0.00..1.31 rows=1 width=4) (actual time=0.017..0.023 rows=1 loops=1)
                                 Filter: (n_name = 'CHINA'::bpchar)
                                 Rows Removed by Filter: 24
                           ->  Bitmap Heap Scan on supplier  (cost=11.38..243.27 rows=400 width=8) (actual time=0.154..3.928 rows=407 loops=1)
                                 Recheck Cond: (s_nationkey = nation.n_nationkey)
                                 Heap Blocks: exact=186
                                 ->  Bitmap Index Scan on idx_supplier_nation_key  (cost=0.00..11.29 rows=400 width=0) (actual time=0.121..0.121 rows=407 loops=1)
                                       Index Cond: (s_nationkey = nation.n_nationkey)
                     ->  Index Scan using idx_partsupp_suppkey on partsupp  (cost=0.42..9.68 rows=80 width=18) (actual time=0.025..0.626 rows=80 loops=407)
                           Index Cond: (ps_suppkey = supplier.s_suppkey)
 Planning Time: 2.618 ms
 Execution Time: 465.123 ms
(38 rows)

execute /home/pei/Project/benchmarks/JCC-H/out/skinner_explained/12.sql_explained.sql
SET
                                                                                                                                       QUERY PLAN                                                                                                                                       
----------------------------------------------------------------------------------------------------------------------------------------------------------------------------------------------------------------------------------------------------------------------------------------
 Finalize GroupAggregate  (cost=209360.10..209599.26 rows=7 width=27) (actual time=1315.888..1315.890 rows=2 loops=1)
   Group Key: lineitem.l_shipmode
   ->  Gather Merge  (cost=209360.10..209599.08 rows=14 width=27) (actual time=1313.459..1317.522 rows=6 loops=1)
         Workers Planned: 2
         Workers Launched: 2
         ->  Partial GroupAggregate  (cost=208360.07..208597.44 rows=7 width=27) (actual time=1307.202..1309.604 rows=2 loops=3)
               Group Key: lineitem.l_shipmode
               ->  Sort  (cost=208360.07..208389.74 rows=11865 width=27) (actual time=1304.728..1305.383 rows=10341 loops=3)
                     Sort Key: lineitem.l_shipmode
                     Sort Method: quicksort  Memory: 1196kB
                     Worker 0:  Sort Method: quicksort  Memory: 1197kB
                     Worker 1:  Sort Method: quicksort  Memory: 1185kB
                     ->  Parallel Hash Join  (cost=168912.70..207557.14 rows=11865 width=27) (actual time=1054.071..1296.033 rows=10341 loops=3)
                           Hash Cond: (orders.o_orderkey = lineitem.l_orderkey)
                           ->  Parallel Seq Scan on orders  (cost=0.00..32345.00 rows=625000 width=20) (actual time=0.040..150.090 rows=500000 loops=3)
                           ->  Parallel Hash  (cost=168764.39..168764.39 rows=11865 width=15) (actual time=1053.251..1053.251 rows=10341 loops=3)
                                 Buckets: 32768  Batches: 1  Memory Usage: 1728kB
                                 ->  Parallel Seq Scan on lineitem  (cost=0.00..168764.39 rows=11865 width=15) (actual time=0.168..1041.552 rows=10341 loops=3)
                                       Filter: ((l_shipmode = ANY ('{"REG AIR",FOB}'::bpchar[])) AND (l_commitdate < l_receiptdate) AND (l_shipdate < l_commitdate) AND (l_receiptdate >= '1993-01-01'::date) AND (l_receiptdate < '1994-01-01 00:00:00'::timestamp without time zone))
                                       Rows Removed by Filter: 1990064
 Planning Time: 2.115 ms
 Execution Time: 1317.948 ms
(22 rows)

execute /home/pei/Project/benchmarks/JCC-H/out/skinner_explained/13.sql_explained.sql
SET
                                                                                      QUERY PLAN                                                                                      
--------------------------------------------------------------------------------------------------------------------------------------------------------------------------------------
 Sort  (cost=161053.73..161054.23 rows=200 width=16) (actual time=5039.792..5039.795 rows=42 loops=1)
   Sort Key: (count(*)) DESC, (count(orders.o_orderkey)) DESC
   Sort Method: quicksort  Memory: 26kB
   ->  HashAggregate  (cost=161044.09..161046.09 rows=200 width=16) (actual time=5039.709..5039.717 rows=42 loops=1)
         Group Key: count(orders.o_orderkey)
         ->  Finalize GroupAggregate  (cost=1000.87..158794.09 rows=150000 width=12) (actual time=9.738..4979.934 rows=150000 loops=1)
               Group Key: customer.c_custkey
               ->  Gather Merge  (cost=1000.87..155794.09 rows=300000 width=12) (actual time=9.521..4886.130 rows=150000 loops=1)
                     Workers Planned: 2
                     Workers Launched: 2
                     ->  Partial GroupAggregate  (cost=0.85..120166.62 rows=150000 width=12) (actual time=0.468..4134.720 rows=50000 loops=3)
                           Group Key: customer.c_custkey
                           ->  Nested Loop Left Join  (cost=0.85..115573.18 rows=618687 width=8) (actual time=0.194..3930.224 rows=511342 loops=3)
                                 ->  Parallel Index Only Scan using customer_pkey on customer  (cost=0.42..6619.43 rows=62500 width=4) (actual time=0.078..52.050 rows=50000 loops=3)
                                       Heap Fetches: 150000
                                 ->  Index Scan using idx_orders_custkey on orders  (cost=0.43..1.57 rows=17 width=8) (actual time=0.008..0.074 rows=10 loops=150000)
                                       Index Cond: (o_custkey = customer.c_custkey)
                                       Filter: ((o_comment)::text !~~ '%express%deposits%'::text)
                                       Rows Removed by Filter: 0
 Planning Time: 2.088 ms
 Execution Time: 5040.323 ms
(21 rows)

execute /home/pei/Project/benchmarks/JCC-H/out/skinner_explained/14.sql_explained.sql
SET
                                                                               QUERY PLAN                                                                                
-------------------------------------------------------------------------------------------------------------------------------------------------------------------------
 Finalize Aggregate  (cost=118266.17..118266.18 rows=1 width=32) (actual time=497.894..497.894 rows=1 loops=1)
   ->  Gather  (cost=118265.93..118266.14 rows=2 width=64) (actual time=496.628..502.876 rows=3 loops=1)
         Workers Planned: 2
         Workers Launched: 2
         ->  Partial Aggregate  (cost=117265.93..117265.94 rows=1 width=64) (actual time=490.110..490.111 rows=1 loops=3)
               ->  Parallel Hash Join  (cost=110065.79..116694.64 rows=32645 width=33) (actual time=423.945..471.650 rows=25967 loops=3)
                     Hash Cond: (part.p_partkey = lineitem.l_partkey)
                     ->  Parallel Seq Scan on part  (cost=0.00..4930.33 rows=83333 width=25) (actual time=0.064..23.012 rows=66667 loops=3)
                     ->  Parallel Hash  (cost=109657.73..109657.73 rows=32645 width=16) (actual time=422.536..422.536 rows=25967 loops=3)
                           Buckets: 131072  Batches: 1  Memory Usage: 5184kB
                           ->  Parallel Bitmap Heap Scan on lineitem  (cost=2015.50..109657.73 rows=32645 width=16) (actual time=32.239..396.149 rows=25967 loops=3)
                                 Recheck Cond: ((l_shipdate >= '1995-05-01'::date) AND (l_shipdate < '1995-06-01 00:00:00'::timestamp without time zone))
                                 Heap Blocks: exact=14565
                                 ->  Bitmap Index Scan on idx_lineitem_shipdate  (cost=0.00..1995.91 rows=78348 width=0) (actual time=26.478..26.478 rows=77900 loops=1)
                                       Index Cond: ((l_shipdate >= '1995-05-01'::date) AND (l_shipdate < '1995-06-01 00:00:00'::timestamp without time zone))
 Planning Time: 2.434 ms
 Execution Time: 503.174 ms
(17 rows)

execute /home/pei/Project/benchmarks/JCC-H/out/skinner_explained/15.sql_explained.sql
SET
CREATE VIEW
                                                                                       QUERY PLAN                                                                                       
----------------------------------------------------------------------------------------------------------------------------------------------------------------------------------------
 Nested Loop  (cost=299146.69..302223.56 rows=50 width=103) (actual time=1837.191..1850.371 rows=1 loops=1)
   InitPlan 1 (returns $1)
     ->  Aggregate  (cost=150945.41..150945.42 rows=1 width=32) (actual time=911.106..911.106 rows=1 loops=1)
           ->  Finalize GroupAggregate  (cost=148200.98..150819.91 rows=10040 width=36) (actual time=877.874..909.930 rows=10000 loops=1)
                 Group Key: lineitem_1.l_suppkey
                 ->  Gather Merge  (cost=148200.98..150543.81 rows=20080 width=36) (actual time=877.862..888.139 rows=29986 loops=1)
                       Workers Planned: 2
                       Workers Launched: 2
                       ->  Sort  (cost=147200.96..147226.06 rows=10040 width=36) (actual time=870.135..871.014 rows=9995 loops=3)
                             Sort Key: lineitem_1.l_suppkey
                             Sort Method: quicksort  Memory: 1166kB
                             Worker 0:  Sort Method: quicksort  Memory: 1165kB
                             Worker 1:  Sort Method: quicksort  Memory: 1165kB
                             ->  Partial HashAggregate  (cost=146408.13..146533.63 rows=10040 width=36) (actual time=858.281..864.106 rows=9995 loops=3)
                                   Group Key: lineitem_1.l_suppkey
                                   ->  Parallel Bitmap Heap Scan on lineitem lineitem_1  (cost=5705.45..145482.51 rows=92562 width=16) (actual time=62.043..730.512 rows=75898 loops=3)
                                         Recheck Cond: ((l_shipdate >= '1993-05-01'::date) AND (l_shipdate < '1993-08-01 00:00:00'::timestamp without time zone))
                                         Rows Removed by Index Recheck: 552534
                                         Heap Blocks: exact=11759 lossy=11450
                                         ->  Bitmap Index Scan on idx_lineitem_shipdate  (cost=0.00..5649.91 rows=222148 width=0) (actual time=61.665..61.665 rows=227694 loops=1)
                                               Index Cond: ((l_shipdate >= '1993-05-01'::date) AND (l_shipdate < '1993-08-01 00:00:00'::timestamp without time zone))
   ->  Finalize GroupAggregate  (cost=148200.98..150970.51 rows=50 width=36) (actual time=1837.139..1850.319 rows=1 loops=1)
         Group Key: lineitem.l_suppkey
         Filter: (sum((lineitem.l_extendedprice * ('1'::numeric - lineitem.l_discount))) = $1)
         Rows Removed by Filter: 9999
         ->  Gather Merge  (cost=148200.98..150543.81 rows=20080 width=36) (actual time=906.863..917.566 rows=29988 loops=1)
               Workers Planned: 2
               Workers Launched: 2
               ->  Sort  (cost=147200.96..147226.06 rows=10040 width=36) (actual time=899.544..900.695 rows=9996 loops=3)
                     Sort Key: lineitem.l_suppkey
                     Sort Method: quicksort  Memory: 1165kB
                     Worker 0:  Sort Method: quicksort  Memory: 1165kB
                     Worker 1:  Sort Method: quicksort  Memory: 1166kB
                     ->  Partial HashAggregate  (cost=146408.13..146533.63 rows=10040 width=36) (actual time=887.654..893.439 rows=9996 loops=3)
                           Group Key: lineitem.l_suppkey
                           ->  Parallel Bitmap Heap Scan on lineitem  (cost=5705.45..145482.51 rows=92562 width=16) (actual time=66.668..759.264 rows=75898 loops=3)
                                 Recheck Cond: ((l_shipdate >= '1993-05-01'::date) AND (l_shipdate < '1993-08-01 00:00:00'::timestamp without time zone))
                                 Rows Removed by Index Recheck: 552534
                                 Heap Blocks: exact=11138 lossy=10921
                                 ->  Bitmap Index Scan on idx_lineitem_shipdate  (cost=0.00..5649.91 rows=222148 width=0) (actual time=65.391..65.391 rows=227694 loops=1)
                                       Index Cond: ((l_shipdate >= '1993-05-01'::date) AND (l_shipdate < '1993-08-01 00:00:00'::timestamp without time zone))
   ->  Index Scan using supplier_pkey on supplier  (cost=0.29..6.14 rows=1 width=71) (actual time=0.047..0.047 rows=1 loops=1)
         Index Cond: (s_suppkey = lineitem.l_suppkey)
 Planning Time: 2.534 ms
 Execution Time: 1857.395 ms
(45 rows)

DROP VIEW
execute /home/pei/Project/benchmarks/JCC-H/out/skinner_explained/16.sql_explained.sql
SET
                                                                                         QUERY PLAN                                                                                          
---------------------------------------------------------------------------------------------------------------------------------------------------------------------------------------------
 Sort  (cost=42566.75..42606.95 rows=16081 width=44) (actual time=887.371..888.566 rows=18337 loops=1)
   Sort Key: (count(DISTINCT partsupp.ps_suppkey)) DESC, part.p_brand, part.p_type, part.p_size
   Sort Method: quicksort  Memory: 2217kB
   ->  GroupAggregate  (cost=40530.46..41443.25 rows=16081 width=44) (actual time=680.200..806.323 rows=18337 loops=1)
         Group Key: part.p_brand, part.p_type, part.p_size
         ->  Sort  (cost=40530.46..40680.86 rows=60158 width=40) (actual time=680.177..745.784 rows=119466 loops=1)
               Sort Key: part.p_brand, part.p_type, part.p_size
               Sort Method: external merge  Disk: 6104kB
               ->  Gather  (cost=7684.00..35754.98 rows=60158 width=40) (actual time=60.610..249.352 rows=119466 loops=1)
                     Workers Planned: 2
                     Workers Launched: 2
                     ->  Parallel Hash Join  (cost=6684.00..28739.18 rows=25066 width=40) (actual time=54.421..234.555 rows=39822 loops=3)
                           Hash Cond: (partsupp.ps_partkey = part.p_partkey)
                           ->  Parallel Seq Scan on partsupp  (cost=347.00..21964.67 rows=166667 width=8) (actual time=8.287..141.345 rows=266560 loops=3)
                                 Filter: (NOT (hashed SubPlan 1))
                                 Rows Removed by Filter: 107
                                 SubPlan 1
                                   ->  Seq Scan on supplier  (cost=0.00..347.00 rows=1 width=4) (actual time=0.311..8.221 rows=4 loops=3)
                                         Filter: ((s_comment)::text ~~ '%Customer%Complaints%'::text)
                                         Rows Removed by Filter: 9996
                           ->  Parallel Hash  (cost=6180.33..6180.33 rows=12533 width=40) (actual time=45.680..45.681 rows=9959 loops=3)
                                 Buckets: 32768  Batches: 1  Memory Usage: 2528kB
                                 ->  Parallel Seq Scan on part  (cost=0.00..6180.33 rows=12533 width=40) (actual time=0.048..38.065 rows=9959 loops=3)
                                       Filter: ((p_brand <> 'Brand#21'::bpchar) AND ((p_type)::text !~~ 'LARGE BURNISHED%'::text) AND (p_size = ANY ('{26,35,38,45,10,37,8,1}'::integer[])))
                                       Rows Removed by Filter: 56707
 Planning Time: 2.710 ms
 Execution Time: 892.235 ms
(27 rows)

execute /home/pei/Project/benchmarks/JCC-H/out/skinner_explained/17.sql_explained.sql
SET
                                                                       QUERY PLAN                                                                       
--------------------------------------------------------------------------------------------------------------------------------------------------------
 Aggregate  (cost=195920.86..195920.87 rows=1 width=32) (actual time=2995.008..2995.008 rows=1 loops=1)
   ->  Hash Join  (cost=6370.96..195915.53 rows=2130 width=8) (actual time=37.234..2994.822 rows=570 loops=1)
         Hash Cond: (lineitem.l_partkey = part.p_partkey)
         Join Filter: (lineitem.l_quantity < (SubPlan 1))
         Rows Removed by Join Filter: 5714
         ->  Seq Scan on lineitem  (cost=0.00..172515.15 rows=6001215 width=17) (actual time=0.037..1663.966 rows=6001215 loops=1)
         ->  Hash  (cost=6368.30..6368.30 rows=213 width=4) (actual time=34.570..34.570 rows=207 loops=1)
               Buckets: 1024  Batches: 1  Memory Usage: 16kB
               ->  Gather  (cost=1000.00..6368.30 rows=213 width=4) (actual time=1.484..34.563 rows=207 loops=1)
                     Workers Planned: 2
                     Workers Launched: 2
                     ->  Parallel Seq Scan on part  (cost=0.00..5347.00 rows=89 width=4) (actual time=0.703..28.446 rows=69 loops=3)
                           Filter: ((p_brand = 'Brand#55'::bpchar) AND (p_container = 'LG BOX'::bpchar))
                           Rows Removed by Filter: 66598
         SubPlan 1
           ->  Aggregate  (cost=127.60..127.61 rows=1 width=32) (actual time=0.080..0.080 rows=1 loops=6284)
                 ->  Bitmap Heap Scan on lineitem lineitem_1  (cost=4.67..127.52 rows=31 width=5) (actual time=0.016..0.063 rows=31 loops=6284)
                       Recheck Cond: (l_partkey = part.p_partkey)
                       Heap Blocks: exact=196800
                       ->  Bitmap Index Scan on idx_lineitem_part_supp  (cost=0.00..4.67 rows=31 width=0) (actual time=0.010..0.010 rows=31 loops=6284)
                             Index Cond: (l_partkey = part.p_partkey)
 Planning Time: 1.953 ms
 Execution Time: 2995.523 ms
(23 rows)

execute /home/pei/Project/benchmarks/JCC-H/out/skinner_explained/18.sql_explained.sql
SET
                                                                                                        QUERY PLAN                                                                                                         
---------------------------------------------------------------------------------------------------------------------------------------------------------------------------------------------------------------------------
 Sort  (cost=599988.69..601302.86 rows=525670 width=71) (actual time=9720.791..9720.791 rows=0 loops=1)
   Sort Key: orders.o_totalprice DESC, orders.o_orderdate
   Sort Method: quicksort  Memory: 25kB
   ->  Finalize GroupAggregate  (cost=462034.19..528476.56 rows=525670 width=71) (actual time=9720.737..9720.737 rows=0 loops=1)
         Group Key: customer.c_custkey, orders.o_orderkey
         ->  Gather Merge  (cost=462034.19..517525.10 rows=438058 width=71) (actual time=9720.736..9728.423 rows=0 loops=1)
               Workers Planned: 2
               Workers Launched: 2
               ->  Partial GroupAggregate  (cost=461034.16..465962.32 rows=219029 width=71) (actual time=9713.472..9713.472 rows=0 loops=3)
                     Group Key: customer.c_custkey, orders.o_orderkey
                     ->  Sort  (cost=461034.16..461581.74 rows=219029 width=44) (actual time=9713.470..9713.470 rows=0 loops=3)
                           Sort Key: customer.c_custkey, orders.o_orderkey
                           Sort Method: quicksort  Memory: 25kB
                           Worker 0:  Sort Method: quicksort  Memory: 25kB
                           Worker 1:  Sort Method: quicksort  Memory: 25kB
                           ->  Nested Loop  (cost=327808.40..434864.46 rows=219029 width=44) (actual time=9713.405..9713.405 rows=0 loops=3)
                                 ->  Parallel Hash Join  (cost=327807.97..369777.30 rows=54746 width=43) (actual time=9713.404..9713.406 rows=0 loops=3)
                                       Hash Cond: (orders.o_custkey = customer.c_custkey)
                                       ->  Hash Join  (cost=322816.72..364642.34 rows=54746 width=24) (actual time=9643.429..9643.429 rows=0 loops=3)
                                             Hash Cond: (orders.o_orderkey = lineitem_1.l_orderkey)
                                             ->  Parallel Seq Scan on orders  (cost=0.00..32345.00 rows=625000 width=20) (actual time=0.060..0.060 rows=1 loops=3)
                                             ->  Hash  (cost=320660.33..320660.33 rows=131391 width=4) (actual time=9641.066..9641.066 rows=0 loops=3)
                                                   Buckets: 131072  Batches: 2  Memory Usage: 1024kB
                                                   ->  GroupAggregate  (cost=0.43..319346.42 rows=131391 width=4) (actual time=9641.065..9641.065 rows=0 loops=3)
                                                         Group Key: lineitem_1.l_orderkey
                                                         Filter: (sum(lineitem_1.l_quantity) > '814'::numeric)
                                                         Rows Removed by Filter: 1500000
                                                         ->  Index Scan using idx_lineitem_orderkey on lineitem lineitem_1  (cost=0.43..283427.74 rows=6001215 width=9) (actual time=0.040..7559.124 rows=6001215 loops=3)
                                                               Filter: (l_quantity <= '100'::numeric)
                                       ->  Parallel Hash  (cost=4210.00..4210.00 rows=62500 width=23) (actual time=67.773..67.773 rows=50000 loops=3)
                                             Buckets: 262144  Batches: 1  Memory Usage: 10304kB
                                             ->  Parallel Seq Scan on customer  (cost=0.00..4210.00 rows=62500 width=23) (actual time=0.040..33.852 rows=50000 loops=3)
                                 ->  Index Scan using lineitem_pkey on lineitem  (cost=0.43..1.04 rows=15 width=9) (never executed)
                                       Index Cond: (l_orderkey = orders.o_orderkey)
 Planning Time: 3.300 ms
 Execution Time: 9729.051 ms
(36 rows)

execute /home/pei/Project/benchmarks/JCC-H/out/skinner_explained/19.sql_explained.sql
SET
                                                                                                                                                                                                                                                                                                                                                                                                                                                                                                              QUERY PLAN                                                                                                                                                                                                                                                                                                                                                                                                                                                                                                              
--------------------------------------------------------------------------------------------------------------------------------------------------------------------------------------------------------------------------------------------------------------------------------------------------------------------------------------------------------------------------------------------------------------------------------------------------------------------------------------------------------------------------------------------------------------------------------------------------------------------------------------------------------------------------------------------------------------------------------------------------------------------------------------------------------------------------------------------------------------------------------------------------------------------------------------------------------------------------------------------------------------------------------------
 Finalize Aggregate  (cost=21574.99..21575.00 rows=1 width=32) (actual time=122.588..122.588 rows=1 loops=1)
   ->  Gather  (cost=21574.77..21574.98 rows=2 width=32) (actual time=122.574..126.482 rows=3 loops=1)
         Workers Planned: 2
         Workers Launched: 2
         ->  Partial Aggregate  (cost=20574.77..20574.78 rows=1 width=32) (actual time=115.195..115.196 rows=1 loops=3)
               ->  Nested Loop  (cost=4.65..20574.63 rows=18 width=12) (actual time=7.648..115.157 rows=14 loops=3)
                     ->  Parallel Seq Scan on part  (cost=0.00..7638.67 rows=103 width=30) (actual time=0.663..38.412 rows=80 loops=3)
                           Filter: ((p_size >= 1) AND (((p_brand = 'Brand#00'::bpchar) AND (p_container = ANY ('{"SM CASE","SM BOX","SM PACK","SM PKG"}'::bpchar[])) AND (p_size <= 5)) OR ((p_brand = 'Brand#00'::bpchar) AND (p_container = ANY ('{"MED BAG","MED BOX","MED PKG","MED PACK"}'::bpchar[])) AND (p_size <= 10)) OR ((p_brand = 'Brand#55'::bpchar) AND (p_container = ANY ('{"LG CASE","LG BOX","LG PACK","LG PKG"}'::bpchar[])) AND (p_size <= 15))))
                           Rows Removed by Filter: 66587
                     ->  Bitmap Heap Scan on lineitem  (cost=4.65..125.58 rows=1 width=21) (actual time=0.892..0.956 rows=0 loops=239)
                           Recheck Cond: (l_partkey = part.p_partkey)
                           Filter: ((l_shipmode = ANY ('{AIR,"AIR REG"}'::bpchar[])) AND (l_shipinstruct = 'DELIVER IN PERSON'::bpchar) AND (((l_quantity >= '1'::numeric) AND (l_quantity <= '11'::numeric)) OR ((l_quantity >= '17'::numeric) AND (l_quantity <= '27'::numeric)) OR ((l_quantity >= '43'::numeric) AND (l_quantity <= '53'::numeric))) AND (((part.p_brand = 'Brand#00'::bpchar) AND (part.p_container = ANY ('{"SM CASE","SM BOX","SM PACK","SM PKG"}'::bpchar[])) AND (l_quantity >= '1'::numeric) AND (l_quantity <= '11'::numeric) AND (part.p_size <= 5)) OR ((part.p_brand = 'Brand#00'::bpchar) AND (part.p_container = ANY ('{"MED BAG","MED BOX","MED PKG","MED PACK"}'::bpchar[])) AND (l_quantity >= '17'::numeric) AND (l_quantity <= '27'::numeric) AND (part.p_size <= 10)) OR ((part.p_brand = 'Brand#55'::bpchar) AND (part.p_container = ANY ('{"LG CASE","LG BOX","LG PACK","LG PKG"}'::bpchar[])) AND (l_quantity >= '43'::numeric) AND (l_quantity <= '53'::numeric) AND (part.p_size <= 15))))
                           Rows Removed by Filter: 30
                           Heap Blocks: exact=2580
                           ->  Bitmap Index Scan on idx_lineitem_part_supp  (cost=0.00..4.65 rows=31 width=0) (actual time=0.050..0.050 rows=30 loops=239)
                                 Index Cond: (l_partkey = part.p_partkey)
 Planning Time: 3.627 ms
 Execution Time: 126.789 ms
(18 rows)

execute /home/pei/Project/benchmarks/JCC-H/out/skinner_explained/1.sql_explained.sql
SET
psql:/home/pei/Project/benchmarks/JCC-H/out/skinner_explained/1.sql_explained.sql:29: ERROR:  syntax error at or near "("
LINE 15:  l_shipdate <= date '1998-12-01' - interval '108' day (3)
                                                               ^
execute /home/pei/Project/benchmarks/JCC-H/out/skinner_explained/20.sql_explained.sql
SET
                                                                            QUERY PLAN                                                                            
------------------------------------------------------------------------------------------------------------------------------------------------------------------
 Sort  (cost=7001.80..7001.81 rows=1 width=51) (actual time=31.646..31.646 rows=0 loops=1)
   Sort Key: supplier.s_name
   Sort Method: quicksort  Memory: 25kB
   ->  Hash Join  (cost=6990.84..7001.79 rows=1 width=51) (actual time=31.584..31.585 rows=0 loops=1)
         Hash Cond: (supplier.s_nationkey = nation.n_nationkey)
         ->  Nested Loop  (cost=6989.52..7000.39 rows=27 width=55) (actual time=31.467..31.467 rows=0 loops=1)
               ->  HashAggregate  (cost=6989.23..6989.50 rows=27 width=4) (actual time=31.467..31.467 rows=0 loops=1)
                     Group Key: partsupp.ps_suppkey
                     ->  Nested Loop  (cost=1000.42..6989.17 rows=27 width=4) (actual time=31.466..31.466 rows=0 loops=1)
                           ->  Gather  (cost=1000.00..6140.67 rows=20 width=4) (actual time=31.465..32.901 rows=0 loops=1)
                                 Workers Planned: 2
                                 Workers Launched: 2
                                 ->  Parallel Seq Scan on part  (cost=0.00..5138.67 rows=8 width=4) (actual time=25.713..25.713 rows=0 loops=3)
                                       Filter: ((p_name)::text ~~ 'shiny mined g%'::text)
                                       Rows Removed by Filter: 66667
                           ->  Index Scan using idx_partsupp_partkey on partsupp  (cost=0.42..42.41 rows=1 width=8) (never executed)
                                 Index Cond: (ps_partkey = part.p_partkey)
                                 Filter: ((ps_availqty)::numeric > (SubPlan 1))
                                 SubPlan 1
                                   ->  Aggregate  (cost=8.46..8.47 rows=1 width=32) (never executed)
                                         ->  Index Scan using idx_lineitem_part_supp on lineitem  (cost=0.43..8.46 rows=1 width=5) (never executed)
                                               Index Cond: ((l_partkey = partsupp.ps_partkey) AND (l_suppkey = partsupp.ps_suppkey))
                                               Filter: ((l_shipdate >= '1993-01-01'::date) AND (l_shipdate < '1994-01-01 00:00:00'::timestamp without time zone))
               ->  Index Scan using supplier_pkey on supplier  (cost=0.29..0.40 rows=1 width=59) (never executed)
                     Index Cond: (s_suppkey = partsupp.ps_suppkey)
         ->  Hash  (cost=1.31..1.31 rows=1 width=4) (actual time=0.054..0.054 rows=1 loops=1)
               Buckets: 1024  Batches: 1  Memory Usage: 9kB
               ->  Seq Scan on nation  (cost=0.00..1.31 rows=1 width=4) (actual time=0.033..0.036 rows=1 loops=1)
                     Filter: (n_name = 'MOROCCO'::bpchar)
                     Rows Removed by Filter: 24
 Planning Time: 3.590 ms
 Execution Time: 33.501 ms
(32 rows)

execute /home/pei/Project/benchmarks/JCC-H/out/skinner_explained/21.sql_explained.sql
SET
                                                                                           QUERY PLAN                                                                                            
-------------------------------------------------------------------------------------------------------------------------------------------------------------------------------------------------
 Sort  (cost=169890.75..169890.76 rows=1 width=34) (actual time=1799.703..1799.729 rows=415 loops=1)
   Sort Key: (count(*)) DESC, supplier.s_name
   Sort Method: quicksort  Memory: 57kB
   ->  GroupAggregate  (cost=169890.72..169890.74 rows=1 width=34) (actual time=1797.216..1798.333 rows=415 loops=1)
         Group Key: supplier.s_name
         ->  Sort  (cost=169890.72..169890.73 rows=1 width=26) (actual time=1797.205..1797.498 rows=4112 loops=1)
               Sort Key: supplier.s_name
               Sort Method: quicksort  Memory: 514kB
               ->  Nested Loop  (cost=1254.87..169890.71 rows=1 width=26) (actual time=7.424..1776.614 rows=4112 loops=1)
                     ->  Nested Loop Semi Join  (cost=1254.44..169890.20 rows=1 width=34) (actual time=7.356..1589.041 rows=8423 loops=1)
                           ->  Gather  (cost=1254.01..169889.19 rows=1 width=34) (actual time=7.323..1491.343 rows=14099 loops=1)
                                 Workers Planned: 2
                                 Workers Launched: 2
                                 ->  Nested Loop Anti Join  (cost=254.01..168889.09 rows=1 width=34) (actual time=4.029..1669.295 rows=4700 loops=3)
                                       ->  Hash Join  (cost=253.58..147470.61 rows=33207 width=34) (actual time=3.605..1089.632 rows=52665 loops=3)
                                             Hash Cond: (l1.l_suppkey = supplier.s_suppkey)
                                             ->  Parallel Seq Scan on lineitem l1  (cost=0.00..143759.33 rows=833502 width=8) (actual time=0.039..906.877 rows=1264432 loops=3)
                                                   Filter: (l_receiptdate > l_commitdate)
                                                   Rows Removed by Filter: 735973
                                             ->  Hash  (cost=248.58..248.58 rows=400 width=30) (actual time=3.312..3.312 rows=415 loops=3)
                                                   Buckets: 1024  Batches: 1  Memory Usage: 34kB
                                                   ->  Nested Loop  (cost=11.38..248.58 rows=400 width=30) (actual time=0.201..3.036 rows=415 loops=3)
                                                         ->  Seq Scan on nation  (cost=0.00..1.31 rows=1 width=4) (actual time=0.031..0.035 rows=1 loops=3)
                                                               Filter: (n_name = 'EGYPT'::bpchar)
                                                               Rows Removed by Filter: 24
                                                         ->  Bitmap Heap Scan on supplier  (cost=11.38..243.27 rows=400 width=34) (actual time=0.160..2.861 rows=415 loops=3)
                                                               Recheck Cond: (s_nationkey = nation.n_nationkey)
                                                               Heap Blocks: exact=183
                                                               ->  Bitmap Index Scan on idx_supplier_nation_key  (cost=0.00..11.29 rows=400 width=0) (actual time=0.125..0.125 rows=415 loops=3)
                                                                     Index Cond: (s_nationkey = nation.n_nationkey)
                                       ->  Index Scan using lineitem_pkey on lineitem l3  (cost=0.43..1.03 rows=5 width=8) (actual time=0.010..0.010 rows=1 loops=157994)
                                             Index Cond: (l_orderkey = l1.l_orderkey)
                                             Filter: ((l_receiptdate > l_commitdate) AND (l_suppkey <> l1.l_suppkey))
                                             Rows Removed by Filter: 1
                           ->  Index Scan using lineitem_pkey on lineitem l2  (cost=0.43..0.99 rows=15 width=8) (actual time=0.006..0.006 rows=1 loops=14099)
                                 Index Cond: (l_orderkey = l1.l_orderkey)
                                 Filter: (l_suppkey <> l1.l_suppkey)
                                 Rows Removed by Filter: 1
                     ->  Index Scan using orders_pkey on orders  (cost=0.43..0.51 rows=1 width=4) (actual time=0.022..0.022 rows=0 loops=8423)
                           Index Cond: (o_orderkey = l1.l_orderkey)
                           Filter: (o_orderstatus = 'F'::bpchar)
                           Rows Removed by Filter: 1
 Planning Time: 4.466 ms
 Execution Time: 1800.466 ms
(44 rows)

execute /home/pei/Project/benchmarks/JCC-H/out/skinner_explained/22.sql_explained.sql
SET
                                                                            QUERY PLAN                                                                             
-------------------------------------------------------------------------------------------------------------------------------------------------------------------
 Finalize GroupAggregate  (cost=15870.27..15965.73 rows=715 width=72) (actual time=170.115..170.120 rows=2 loops=1)
   Group Key: ("substring"((customer.c_phone)::text, 1, 2))
   InitPlan 1 (returns $1)
     ->  Finalize Aggregate  (cost=6230.80..6230.81 rows=1 width=32) (actual time=70.081..70.082 rows=1 loops=1)
           ->  Gather  (cost=6230.58..6230.79 rows=2 width=32) (actual time=69.896..70.208 rows=3 loops=1)
                 Workers Planned: 2
                 Workers Launched: 2
                 ->  Partial Aggregate  (cost=5230.58..5230.59 rows=1 width=32) (actual time=63.790..63.791 rows=1 loops=3)
                       ->  Parallel Seq Scan on customer customer_1  (cost=0.00..5225.62 rows=1981 width=6) (actual time=0.054..62.694 rows=3616 loops=3)
                             Filter: ((c_acctbal > 0.00) AND ("substring"((c_phone)::text, 1, 2) = ANY ('{40,50,60,70,80,27,20}'::text[])))
                             Rows Removed by Filter: 46384
   ->  Gather Merge  (cost=9639.46..9716.45 rows=596 width=72) (actual time=169.965..174.438 rows=6 loops=1)
         Workers Planned: 2
         Params Evaluated: $1
         Workers Launched: 2
         ->  Partial GroupAggregate  (cost=8639.43..8647.63 rows=298 width=72) (actual time=93.015..93.123 rows=2 loops=3)
               Group Key: ("substring"((customer.c_phone)::text, 1, 2))
               ->  Sort  (cost=8639.43..8640.18 rows=298 width=38) (actual time=92.901..92.938 rows=599 loops=3)
                     Sort Key: ("substring"((customer.c_phone)::text, 1, 2))
                     Sort Method: quicksort  Memory: 57kB
                     Worker 0:  Sort Method: quicksort  Memory: 51kB
                     Worker 1:  Sort Method: quicksort  Memory: 50kB
                     ->  Nested Loop Anti Join  (cost=0.43..8627.19 rows=298 width=38) (actual time=0.507..92.257 rows=599 loops=3)
                           ->  Parallel Seq Scan on customer  (cost=0.00..5225.62 rows=729 width=26) (actual time=0.027..42.847 rows=1806 loops=3)
                                 Filter: ((c_acctbal > $1) AND ("substring"((c_phone)::text, 1, 2) = ANY ('{40,50,60,70,80,27,20}'::text[])))
                                 Rows Removed by Filter: 48194
                           ->  Index Only Scan using idx_orders_custkey on orders  (cost=0.43..47.34 rows=17 width=4) (actual time=0.026..0.026 rows=1 loops=5418)
                                 Index Cond: (o_custkey = customer.c_custkey)
                                 Heap Fetches: 3622
 Planning Time: 2.689 ms
 Execution Time: 175.047 ms
(31 rows)

execute /home/pei/Project/benchmarks/JCC-H/out/skinner_explained/2.sql_explained.sql
SET
                                                                                QUERY PLAN                                                                                
--------------------------------------------------------------------------------------------------------------------------------------------------------------------------
 Sort  (cost=6532.22..6532.23 rows=1 width=270) (actual time=38.313..38.313 rows=0 loops=1)
   Sort Key: supplier.s_acctbal DESC, nation.n_name, supplier.s_name, part.p_partkey
   Sort Method: quicksort  Memory: 25kB
   ->  Nested Loop  (cost=1001.78..6532.21 rows=1 width=270) (actual time=38.210..38.210 rows=0 loops=1)
         Join Filter: (nation.n_nationkey = supplier.s_nationkey)
         ->  Nested Loop  (cost=1000.71..6529.75 rows=1 width=170) (actual time=38.209..38.209 rows=0 loops=1)
               ->  Nested Loop  (cost=1000.42..6529.45 rows=1 width=34) (actual time=38.209..38.209 rows=0 loops=1)
                     ->  Gather  (cost=1000.00..6347.10 rows=1 width=30) (actual time=38.209..39.220 rows=0 loops=1)
                           Workers Planned: 2
                           Workers Launched: 2
                           ->  Parallel Seq Scan on part  (cost=0.00..5347.00 rows=1 width=30) (actual time=32.546..32.547 rows=0 loops=3)
                                 Filter: (((p_type)::text ~~ '%INED GOLD'::text) AND (p_size = 1))
                                 Rows Removed by Filter: 66667
                     ->  Index Scan using idx_partsupp_partkey on partsupp  (cost=0.42..182.34 rows=1 width=14) (never executed)
                           Index Cond: (ps_partkey = part.p_partkey)
                           Filter: ((SubPlan 1) = ps_supplycost)
                           SubPlan 1
                             ->  Aggregate  (cost=43.45..43.46 rows=1 width=32) (never executed)
                                   ->  Nested Loop  (cost=0.85..43.45 rows=1 width=6) (never executed)
                                         Join Filter: (nation_1.n_regionkey = region_1.r_regionkey)
                                         ->  Seq Scan on region region_1  (cost=0.00..1.06 rows=1 width=4) (never executed)
                                               Filter: (r_name = 'AFRICA'::bpchar)
                                         ->  Nested Loop  (cost=0.85..42.33 rows=4 width=10) (never executed)
                                               ->  Nested Loop  (cost=0.71..41.71 rows=4 width=10) (never executed)
                                                     ->  Index Scan using idx_partsupp_partkey on partsupp partsupp_1  (cost=0.42..8.50 rows=4 width=10) (never executed)
                                                           Index Cond: (ps_partkey = part.p_partkey)
                                                     ->  Index Scan using supplier_pkey on supplier supplier_1  (cost=0.29..8.30 rows=1 width=8) (never executed)
                                                           Index Cond: (s_suppkey = partsupp_1.ps_suppkey)
                                               ->  Index Scan using nation_pkey on nation nation_1  (cost=0.14..0.16 rows=1 width=8) (never executed)
                                                     Index Cond: (n_nationkey = supplier_1.s_nationkey)
               ->  Index Scan using supplier_pkey on supplier  (cost=0.29..0.30 rows=1 width=144) (never executed)
                     Index Cond: (s_suppkey = partsupp.ps_suppkey)
         ->  Hash Join  (cost=1.07..2.40 rows=5 width=108) (never executed)
               Hash Cond: (nation.n_regionkey = region.r_regionkey)
               ->  Seq Scan on nation  (cost=0.00..1.25 rows=25 width=112) (never executed)
               ->  Hash  (cost=1.06..1.06 rows=1 width=4) (never executed)
                     ->  Seq Scan on region  (cost=0.00..1.06 rows=1 width=4) (never executed)
                           Filter: (r_name = 'AFRICA'::bpchar)
 Planning Time: 4.893 ms
 Execution Time: 39.863 ms
(40 rows)

execute /home/pei/Project/benchmarks/JCC-H/out/skinner_explained/3.sql_explained.sql
SET
                                                                                      QUERY PLAN                                                                                      
--------------------------------------------------------------------------------------------------------------------------------------------------------------------------------------
 Sort  (cost=167797.46..168322.45 rows=209997 width=44) (actual time=927.046..927.882 rows=11343 loops=1)
   Sort Key: (sum((lineitem.l_extendedprice * ('1'::numeric - lineitem.l_discount)))) DESC, orders.o_orderdate
   Sort Method: quicksort  Memory: 1271kB
   ->  Finalize GroupAggregate  (cost=115136.20..142772.72 rows=209997 width=44) (actual time=890.668..919.039 rows=11343 loops=1)
         Group Key: lineitem.l_orderkey, orders.o_orderdate, orders.o_shippriority
         ->  Gather Merge  (cost=115136.20..137960.28 rows=174998 width=44) (actual time=890.659..906.676 rows=11343 loops=1)
               Workers Planned: 2
               Workers Launched: 2
               ->  Partial GroupAggregate  (cost=114136.17..116761.14 rows=87499 width=44) (actual time=883.858..894.106 rows=3781 loops=3)
                     Group Key: lineitem.l_orderkey, orders.o_orderdate, orders.o_shippriority
                     ->  Sort  (cost=114136.17..114354.92 rows=87499 width=24) (actual time=883.835..884.508 rows=10008 loops=3)
                           Sort Key: lineitem.l_orderkey, orders.o_orderdate, orders.o_shippriority
                           Sort Method: quicksort  Memory: 1171kB
                           Worker 0:  Sort Method: quicksort  Memory: 1157kB
                           Worker 1:  Sort Method: quicksort  Memory: 1170kB
                           ->  Nested Loop  (cost=10526.33..105158.33 rows=87499 width=24) (actual time=80.735..874.827 rows=10008 loops=3)
                                 ->  Parallel Hash Join  (cost=10525.90..38638.46 rows=26999 width=12) (actual time=80.239..344.894 rows=21278 loops=3)
                                       Hash Cond: (orders.o_custkey = customer.c_custkey)
                                       ->  Parallel Bitmap Heap Scan on orders  (cost=6001.52..33763.92 rows=133392 width=16) (actual time=49.651..253.756 rows=106243 loops=3)
                                             Recheck Cond: (o_orderdate < '1993-05-29'::date)
                                             Heap Blocks: exact=8704
                                             ->  Bitmap Index Scan on idx_orders_orderdate  (cost=0.00..5921.48 rows=320141 width=0) (actual time=44.245..44.245 rows=318729 loops=1)
                                                   Index Cond: (o_orderdate < '1993-05-29'::date)
                                       ->  Parallel Hash  (cost=4366.25..4366.25 rows=12650 width=4) (actual time=29.903..29.903 rows=9983 loops=3)
                                             Buckets: 32768  Batches: 1  Memory Usage: 1472kB
                                             ->  Parallel Seq Scan on customer  (cost=0.00..4366.25 rows=12650 width=4) (actual time=0.022..24.524 rows=9983 loops=3)
                                                   Filter: (c_mktsegment = 'MACHINERY'::bpchar)
                                                   Rows Removed by Filter: 40017
                                 ->  Index Scan using lineitem_pkey on lineitem  (cost=0.43..2.34 rows=12 width=16) (actual time=0.023..0.024 rows=0 loops=63835)
                                       Index Cond: (l_orderkey = orders.o_orderkey)
                                       Filter: (l_shipdate > '1993-05-29'::date)
                                       Rows Removed by Filter: 4
 Planning Time: 2.931 ms
 Execution Time: 930.872 ms
(34 rows)

execute /home/pei/Project/benchmarks/JCC-H/out/skinner_explained/4.sql_explained.sql
SET
                                                                               QUERY PLAN                                                                               
------------------------------------------------------------------------------------------------------------------------------------------------------------------------
 Finalize GroupAggregate  (cost=64722.70..64769.93 rows=5 width=24) (actual time=714.431..717.458 rows=5 loops=1)
   Group Key: orders.o_orderpriority
   ->  Gather Merge  (cost=64722.70..64769.83 rows=10 width=24) (actual time=713.598..721.964 rows=15 loops=1)
         Workers Planned: 2
         Workers Launched: 2
         ->  Partial GroupAggregate  (cost=63722.68..63768.65 rows=5 width=24) (actual time=706.996..710.178 rows=5 loops=3)
               Group Key: orders.o_orderpriority
               ->  Sort  (cost=63722.68..63737.98 rows=6123 width=16) (actual time=706.180..707.366 rows=17575 loops=3)
                     Sort Key: orders.o_orderpriority
                     Sort Method: quicksort  Memory: 1603kB
                     Worker 0:  Sort Method: quicksort  Memory: 1596kB
                     Worker 1:  Sort Method: quicksort  Memory: 1577kB
                     ->  Nested Loop Semi Join  (cost=1190.06..63337.54 rows=6123 width=16) (actual time=15.242..689.304 rows=17575 loops=3)
                           ->  Parallel Bitmap Heap Scan on orders  (cost=1189.63..27634.14 rows=23301 width=20) (actual time=15.153..195.413 rows=19158 loops=3)
                                 Recheck Cond: ((o_orderdate >= '1994-06-01'::date) AND (o_orderdate < '1994-09-01 00:00:00'::timestamp without time zone))
                                 Heap Blocks: exact=7852
                                 ->  Bitmap Index Scan on idx_orders_orderdate  (cost=0.00..1175.65 rows=55922 width=0) (actual time=15.909..15.909 rows=57474 loops=1)
                                       Index Cond: ((o_orderdate >= '1994-06-01'::date) AND (o_orderdate < '1994-09-01 00:00:00'::timestamp without time zone))
                           ->  Index Scan using idx_lineitem_orderkey on lineitem  (cost=0.43..5.11 rows=5 width=4) (actual time=0.024..0.024 rows=1 loops=57474)
                                 Index Cond: (l_orderkey = orders.o_orderkey)
                                 Filter: (l_commitdate < l_receiptdate)
                                 Rows Removed by Filter: 1
 Planning Time: 2.469 ms
 Execution Time: 722.472 ms
(24 rows)

execute /home/pei/Project/benchmarks/JCC-H/out/skinner_explained/5.sql_explained.sql
SET
                                                                                   QUERY PLAN                                                                                   
--------------------------------------------------------------------------------------------------------------------------------------------------------------------------------
 Sort  (cost=85981.88..85981.94 rows=25 width=136) (actual time=1817.936..1817.936 rows=5 loops=1)
   Sort Key: (sum((lineitem.l_extendedprice * ('1'::numeric - lineitem.l_discount)))) DESC
   Sort Method: quicksort  Memory: 25kB
   ->  Finalize GroupAggregate  (cost=85937.25..85981.30 rows=25 width=136) (actual time=1816.751..1817.877 rows=5 loops=1)
         Group Key: nation.n_name
         ->  Gather Merge  (cost=85937.25..85980.61 rows=50 width=136) (actual time=1816.386..1823.434 rows=15 loops=1)
               Workers Planned: 2
               Workers Launched: 2
               ->  Partial GroupAggregate  (cost=84937.23..84974.82 rows=25 width=136) (actual time=1808.278..1809.615 rows=5 loops=3)
                     Group Key: nation.n_name
                     ->  Sort  (cost=84937.23..84944.68 rows=2982 width=116) (actual time=1807.938..1808.107 rows=2459 loops=3)
                           Sort Key: nation.n_name
                           Sort Method: quicksort  Memory: 294kB
                           Worker 0:  Sort Method: quicksort  Memory: 277kB
                           Worker 1:  Sort Method: quicksort  Memory: 295kB
                           ->  Hash Join  (cost=475.32..84765.14 rows=2982 width=116) (actual time=9.152..1803.965 rows=2459 loops=3)
                                 Hash Cond: ((lineitem.l_suppkey = supplier.s_suppkey) AND (customer.c_nationkey = supplier.s_nationkey))
                                 ->  Nested Loop  (cost=3.32..83900.20 rows=74844 width=128) (actual time=0.680..1770.247 rows=60981 loops=3)
                                       ->  Nested Loop  (cost=2.89..25143.84 rows=18707 width=116) (actual time=0.554..1177.369 rows=15233 loops=3)
                                             ->  Hash Join  (cost=2.46..4571.84 rows=12500 width=116) (actual time=0.293..43.331 rows=10066 loops=3)
                                                   Hash Cond: (customer.c_nationkey = nation.n_nationkey)
                                                   ->  Parallel Seq Scan on customer  (cost=0.00..4210.00 rows=62500 width=8) (actual time=0.033..25.570 rows=50000 loops=3)
                                                   ->  Hash  (cost=2.40..2.40 rows=5 width=108) (actual time=0.165..0.165 rows=5 loops=3)
                                                         Buckets: 1024  Batches: 1  Memory Usage: 9kB
                                                         ->  Hash Join  (cost=1.07..2.40 rows=5 width=108) (actual time=0.144..0.151 rows=5 loops=3)
                                                               Hash Cond: (nation.n_regionkey = region.r_regionkey)
                                                               ->  Seq Scan on nation  (cost=0.00..1.25 rows=25 width=112) (actual time=0.039..0.042 rows=25 loops=3)
                                                               ->  Hash  (cost=1.06..1.06 rows=1 width=4) (actual time=0.051..0.051 rows=1 loops=3)
                                                                     Buckets: 1024  Batches: 1  Memory Usage: 9kB
                                                                     ->  Seq Scan on region  (cost=0.00..1.06 rows=1 width=4) (actual time=0.025..0.026 rows=1 loops=3)
                                                                           Filter: (r_name = 'EUROPE'::bpchar)
                                                                           Rows Removed by Filter: 4
                                             ->  Index Scan using idx_orders_custkey on orders  (cost=0.43..1.62 rows=3 width=8) (actual time=0.047..0.111 rows=2 loops=30197)
                                                   Index Cond: (o_custkey = customer.c_custkey)
                                                   Filter: ((o_orderdate >= '1993-01-01'::date) AND (o_orderdate < '1994-01-01 00:00:00'::timestamp without time zone))
                                                   Rows Removed by Filter: 9
                                       ->  Index Scan using idx_lineitem_orderkey on lineitem  (cost=0.43..2.99 rows=15 width=20) (actual time=0.034..0.036 rows=4 loops=45699)
                                             Index Cond: (l_orderkey = orders.o_orderkey)
                                 ->  Hash  (cost=322.00..322.00 rows=10000 width=8) (actual time=7.507..7.507 rows=10000 loops=3)
                                       Buckets: 16384  Batches: 1  Memory Usage: 519kB
                                       ->  Seq Scan on supplier  (cost=0.00..322.00 rows=10000 width=8) (actual time=0.028..4.419 rows=10000 loops=3)
 Planning Time: 6.850 ms
 Execution Time: 1824.201 ms
(43 rows)

execute /home/pei/Project/benchmarks/JCC-H/out/skinner_explained/6.sql_explained.sql
SET
                                                                                                         QUERY PLAN                                                                                                         
----------------------------------------------------------------------------------------------------------------------------------------------------------------------------------------------------------------------------
 Finalize Aggregate  (cost=170272.46..170272.47 rows=1 width=32) (actual time=920.436..920.436 rows=1 loops=1)
   ->  Gather  (cost=170272.23..170272.44 rows=2 width=32) (actual time=920.308..923.291 rows=3 loops=1)
         Workers Planned: 2
         Workers Launched: 2
         ->  Partial Aggregate  (cost=169272.23..169272.24 rows=1 width=32) (actual time=914.324..914.325 rows=1 loops=3)
               ->  Parallel Seq Scan on lineitem  (cost=0.00..168764.39 rows=101568 width=12) (actual time=0.062..858.296 rows=82632 loops=3)
                     Filter: ((l_shipdate >= '1993-01-01'::date) AND (l_shipdate < '1994-01-01 00:00:00'::timestamp without time zone) AND (l_discount >= 0.06) AND (l_discount <= 0.08) AND (l_quantity < '100'::numeric))
                     Rows Removed by Filter: 1917773
 Planning Time: 1.540 ms
 Execution Time: 923.510 ms
(10 rows)

execute /home/pei/Project/benchmarks/JCC-H/out/skinner_explained/7.sql_explained.sql
SET
                                                                                             QUERY PLAN                                                                                              
-----------------------------------------------------------------------------------------------------------------------------------------------------------------------------------------------------
 Finalize GroupAggregate  (cost=72940.15..73769.59 rows=5980 width=248) (actual time=1876.154..1877.261 rows=4 loops=1)
   Group Key: n1.n_name, n2.n_name, (date_part('year'::text, (lineitem.l_shipdate)::timestamp without time zone))
   ->  Gather Merge  (cost=72940.15..73602.64 rows=4984 width=248) (actual time=1875.728..1881.442 rows=12 loops=1)
         Workers Planned: 2
         Workers Launched: 2
         ->  Partial GroupAggregate  (cost=71940.12..72027.34 rows=2492 width=248) (actual time=1867.368..1868.509 rows=4 loops=3)
               Group Key: n1.n_name, n2.n_name, (date_part('year'::text, (lineitem.l_shipdate)::timestamp without time zone))
               ->  Sort  (cost=71940.12..71946.35 rows=2492 width=228) (actual time=1866.974..1867.109 rows=1930 loops=3)
                     Sort Key: n1.n_name, n2.n_name, (date_part('year'::text, (lineitem.l_shipdate)::timestamp without time zone))
                     Sort Method: quicksort  Memory: 316kB
                     Worker 0:  Sort Method: quicksort  Memory: 314kB
                     Worker 1:  Sort Method: quicksort  Memory: 329kB
                     ->  Hash Join  (cost=366.36..71799.54 rows=2492 width=228) (actual time=7.469..1863.080 rows=1930 loops=3)
                           Hash Cond: (lineitem.l_suppkey = supplier.s_suppkey)
                           Join Filter: (((n1.n_name = 'UNITED STATES'::bpchar) AND (n2.n_name = 'GERMANY'::bpchar)) OR ((n1.n_name = 'GERMANY'::bpchar) AND (n2.n_name = 'UNITED STATES'::bpchar)))
                           Rows Removed by Join Filter: 1894
                           ->  Nested Loop  (cost=2.26..71101.74 rows=60116 width=124) (actual time=0.650..1837.763 rows=48207 loops=3)
                                 ->  Nested Loop  (cost=1.83..12907.07 rows=50000 width=108) (actual time=0.348..547.340 rows=39882 loops=3)
                                       ->  Hash Join  (cost=1.40..4403.27 rows=5000 width=108) (actual time=0.223..33.915 rows=3964 loops=3)
                                             Hash Cond: (customer.c_nationkey = n2.n_nationkey)
                                             ->  Parallel Seq Scan on customer  (cost=0.00..4210.00 rows=62500 width=8) (actual time=0.030..22.188 rows=50000 loops=3)
                                             ->  Hash  (cost=1.38..1.38 rows=2 width=108) (actual time=0.067..0.067 rows=2 loops=3)
                                                   Buckets: 1024  Batches: 1  Memory Usage: 9kB
                                                   ->  Seq Scan on nation n2  (cost=0.00..1.38 rows=2 width=108) (actual time=0.036..0.042 rows=2 loops=3)
                                                         Filter: ((n_name = 'GERMANY'::bpchar) OR (n_name = 'UNITED STATES'::bpchar))
                                                         Rows Removed by Filter: 23
                                       ->  Index Scan using idx_orders_custkey on orders  (cost=0.43..1.53 rows=17 width=8) (actual time=0.016..0.123 rows=10 loops=11891)
                                             Index Cond: (o_custkey = customer.c_custkey)
                                 ->  Index Scan using lineitem_pkey on lineitem  (cost=0.43..1.11 rows=5 width=24) (actual time=0.030..0.031 rows=1 loops=119645)
                                       Index Cond: (l_orderkey = orders.o_orderkey)
                                       Filter: ((l_shipdate >= '1993-01-01'::date) AND (l_shipdate <= '1994-12-31'::date))
                                       Rows Removed by Filter: 3
                           ->  Hash  (cost=354.10..354.10 rows=800 width=108) (actual time=5.494..5.494 rows=789 loops=3)
                                 Buckets: 1024  Batches: 1  Memory Usage: 56kB
                                 ->  Hash Join  (cost=1.40..354.10 rows=800 width=108) (actual time=0.120..5.089 rows=789 loops=3)
                                       Hash Cond: (supplier.s_nationkey = n1.n_nationkey)
                                       ->  Seq Scan on supplier  (cost=0.00..322.00 rows=10000 width=8) (actual time=0.033..3.326 rows=10000 loops=3)
                                       ->  Hash  (cost=1.38..1.38 rows=2 width=108) (actual time=0.028..0.028 rows=2 loops=3)
                                             Buckets: 1024  Batches: 1  Memory Usage: 9kB
                                             ->  Seq Scan on nation n1  (cost=0.00..1.38 rows=2 width=108) (actual time=0.011..0.017 rows=2 loops=3)
                                                   Filter: ((n_name = 'UNITED STATES'::bpchar) OR (n_name = 'GERMANY'::bpchar))
                                                   Rows Removed by Filter: 23
 Planning Time: 5.622 ms
 Execution Time: 1882.115 ms
(44 rows)

execute /home/pei/Project/benchmarks/JCC-H/out/skinner_explained/8.sql_explained.sql
SET
                                                                                QUERY PLAN                                                                                
--------------------------------------------------------------------------------------------------------------------------------------------------------------------------
 Finalize GroupAggregate  (cost=77405.33..77756.97 rows=2395 width=40) (actual time=32.296..32.296 rows=0 loops=1)
   Group Key: (date_part('year'::text, (orders.o_orderdate)::timestamp without time zone))
   ->  Gather Merge  (cost=77405.33..77678.13 rows=1996 width=72) (actual time=32.295..33.430 rows=0 loops=1)
         Workers Planned: 2
         Workers Launched: 2
         ->  Partial GroupAggregate  (cost=76405.31..76447.72 rows=998 width=72) (actual time=24.965..24.965 rows=0 loops=3)
               Group Key: (date_part('year'::text, (orders.o_orderdate)::timestamp without time zone))
               ->  Sort  (cost=76405.31..76407.80 rows=998 width=124) (actual time=24.964..24.964 rows=0 loops=3)
                     Sort Key: (date_part('year'::text, (orders.o_orderdate)::timestamp without time zone))
                     Sort Method: quicksort  Memory: 25kB
                     Worker 0:  Sort Method: quicksort  Memory: 25kB
                     Worker 1:  Sort Method: quicksort  Memory: 25kB
                     ->  Hash Join  (cost=5.59..76355.59 rows=998 width=124) (actual time=24.891..24.892 rows=0 loops=3)
                           Hash Cond: (supplier.s_nationkey = n2.n_nationkey)
                           ->  Nested Loop  (cost=4.03..76345.97 rows=998 width=20) (actual time=24.745..24.745 rows=0 loops=3)
                                 ->  Hash Join  (cost=3.74..76042.70 rows=1002 width=20) (actual time=24.745..24.745 rows=0 loops=3)
                                       Hash Cond: (customer.c_nationkey = n1.n_nationkey)
                                       ->  Nested Loop  (cost=1.28..76011.43 rows=5010 width=24) (actual time=24.744..24.744 rows=0 loops=3)
                                             ->  Nested Loop  (cost=0.86..73643.02 rows=5010 width=24) (actual time=24.744..24.744 rows=0 loops=3)
                                                   ->  Nested Loop  (cost=0.43..65860.85 rows=16553 width=20) (actual time=24.744..24.744 rows=0 loops=3)
                                                         ->  Parallel Seq Scan on part  (cost=0.00..5138.67 rows=552 width=4) (actual time=24.743..24.743 rows=0 loops=3)
                                                               Filter: ((p_type)::text = 'SHINY MINED GOLD'::text)
                                                               Rows Removed by Filter: 66667
                                                         ->  Index Scan using idx_lineitem_part_supp on lineitem  (cost=0.43..109.69 rows=31 width=24) (never executed)
                                                               Index Cond: (l_partkey = part.p_partkey)
                                                   ->  Index Scan using orders_pkey on orders  (cost=0.43..0.47 rows=1 width=12) (never executed)
                                                         Index Cond: (o_orderkey = lineitem.l_orderkey)
                                                         Filter: ((o_orderdate >= '1993-01-01'::date) AND (o_orderdate <= '1994-12-31'::date))
                                             ->  Index Scan using customer_pkey on customer  (cost=0.42..0.47 rows=1 width=8) (never executed)
                                                   Index Cond: (c_custkey = orders.o_custkey)
                                       ->  Hash  (cost=2.40..2.40 rows=5 width=4) (never executed)
                                             ->  Hash Join  (cost=1.07..2.40 rows=5 width=4) (never executed)
                                                   Hash Cond: (n1.n_regionkey = region.r_regionkey)
                                                   ->  Seq Scan on nation n1  (cost=0.00..1.25 rows=25 width=8) (never executed)
                                                   ->  Hash  (cost=1.06..1.06 rows=1 width=4) (never executed)
                                                         ->  Seq Scan on region  (cost=0.00..1.06 rows=1 width=4) (never executed)
                                                               Filter: (r_name = 'MIDDLE EAST'::bpchar)
                                 ->  Index Scan using supplier_pkey on supplier  (cost=0.29..0.30 rows=1 width=8) (never executed)
                                       Index Cond: (s_suppkey = lineitem.l_suppkey)
                           ->  Hash  (cost=1.25..1.25 rows=25 width=108) (actual time=0.064..0.064 rows=25 loops=3)
                                 Buckets: 1024  Batches: 1  Memory Usage: 10kB
                                 ->  Seq Scan on nation n2  (cost=0.00..1.25 rows=25 width=108) (actual time=0.031..0.036 rows=25 loops=3)
 Planning Time: 7.856 ms
 Execution Time: 34.095 ms
(44 rows)

execute /home/pei/Project/benchmarks/JCC-H/out/skinner_explained/9.sql_explained.sql
SET
                                                                            QUERY PLAN                                                                            
------------------------------------------------------------------------------------------------------------------------------------------------------------------
 Finalize GroupAggregate  (cost=6382.26..6464.52 rows=598 width=144) (actual time=40.650..40.650 rows=0 loops=1)
   Group Key: nation.n_name, (date_part('year'::text, (orders.o_orderdate)::timestamp without time zone))
   ->  Gather Merge  (cost=6382.26..6449.07 rows=498 width=144) (actual time=40.649..42.266 rows=0 loops=1)
         Workers Planned: 2
         Workers Launched: 2
         ->  Partial GroupAggregate  (cost=5382.23..5391.57 rows=249 width=144) (actual time=33.523..33.523 rows=0 loops=3)
               Group Key: nation.n_name, (date_part('year'::text, (orders.o_orderdate)::timestamp without time zone))
               ->  Sort  (cost=5382.23..5382.85 rows=249 width=135) (actual time=33.522..33.522 rows=0 loops=3)
                     Sort Key: nation.n_name, (date_part('year'::text, (orders.o_orderdate)::timestamp without time zone)) DESC
                     Sort Method: quicksort  Memory: 25kB
                     Worker 0:  Sort Method: quicksort  Memory: 25kB
                     Worker 1:  Sort Method: quicksort  Memory: 25kB
                     ->  Nested Loop  (cost=3.13..5372.32 rows=249 width=135) (actual time=33.438..33.439 rows=0 loops=3)
                           ->  Nested Loop  (cost=2.71..5255.26 rows=249 width=131) (actual time=33.438..33.438 rows=0 loops=3)
                                 Join Filter: (supplier.s_suppkey = lineitem.l_suppkey)
                                 ->  Hash Join  (cost=2.27..5218.63 rows=33 width=126) (actual time=33.438..33.438 rows=0 loops=3)
                                       Hash Cond: (supplier.s_nationkey = nation.n_nationkey)
                                       ->  Nested Loop  (cost=0.71..5216.97 rows=33 width=26) (actual time=33.437..33.437 rows=0 loops=3)
                                             ->  Nested Loop  (cost=0.42..5206.95 rows=33 width=18) (actual time=33.437..33.437 rows=0 loops=3)
                                                   ->  Parallel Seq Scan on part  (cost=0.00..5138.67 rows=8 width=4) (actual time=33.437..33.437 rows=0 loops=3)
                                                         Filter: ((p_name)::text ~~ '%shiny mined gold%'::text)
                                                         Rows Removed by Filter: 66667
                                                   ->  Index Scan using idx_partsupp_partkey on partsupp  (cost=0.42..8.50 rows=4 width=14) (never executed)
                                                         Index Cond: (ps_partkey = part.p_partkey)
                                             ->  Index Scan using supplier_pkey on supplier  (cost=0.29..0.30 rows=1 width=8) (never executed)
                                                   Index Cond: (s_suppkey = partsupp.ps_suppkey)
                                       ->  Hash  (cost=1.25..1.25 rows=25 width=108) (never executed)
                                             ->  Seq Scan on nation  (cost=0.00..1.25 rows=25 width=108) (never executed)
                                 ->  Index Scan using idx_lineitem_part_supp on lineitem  (cost=0.43..1.10 rows=1 width=29) (never executed)
                                       Index Cond: ((l_partkey = partsupp.ps_partkey) AND (l_suppkey = partsupp.ps_suppkey))
                           ->  Index Scan using orders_pkey on orders  (cost=0.43..0.47 rows=1 width=8) (never executed)
                                 Index Cond: (o_orderkey = lineitem.l_orderkey)
 Planning Time: 7.686 ms
 Execution Time: 42.809 ms
(34 rows)

execute /home/pei/Project/benchmarks/JCC-H/out/skinner_explained/10.sql_explained.sql
SET
                                                                                     QUERY PLAN                                                                                     
------------------------------------------------------------------------------------------------------------------------------------------------------------------------------------
 Sort  (cost=21298.42..21302.97 rows=1819 width=280) (actual time=109.150..109.267 rows=1584 loops=1)
   Sort Key: (sum((lineitem.l_extendedprice * ('1'::numeric - lineitem.l_discount)))) DESC
   Sort Method: quicksort  Memory: 469kB
   ->  Finalize GroupAggregate  (cost=21016.69..21199.93 rows=1819 width=280) (actual time=101.015..107.050 rows=1584 loops=1)
         Group Key: customer.c_custkey, nation.n_name
         ->  Gather Merge  (cost=21016.69..21166.49 rows=1070 width=280) (actual time=100.992..104.832 rows=1592 loops=1)
               Workers Planned: 1
               Workers Launched: 1
               ->  Partial GroupAggregate  (cost=20016.68..20046.11 rows=1070 width=280) (actual time=96.003..98.545 rows=796 loops=2)
                     Group Key: customer.c_custkey, nation.n_name
                     ->  Sort  (cost=20016.68..20019.36 rows=1070 width=260) (actual time=95.982..96.139 rows=1859 loops=2)
                           Sort Key: customer.c_custkey, nation.n_name
                           Sort Method: quicksort  Memory: 561kB
                           Worker 0:  Sort Method: quicksort  Memory: 527kB
                           ->  Hash Join  (cost=45.88..19962.84 rows=1070 width=260) (actual time=1.419..92.940 rows=1859 loops=2)
                                 Hash Cond: (customer.c_nationkey = nation.n_nationkey)
                                 ->  Nested Loop  (cost=44.31..19957.99 rows=1070 width=160) (actual time=1.299..91.434 rows=1859 loops=2)
                                       ->  Nested Loop  (cost=43.89..15136.11 rows=1070 width=16) (actual time=1.211..64.989 rows=1859 loops=2)
                                             ->  Parallel Bitmap Heap Scan on orders  (cost=43.46..5824.69 rows=1092 width=8) (actual time=1.102..22.136 rows=940 loops=2)
                                                   Recheck Cond: ((o_orderdate >= '1992-05-26'::date) AND (o_orderdate < '1992-05-29'::date))
                                                   Heap Blocks: exact=935
                                                   ->  Bitmap Index Scan on idx_orders_orderdate  (cost=0.00..43.00 rows=1857 width=0) (actual time=1.753..1.753 rows=1879 loops=1)
                                                         Index Cond: ((o_orderdate >= '1992-05-26'::date) AND (o_orderdate < '1992-05-29'::date))
                                             ->  Index Scan using idx_lineitem_orderkey on lineitem  (cost=0.43..8.49 rows=4 width=16) (actual time=0.041..0.044 rows=2 loops=1879)
                                                   Index Cond: (l_orderkey = orders.o_orderkey)
                                                   Filter: (l_returnflag = 'R'::bpchar)
                                                   Rows Removed by Filter: 2
                                       ->  Index Scan using customer_pkey on customer  (cost=0.42..4.51 rows=1 width=148) (actual time=0.013..0.013 rows=1 loops=3718)
                                             Index Cond: (c_custkey = orders.o_custkey)
                                 ->  Hash  (cost=1.25..1.25 rows=25 width=108) (actual time=0.054..0.054 rows=25 loops=2)
                                       Buckets: 1024  Batches: 1  Memory Usage: 10kB
                                       ->  Seq Scan on nation  (cost=0.00..1.25 rows=25 width=108) (actual time=0.025..0.030 rows=25 loops=2)
 Planning Time: 3.184 ms
 Execution Time: 110.495 ms
(34 rows)

execute /home/pei/Project/benchmarks/JCC-H/out/skinner_explained/11.sql_explained.sql
SET
                                                                            QUERY PLAN                                                                             
-------------------------------------------------------------------------------------------------------------------------------------------------------------------
 Sort  (cost=13433.18..13459.84 rows=10667 width=36) (actual time=464.842..464.900 rows=869 loops=1)
   Sort Key: (sum((partsupp.ps_supplycost * (partsupp.ps_availqty)::numeric))) DESC
   Sort Method: quicksort  Memory: 65kB
   InitPlan 1 (returns $2)
     ->  Aggregate  (cost=4682.49..4682.50 rows=1 width=32) (actual time=127.696..127.697 rows=1 loops=1)
           ->  Nested Loop  (cost=11.81..4442.48 rows=32000 width=10) (actual time=0.152..107.300 rows=32560 loops=1)
                 ->  Nested Loop  (cost=11.38..248.58 rows=400 width=4) (actual time=0.111..3.542 rows=407 loops=1)
                       ->  Seq Scan on nation nation_1  (cost=0.00..1.31 rows=1 width=4) (actual time=0.015..0.021 rows=1 loops=1)
                             Filter: (n_name = 'CHINA'::bpchar)
                             Rows Removed by Filter: 24
                       ->  Bitmap Heap Scan on supplier supplier_1  (cost=11.38..243.27 rows=400 width=8) (actual time=0.088..3.370 rows=407 loops=1)
                             Recheck Cond: (s_nationkey = nation_1.n_nationkey)
                             Heap Blocks: exact=186
                             ->  Bitmap Index Scan on idx_supplier_nation_key  (cost=0.00..11.29 rows=400 width=0) (actual time=0.064..0.064 rows=407 loops=1)
                                   Index Cond: (s_nationkey = nation_1.n_nationkey)
                 ->  Index Scan using idx_partsupp_suppkey on partsupp partsupp_1  (cost=0.42..9.68 rows=80 width=14) (actual time=0.017..0.234 rows=80 loops=407)
                       Index Cond: (ps_suppkey = supplier_1.s_suppkey)
   ->  GroupAggregate  (cost=6837.01..8037.01 rows=10667 width=36) (actual time=427.200..464.353 rows=869 loops=1)
         Group Key: partsupp.ps_partkey
         Filter: (sum((partsupp.ps_supplycost * (partsupp.ps_availqty)::numeric)) > $2)
         Rows Removed by Filter: 29770
         ->  Sort  (cost=6837.01..6917.01 rows=32000 width=14) (actual time=299.442..301.822 rows=32560 loops=1)
               Sort Key: partsupp.ps_partkey
               Sort Method: quicksort  Memory: 2295kB
               ->  Nested Loop  (cost=11.81..4442.48 rows=32000 width=14) (actual time=0.229..273.090 rows=32560 loops=1)
                     ->  Nested Loop  (cost=11.38..248.58 rows=400 width=4) (actual time=0.180..4.135 rows=407 loops=1)
                           ->  Seq Scan on nation  (cost=0.00..1.31 rows=1 width=4) (actual time=0.026..0.033 rows=1 loops=1)
                                 Filter: (n_name = 'CHINA'::bpchar)
                                 Rows Removed by Filter: 24
                           ->  Bitmap Heap Scan on supplier  (cost=11.38..243.27 rows=400 width=8) (actual time=0.147..3.944 rows=407 loops=1)
                                 Recheck Cond: (s_nationkey = nation.n_nationkey)
                                 Heap Blocks: exact=186
                                 ->  Bitmap Index Scan on idx_supplier_nation_key  (cost=0.00..11.29 rows=400 width=0) (actual time=0.114..0.114 rows=407 loops=1)
                                       Index Cond: (s_nationkey = nation.n_nationkey)
                     ->  Index Scan using idx_partsupp_suppkey on partsupp  (cost=0.42..9.68 rows=80 width=18) (actual time=0.025..0.627 rows=80 loops=407)
                           Index Cond: (ps_suppkey = supplier.s_suppkey)
 Planning Time: 2.560 ms
 Execution Time: 465.604 ms
(38 rows)

execute /home/pei/Project/benchmarks/JCC-H/out/skinner_explained/12.sql_explained.sql
SET
                                                                                                                                       QUERY PLAN                                                                                                                                       
----------------------------------------------------------------------------------------------------------------------------------------------------------------------------------------------------------------------------------------------------------------------------------------
 Finalize GroupAggregate  (cost=209360.10..209599.26 rows=7 width=27) (actual time=1317.976..1317.978 rows=2 loops=1)
   Group Key: lineitem.l_shipmode
   ->  Gather Merge  (cost=209360.10..209599.08 rows=14 width=27) (actual time=1315.506..1319.825 rows=6 loops=1)
         Workers Planned: 2
         Workers Launched: 2
         ->  Partial GroupAggregate  (cost=208360.07..208597.44 rows=7 width=27) (actual time=1309.330..1311.741 rows=2 loops=3)
               Group Key: lineitem.l_shipmode
               ->  Sort  (cost=208360.07..208389.74 rows=11865 width=27) (actual time=1306.867..1307.528 rows=10341 loops=3)
                     Sort Key: lineitem.l_shipmode
                     Sort Method: quicksort  Memory: 1206kB
                     Worker 0:  Sort Method: quicksort  Memory: 1190kB
                     Worker 1:  Sort Method: quicksort  Memory: 1181kB
                     ->  Parallel Hash Join  (cost=168912.70..207557.14 rows=11865 width=27) (actual time=1055.595..1298.165 rows=10341 loops=3)
                           Hash Cond: (orders.o_orderkey = lineitem.l_orderkey)
                           ->  Parallel Seq Scan on orders  (cost=0.00..32345.00 rows=625000 width=20) (actual time=0.041..150.682 rows=500000 loops=3)
                           ->  Parallel Hash  (cost=168764.39..168764.39 rows=11865 width=15) (actual time=1054.724..1054.724 rows=10341 loops=3)
                                 Buckets: 32768  Batches: 1  Memory Usage: 1760kB
                                 ->  Parallel Seq Scan on lineitem  (cost=0.00..168764.39 rows=11865 width=15) (actual time=0.230..1042.762 rows=10341 loops=3)
                                       Filter: ((l_shipmode = ANY ('{"REG AIR",FOB}'::bpchar[])) AND (l_commitdate < l_receiptdate) AND (l_shipdate < l_commitdate) AND (l_receiptdate >= '1993-01-01'::date) AND (l_receiptdate < '1994-01-01 00:00:00'::timestamp without time zone))
                                       Rows Removed by Filter: 1990064
 Planning Time: 2.067 ms
 Execution Time: 1320.248 ms
(22 rows)

execute /home/pei/Project/benchmarks/JCC-H/out/skinner_explained/13.sql_explained.sql
SET
                                                                                      QUERY PLAN                                                                                      
--------------------------------------------------------------------------------------------------------------------------------------------------------------------------------------
 Sort  (cost=161053.73..161054.23 rows=200 width=16) (actual time=5071.227..5071.229 rows=42 loops=1)
   Sort Key: (count(*)) DESC, (count(orders.o_orderkey)) DESC
   Sort Method: quicksort  Memory: 26kB
   ->  HashAggregate  (cost=161044.09..161046.09 rows=200 width=16) (actual time=5071.144..5071.151 rows=42 loops=1)
         Group Key: count(orders.o_orderkey)
         ->  Finalize GroupAggregate  (cost=1000.87..158794.09 rows=150000 width=12) (actual time=9.619..5011.454 rows=150000 loops=1)
               Group Key: customer.c_custkey
               ->  Gather Merge  (cost=1000.87..155794.09 rows=300000 width=12) (actual time=9.432..4918.225 rows=150000 loops=1)
                     Workers Planned: 2
                     Workers Launched: 2
                     ->  Partial GroupAggregate  (cost=0.85..120166.62 rows=150000 width=12) (actual time=0.451..4130.775 rows=50000 loops=3)
                           Group Key: customer.c_custkey
                           ->  Nested Loop Left Join  (cost=0.85..115573.18 rows=618687 width=8) (actual time=0.184..3925.976 rows=511342 loops=3)
                                 ->  Parallel Index Only Scan using customer_pkey on customer  (cost=0.42..6619.43 rows=62500 width=4) (actual time=0.073..52.215 rows=50000 loops=3)
                                       Heap Fetches: 150000
                                 ->  Index Scan using idx_orders_custkey on orders  (cost=0.43..1.57 rows=17 width=8) (actual time=0.008..0.074 rows=10 loops=150000)
                                       Index Cond: (o_custkey = customer.c_custkey)
                                       Filter: ((o_comment)::text !~~ '%express%deposits%'::text)
                                       Rows Removed by Filter: 0
 Planning Time: 2.019 ms
 Execution Time: 5071.746 ms
(21 rows)

execute /home/pei/Project/benchmarks/JCC-H/out/skinner_explained/14.sql_explained.sql
SET
                                                                               QUERY PLAN                                                                                
-------------------------------------------------------------------------------------------------------------------------------------------------------------------------
 Finalize Aggregate  (cost=118266.17..118266.18 rows=1 width=32) (actual time=494.770..494.770 rows=1 loops=1)
   ->  Gather  (cost=118265.93..118266.14 rows=2 width=64) (actual time=493.606..499.367 rows=3 loops=1)
         Workers Planned: 2
         Workers Launched: 2
         ->  Partial Aggregate  (cost=117265.93..117265.94 rows=1 width=64) (actual time=487.085..487.085 rows=1 loops=3)
               ->  Parallel Hash Join  (cost=110065.79..116694.64 rows=32645 width=33) (actual time=421.710..468.709 rows=25967 loops=3)
                     Hash Cond: (part.p_partkey = lineitem.l_partkey)
                     ->  Parallel Seq Scan on part  (cost=0.00..4930.33 rows=83333 width=25) (actual time=0.057..22.867 rows=66667 loops=3)
                     ->  Parallel Hash  (cost=109657.73..109657.73 rows=32645 width=16) (actual time=420.305..420.305 rows=25967 loops=3)
                           Buckets: 131072  Batches: 1  Memory Usage: 5216kB
                           ->  Parallel Bitmap Heap Scan on lineitem  (cost=2015.50..109657.73 rows=32645 width=16) (actual time=31.872..394.214 rows=25967 loops=3)
                                 Recheck Cond: ((l_shipdate >= '1995-05-01'::date) AND (l_shipdate < '1995-06-01 00:00:00'::timestamp without time zone))
                                 Heap Blocks: exact=14093
                                 ->  Bitmap Index Scan on idx_lineitem_shipdate  (cost=0.00..1995.91 rows=78348 width=0) (actual time=26.197..26.197 rows=77900 loops=1)
                                       Index Cond: ((l_shipdate >= '1995-05-01'::date) AND (l_shipdate < '1995-06-01 00:00:00'::timestamp without time zone))
 Planning Time: 2.484 ms
 Execution Time: 499.707 ms
(17 rows)

execute /home/pei/Project/benchmarks/JCC-H/out/skinner_explained/15.sql_explained.sql
SET
CREATE VIEW
                                                                                       QUERY PLAN                                                                                       
----------------------------------------------------------------------------------------------------------------------------------------------------------------------------------------
 Nested Loop  (cost=299146.69..302223.56 rows=50 width=103) (actual time=1835.577..1848.780 rows=1 loops=1)
   InitPlan 1 (returns $1)
     ->  Aggregate  (cost=150945.41..150945.42 rows=1 width=32) (actual time=916.735..916.735 rows=1 loops=1)
           ->  Finalize GroupAggregate  (cost=148200.98..150819.91 rows=10040 width=36) (actual time=883.460..915.557 rows=10000 loops=1)
                 Group Key: lineitem_1.l_suppkey
                 ->  Gather Merge  (cost=148200.98..150543.81 rows=20080 width=36) (actual time=883.449..893.759 rows=29984 loops=1)
                       Workers Planned: 2
                       Workers Launched: 2
                       ->  Sort  (cost=147200.96..147226.06 rows=10040 width=36) (actual time=875.458..876.307 rows=9995 loops=3)
                             Sort Key: lineitem_1.l_suppkey
                             Sort Method: quicksort  Memory: 1165kB
                             Worker 0:  Sort Method: quicksort  Memory: 1165kB
                             Worker 1:  Sort Method: quicksort  Memory: 1165kB
                             ->  Partial HashAggregate  (cost=146408.13..146533.63 rows=10040 width=36) (actual time=863.646..869.433 rows=9995 loops=3)
                                   Group Key: lineitem_1.l_suppkey
                                   ->  Parallel Bitmap Heap Scan on lineitem lineitem_1  (cost=5705.45..145482.51 rows=92562 width=16) (actual time=61.404..736.565 rows=75898 loops=3)
                                         Recheck Cond: ((l_shipdate >= '1993-05-01'::date) AND (l_shipdate < '1993-08-01 00:00:00'::timestamp without time zone))
                                         Rows Removed by Index Recheck: 552534
                                         Heap Blocks: exact=11938 lossy=11693
                                         ->  Bitmap Index Scan on idx_lineitem_shipdate  (cost=0.00..5649.91 rows=222148 width=0) (actual time=61.284..61.284 rows=227694 loops=1)
                                               Index Cond: ((l_shipdate >= '1993-05-01'::date) AND (l_shipdate < '1993-08-01 00:00:00'::timestamp without time zone))
   ->  Finalize GroupAggregate  (cost=148200.98..150970.51 rows=50 width=36) (actual time=1835.525..1848.728 rows=1 loops=1)
         Group Key: lineitem.l_suppkey
         Filter: (sum((lineitem.l_extendedprice * ('1'::numeric - lineitem.l_discount))) = $1)
         Rows Removed by Filter: 9999
         ->  Gather Merge  (cost=148200.98..150543.81 rows=20080 width=36) (actual time=899.689..910.547 rows=29985 loops=1)
               Workers Planned: 2
               Workers Launched: 2
               ->  Sort  (cost=147200.96..147226.06 rows=10040 width=36) (actual time=892.464..893.712 rows=9995 loops=3)
                     Sort Key: lineitem.l_suppkey
                     Sort Method: quicksort  Memory: 1165kB
                     Worker 0:  Sort Method: quicksort  Memory: 1166kB
                     Worker 1:  Sort Method: quicksort  Memory: 1165kB
                     ->  Partial HashAggregate  (cost=146408.13..146533.63 rows=10040 width=36) (actual time=880.636..886.424 rows=9995 loops=3)
                           Group Key: lineitem.l_suppkey
                           ->  Parallel Bitmap Heap Scan on lineitem  (cost=5705.45..145482.51 rows=92562 width=16) (actual time=66.972..752.928 rows=75898 loops=3)
                                 Recheck Cond: ((l_shipdate >= '1993-05-01'::date) AND (l_shipdate < '1993-08-01 00:00:00'::timestamp without time zone))
                                 Rows Removed by Index Recheck: 552534
                                 Heap Blocks: exact=10887 lossy=10929
                                 ->  Bitmap Index Scan on idx_lineitem_shipdate  (cost=0.00..5649.91 rows=222148 width=0) (actual time=65.466..65.466 rows=227694 loops=1)
                                       Index Cond: ((l_shipdate >= '1993-05-01'::date) AND (l_shipdate < '1993-08-01 00:00:00'::timestamp without time zone))
   ->  Index Scan using supplier_pkey on supplier  (cost=0.29..6.14 rows=1 width=71) (actual time=0.047..0.047 rows=1 loops=1)
         Index Cond: (s_suppkey = lineitem.l_suppkey)
 Planning Time: 2.609 ms
 Execution Time: 1856.056 ms
(45 rows)

DROP VIEW
execute /home/pei/Project/benchmarks/JCC-H/out/skinner_explained/16.sql_explained.sql
SET
                                                                                         QUERY PLAN                                                                                          
---------------------------------------------------------------------------------------------------------------------------------------------------------------------------------------------
 Sort  (cost=42566.75..42606.95 rows=16081 width=44) (actual time=888.983..890.163 rows=18337 loops=1)
   Sort Key: (count(DISTINCT partsupp.ps_suppkey)) DESC, part.p_brand, part.p_type, part.p_size
   Sort Method: quicksort  Memory: 2217kB
   ->  GroupAggregate  (cost=40530.46..41443.25 rows=16081 width=44) (actual time=681.359..807.494 rows=18337 loops=1)
         Group Key: part.p_brand, part.p_type, part.p_size
         ->  Sort  (cost=40530.46..40680.86 rows=60158 width=40) (actual time=681.335..746.899 rows=119466 loops=1)
               Sort Key: part.p_brand, part.p_type, part.p_size
               Sort Method: external merge  Disk: 6104kB
               ->  Gather  (cost=7684.00..35754.98 rows=60158 width=40) (actual time=60.949..248.218 rows=119466 loops=1)
                     Workers Planned: 2
                     Workers Launched: 2
                     ->  Parallel Hash Join  (cost=6684.00..28739.18 rows=25066 width=40) (actual time=54.749..234.447 rows=39822 loops=3)
                           Hash Cond: (partsupp.ps_partkey = part.p_partkey)
                           ->  Parallel Seq Scan on partsupp  (cost=347.00..21964.67 rows=166667 width=8) (actual time=8.167..140.878 rows=266560 loops=3)
                                 Filter: (NOT (hashed SubPlan 1))
                                 Rows Removed by Filter: 107
                                 SubPlan 1
                                   ->  Seq Scan on supplier  (cost=0.00..347.00 rows=1 width=4) (actual time=0.278..8.108 rows=4 loops=3)
                                         Filter: ((s_comment)::text ~~ '%Customer%Complaints%'::text)
                                         Rows Removed by Filter: 9996
                           ->  Parallel Hash  (cost=6180.33..6180.33 rows=12533 width=40) (actual time=45.812..45.812 rows=9959 loops=3)
                                 Buckets: 32768  Batches: 1  Memory Usage: 2528kB
                                 ->  Parallel Seq Scan on part  (cost=0.00..6180.33 rows=12533 width=40) (actual time=0.051..38.008 rows=9959 loops=3)
                                       Filter: ((p_brand <> 'Brand#21'::bpchar) AND ((p_type)::text !~~ 'LARGE BURNISHED%'::text) AND (p_size = ANY ('{26,35,38,45,10,37,8,1}'::integer[])))
                                       Rows Removed by Filter: 56707
 Planning Time: 2.752 ms
 Execution Time: 893.743 ms
(27 rows)

execute /home/pei/Project/benchmarks/JCC-H/out/skinner_explained/17.sql_explained.sql
SET
                                                                       QUERY PLAN                                                                       
--------------------------------------------------------------------------------------------------------------------------------------------------------
 Aggregate  (cost=195920.86..195920.87 rows=1 width=32) (actual time=3001.179..3001.179 rows=1 loops=1)
   ->  Hash Join  (cost=6370.96..195915.53 rows=2130 width=8) (actual time=37.031..3000.993 rows=570 loops=1)
         Hash Cond: (lineitem.l_partkey = part.p_partkey)
         Join Filter: (lineitem.l_quantity < (SubPlan 1))
         Rows Removed by Join Filter: 5714
         ->  Seq Scan on lineitem  (cost=0.00..172515.15 rows=6001215 width=17) (actual time=0.037..1668.688 rows=6001215 loops=1)
         ->  Hash  (cost=6368.30..6368.30 rows=213 width=4) (actual time=34.420..34.420 rows=207 loops=1)
               Buckets: 1024  Batches: 1  Memory Usage: 16kB
               ->  Gather  (cost=1000.00..6368.30 rows=213 width=4) (actual time=1.337..34.402 rows=207 loops=1)
                     Workers Planned: 2
                     Workers Launched: 2
                     ->  Parallel Seq Scan on part  (cost=0.00..5347.00 rows=89 width=4) (actual time=0.721..28.470 rows=69 loops=3)
                           Filter: ((p_brand = 'Brand#55'::bpchar) AND (p_container = 'LG BOX'::bpchar))
                           Rows Removed by Filter: 66598
         SubPlan 1
           ->  Aggregate  (cost=127.60..127.61 rows=1 width=32) (actual time=0.080..0.080 rows=1 loops=6284)
                 ->  Bitmap Heap Scan on lineitem lineitem_1  (cost=4.67..127.52 rows=31 width=5) (actual time=0.016..0.064 rows=31 loops=6284)
                       Recheck Cond: (l_partkey = part.p_partkey)
                       Heap Blocks: exact=196800
                       ->  Bitmap Index Scan on idx_lineitem_part_supp  (cost=0.00..4.67 rows=31 width=0) (actual time=0.010..0.010 rows=31 loops=6284)
                             Index Cond: (l_partkey = part.p_partkey)
 Planning Time: 1.946 ms
 Execution Time: 3001.653 ms
(23 rows)

execute /home/pei/Project/benchmarks/JCC-H/out/skinner_explained/18.sql_explained.sql
SET
                                                                                                        QUERY PLAN                                                                                                         
---------------------------------------------------------------------------------------------------------------------------------------------------------------------------------------------------------------------------
 Sort  (cost=599988.69..601302.86 rows=525670 width=71) (actual time=9939.117..9939.117 rows=0 loops=1)
   Sort Key: orders.o_totalprice DESC, orders.o_orderdate
   Sort Method: quicksort  Memory: 25kB
   ->  Finalize GroupAggregate  (cost=462034.19..528476.56 rows=525670 width=71) (actual time=9939.062..9939.062 rows=0 loops=1)
         Group Key: customer.c_custkey, orders.o_orderkey
         ->  Gather Merge  (cost=462034.19..517525.10 rows=438058 width=71) (actual time=9939.061..9946.870 rows=0 loops=1)
               Workers Planned: 2
               Workers Launched: 2
               ->  Partial GroupAggregate  (cost=461034.16..465962.32 rows=219029 width=71) (actual time=9931.741..9931.741 rows=0 loops=3)
                     Group Key: customer.c_custkey, orders.o_orderkey
                     ->  Sort  (cost=461034.16..461581.74 rows=219029 width=44) (actual time=9931.740..9931.740 rows=0 loops=3)
                           Sort Key: customer.c_custkey, orders.o_orderkey
                           Sort Method: quicksort  Memory: 25kB
                           Worker 0:  Sort Method: quicksort  Memory: 25kB
                           Worker 1:  Sort Method: quicksort  Memory: 25kB
                           ->  Nested Loop  (cost=327808.40..434864.46 rows=219029 width=44) (actual time=9931.668..9931.668 rows=0 loops=3)
                                 ->  Parallel Hash Join  (cost=327807.97..369777.30 rows=54746 width=43) (actual time=9931.667..9931.668 rows=0 loops=3)
                                       Hash Cond: (orders.o_custkey = customer.c_custkey)
                                       ->  Hash Join  (cost=322816.72..364642.34 rows=54746 width=24) (actual time=9861.379..9861.379 rows=0 loops=3)
                                             Hash Cond: (orders.o_orderkey = lineitem_1.l_orderkey)
                                             ->  Parallel Seq Scan on orders  (cost=0.00..32345.00 rows=625000 width=20) (actual time=0.037..0.037 rows=1 loops=3)
                                             ->  Hash  (cost=320660.33..320660.33 rows=131391 width=4) (actual time=9859.057..9859.057 rows=0 loops=3)
                                                   Buckets: 131072  Batches: 2  Memory Usage: 1024kB
                                                   ->  GroupAggregate  (cost=0.43..319346.42 rows=131391 width=4) (actual time=9859.056..9859.056 rows=0 loops=3)
                                                         Group Key: lineitem_1.l_orderkey
                                                         Filter: (sum(lineitem_1.l_quantity) > '814'::numeric)
                                                         Rows Removed by Filter: 1500000
                                                         ->  Index Scan using idx_lineitem_orderkey on lineitem lineitem_1  (cost=0.43..283427.74 rows=6001215 width=9) (actual time=0.038..7786.107 rows=6001215 loops=3)
                                                               Filter: (l_quantity <= '100'::numeric)
                                       ->  Parallel Hash  (cost=4210.00..4210.00 rows=62500 width=23) (actual time=68.193..68.194 rows=50000 loops=3)
                                             Buckets: 262144  Batches: 1  Memory Usage: 10336kB
                                             ->  Parallel Seq Scan on customer  (cost=0.00..4210.00 rows=62500 width=23) (actual time=0.040..34.334 rows=50000 loops=3)
                                 ->  Index Scan using lineitem_pkey on lineitem  (cost=0.43..1.04 rows=15 width=9) (never executed)
                                       Index Cond: (l_orderkey = orders.o_orderkey)
 Planning Time: 3.322 ms
 Execution Time: 9947.512 ms
(36 rows)

execute /home/pei/Project/benchmarks/JCC-H/out/skinner_explained/19.sql_explained.sql
SET
                                                                                                                                                                                                                                                                                                                                                                                                                                                                                                              QUERY PLAN                                                                                                                                                                                                                                                                                                                                                                                                                                                                                                              
--------------------------------------------------------------------------------------------------------------------------------------------------------------------------------------------------------------------------------------------------------------------------------------------------------------------------------------------------------------------------------------------------------------------------------------------------------------------------------------------------------------------------------------------------------------------------------------------------------------------------------------------------------------------------------------------------------------------------------------------------------------------------------------------------------------------------------------------------------------------------------------------------------------------------------------------------------------------------------------------------------------------------------------
 Finalize Aggregate  (cost=21574.99..21575.00 rows=1 width=32) (actual time=119.524..119.524 rows=1 loops=1)
   ->  Gather  (cost=21574.77..21574.98 rows=2 width=32) (actual time=118.419..122.594 rows=3 loops=1)
         Workers Planned: 2
         Workers Launched: 2
         ->  Partial Aggregate  (cost=20574.77..20574.78 rows=1 width=32) (actual time=112.064..112.064 rows=1 loops=3)
               ->  Nested Loop  (cost=4.65..20574.63 rows=18 width=12) (actual time=9.311..112.025 rows=14 loops=3)
                     ->  Parallel Seq Scan on part  (cost=0.00..7638.67 rows=103 width=30) (actual time=0.403..37.679 rows=80 loops=3)
                           Filter: ((p_size >= 1) AND (((p_brand = 'Brand#00'::bpchar) AND (p_container = ANY ('{"SM CASE","SM BOX","SM PACK","SM PKG"}'::bpchar[])) AND (p_size <= 5)) OR ((p_brand = 'Brand#00'::bpchar) AND (p_container = ANY ('{"MED BAG","MED BOX","MED PKG","MED PACK"}'::bpchar[])) AND (p_size <= 10)) OR ((p_brand = 'Brand#55'::bpchar) AND (p_container = ANY ('{"LG CASE","LG BOX","LG PACK","LG PKG"}'::bpchar[])) AND (p_size <= 15))))
                           Rows Removed by Filter: 66587
                     ->  Bitmap Heap Scan on lineitem  (cost=4.65..125.58 rows=1 width=21) (actual time=0.864..0.926 rows=0 loops=239)
                           Recheck Cond: (l_partkey = part.p_partkey)
                           Filter: ((l_shipmode = ANY ('{AIR,"AIR REG"}'::bpchar[])) AND (l_shipinstruct = 'DELIVER IN PERSON'::bpchar) AND (((l_quantity >= '1'::numeric) AND (l_quantity <= '11'::numeric)) OR ((l_quantity >= '17'::numeric) AND (l_quantity <= '27'::numeric)) OR ((l_quantity >= '43'::numeric) AND (l_quantity <= '53'::numeric))) AND (((part.p_brand = 'Brand#00'::bpchar) AND (part.p_container = ANY ('{"SM CASE","SM BOX","SM PACK","SM PKG"}'::bpchar[])) AND (l_quantity >= '1'::numeric) AND (l_quantity <= '11'::numeric) AND (part.p_size <= 5)) OR ((part.p_brand = 'Brand#00'::bpchar) AND (part.p_container = ANY ('{"MED BAG","MED BOX","MED PKG","MED PACK"}'::bpchar[])) AND (l_quantity >= '17'::numeric) AND (l_quantity <= '27'::numeric) AND (part.p_size <= 10)) OR ((part.p_brand = 'Brand#55'::bpchar) AND (part.p_container = ANY ('{"LG CASE","LG BOX","LG PACK","LG PKG"}'::bpchar[])) AND (l_quantity >= '43'::numeric) AND (l_quantity <= '53'::numeric) AND (part.p_size <= 15))))
                           Rows Removed by Filter: 30
                           Heap Blocks: exact=2570
                           ->  Bitmap Index Scan on idx_lineitem_part_supp  (cost=0.00..4.65 rows=31 width=0) (actual time=0.047..0.047 rows=30 loops=239)
                                 Index Cond: (l_partkey = part.p_partkey)
 Planning Time: 3.583 ms
 Execution Time: 122.907 ms
(18 rows)

execute /home/pei/Project/benchmarks/JCC-H/out/skinner_explained/1.sql_explained.sql
SET
psql:/home/pei/Project/benchmarks/JCC-H/out/skinner_explained/1.sql_explained.sql:29: ERROR:  syntax error at or near "("
LINE 15:  l_shipdate <= date '1998-12-01' - interval '108' day (3)
                                                               ^
execute /home/pei/Project/benchmarks/JCC-H/out/skinner_explained/20.sql_explained.sql
SET
                                                                            QUERY PLAN                                                                            
------------------------------------------------------------------------------------------------------------------------------------------------------------------
 Sort  (cost=7001.80..7001.81 rows=1 width=51) (actual time=30.782..30.782 rows=0 loops=1)
   Sort Key: supplier.s_name
   Sort Method: quicksort  Memory: 25kB
   ->  Hash Join  (cost=6990.84..7001.79 rows=1 width=51) (actual time=30.720..30.720 rows=0 loops=1)
         Hash Cond: (supplier.s_nationkey = nation.n_nationkey)
         ->  Nested Loop  (cost=6989.52..7000.39 rows=27 width=55) (actual time=30.619..30.619 rows=0 loops=1)
               ->  HashAggregate  (cost=6989.23..6989.50 rows=27 width=4) (actual time=30.619..30.619 rows=0 loops=1)
                     Group Key: partsupp.ps_suppkey
                     ->  Nested Loop  (cost=1000.42..6989.17 rows=27 width=4) (actual time=30.617..30.617 rows=0 loops=1)
                           ->  Gather  (cost=1000.00..6140.67 rows=20 width=4) (actual time=30.617..31.664 rows=0 loops=1)
                                 Workers Planned: 2
                                 Workers Launched: 2
                                 ->  Parallel Seq Scan on part  (cost=0.00..5138.67 rows=8 width=4) (actual time=24.901..24.901 rows=0 loops=3)
                                       Filter: ((p_name)::text ~~ 'shiny mined g%'::text)
                                       Rows Removed by Filter: 66667
                           ->  Index Scan using idx_partsupp_partkey on partsupp  (cost=0.42..42.41 rows=1 width=8) (never executed)
                                 Index Cond: (ps_partkey = part.p_partkey)
                                 Filter: ((ps_availqty)::numeric > (SubPlan 1))
                                 SubPlan 1
                                   ->  Aggregate  (cost=8.46..8.47 rows=1 width=32) (never executed)
                                         ->  Index Scan using idx_lineitem_part_supp on lineitem  (cost=0.43..8.46 rows=1 width=5) (never executed)
                                               Index Cond: ((l_partkey = partsupp.ps_partkey) AND (l_suppkey = partsupp.ps_suppkey))
                                               Filter: ((l_shipdate >= '1993-01-01'::date) AND (l_shipdate < '1994-01-01 00:00:00'::timestamp without time zone))
               ->  Index Scan using supplier_pkey on supplier  (cost=0.29..0.40 rows=1 width=59) (never executed)
                     Index Cond: (s_suppkey = partsupp.ps_suppkey)
         ->  Hash  (cost=1.31..1.31 rows=1 width=4) (actual time=0.055..0.055 rows=1 loops=1)
               Buckets: 1024  Batches: 1  Memory Usage: 9kB
               ->  Seq Scan on nation  (cost=0.00..1.31 rows=1 width=4) (actual time=0.034..0.037 rows=1 loops=1)
                     Filter: (n_name = 'MOROCCO'::bpchar)
                     Rows Removed by Filter: 24
 Planning Time: 3.574 ms
 Execution Time: 32.256 ms
(32 rows)

execute /home/pei/Project/benchmarks/JCC-H/out/skinner_explained/21.sql_explained.sql
SET
                                                                                           QUERY PLAN                                                                                            
-------------------------------------------------------------------------------------------------------------------------------------------------------------------------------------------------
 Sort  (cost=169890.75..169890.76 rows=1 width=34) (actual time=1915.264..1915.290 rows=415 loops=1)
   Sort Key: (count(*)) DESC, supplier.s_name
   Sort Method: quicksort  Memory: 57kB
   ->  GroupAggregate  (cost=169890.72..169890.74 rows=1 width=34) (actual time=1912.760..1913.895 rows=415 loops=1)
         Group Key: supplier.s_name
         ->  Sort  (cost=169890.72..169890.73 rows=1 width=26) (actual time=1912.749..1913.044 rows=4112 loops=1)
               Sort Key: supplier.s_name
               Sort Method: quicksort  Memory: 514kB
               ->  Nested Loop  (cost=1254.87..169890.71 rows=1 width=26) (actual time=7.520..1891.966 rows=4112 loops=1)
                     ->  Nested Loop Semi Join  (cost=1254.44..169890.20 rows=1 width=34) (actual time=7.452..1692.563 rows=8423 loops=1)
                           ->  Gather  (cost=1254.01..169889.19 rows=1 width=34) (actual time=7.421..1584.323 rows=14099 loops=1)
                                 Workers Planned: 2
                                 Workers Launched: 2
                                 ->  Nested Loop Anti Join  (cost=254.01..168889.09 rows=1 width=34) (actual time=4.042..1776.135 rows=4700 loops=3)
                                       ->  Hash Join  (cost=253.58..147470.61 rows=33207 width=34) (actual time=3.721..1114.903 rows=52665 loops=3)
                                             Hash Cond: (l1.l_suppkey = supplier.s_suppkey)
                                             ->  Parallel Seq Scan on lineitem l1  (cost=0.00..143759.33 rows=833502 width=8) (actual time=0.057..930.785 rows=1264432 loops=3)
                                                   Filter: (l_receiptdate > l_commitdate)
                                                   Rows Removed by Filter: 735973
                                             ->  Hash  (cost=248.58..248.58 rows=400 width=30) (actual time=3.486..3.487 rows=415 loops=3)
                                                   Buckets: 1024  Batches: 1  Memory Usage: 34kB
                                                   ->  Nested Loop  (cost=11.38..248.58 rows=400 width=30) (actual time=0.207..3.209 rows=415 loops=3)
                                                         ->  Seq Scan on nation  (cost=0.00..1.31 rows=1 width=4) (actual time=0.033..0.037 rows=1 loops=3)
                                                               Filter: (n_name = 'EGYPT'::bpchar)
                                                               Rows Removed by Filter: 24
                                                         ->  Bitmap Heap Scan on supplier  (cost=11.38..243.27 rows=400 width=34) (actual time=0.164..3.031 rows=415 loops=3)
                                                               Recheck Cond: (s_nationkey = nation.n_nationkey)
                                                               Heap Blocks: exact=183
                                                               ->  Bitmap Index Scan on idx_supplier_nation_key  (cost=0.00..11.29 rows=400 width=0) (actual time=0.125..0.126 rows=415 loops=3)
                                                                     Index Cond: (s_nationkey = nation.n_nationkey)
                                       ->  Index Scan using lineitem_pkey on lineitem l3  (cost=0.43..1.03 rows=5 width=8) (actual time=0.012..0.012 rows=1 loops=157994)
                                             Index Cond: (l_orderkey = l1.l_orderkey)
                                             Filter: ((l_receiptdate > l_commitdate) AND (l_suppkey <> l1.l_suppkey))
                                             Rows Removed by Filter: 1
                           ->  Index Scan using lineitem_pkey on lineitem l2  (cost=0.43..0.99 rows=15 width=8) (actual time=0.007..0.007 rows=1 loops=14099)
                                 Index Cond: (l_orderkey = l1.l_orderkey)
                                 Filter: (l_suppkey <> l1.l_suppkey)
                                 Rows Removed by Filter: 1
                     ->  Index Scan using orders_pkey on orders  (cost=0.43..0.51 rows=1 width=4) (actual time=0.023..0.023 rows=0 loops=8423)
                           Index Cond: (o_orderkey = l1.l_orderkey)
                           Filter: (o_orderstatus = 'F'::bpchar)
                           Rows Removed by Filter: 1
 Planning Time: 4.368 ms
 Execution Time: 1916.026 ms
(44 rows)

execute /home/pei/Project/benchmarks/JCC-H/out/skinner_explained/22.sql_explained.sql
SET
                                                                            QUERY PLAN                                                                             
-------------------------------------------------------------------------------------------------------------------------------------------------------------------
 Finalize GroupAggregate  (cost=15870.27..15965.73 rows=715 width=72) (actual time=176.139..176.144 rows=2 loops=1)
   Group Key: ("substring"((customer.c_phone)::text, 1, 2))
   InitPlan 1 (returns $1)
     ->  Finalize Aggregate  (cost=6230.80..6230.81 rows=1 width=32) (actual time=67.906..67.906 rows=1 loops=1)
           ->  Gather  (cost=6230.58..6230.79 rows=2 width=32) (actual time=67.787..68.014 rows=3 loops=1)
                 Workers Planned: 2
                 Workers Launched: 2
                 ->  Partial Aggregate  (cost=5230.58..5230.59 rows=1 width=32) (actual time=61.860..61.860 rows=1 loops=3)
                       ->  Parallel Seq Scan on customer customer_1  (cost=0.00..5225.62 rows=1981 width=6) (actual time=0.042..60.762 rows=3616 loops=3)
                             Filter: ((c_acctbal > 0.00) AND ("substring"((c_phone)::text, 1, 2) = ANY ('{40,50,60,70,80,27,20}'::text[])))
                             Rows Removed by Filter: 46384
   ->  Gather Merge  (cost=9639.46..9716.45 rows=596 width=72) (actual time=175.987..181.861 rows=6 loops=1)
         Workers Planned: 2
         Params Evaluated: $1
         Workers Launched: 2
         ->  Partial GroupAggregate  (cost=8639.43..8647.63 rows=298 width=72) (actual time=100.929..101.037 rows=2 loops=3)
               Group Key: ("substring"((customer.c_phone)::text, 1, 2))
               ->  Sort  (cost=8639.43..8640.18 rows=298 width=38) (actual time=100.814..100.851 rows=599 loops=3)
                     Sort Key: ("substring"((customer.c_phone)::text, 1, 2))
                     Sort Method: quicksort  Memory: 56kB
                     Worker 0:  Sort Method: quicksort  Memory: 51kB
                     Worker 1:  Sort Method: quicksort  Memory: 51kB
                     ->  Nested Loop Anti Join  (cost=0.43..8627.19 rows=298 width=38) (actual time=0.421..100.156 rows=599 loops=3)
                           ->  Parallel Seq Scan on customer  (cost=0.00..5225.62 rows=729 width=26) (actual time=0.024..44.574 rows=1806 loops=3)
                                 Filter: ((c_acctbal > $1) AND ("substring"((c_phone)::text, 1, 2) = ANY ('{40,50,60,70,80,27,20}'::text[])))
                                 Rows Removed by Filter: 48194
                           ->  Index Only Scan using idx_orders_custkey on orders  (cost=0.43..47.34 rows=17 width=4) (actual time=0.029..0.029 rows=1 loops=5418)
                                 Index Cond: (o_custkey = customer.c_custkey)
                                 Heap Fetches: 3622
 Planning Time: 2.738 ms
 Execution Time: 182.480 ms
(31 rows)

execute /home/pei/Project/benchmarks/JCC-H/out/skinner_explained/2.sql_explained.sql
SET
                                                                                QUERY PLAN                                                                                
--------------------------------------------------------------------------------------------------------------------------------------------------------------------------
 Sort  (cost=6532.22..6532.23 rows=1 width=270) (actual time=39.125..39.125 rows=0 loops=1)
   Sort Key: supplier.s_acctbal DESC, nation.n_name, supplier.s_name, part.p_partkey
   Sort Method: quicksort  Memory: 25kB
   ->  Nested Loop  (cost=1001.78..6532.21 rows=1 width=270) (actual time=39.019..39.019 rows=0 loops=1)
         Join Filter: (nation.n_nationkey = supplier.s_nationkey)
         ->  Nested Loop  (cost=1000.71..6529.75 rows=1 width=170) (actual time=39.019..39.019 rows=0 loops=1)
               ->  Nested Loop  (cost=1000.42..6529.45 rows=1 width=34) (actual time=39.018..39.019 rows=0 loops=1)
                     ->  Gather  (cost=1000.00..6347.10 rows=1 width=30) (actual time=39.018..40.522 rows=0 loops=1)
                           Workers Planned: 2
                           Workers Launched: 2
                           ->  Parallel Seq Scan on part  (cost=0.00..5347.00 rows=1 width=30) (actual time=33.156..33.156 rows=0 loops=3)
                                 Filter: (((p_type)::text ~~ '%INED GOLD'::text) AND (p_size = 1))
                                 Rows Removed by Filter: 66667
                     ->  Index Scan using idx_partsupp_partkey on partsupp  (cost=0.42..182.34 rows=1 width=14) (never executed)
                           Index Cond: (ps_partkey = part.p_partkey)
                           Filter: ((SubPlan 1) = ps_supplycost)
                           SubPlan 1
                             ->  Aggregate  (cost=43.45..43.46 rows=1 width=32) (never executed)
                                   ->  Nested Loop  (cost=0.85..43.45 rows=1 width=6) (never executed)
                                         Join Filter: (nation_1.n_regionkey = region_1.r_regionkey)
                                         ->  Seq Scan on region region_1  (cost=0.00..1.06 rows=1 width=4) (never executed)
                                               Filter: (r_name = 'AFRICA'::bpchar)
                                         ->  Nested Loop  (cost=0.85..42.33 rows=4 width=10) (never executed)
                                               ->  Nested Loop  (cost=0.71..41.71 rows=4 width=10) (never executed)
                                                     ->  Index Scan using idx_partsupp_partkey on partsupp partsupp_1  (cost=0.42..8.50 rows=4 width=10) (never executed)
                                                           Index Cond: (ps_partkey = part.p_partkey)
                                                     ->  Index Scan using supplier_pkey on supplier supplier_1  (cost=0.29..8.30 rows=1 width=8) (never executed)
                                                           Index Cond: (s_suppkey = partsupp_1.ps_suppkey)
                                               ->  Index Scan using nation_pkey on nation nation_1  (cost=0.14..0.16 rows=1 width=8) (never executed)
                                                     Index Cond: (n_nationkey = supplier_1.s_nationkey)
               ->  Index Scan using supplier_pkey on supplier  (cost=0.29..0.30 rows=1 width=144) (never executed)
                     Index Cond: (s_suppkey = partsupp.ps_suppkey)
         ->  Hash Join  (cost=1.07..2.40 rows=5 width=108) (never executed)
               Hash Cond: (nation.n_regionkey = region.r_regionkey)
               ->  Seq Scan on nation  (cost=0.00..1.25 rows=25 width=112) (never executed)
               ->  Hash  (cost=1.06..1.06 rows=1 width=4) (never executed)
                     ->  Seq Scan on region  (cost=0.00..1.06 rows=1 width=4) (never executed)
                           Filter: (r_name = 'AFRICA'::bpchar)
 Planning Time: 5.075 ms
 Execution Time: 41.123 ms
(40 rows)

execute /home/pei/Project/benchmarks/JCC-H/out/skinner_explained/3.sql_explained.sql
SET
                                                                                      QUERY PLAN                                                                                      
--------------------------------------------------------------------------------------------------------------------------------------------------------------------------------------
 Sort  (cost=167797.46..168322.45 rows=209997 width=44) (actual time=930.452..931.307 rows=11343 loops=1)
   Sort Key: (sum((lineitem.l_extendedprice * ('1'::numeric - lineitem.l_discount)))) DESC, orders.o_orderdate
   Sort Method: quicksort  Memory: 1271kB
   ->  Finalize GroupAggregate  (cost=115136.20..142772.72 rows=209997 width=44) (actual time=894.185..922.353 rows=11343 loops=1)
         Group Key: lineitem.l_orderkey, orders.o_orderdate, orders.o_shippriority
         ->  Gather Merge  (cost=115136.20..137960.28 rows=174998 width=44) (actual time=894.175..909.661 rows=11343 loops=1)
               Workers Planned: 2
               Workers Launched: 2
               ->  Partial GroupAggregate  (cost=114136.17..116761.14 rows=87499 width=44) (actual time=887.326..897.601 rows=3781 loops=3)
                     Group Key: lineitem.l_orderkey, orders.o_orderdate, orders.o_shippriority
                     ->  Sort  (cost=114136.17..114354.92 rows=87499 width=24) (actual time=887.303..887.979 rows=10008 loops=3)
                           Sort Key: lineitem.l_orderkey, orders.o_orderdate, orders.o_shippriority
                           Sort Method: quicksort  Memory: 1162kB
                           Worker 0:  Sort Method: quicksort  Memory: 1167kB
                           Worker 1:  Sort Method: quicksort  Memory: 1170kB
                           ->  Nested Loop  (cost=10526.33..105158.33 rows=87499 width=24) (actual time=82.245..878.277 rows=10008 loops=3)
                                 ->  Parallel Hash Join  (cost=10525.90..38638.46 rows=26999 width=12) (actual time=81.738..346.494 rows=21278 loops=3)
                                       Hash Cond: (orders.o_custkey = customer.c_custkey)
                                       ->  Parallel Bitmap Heap Scan on orders  (cost=6001.52..33763.92 rows=133392 width=16) (actual time=49.910..254.460 rows=106243 loops=3)
                                             Recheck Cond: (o_orderdate < '1993-05-29'::date)
                                             Heap Blocks: exact=8688
                                             ->  Bitmap Index Scan on idx_orders_orderdate  (cost=0.00..5921.48 rows=320141 width=0) (actual time=44.554..44.554 rows=318729 loops=1)
                                                   Index Cond: (o_orderdate < '1993-05-29'::date)
                                       ->  Parallel Hash  (cost=4366.25..4366.25 rows=12650 width=4) (actual time=31.167..31.167 rows=9983 loops=3)
                                             Buckets: 32768  Batches: 1  Memory Usage: 1440kB
                                             ->  Parallel Seq Scan on customer  (cost=0.00..4366.25 rows=12650 width=4) (actual time=0.024..25.762 rows=9983 loops=3)
                                                   Filter: (c_mktsegment = 'MACHINERY'::bpchar)
                                                   Rows Removed by Filter: 40017
                                 ->  Index Scan using lineitem_pkey on lineitem  (cost=0.43..2.34 rows=12 width=16) (actual time=0.023..0.024 rows=0 loops=63835)
                                       Index Cond: (l_orderkey = orders.o_orderkey)
                                       Filter: (l_shipdate > '1993-05-29'::date)
                                       Rows Removed by Filter: 4
 Planning Time: 2.962 ms
 Execution Time: 933.887 ms
(34 rows)

execute /home/pei/Project/benchmarks/JCC-H/out/skinner_explained/4.sql_explained.sql
SET
                                                                               QUERY PLAN                                                                               
------------------------------------------------------------------------------------------------------------------------------------------------------------------------
 Finalize GroupAggregate  (cost=64722.70..64769.93 rows=5 width=24) (actual time=719.945..723.123 rows=5 loops=1)
   Group Key: orders.o_orderpriority
   ->  Gather Merge  (cost=64722.70..64769.83 rows=10 width=24) (actual time=719.114..727.571 rows=15 loops=1)
         Workers Planned: 2
         Workers Launched: 2
         ->  Partial GroupAggregate  (cost=63722.68..63768.65 rows=5 width=24) (actual time=712.316..715.485 rows=5 loops=3)
               Group Key: orders.o_orderpriority
               ->  Sort  (cost=63722.68..63737.98 rows=6123 width=16) (actual time=711.503..712.701 rows=17575 loops=3)
                     Sort Key: orders.o_orderpriority
                     Sort Method: quicksort  Memory: 1613kB
                     Worker 0:  Sort Method: quicksort  Memory: 1588kB
                     Worker 1:  Sort Method: quicksort  Memory: 1576kB
                     ->  Nested Loop Semi Join  (cost=1190.06..63337.54 rows=6123 width=16) (actual time=15.068..694.488 rows=17575 loops=3)
                           ->  Parallel Bitmap Heap Scan on orders  (cost=1189.63..27634.14 rows=23301 width=20) (actual time=14.979..196.971 rows=19158 loops=3)
                                 Recheck Cond: ((o_orderdate >= '1994-06-01'::date) AND (o_orderdate < '1994-09-01 00:00:00'::timestamp without time zone))
                                 Heap Blocks: exact=7914
                                 ->  Bitmap Index Scan on idx_orders_orderdate  (cost=0.00..1175.65 rows=55922 width=0) (actual time=15.995..15.995 rows=57474 loops=1)
                                       Index Cond: ((o_orderdate >= '1994-06-01'::date) AND (o_orderdate < '1994-09-01 00:00:00'::timestamp without time zone))
                           ->  Index Scan using idx_lineitem_orderkey on lineitem  (cost=0.43..5.11 rows=5 width=4) (actual time=0.024..0.024 rows=1 loops=57474)
                                 Index Cond: (l_orderkey = orders.o_orderkey)
                                 Filter: (l_commitdate < l_receiptdate)
                                 Rows Removed by Filter: 1
 Planning Time: 2.533 ms
 Execution Time: 728.084 ms
(24 rows)

execute /home/pei/Project/benchmarks/JCC-H/out/skinner_explained/5.sql_explained.sql
SET
                                                                                   QUERY PLAN                                                                                   
--------------------------------------------------------------------------------------------------------------------------------------------------------------------------------
 Sort  (cost=85981.88..85981.94 rows=25 width=136) (actual time=1661.037..1661.037 rows=5 loops=1)
   Sort Key: (sum((lineitem.l_extendedprice * ('1'::numeric - lineitem.l_discount)))) DESC
   Sort Method: quicksort  Memory: 25kB
   ->  Finalize GroupAggregate  (cost=85937.25..85981.30 rows=25 width=136) (actual time=1659.632..1660.979 rows=5 loops=1)
         Group Key: nation.n_name
         ->  Gather Merge  (cost=85937.25..85980.61 rows=50 width=136) (actual time=1659.256..1665.791 rows=15 loops=1)
               Workers Planned: 2
               Workers Launched: 2
               ->  Partial GroupAggregate  (cost=84937.23..84974.82 rows=25 width=136) (actual time=1651.439..1652.763 rows=5 loops=3)
                     Group Key: nation.n_name
                     ->  Sort  (cost=84937.23..84944.68 rows=2982 width=116) (actual time=1651.101..1651.271 rows=2459 loops=3)
                           Sort Key: nation.n_name
                           Sort Method: quicksort  Memory: 292kB
                           Worker 0:  Sort Method: quicksort  Memory: 282kB
                           Worker 1:  Sort Method: quicksort  Memory: 292kB
                           ->  Hash Join  (cost=475.32..84765.14 rows=2982 width=116) (actual time=8.708..1647.284 rows=2459 loops=3)
                                 Hash Cond: ((lineitem.l_suppkey = supplier.s_suppkey) AND (customer.c_nationkey = supplier.s_nationkey))
                                 ->  Nested Loop  (cost=3.32..83900.20 rows=74844 width=128) (actual time=0.642..1614.397 rows=60981 loops=3)
                                       ->  Nested Loop  (cost=2.89..25143.84 rows=18707 width=116) (actual time=0.527..1066.332 rows=15233 loops=3)
                                             ->  Hash Join  (cost=2.46..4571.84 rows=12500 width=116) (actual time=0.293..41.259 rows=10066 loops=3)
                                                   Hash Cond: (customer.c_nationkey = nation.n_nationkey)
                                                   ->  Parallel Seq Scan on customer  (cost=0.00..4210.00 rows=62500 width=8) (actual time=0.026..23.504 rows=50000 loops=3)
                                                   ->  Hash  (cost=2.40..2.40 rows=5 width=108) (actual time=0.171..0.172 rows=5 loops=3)
                                                         Buckets: 1024  Batches: 1  Memory Usage: 9kB
                                                         ->  Hash Join  (cost=1.07..2.40 rows=5 width=108) (actual time=0.151..0.158 rows=5 loops=3)
                                                               Hash Cond: (nation.n_regionkey = region.r_regionkey)
                                                               ->  Seq Scan on nation  (cost=0.00..1.25 rows=25 width=112) (actual time=0.036..0.039 rows=25 loops=3)
                                                               ->  Hash  (cost=1.06..1.06 rows=1 width=4) (actual time=0.060..0.060 rows=1 loops=3)
                                                                     Buckets: 1024  Batches: 1  Memory Usage: 9kB
                                                                     ->  Seq Scan on region  (cost=0.00..1.06 rows=1 width=4) (actual time=0.035..0.037 rows=1 loops=3)
                                                                           Filter: (r_name = 'EUROPE'::bpchar)
                                                                           Rows Removed by Filter: 4
                                             ->  Index Scan using idx_orders_custkey on orders  (cost=0.43..1.62 rows=3 width=8) (actual time=0.042..0.100 rows=2 loops=30197)
                                                   Index Cond: (o_custkey = customer.c_custkey)
                                                   Filter: ((o_orderdate >= '1993-01-01'::date) AND (o_orderdate < '1994-01-01 00:00:00'::timestamp without time zone))
                                                   Rows Removed by Filter: 9
                                       ->  Index Scan using idx_lineitem_orderkey on lineitem  (cost=0.43..2.99 rows=15 width=20) (actual time=0.031..0.034 rows=4 loops=45699)
                                             Index Cond: (l_orderkey = orders.o_orderkey)
                                 ->  Hash  (cost=322.00..322.00 rows=10000 width=8) (actual time=7.135..7.135 rows=10000 loops=3)
                                       Buckets: 16384  Batches: 1  Memory Usage: 519kB
                                       ->  Seq Scan on supplier  (cost=0.00..322.00 rows=10000 width=8) (actual time=0.023..4.058 rows=10000 loops=3)
 Planning Time: 6.753 ms
 Execution Time: 1666.564 ms
(43 rows)

execute /home/pei/Project/benchmarks/JCC-H/out/skinner_explained/6.sql_explained.sql
SET
                                                                                                         QUERY PLAN                                                                                                         
----------------------------------------------------------------------------------------------------------------------------------------------------------------------------------------------------------------------------
 Finalize Aggregate  (cost=170272.46..170272.47 rows=1 width=32) (actual time=938.856..938.856 rows=1 loops=1)
   ->  Gather  (cost=170272.23..170272.44 rows=2 width=32) (actual time=938.678..942.807 rows=3 loops=1)
         Workers Planned: 2
         Workers Launched: 2
         ->  Partial Aggregate  (cost=169272.23..169272.24 rows=1 width=32) (actual time=932.501..932.501 rows=1 loops=3)
               ->  Parallel Seq Scan on lineitem  (cost=0.00..168764.39 rows=101568 width=12) (actual time=0.068..876.517 rows=82632 loops=3)
                     Filter: ((l_shipdate >= '1993-01-01'::date) AND (l_shipdate < '1994-01-01 00:00:00'::timestamp without time zone) AND (l_discount >= 0.06) AND (l_discount <= 0.08) AND (l_quantity < '100'::numeric))
                     Rows Removed by Filter: 1917773
 Planning Time: 1.506 ms
 Execution Time: 943.021 ms
(10 rows)

execute /home/pei/Project/benchmarks/JCC-H/out/skinner_explained/7.sql_explained.sql
SET
                                                                                             QUERY PLAN                                                                                              
-----------------------------------------------------------------------------------------------------------------------------------------------------------------------------------------------------
 Finalize GroupAggregate  (cost=72940.15..73769.59 rows=5980 width=248) (actual time=2092.838..2093.610 rows=4 loops=1)
   Group Key: n1.n_name, n2.n_name, (date_part('year'::text, (lineitem.l_shipdate)::timestamp without time zone))
   ->  Gather Merge  (cost=72940.15..73602.64 rows=4984 width=248) (actual time=2092.424..2098.696 rows=12 loops=1)
         Workers Planned: 2
         Workers Launched: 2
         ->  Partial GroupAggregate  (cost=71940.12..72027.34 rows=2492 width=248) (actual time=2084.038..2085.160 rows=4 loops=3)
               Group Key: n1.n_name, n2.n_name, (date_part('year'::text, (lineitem.l_shipdate)::timestamp without time zone))
               ->  Sort  (cost=71940.12..71946.35 rows=2492 width=228) (actual time=2083.633..2083.762 rows=1930 loops=3)
                     Sort Key: n1.n_name, n2.n_name, (date_part('year'::text, (lineitem.l_shipdate)::timestamp without time zone))
                     Sort Method: quicksort  Memory: 327kB
                     Worker 0:  Sort Method: quicksort  Memory: 303kB
                     Worker 1:  Sort Method: quicksort  Memory: 329kB
                     ->  Hash Join  (cost=366.36..71799.54 rows=2492 width=228) (actual time=7.728..2079.498 rows=1930 loops=3)
                           Hash Cond: (lineitem.l_suppkey = supplier.s_suppkey)
                           Join Filter: (((n1.n_name = 'UNITED STATES'::bpchar) AND (n2.n_name = 'GERMANY'::bpchar)) OR ((n1.n_name = 'GERMANY'::bpchar) AND (n2.n_name = 'UNITED STATES'::bpchar)))
                           Rows Removed by Join Filter: 1894
                           ->  Nested Loop  (cost=2.26..71101.74 rows=60116 width=124) (actual time=0.710..2053.848 rows=48207 loops=3)
                                 ->  Nested Loop  (cost=1.83..12907.07 rows=50000 width=108) (actual time=0.343..625.118 rows=39882 loops=3)
                                       ->  Hash Join  (cost=1.40..4403.27 rows=5000 width=108) (actual time=0.211..36.570 rows=3964 loops=3)
                                             Hash Cond: (customer.c_nationkey = n2.n_nationkey)
                                             ->  Parallel Seq Scan on customer  (cost=0.00..4210.00 rows=62500 width=8) (actual time=0.035..24.797 rows=50000 loops=3)
                                             ->  Hash  (cost=1.38..1.38 rows=2 width=108) (actual time=0.066..0.067 rows=2 loops=3)
                                                   Buckets: 1024  Batches: 1  Memory Usage: 9kB
                                                   ->  Seq Scan on nation n2  (cost=0.00..1.38 rows=2 width=108) (actual time=0.035..0.041 rows=2 loops=3)
                                                         Filter: ((n_name = 'GERMANY'::bpchar) OR (n_name = 'UNITED STATES'::bpchar))
                                                         Rows Removed by Filter: 23
                                       ->  Index Scan using idx_orders_custkey on orders  (cost=0.43..1.53 rows=17 width=8) (actual time=0.018..0.142 rows=10 loops=11891)
                                             Index Cond: (o_custkey = customer.c_custkey)
                                 ->  Index Scan using lineitem_pkey on lineitem  (cost=0.43..1.11 rows=5 width=24) (actual time=0.034..0.034 rows=1 loops=119645)
                                       Index Cond: (l_orderkey = orders.o_orderkey)
                                       Filter: ((l_shipdate >= '1993-01-01'::date) AND (l_shipdate <= '1994-12-31'::date))
                                       Rows Removed by Filter: 3
                           ->  Hash  (cost=354.10..354.10 rows=800 width=108) (actual time=5.627..5.628 rows=789 loops=3)
                                 Buckets: 1024  Batches: 1  Memory Usage: 56kB
                                 ->  Hash Join  (cost=1.40..354.10 rows=800 width=108) (actual time=0.112..5.227 rows=789 loops=3)
                                       Hash Cond: (supplier.s_nationkey = n1.n_nationkey)
                                       ->  Seq Scan on supplier  (cost=0.00..322.00 rows=10000 width=8) (actual time=0.026..3.461 rows=10000 loops=3)
                                       ->  Hash  (cost=1.38..1.38 rows=2 width=108) (actual time=0.027..0.027 rows=2 loops=3)
                                             Buckets: 1024  Batches: 1  Memory Usage: 9kB
                                             ->  Seq Scan on nation n1  (cost=0.00..1.38 rows=2 width=108) (actual time=0.011..0.017 rows=2 loops=3)
                                                   Filter: ((n_name = 'UNITED STATES'::bpchar) OR (n_name = 'GERMANY'::bpchar))
                                                   Rows Removed by Filter: 23
 Planning Time: 5.588 ms
 Execution Time: 2099.363 ms
(44 rows)

execute /home/pei/Project/benchmarks/JCC-H/out/skinner_explained/8.sql_explained.sql
SET
                                                                                QUERY PLAN                                                                                
--------------------------------------------------------------------------------------------------------------------------------------------------------------------------
 Finalize GroupAggregate  (cost=77405.33..77756.97 rows=2395 width=40) (actual time=32.402..32.402 rows=0 loops=1)
   Group Key: (date_part('year'::text, (orders.o_orderdate)::timestamp without time zone))
   ->  Gather Merge  (cost=77405.33..77678.13 rows=1996 width=72) (actual time=32.402..33.564 rows=0 loops=1)
         Workers Planned: 2
         Workers Launched: 2
         ->  Partial GroupAggregate  (cost=76405.31..76447.72 rows=998 width=72) (actual time=25.067..25.067 rows=0 loops=3)
               Group Key: (date_part('year'::text, (orders.o_orderdate)::timestamp without time zone))
               ->  Sort  (cost=76405.31..76407.80 rows=998 width=124) (actual time=25.066..25.066 rows=0 loops=3)
                     Sort Key: (date_part('year'::text, (orders.o_orderdate)::timestamp without time zone))
                     Sort Method: quicksort  Memory: 25kB
                     Worker 0:  Sort Method: quicksort  Memory: 25kB
                     Worker 1:  Sort Method: quicksort  Memory: 25kB
                     ->  Hash Join  (cost=5.59..76355.59 rows=998 width=124) (actual time=24.993..24.994 rows=0 loops=3)
                           Hash Cond: (supplier.s_nationkey = n2.n_nationkey)
                           ->  Nested Loop  (cost=4.03..76345.97 rows=998 width=20) (actual time=24.844..24.844 rows=0 loops=3)
                                 ->  Hash Join  (cost=3.74..76042.70 rows=1002 width=20) (actual time=24.843..24.843 rows=0 loops=3)
                                       Hash Cond: (customer.c_nationkey = n1.n_nationkey)
                                       ->  Nested Loop  (cost=1.28..76011.43 rows=5010 width=24) (actual time=24.843..24.843 rows=0 loops=3)
                                             ->  Nested Loop  (cost=0.86..73643.02 rows=5010 width=24) (actual time=24.843..24.843 rows=0 loops=3)
                                                   ->  Nested Loop  (cost=0.43..65860.85 rows=16553 width=20) (actual time=24.843..24.843 rows=0 loops=3)
                                                         ->  Parallel Seq Scan on part  (cost=0.00..5138.67 rows=552 width=4) (actual time=24.842..24.842 rows=0 loops=3)
                                                               Filter: ((p_type)::text = 'SHINY MINED GOLD'::text)
                                                               Rows Removed by Filter: 66667
                                                         ->  Index Scan using idx_lineitem_part_supp on lineitem  (cost=0.43..109.69 rows=31 width=24) (never executed)
                                                               Index Cond: (l_partkey = part.p_partkey)
                                                   ->  Index Scan using orders_pkey on orders  (cost=0.43..0.47 rows=1 width=12) (never executed)
                                                         Index Cond: (o_orderkey = lineitem.l_orderkey)
                                                         Filter: ((o_orderdate >= '1993-01-01'::date) AND (o_orderdate <= '1994-12-31'::date))
                                             ->  Index Scan using customer_pkey on customer  (cost=0.42..0.47 rows=1 width=8) (never executed)
                                                   Index Cond: (c_custkey = orders.o_custkey)
                                       ->  Hash  (cost=2.40..2.40 rows=5 width=4) (never executed)
                                             ->  Hash Join  (cost=1.07..2.40 rows=5 width=4) (never executed)
                                                   Hash Cond: (n1.n_regionkey = region.r_regionkey)
                                                   ->  Seq Scan on nation n1  (cost=0.00..1.25 rows=25 width=8) (never executed)
                                                   ->  Hash  (cost=1.06..1.06 rows=1 width=4) (never executed)
                                                         ->  Seq Scan on region  (cost=0.00..1.06 rows=1 width=4) (never executed)
                                                               Filter: (r_name = 'MIDDLE EAST'::bpchar)
                                 ->  Index Scan using supplier_pkey on supplier  (cost=0.29..0.30 rows=1 width=8) (never executed)
                                       Index Cond: (s_suppkey = lineitem.l_suppkey)
                           ->  Hash  (cost=1.25..1.25 rows=25 width=108) (actual time=0.064..0.065 rows=25 loops=3)
                                 Buckets: 1024  Batches: 1  Memory Usage: 10kB
                                 ->  Seq Scan on nation n2  (cost=0.00..1.25 rows=25 width=108) (actual time=0.032..0.036 rows=25 loops=3)
 Planning Time: 7.732 ms
 Execution Time: 34.285 ms
(44 rows)

execute /home/pei/Project/benchmarks/JCC-H/out/skinner_explained/9.sql_explained.sql
SET
                                                                            QUERY PLAN                                                                            
------------------------------------------------------------------------------------------------------------------------------------------------------------------
 Finalize GroupAggregate  (cost=6382.26..6464.52 rows=598 width=144) (actual time=40.606..40.606 rows=0 loops=1)
   Group Key: nation.n_name, (date_part('year'::text, (orders.o_orderdate)::timestamp without time zone))
   ->  Gather Merge  (cost=6382.26..6449.07 rows=498 width=144) (actual time=40.604..42.304 rows=0 loops=1)
         Workers Planned: 2
         Workers Launched: 2
         ->  Partial GroupAggregate  (cost=5382.23..5391.57 rows=249 width=144) (actual time=33.519..33.519 rows=0 loops=3)
               Group Key: nation.n_name, (date_part('year'::text, (orders.o_orderdate)::timestamp without time zone))
               ->  Sort  (cost=5382.23..5382.85 rows=249 width=135) (actual time=33.518..33.518 rows=0 loops=3)
                     Sort Key: nation.n_name, (date_part('year'::text, (orders.o_orderdate)::timestamp without time zone)) DESC
                     Sort Method: quicksort  Memory: 25kB
                     Worker 0:  Sort Method: quicksort  Memory: 25kB
                     Worker 1:  Sort Method: quicksort  Memory: 25kB
                     ->  Nested Loop  (cost=3.13..5372.32 rows=249 width=135) (actual time=33.438..33.438 rows=0 loops=3)
                           ->  Nested Loop  (cost=2.71..5255.26 rows=249 width=131) (actual time=33.438..33.438 rows=0 loops=3)
                                 Join Filter: (supplier.s_suppkey = lineitem.l_suppkey)
                                 ->  Hash Join  (cost=2.27..5218.63 rows=33 width=126) (actual time=33.438..33.438 rows=0 loops=3)
                                       Hash Cond: (supplier.s_nationkey = nation.n_nationkey)
                                       ->  Nested Loop  (cost=0.71..5216.97 rows=33 width=26) (actual time=33.437..33.437 rows=0 loops=3)
                                             ->  Nested Loop  (cost=0.42..5206.95 rows=33 width=18) (actual time=33.437..33.437 rows=0 loops=3)
                                                   ->  Parallel Seq Scan on part  (cost=0.00..5138.67 rows=8 width=4) (actual time=33.436..33.437 rows=0 loops=3)
                                                         Filter: ((p_name)::text ~~ '%shiny mined gold%'::text)
                                                         Rows Removed by Filter: 66667
                                                   ->  Index Scan using idx_partsupp_partkey on partsupp  (cost=0.42..8.50 rows=4 width=14) (never executed)
                                                         Index Cond: (ps_partkey = part.p_partkey)
                                             ->  Index Scan using supplier_pkey on supplier  (cost=0.29..0.30 rows=1 width=8) (never executed)
                                                   Index Cond: (s_suppkey = partsupp.ps_suppkey)
                                       ->  Hash  (cost=1.25..1.25 rows=25 width=108) (never executed)
                                             ->  Seq Scan on nation  (cost=0.00..1.25 rows=25 width=108) (never executed)
                                 ->  Index Scan using idx_lineitem_part_supp on lineitem  (cost=0.43..1.10 rows=1 width=29) (never executed)
                                       Index Cond: ((l_partkey = partsupp.ps_partkey) AND (l_suppkey = partsupp.ps_suppkey))
                           ->  Index Scan using orders_pkey on orders  (cost=0.43..0.47 rows=1 width=8) (never executed)
                                 Index Cond: (o_orderkey = lineitem.l_orderkey)
 Planning Time: 7.705 ms
 Execution Time: 42.863 ms
(34 rows)

execute /home/pei/Project/benchmarks/JCC-H/out/skinner_explained/10.sql_explained.sql
SET
                                                                                     QUERY PLAN                                                                                     
------------------------------------------------------------------------------------------------------------------------------------------------------------------------------------
 Sort  (cost=21298.42..21302.97 rows=1819 width=280) (actual time=109.658..109.774 rows=1584 loops=1)
   Sort Key: (sum((lineitem.l_extendedprice * ('1'::numeric - lineitem.l_discount)))) DESC
   Sort Method: quicksort  Memory: 469kB
   ->  Finalize GroupAggregate  (cost=21016.69..21199.93 rows=1819 width=280) (actual time=101.448..107.554 rows=1584 loops=1)
         Group Key: customer.c_custkey, nation.n_name
         ->  Gather Merge  (cost=21016.69..21166.49 rows=1070 width=280) (actual time=101.402..105.438 rows=1594 loops=1)
               Workers Planned: 1
               Workers Launched: 1
               ->  Partial GroupAggregate  (cost=20016.68..20046.11 rows=1070 width=280) (actual time=96.379..98.924 rows=797 loops=2)
                     Group Key: customer.c_custkey, nation.n_name
                     ->  Sort  (cost=20016.68..20019.36 rows=1070 width=260) (actual time=96.360..96.518 rows=1859 loops=2)
                           Sort Key: customer.c_custkey, nation.n_name
                           Sort Method: quicksort  Memory: 568kB
                           Worker 0:  Sort Method: quicksort  Memory: 520kB
                           ->  Hash Join  (cost=45.88..19962.84 rows=1070 width=260) (actual time=1.460..93.325 rows=1859 loops=2)
                                 Hash Cond: (customer.c_nationkey = nation.n_nationkey)
                                 ->  Nested Loop  (cost=44.31..19957.99 rows=1070 width=160) (actual time=1.341..91.809 rows=1859 loops=2)
                                       ->  Nested Loop  (cost=43.89..15136.11 rows=1070 width=16) (actual time=1.245..65.349 rows=1859 loops=2)
                                             ->  Parallel Bitmap Heap Scan on orders  (cost=43.46..5824.69 rows=1092 width=8) (actual time=1.122..22.330 rows=940 loops=2)
                                                   Recheck Cond: ((o_orderdate >= '1992-05-26'::date) AND (o_orderdate < '1992-05-29'::date))
                                                   Heap Blocks: exact=930
                                                   ->  Bitmap Index Scan on idx_orders_orderdate  (cost=0.00..43.00 rows=1857 width=0) (actual time=1.767..1.767 rows=1879 loops=1)
                                                         Index Cond: ((o_orderdate >= '1992-05-26'::date) AND (o_orderdate < '1992-05-29'::date))
                                             ->  Index Scan using idx_lineitem_orderkey on lineitem  (cost=0.43..8.49 rows=4 width=16) (actual time=0.041..0.044 rows=2 loops=1879)
                                                   Index Cond: (l_orderkey = orders.o_orderkey)
                                                   Filter: (l_returnflag = 'R'::bpchar)
                                                   Rows Removed by Filter: 2
                                       ->  Index Scan using customer_pkey on customer  (cost=0.42..4.51 rows=1 width=148) (actual time=0.013..0.013 rows=1 loops=3718)
                                             Index Cond: (c_custkey = orders.o_custkey)
                                 ->  Hash  (cost=1.25..1.25 rows=25 width=108) (actual time=0.051..0.051 rows=25 loops=2)
                                       Buckets: 1024  Batches: 1  Memory Usage: 10kB
                                       ->  Seq Scan on nation  (cost=0.00..1.25 rows=25 width=108) (actual time=0.022..0.026 rows=25 loops=2)
 Planning Time: 3.192 ms
 Execution Time: 111.136 ms
(34 rows)

execute /home/pei/Project/benchmarks/JCC-H/out/skinner_explained/11.sql_explained.sql
SET
                                                                            QUERY PLAN                                                                             
-------------------------------------------------------------------------------------------------------------------------------------------------------------------
 Sort  (cost=13433.18..13459.84 rows=10667 width=36) (actual time=457.846..457.904 rows=869 loops=1)
   Sort Key: (sum((partsupp.ps_supplycost * (partsupp.ps_availqty)::numeric))) DESC
   Sort Method: quicksort  Memory: 65kB
   InitPlan 1 (returns $2)
     ->  Aggregate  (cost=4682.49..4682.50 rows=1 width=32) (actual time=126.131..126.131 rows=1 loops=1)
           ->  Nested Loop  (cost=11.81..4442.48 rows=32000 width=10) (actual time=0.150..105.897 rows=32560 loops=1)
                 ->  Nested Loop  (cost=11.38..248.58 rows=400 width=4) (actual time=0.115..3.515 rows=407 loops=1)
                       ->  Seq Scan on nation nation_1  (cost=0.00..1.31 rows=1 width=4) (actual time=0.018..0.023 rows=1 loops=1)
                             Filter: (n_name = 'CHINA'::bpchar)
                             Rows Removed by Filter: 24
                       ->  Bitmap Heap Scan on supplier supplier_1  (cost=11.38..243.27 rows=400 width=8) (actual time=0.089..3.340 rows=407 loops=1)
                             Recheck Cond: (s_nationkey = nation_1.n_nationkey)
                             Heap Blocks: exact=186
                             ->  Bitmap Index Scan on idx_supplier_nation_key  (cost=0.00..11.29 rows=400 width=0) (actual time=0.065..0.065 rows=407 loops=1)
                                   Index Cond: (s_nationkey = nation_1.n_nationkey)
                 ->  Index Scan using idx_partsupp_suppkey on partsupp partsupp_1  (cost=0.42..9.68 rows=80 width=14) (actual time=0.017..0.231 rows=80 loops=407)
                       Index Cond: (ps_suppkey = supplier_1.s_suppkey)
   ->  GroupAggregate  (cost=6837.01..8037.01 rows=10667 width=36) (actual time=420.366..457.359 rows=869 loops=1)
         Group Key: partsupp.ps_partkey
         Filter: (sum((partsupp.ps_supplycost * (partsupp.ps_availqty)::numeric)) > $2)
         Rows Removed by Filter: 29770
         ->  Sort  (cost=6837.01..6917.01 rows=32000 width=14) (actual time=294.179..296.585 rows=32560 loops=1)
               Sort Key: partsupp.ps_partkey
               Sort Method: quicksort  Memory: 2295kB
               ->  Nested Loop  (cost=11.81..4442.48 rows=32000 width=14) (actual time=0.210..267.465 rows=32560 loops=1)
                     ->  Nested Loop  (cost=11.38..248.58 rows=400 width=4) (actual time=0.162..4.080 rows=407 loops=1)
                           ->  Seq Scan on nation  (cost=0.00..1.31 rows=1 width=4) (actual time=0.015..0.021 rows=1 loops=1)
                                 Filter: (n_name = 'CHINA'::bpchar)
                                 Rows Removed by Filter: 24
                           ->  Bitmap Heap Scan on supplier  (cost=11.38..243.27 rows=400 width=8) (actual time=0.140..3.901 rows=407 loops=1)
                                 Recheck Cond: (s_nationkey = nation.n_nationkey)
                                 Heap Blocks: exact=186
                                 ->  Bitmap Index Scan on idx_supplier_nation_key  (cost=0.00..11.29 rows=400 width=0) (actual time=0.106..0.106 rows=407 loops=1)
                                       Index Cond: (s_nationkey = nation.n_nationkey)
                     ->  Index Scan using idx_partsupp_suppkey on partsupp  (cost=0.42..9.68 rows=80 width=18) (actual time=0.025..0.613 rows=80 loops=407)
                           Index Cond: (ps_suppkey = supplier.s_suppkey)
 Planning Time: 2.446 ms
 Execution Time: 458.671 ms
(38 rows)

execute /home/pei/Project/benchmarks/JCC-H/out/skinner_explained/12.sql_explained.sql
SET
                                                                                                                                       QUERY PLAN                                                                                                                                       
----------------------------------------------------------------------------------------------------------------------------------------------------------------------------------------------------------------------------------------------------------------------------------------
 Finalize GroupAggregate  (cost=209360.10..209599.26 rows=7 width=27) (actual time=1320.971..1320.973 rows=2 loops=1)
   Group Key: lineitem.l_shipmode
   ->  Gather Merge  (cost=209360.10..209599.08 rows=14 width=27) (actual time=1318.512..1322.581 rows=6 loops=1)
         Workers Planned: 2
         Workers Launched: 2
         ->  Partial GroupAggregate  (cost=208360.07..208597.44 rows=7 width=27) (actual time=1312.267..1314.685 rows=2 loops=3)
               Group Key: lineitem.l_shipmode
               ->  Sort  (cost=208360.07..208389.74 rows=11865 width=27) (actual time=1309.817..1310.468 rows=10341 loops=3)
                     Sort Key: lineitem.l_shipmode
                     Sort Method: quicksort  Memory: 1177kB
                     Worker 0:  Sort Method: quicksort  Memory: 1192kB
                     Worker 1:  Sort Method: quicksort  Memory: 1209kB
                     ->  Parallel Hash Join  (cost=168912.70..207557.14 rows=11865 width=27) (actual time=1060.296..1301.037 rows=10341 loops=3)
                           Hash Cond: (orders.o_orderkey = lineitem.l_orderkey)
                           ->  Parallel Seq Scan on orders  (cost=0.00..32345.00 rows=625000 width=20) (actual time=0.041..147.971 rows=500000 loops=3)
                           ->  Parallel Hash  (cost=168764.39..168764.39 rows=11865 width=15) (actual time=1059.456..1059.456 rows=10341 loops=3)
                                 Buckets: 32768  Batches: 1  Memory Usage: 1792kB
                                 ->  Parallel Seq Scan on lineitem  (cost=0.00..168764.39 rows=11865 width=15) (actual time=0.188..1047.629 rows=10341 loops=3)
                                       Filter: ((l_shipmode = ANY ('{"REG AIR",FOB}'::bpchar[])) AND (l_commitdate < l_receiptdate) AND (l_shipdate < l_commitdate) AND (l_receiptdate >= '1993-01-01'::date) AND (l_receiptdate < '1994-01-01 00:00:00'::timestamp without time zone))
                                       Rows Removed by Filter: 1990064
 Planning Time: 2.174 ms
 Execution Time: 1323.021 ms
(22 rows)

execute /home/pei/Project/benchmarks/JCC-H/out/skinner_explained/13.sql_explained.sql
SET
                                                                                      QUERY PLAN                                                                                      
--------------------------------------------------------------------------------------------------------------------------------------------------------------------------------------
 Sort  (cost=161053.73..161054.23 rows=200 width=16) (actual time=5069.088..5069.091 rows=42 loops=1)
   Sort Key: (count(*)) DESC, (count(orders.o_orderkey)) DESC
   Sort Method: quicksort  Memory: 26kB
   ->  HashAggregate  (cost=161044.09..161046.09 rows=200 width=16) (actual time=5069.003..5069.011 rows=42 loops=1)
         Group Key: count(orders.o_orderkey)
         ->  Finalize GroupAggregate  (cost=1000.87..158794.09 rows=150000 width=12) (actual time=9.920..5009.143 rows=150000 loops=1)
               Group Key: customer.c_custkey
               ->  Gather Merge  (cost=1000.87..155794.09 rows=300000 width=12) (actual time=9.708..4915.672 rows=150000 loops=1)
                     Workers Planned: 2
                     Workers Launched: 2
                     ->  Partial GroupAggregate  (cost=0.85..120166.62 rows=150000 width=12) (actual time=0.453..4115.255 rows=50000 loops=3)
                           Group Key: customer.c_custkey
                           ->  Nested Loop Left Join  (cost=0.85..115573.18 rows=618687 width=8) (actual time=0.179..3911.622 rows=511342 loops=3)
                                 ->  Parallel Index Only Scan using customer_pkey on customer  (cost=0.42..6619.43 rows=62500 width=4) (actual time=0.074..52.071 rows=50000 loops=3)
                                       Heap Fetches: 150000
                                 ->  Index Scan using idx_orders_custkey on orders  (cost=0.43..1.57 rows=17 width=8) (actual time=0.008..0.074 rows=10 loops=150000)
                                       Index Cond: (o_custkey = customer.c_custkey)
                                       Filter: ((o_comment)::text !~~ '%express%deposits%'::text)
                                       Rows Removed by Filter: 0
 Planning Time: 2.078 ms
 Execution Time: 5069.621 ms
(21 rows)

execute /home/pei/Project/benchmarks/JCC-H/out/skinner_explained/14.sql_explained.sql
SET
                                                                               QUERY PLAN                                                                                
-------------------------------------------------------------------------------------------------------------------------------------------------------------------------
 Finalize Aggregate  (cost=118266.17..118266.18 rows=1 width=32) (actual time=496.866..496.866 rows=1 loops=1)
   ->  Gather  (cost=118265.93..118266.14 rows=2 width=64) (actual time=495.582..501.857 rows=3 loops=1)
         Workers Planned: 2
         Workers Launched: 2
         ->  Partial Aggregate  (cost=117265.93..117265.94 rows=1 width=64) (actual time=488.955..488.956 rows=1 loops=3)
               ->  Parallel Hash Join  (cost=110065.79..116694.64 rows=32645 width=33) (actual time=423.168..470.495 rows=25967 loops=3)
                     Hash Cond: (part.p_partkey = lineitem.l_partkey)
                     ->  Parallel Seq Scan on part  (cost=0.00..4930.33 rows=83333 width=25) (actual time=0.094..22.783 rows=66667 loops=3)
                     ->  Parallel Hash  (cost=109657.73..109657.73 rows=32645 width=16) (actual time=421.717..421.717 rows=25967 loops=3)
                           Buckets: 131072  Batches: 1  Memory Usage: 5216kB
                           ->  Parallel Bitmap Heap Scan on lineitem  (cost=2015.50..109657.73 rows=32645 width=16) (actual time=32.604..395.492 rows=25967 loops=3)
                                 Recheck Cond: ((l_shipdate >= '1995-05-01'::date) AND (l_shipdate < '1995-06-01 00:00:00'::timestamp without time zone))
                                 Heap Blocks: exact=14672
                                 ->  Bitmap Index Scan on idx_lineitem_shipdate  (cost=0.00..1995.91 rows=78348 width=0) (actual time=26.848..26.848 rows=77900 loops=1)
                                       Index Cond: ((l_shipdate >= '1995-05-01'::date) AND (l_shipdate < '1995-06-01 00:00:00'::timestamp without time zone))
 Planning Time: 2.425 ms
 Execution Time: 502.152 ms
(17 rows)

execute /home/pei/Project/benchmarks/JCC-H/out/skinner_explained/15.sql_explained.sql
SET
CREATE VIEW
                                                                                       QUERY PLAN                                                                                       
----------------------------------------------------------------------------------------------------------------------------------------------------------------------------------------
 Nested Loop  (cost=299146.69..302223.56 rows=50 width=103) (actual time=1833.720..1846.869 rows=1 loops=1)
   InitPlan 1 (returns $1)
     ->  Aggregate  (cost=150945.41..150945.42 rows=1 width=32) (actual time=909.169..909.169 rows=1 loops=1)
           ->  Finalize GroupAggregate  (cost=148200.98..150819.91 rows=10040 width=36) (actual time=875.868..908.013 rows=10000 loops=1)
                 Group Key: lineitem_1.l_suppkey
                 ->  Gather Merge  (cost=148200.98..150543.81 rows=20080 width=36) (actual time=875.857..886.198 rows=29982 loops=1)
                       Workers Planned: 2
                       Workers Launched: 2
                       ->  Sort  (cost=147200.96..147226.06 rows=10040 width=36) (actual time=868.021..868.868 rows=9994 loops=3)
                             Sort Key: lineitem_1.l_suppkey
                             Sort Method: quicksort  Memory: 1165kB
                             Worker 0:  Sort Method: quicksort  Memory: 1165kB
                             Worker 1:  Sort Method: quicksort  Memory: 1165kB
                             ->  Partial HashAggregate  (cost=146408.13..146533.63 rows=10040 width=36) (actual time=856.302..862.070 rows=9994 loops=3)
                                   Group Key: lineitem_1.l_suppkey
                                   ->  Parallel Bitmap Heap Scan on lineitem lineitem_1  (cost=5705.45..145482.51 rows=92562 width=16) (actual time=61.461..729.390 rows=75898 loops=3)
                                         Recheck Cond: ((l_shipdate >= '1993-05-01'::date) AND (l_shipdate < '1993-08-01 00:00:00'::timestamp without time zone))
                                         Rows Removed by Index Recheck: 552534
                                         Heap Blocks: exact=11676 lossy=11511
                                         ->  Bitmap Index Scan on idx_lineitem_shipdate  (cost=0.00..5649.91 rows=222148 width=0) (actual time=61.216..61.216 rows=227694 loops=1)
                                               Index Cond: ((l_shipdate >= '1993-05-01'::date) AND (l_shipdate < '1993-08-01 00:00:00'::timestamp without time zone))
   ->  Finalize GroupAggregate  (cost=148200.98..150970.51 rows=50 width=36) (actual time=1833.668..1846.818 rows=1 loops=1)
         Group Key: lineitem.l_suppkey
         Filter: (sum((lineitem.l_extendedprice * ('1'::numeric - lineitem.l_discount))) = $1)
         Rows Removed by Filter: 9999
         ->  Gather Merge  (cost=148200.98..150543.81 rows=20080 width=36) (actual time=905.353..916.146 rows=29984 loops=1)
               Workers Planned: 2
               Workers Launched: 2
               ->  Sort  (cost=147200.96..147226.06 rows=10040 width=36) (actual time=897.814..898.931 rows=9995 loops=3)
                     Sort Key: lineitem.l_suppkey
                     Sort Method: quicksort  Memory: 1165kB
                     Worker 0:  Sort Method: quicksort  Memory: 1165kB
                     Worker 1:  Sort Method: quicksort  Memory: 1165kB
                     ->  Partial HashAggregate  (cost=146408.13..146533.63 rows=10040 width=36) (actual time=885.872..891.663 rows=9995 loops=3)
                           Group Key: lineitem.l_suppkey
                           ->  Parallel Bitmap Heap Scan on lineitem  (cost=5705.45..145482.51 rows=92562 width=16) (actual time=66.586..757.982 rows=75898 loops=3)
                                 Recheck Cond: ((l_shipdate >= '1993-05-01'::date) AND (l_shipdate < '1993-08-01 00:00:00'::timestamp without time zone))
                                 Rows Removed by Index Recheck: 552534
                                 Heap Blocks: exact=11193 lossy=10986
                                 ->  Bitmap Index Scan on idx_lineitem_shipdate  (cost=0.00..5649.91 rows=222148 width=0) (actual time=65.420..65.420 rows=227694 loops=1)
                                       Index Cond: ((l_shipdate >= '1993-05-01'::date) AND (l_shipdate < '1993-08-01 00:00:00'::timestamp without time zone))
   ->  Index Scan using supplier_pkey on supplier  (cost=0.29..6.14 rows=1 width=71) (actual time=0.047..0.047 rows=1 loops=1)
         Index Cond: (s_suppkey = lineitem.l_suppkey)
 Planning Time: 2.546 ms
 Execution Time: 1853.898 ms
(45 rows)

DROP VIEW
execute /home/pei/Project/benchmarks/JCC-H/out/skinner_explained/16.sql_explained.sql
SET
                                                                                         QUERY PLAN                                                                                          
---------------------------------------------------------------------------------------------------------------------------------------------------------------------------------------------
 Sort  (cost=42566.75..42606.95 rows=16081 width=44) (actual time=904.727..905.900 rows=18337 loops=1)
   Sort Key: (count(DISTINCT partsupp.ps_suppkey)) DESC, part.p_brand, part.p_type, part.p_size
   Sort Method: quicksort  Memory: 2217kB
   ->  GroupAggregate  (cost=40530.46..41443.25 rows=16081 width=44) (actual time=698.001..824.124 rows=18337 loops=1)
         Group Key: part.p_brand, part.p_type, part.p_size
         ->  Sort  (cost=40530.46..40680.86 rows=60158 width=40) (actual time=697.976..763.520 rows=119466 loops=1)
               Sort Key: part.p_brand, part.p_type, part.p_size
               Sort Method: external merge  Disk: 6104kB
               ->  Gather  (cost=7684.00..35754.98 rows=60158 width=40) (actual time=64.342..270.194 rows=119466 loops=1)
                     Workers Planned: 2
                     Workers Launched: 2
                     ->  Parallel Hash Join  (cost=6684.00..28739.18 rows=25066 width=40) (actual time=58.092..248.343 rows=39822 loops=3)
                           Hash Cond: (partsupp.ps_partkey = part.p_partkey)
                           ->  Parallel Seq Scan on partsupp  (cost=347.00..21964.67 rows=166667 width=8) (actual time=8.801..149.658 rows=266560 loops=3)
                                 Filter: (NOT (hashed SubPlan 1))
                                 Rows Removed by Filter: 107
                                 SubPlan 1
                                   ->  Seq Scan on supplier  (cost=0.00..347.00 rows=1 width=4) (actual time=0.333..8.738 rows=4 loops=3)
                                         Filter: ((s_comment)::text ~~ '%Customer%Complaints%'::text)
                                         Rows Removed by Filter: 9996
                           ->  Parallel Hash  (cost=6180.33..6180.33 rows=12533 width=40) (actual time=48.567..48.567 rows=9959 loops=3)
                                 Buckets: 32768  Batches: 1  Memory Usage: 2528kB
                                 ->  Parallel Seq Scan on part  (cost=0.00..6180.33 rows=12533 width=40) (actual time=0.054..39.378 rows=9959 loops=3)
                                       Filter: ((p_brand <> 'Brand#21'::bpchar) AND ((p_type)::text !~~ 'LARGE BURNISHED%'::text) AND (p_size = ANY ('{26,35,38,45,10,37,8,1}'::integer[])))
                                       Rows Removed by Filter: 56707
 Planning Time: 2.677 ms
 Execution Time: 909.593 ms
(27 rows)

execute /home/pei/Project/benchmarks/JCC-H/out/skinner_explained/17.sql_explained.sql
SET
                                                                       QUERY PLAN                                                                       
--------------------------------------------------------------------------------------------------------------------------------------------------------
 Aggregate  (cost=195920.86..195920.87 rows=1 width=32) (actual time=2994.993..2994.993 rows=1 loops=1)
   ->  Hash Join  (cost=6370.96..195915.53 rows=2130 width=8) (actual time=37.241..2994.807 rows=570 loops=1)
         Hash Cond: (lineitem.l_partkey = part.p_partkey)
         Join Filter: (lineitem.l_quantity < (SubPlan 1))
         Rows Removed by Join Filter: 5714
         ->  Seq Scan on lineitem  (cost=0.00..172515.15 rows=6001215 width=17) (actual time=0.036..1664.053 rows=6001215 loops=1)
         ->  Hash  (cost=6368.30..6368.30 rows=213 width=4) (actual time=34.656..34.656 rows=207 loops=1)
               Buckets: 1024  Batches: 1  Memory Usage: 16kB
               ->  Gather  (cost=1000.00..6368.30 rows=213 width=4) (actual time=1.334..34.651 rows=207 loops=1)
                     Workers Planned: 2
                     Workers Launched: 2
                     ->  Parallel Seq Scan on part  (cost=0.00..5347.00 rows=89 width=4) (actual time=1.047..28.701 rows=69 loops=3)
                           Filter: ((p_brand = 'Brand#55'::bpchar) AND (p_container = 'LG BOX'::bpchar))
                           Rows Removed by Filter: 66598
         SubPlan 1
           ->  Aggregate  (cost=127.60..127.61 rows=1 width=32) (actual time=0.081..0.081 rows=1 loops=6284)
                 ->  Bitmap Heap Scan on lineitem lineitem_1  (cost=4.67..127.52 rows=31 width=5) (actual time=0.016..0.064 rows=31 loops=6284)
                       Recheck Cond: (l_partkey = part.p_partkey)
                       Heap Blocks: exact=196800
                       ->  Bitmap Index Scan on idx_lineitem_part_supp  (cost=0.00..4.67 rows=31 width=0) (actual time=0.010..0.010 rows=31 loops=6284)
                             Index Cond: (l_partkey = part.p_partkey)
 Planning Time: 1.911 ms
 Execution Time: 2995.469 ms
(23 rows)

execute /home/pei/Project/benchmarks/JCC-H/out/skinner_explained/18.sql_explained.sql
SET
                                                                                                        QUERY PLAN                                                                                                         
---------------------------------------------------------------------------------------------------------------------------------------------------------------------------------------------------------------------------
 Sort  (cost=599988.69..601302.86 rows=525670 width=71) (actual time=8194.320..8194.320 rows=0 loops=1)
   Sort Key: orders.o_totalprice DESC, orders.o_orderdate
   Sort Method: quicksort  Memory: 25kB
   ->  Finalize GroupAggregate  (cost=462034.19..528476.56 rows=525670 width=71) (actual time=8194.262..8194.262 rows=0 loops=1)
         Group Key: customer.c_custkey, orders.o_orderkey
         ->  Gather Merge  (cost=462034.19..517525.10 rows=438058 width=71) (actual time=8194.260..8200.139 rows=0 loops=1)
               Workers Planned: 2
               Workers Launched: 2
               ->  Partial GroupAggregate  (cost=461034.16..465962.32 rows=219029 width=71) (actual time=8186.876..8186.876 rows=0 loops=3)
                     Group Key: customer.c_custkey, orders.o_orderkey
                     ->  Sort  (cost=461034.16..461581.74 rows=219029 width=44) (actual time=8186.875..8186.875 rows=0 loops=3)
                           Sort Key: customer.c_custkey, orders.o_orderkey
                           Sort Method: quicksort  Memory: 25kB
                           Worker 0:  Sort Method: quicksort  Memory: 25kB
                           Worker 1:  Sort Method: quicksort  Memory: 25kB
                           ->  Nested Loop  (cost=327808.40..434864.46 rows=219029 width=44) (actual time=8186.810..8186.810 rows=0 loops=3)
                                 ->  Parallel Hash Join  (cost=327807.97..369777.30 rows=54746 width=43) (actual time=8186.810..8186.811 rows=0 loops=3)
                                       Hash Cond: (orders.o_custkey = customer.c_custkey)
                                       ->  Hash Join  (cost=322816.72..364642.34 rows=54746 width=24) (actual time=8123.627..8123.627 rows=0 loops=3)
                                             Hash Cond: (orders.o_orderkey = lineitem_1.l_orderkey)
                                             ->  Parallel Seq Scan on orders  (cost=0.00..32345.00 rows=625000 width=20) (actual time=0.044..0.044 rows=1 loops=3)
                                             ->  Hash  (cost=320660.33..320660.33 rows=131391 width=4) (actual time=8121.348..8121.348 rows=0 loops=3)
                                                   Buckets: 131072  Batches: 2  Memory Usage: 1024kB
                                                   ->  GroupAggregate  (cost=0.43..319346.42 rows=131391 width=4) (actual time=8121.347..8121.347 rows=0 loops=3)
                                                         Group Key: lineitem_1.l_orderkey
                                                         Filter: (sum(lineitem_1.l_quantity) > '814'::numeric)
                                                         Rows Removed by Filter: 1500000
                                                         ->  Index Scan using idx_lineitem_orderkey on lineitem lineitem_1  (cost=0.43..283427.74 rows=6001215 width=9) (actual time=0.048..6066.695 rows=6001215 loops=3)
                                                               Filter: (l_quantity <= '100'::numeric)
                                       ->  Parallel Hash  (cost=4210.00..4210.00 rows=62500 width=23) (actual time=61.059..61.059 rows=50000 loops=3)
                                             Buckets: 262144  Batches: 1  Memory Usage: 10304kB
                                             ->  Parallel Seq Scan on customer  (cost=0.00..4210.00 rows=62500 width=23) (actual time=0.030..31.459 rows=50000 loops=3)
                                 ->  Index Scan using lineitem_pkey on lineitem  (cost=0.43..1.04 rows=15 width=9) (never executed)
                                       Index Cond: (l_orderkey = orders.o_orderkey)
 Planning Time: 3.286 ms
 Execution Time: 8200.820 ms
(36 rows)

execute /home/pei/Project/benchmarks/JCC-H/out/skinner_explained/19.sql_explained.sql
SET
                                                                                                                                                                                                                                                                                                                                                                                                                                                                                                              QUERY PLAN                                                                                                                                                                                                                                                                                                                                                                                                                                                                                                              
--------------------------------------------------------------------------------------------------------------------------------------------------------------------------------------------------------------------------------------------------------------------------------------------------------------------------------------------------------------------------------------------------------------------------------------------------------------------------------------------------------------------------------------------------------------------------------------------------------------------------------------------------------------------------------------------------------------------------------------------------------------------------------------------------------------------------------------------------------------------------------------------------------------------------------------------------------------------------------------------------------------------------------------
 Finalize Aggregate  (cost=21574.99..21575.00 rows=1 width=32) (actual time=115.189..115.189 rows=1 loops=1)
   ->  Gather  (cost=21574.77..21574.98 rows=2 width=32) (actual time=115.177..118.024 rows=3 loops=1)
         Workers Planned: 2
         Workers Launched: 2
         ->  Partial Aggregate  (cost=20574.77..20574.78 rows=1 width=32) (actual time=107.950..107.950 rows=1 loops=3)
               ->  Nested Loop  (cost=4.65..20574.63 rows=18 width=12) (actual time=4.878..107.913 rows=14 loops=3)
                     ->  Parallel Seq Scan on part  (cost=0.00..7638.67 rows=103 width=30) (actual time=0.531..37.950 rows=80 loops=3)
                           Filter: ((p_size >= 1) AND (((p_brand = 'Brand#00'::bpchar) AND (p_container = ANY ('{"SM CASE","SM BOX","SM PACK","SM PKG"}'::bpchar[])) AND (p_size <= 5)) OR ((p_brand = 'Brand#00'::bpchar) AND (p_container = ANY ('{"MED BAG","MED BOX","MED PKG","MED PACK"}'::bpchar[])) AND (p_size <= 10)) OR ((p_brand = 'Brand#55'::bpchar) AND (p_container = ANY ('{"LG CASE","LG BOX","LG PACK","LG PKG"}'::bpchar[])) AND (p_size <= 15))))
                           Rows Removed by Filter: 66587
                     ->  Bitmap Heap Scan on lineitem  (cost=4.65..125.58 rows=1 width=21) (actual time=0.813..0.871 rows=0 loops=239)
                           Recheck Cond: (l_partkey = part.p_partkey)
                           Filter: ((l_shipmode = ANY ('{AIR,"AIR REG"}'::bpchar[])) AND (l_shipinstruct = 'DELIVER IN PERSON'::bpchar) AND (((l_quantity >= '1'::numeric) AND (l_quantity <= '11'::numeric)) OR ((l_quantity >= '17'::numeric) AND (l_quantity <= '27'::numeric)) OR ((l_quantity >= '43'::numeric) AND (l_quantity <= '53'::numeric))) AND (((part.p_brand = 'Brand#00'::bpchar) AND (part.p_container = ANY ('{"SM CASE","SM BOX","SM PACK","SM PKG"}'::bpchar[])) AND (l_quantity >= '1'::numeric) AND (l_quantity <= '11'::numeric) AND (part.p_size <= 5)) OR ((part.p_brand = 'Brand#00'::bpchar) AND (part.p_container = ANY ('{"MED BAG","MED BOX","MED PKG","MED PACK"}'::bpchar[])) AND (l_quantity >= '17'::numeric) AND (l_quantity <= '27'::numeric) AND (part.p_size <= 10)) OR ((part.p_brand = 'Brand#55'::bpchar) AND (part.p_container = ANY ('{"LG CASE","LG BOX","LG PACK","LG PKG"}'::bpchar[])) AND (l_quantity >= '43'::numeric) AND (l_quantity <= '53'::numeric) AND (part.p_size <= 15))))
                           Rows Removed by Filter: 30
                           Heap Blocks: exact=2528
                           ->  Bitmap Index Scan on idx_lineitem_part_supp  (cost=0.00..4.65 rows=31 width=0) (actual time=0.045..0.045 rows=30 loops=239)
                                 Index Cond: (l_partkey = part.p_partkey)
 Planning Time: 3.438 ms
 Execution Time: 118.343 ms
(18 rows)

execute /home/pei/Project/benchmarks/JCC-H/out/skinner_explained/1.sql_explained.sql
SET
psql:/home/pei/Project/benchmarks/JCC-H/out/skinner_explained/1.sql_explained.sql:29: ERROR:  syntax error at or near "("
LINE 15:  l_shipdate <= date '1998-12-01' - interval '108' day (3)
                                                               ^
execute /home/pei/Project/benchmarks/JCC-H/out/skinner_explained/20.sql_explained.sql
SET
                                                                            QUERY PLAN                                                                            
------------------------------------------------------------------------------------------------------------------------------------------------------------------
 Sort  (cost=7001.80..7001.81 rows=1 width=51) (actual time=30.649..30.649 rows=0 loops=1)
   Sort Key: supplier.s_name
   Sort Method: quicksort  Memory: 25kB
   ->  Hash Join  (cost=6990.84..7001.79 rows=1 width=51) (actual time=30.588..30.588 rows=0 loops=1)
         Hash Cond: (supplier.s_nationkey = nation.n_nationkey)
         ->  Nested Loop  (cost=6989.52..7000.39 rows=27 width=55) (actual time=30.490..30.490 rows=0 loops=1)
               ->  HashAggregate  (cost=6989.23..6989.50 rows=27 width=4) (actual time=30.490..30.490 rows=0 loops=1)
                     Group Key: partsupp.ps_suppkey
                     ->  Nested Loop  (cost=1000.42..6989.17 rows=27 width=4) (actual time=30.489..30.489 rows=0 loops=1)
                           ->  Gather  (cost=1000.00..6140.67 rows=20 width=4) (actual time=30.489..31.551 rows=0 loops=1)
                                 Workers Planned: 2
                                 Workers Launched: 2
                                 ->  Parallel Seq Scan on part  (cost=0.00..5138.67 rows=8 width=4) (actual time=24.820..24.820 rows=0 loops=3)
                                       Filter: ((p_name)::text ~~ 'shiny mined g%'::text)
                                       Rows Removed by Filter: 66667
                           ->  Index Scan using idx_partsupp_partkey on partsupp  (cost=0.42..42.41 rows=1 width=8) (never executed)
                                 Index Cond: (ps_partkey = part.p_partkey)
                                 Filter: ((ps_availqty)::numeric > (SubPlan 1))
                                 SubPlan 1
                                   ->  Aggregate  (cost=8.46..8.47 rows=1 width=32) (never executed)
                                         ->  Index Scan using idx_lineitem_part_supp on lineitem  (cost=0.43..8.46 rows=1 width=5) (never executed)
                                               Index Cond: ((l_partkey = partsupp.ps_partkey) AND (l_suppkey = partsupp.ps_suppkey))
                                               Filter: ((l_shipdate >= '1993-01-01'::date) AND (l_shipdate < '1994-01-01 00:00:00'::timestamp without time zone))
               ->  Index Scan using supplier_pkey on supplier  (cost=0.29..0.40 rows=1 width=59) (never executed)
                     Index Cond: (s_suppkey = partsupp.ps_suppkey)
         ->  Hash  (cost=1.31..1.31 rows=1 width=4) (actual time=0.053..0.053 rows=1 loops=1)
               Buckets: 1024  Batches: 1  Memory Usage: 9kB
               ->  Seq Scan on nation  (cost=0.00..1.31 rows=1 width=4) (actual time=0.032..0.034 rows=1 loops=1)
                     Filter: (n_name = 'MOROCCO'::bpchar)
                     Rows Removed by Filter: 24
 Planning Time: 3.474 ms
 Execution Time: 32.131 ms
(32 rows)

execute /home/pei/Project/benchmarks/JCC-H/out/skinner_explained/21.sql_explained.sql
SET
                                                                                           QUERY PLAN                                                                                            
-------------------------------------------------------------------------------------------------------------------------------------------------------------------------------------------------
 Sort  (cost=169890.75..169890.76 rows=1 width=34) (actual time=1937.510..1937.537 rows=415 loops=1)
   Sort Key: (count(*)) DESC, supplier.s_name
   Sort Method: quicksort  Memory: 57kB
   ->  GroupAggregate  (cost=169890.72..169890.74 rows=1 width=34) (actual time=1935.002..1936.133 rows=415 loops=1)
         Group Key: supplier.s_name
         ->  Sort  (cost=169890.72..169890.73 rows=1 width=26) (actual time=1934.992..1935.285 rows=4112 loops=1)
               Sort Key: supplier.s_name
               Sort Method: quicksort  Memory: 514kB
               ->  Nested Loop  (cost=1254.87..169890.71 rows=1 width=26) (actual time=7.189..1914.366 rows=4112 loops=1)
                     ->  Nested Loop Semi Join  (cost=1254.44..169890.20 rows=1 width=34) (actual time=7.120..1718.228 rows=8423 loops=1)
                           ->  Gather  (cost=1254.01..169889.19 rows=1 width=34) (actual time=7.088..1607.843 rows=14099 loops=1)
                                 Workers Planned: 2
                                 Workers Launched: 2
                                 ->  Nested Loop Anti Join  (cost=254.01..168889.09 rows=1 width=34) (actual time=3.971..1798.924 rows=4700 loops=3)
                                       ->  Hash Join  (cost=253.58..147470.61 rows=33207 width=34) (actual time=3.471..1122.228 rows=52665 loops=3)
                                             Hash Cond: (l1.l_suppkey = supplier.s_suppkey)
                                             ->  Parallel Seq Scan on lineitem l1  (cost=0.00..143759.33 rows=833502 width=8) (actual time=0.056..938.145 rows=1264432 loops=3)
                                                   Filter: (l_receiptdate > l_commitdate)
                                                   Rows Removed by Filter: 735973
                                             ->  Hash  (cost=248.58..248.58 rows=400 width=30) (actual time=3.223..3.223 rows=415 loops=3)
                                                   Buckets: 1024  Batches: 1  Memory Usage: 34kB
                                                   ->  Nested Loop  (cost=11.38..248.58 rows=400 width=30) (actual time=0.213..2.949 rows=415 loops=3)
                                                         ->  Seq Scan on nation  (cost=0.00..1.31 rows=1 width=4) (actual time=0.041..0.045 rows=1 loops=3)
                                                               Filter: (n_name = 'EGYPT'::bpchar)
                                                               Rows Removed by Filter: 24
                                                         ->  Bitmap Heap Scan on supplier  (cost=11.38..243.27 rows=400 width=34) (actual time=0.162..2.764 rows=415 loops=3)
                                                               Recheck Cond: (s_nationkey = nation.n_nationkey)
                                                               Heap Blocks: exact=183
                                                               ->  Bitmap Index Scan on idx_supplier_nation_key  (cost=0.00..11.29 rows=400 width=0) (actual time=0.124..0.124 rows=415 loops=3)
                                                                     Index Cond: (s_nationkey = nation.n_nationkey)
                                       ->  Index Scan using lineitem_pkey on lineitem l3  (cost=0.43..1.03 rows=5 width=8) (actual time=0.012..0.012 rows=1 loops=157994)
                                             Index Cond: (l_orderkey = l1.l_orderkey)
                                             Filter: ((l_receiptdate > l_commitdate) AND (l_suppkey <> l1.l_suppkey))
                                             Rows Removed by Filter: 1
                           ->  Index Scan using lineitem_pkey on lineitem l2  (cost=0.43..0.99 rows=15 width=8) (actual time=0.007..0.007 rows=1 loops=14099)
                                 Index Cond: (l_orderkey = l1.l_orderkey)
                                 Filter: (l_suppkey <> l1.l_suppkey)
                                 Rows Removed by Filter: 1
                     ->  Index Scan using orders_pkey on orders  (cost=0.43..0.51 rows=1 width=4) (actual time=0.023..0.023 rows=0 loops=8423)
                           Index Cond: (o_orderkey = l1.l_orderkey)
                           Filter: (o_orderstatus = 'F'::bpchar)
                           Rows Removed by Filter: 1
 Planning Time: 4.391 ms
 Execution Time: 1938.275 ms
(44 rows)

execute /home/pei/Project/benchmarks/JCC-H/out/skinner_explained/22.sql_explained.sql
SET
                                                                            QUERY PLAN                                                                             
-------------------------------------------------------------------------------------------------------------------------------------------------------------------
 Finalize GroupAggregate  (cost=15870.27..15965.73 rows=715 width=72) (actual time=174.898..174.921 rows=2 loops=1)
   Group Key: ("substring"((customer.c_phone)::text, 1, 2))
   InitPlan 1 (returns $1)
     ->  Finalize Aggregate  (cost=6230.80..6230.81 rows=1 width=32) (actual time=68.058..68.058 rows=1 loops=1)
           ->  Gather  (cost=6230.58..6230.79 rows=2 width=32) (actual time=67.900..68.184 rows=3 loops=1)
                 Workers Planned: 2
                 Workers Launched: 2
                 ->  Partial Aggregate  (cost=5230.58..5230.59 rows=1 width=32) (actual time=61.837..61.837 rows=1 loops=3)
                       ->  Parallel Seq Scan on customer customer_1  (cost=0.00..5225.62 rows=1981 width=6) (actual time=0.046..60.740 rows=3616 loops=3)
                             Filter: ((c_acctbal > 0.00) AND ("substring"((c_phone)::text, 1, 2) = ANY ('{40,50,60,70,80,27,20}'::text[])))
                             Rows Removed by Filter: 46384
   ->  Gather Merge  (cost=9639.46..9716.45 rows=596 width=72) (actual time=174.746..180.607 rows=6 loops=1)
         Workers Planned: 2
         Params Evaluated: $1
         Workers Launched: 2
         ->  Partial GroupAggregate  (cost=8639.43..8647.63 rows=298 width=72) (actual time=99.516..99.623 rows=2 loops=3)
               Group Key: ("substring"((customer.c_phone)::text, 1, 2))
               ->  Sort  (cost=8639.43..8640.18 rows=298 width=38) (actual time=99.402..99.439 rows=599 loops=3)
                     Sort Key: ("substring"((customer.c_phone)::text, 1, 2))
                     Sort Method: quicksort  Memory: 58kB
                     Worker 0:  Sort Method: quicksort  Memory: 50kB
                     Worker 1:  Sort Method: quicksort  Memory: 50kB
                     ->  Nested Loop Anti Join  (cost=0.43..8627.19 rows=298 width=38) (actual time=0.349..98.725 rows=599 loops=3)
                           ->  Parallel Seq Scan on customer  (cost=0.00..5225.62 rows=729 width=26) (actual time=0.042..44.015 rows=1806 loops=3)
                                 Filter: ((c_acctbal > $1) AND ("substring"((c_phone)::text, 1, 2) = ANY ('{40,50,60,70,80,27,20}'::text[])))
                                 Rows Removed by Filter: 48194
                           ->  Index Only Scan using idx_orders_custkey on orders  (cost=0.43..47.34 rows=17 width=4) (actual time=0.029..0.029 rows=1 loops=5418)
                                 Index Cond: (o_custkey = customer.c_custkey)
                                 Heap Fetches: 3622
 Planning Time: 2.683 ms
 Execution Time: 181.237 ms
(31 rows)

execute /home/pei/Project/benchmarks/JCC-H/out/skinner_explained/2.sql_explained.sql
SET
                                                                                QUERY PLAN                                                                                
--------------------------------------------------------------------------------------------------------------------------------------------------------------------------
 Sort  (cost=6532.22..6532.23 rows=1 width=270) (actual time=38.573..38.573 rows=0 loops=1)
   Sort Key: supplier.s_acctbal DESC, nation.n_name, supplier.s_name, part.p_partkey
   Sort Method: quicksort  Memory: 25kB
   ->  Nested Loop  (cost=1001.78..6532.21 rows=1 width=270) (actual time=38.468..38.468 rows=0 loops=1)
         Join Filter: (nation.n_nationkey = supplier.s_nationkey)
         ->  Nested Loop  (cost=1000.71..6529.75 rows=1 width=170) (actual time=38.468..38.468 rows=0 loops=1)
               ->  Nested Loop  (cost=1000.42..6529.45 rows=1 width=34) (actual time=38.468..38.468 rows=0 loops=1)
                     ->  Gather  (cost=1000.00..6347.10 rows=1 width=30) (actual time=38.467..39.597 rows=0 loops=1)
                           Workers Planned: 2
                           Workers Launched: 2
                           ->  Parallel Seq Scan on part  (cost=0.00..5347.00 rows=1 width=30) (actual time=32.718..32.719 rows=0 loops=3)
                                 Filter: (((p_type)::text ~~ '%INED GOLD'::text) AND (p_size = 1))
                                 Rows Removed by Filter: 66667
                     ->  Index Scan using idx_partsupp_partkey on partsupp  (cost=0.42..182.34 rows=1 width=14) (never executed)
                           Index Cond: (ps_partkey = part.p_partkey)
                           Filter: ((SubPlan 1) = ps_supplycost)
                           SubPlan 1
                             ->  Aggregate  (cost=43.45..43.46 rows=1 width=32) (never executed)
                                   ->  Nested Loop  (cost=0.85..43.45 rows=1 width=6) (never executed)
                                         Join Filter: (nation_1.n_regionkey = region_1.r_regionkey)
                                         ->  Seq Scan on region region_1  (cost=0.00..1.06 rows=1 width=4) (never executed)
                                               Filter: (r_name = 'AFRICA'::bpchar)
                                         ->  Nested Loop  (cost=0.85..42.33 rows=4 width=10) (never executed)
                                               ->  Nested Loop  (cost=0.71..41.71 rows=4 width=10) (never executed)
                                                     ->  Index Scan using idx_partsupp_partkey on partsupp partsupp_1  (cost=0.42..8.50 rows=4 width=10) (never executed)
                                                           Index Cond: (ps_partkey = part.p_partkey)
                                                     ->  Index Scan using supplier_pkey on supplier supplier_1  (cost=0.29..8.30 rows=1 width=8) (never executed)
                                                           Index Cond: (s_suppkey = partsupp_1.ps_suppkey)
                                               ->  Index Scan using nation_pkey on nation nation_1  (cost=0.14..0.16 rows=1 width=8) (never executed)
                                                     Index Cond: (n_nationkey = supplier_1.s_nationkey)
               ->  Index Scan using supplier_pkey on supplier  (cost=0.29..0.30 rows=1 width=144) (never executed)
                     Index Cond: (s_suppkey = partsupp.ps_suppkey)
         ->  Hash Join  (cost=1.07..2.40 rows=5 width=108) (never executed)
               Hash Cond: (nation.n_regionkey = region.r_regionkey)
               ->  Seq Scan on nation  (cost=0.00..1.25 rows=25 width=112) (never executed)
               ->  Hash  (cost=1.06..1.06 rows=1 width=4) (never executed)
                     ->  Seq Scan on region  (cost=0.00..1.06 rows=1 width=4) (never executed)
                           Filter: (r_name = 'AFRICA'::bpchar)
 Planning Time: 5.032 ms
 Execution Time: 40.200 ms
(40 rows)

execute /home/pei/Project/benchmarks/JCC-H/out/skinner_explained/3.sql_explained.sql
SET
                                                                                      QUERY PLAN                                                                                      
--------------------------------------------------------------------------------------------------------------------------------------------------------------------------------------
 Sort  (cost=167797.46..168322.45 rows=209997 width=44) (actual time=949.055..949.890 rows=11343 loops=1)
   Sort Key: (sum((lineitem.l_extendedprice * ('1'::numeric - lineitem.l_discount)))) DESC, orders.o_orderdate
   Sort Method: quicksort  Memory: 1271kB
   ->  Finalize GroupAggregate  (cost=115136.20..142772.72 rows=209997 width=44) (actual time=912.503..941.007 rows=11343 loops=1)
         Group Key: lineitem.l_orderkey, orders.o_orderdate, orders.o_shippriority
         ->  Gather Merge  (cost=115136.20..137960.28 rows=174998 width=44) (actual time=912.494..928.405 rows=11343 loops=1)
               Workers Planned: 2
               Workers Launched: 2
               ->  Partial GroupAggregate  (cost=114136.17..116761.14 rows=87499 width=44) (actual time=905.461..915.744 rows=3781 loops=3)
                     Group Key: lineitem.l_orderkey, orders.o_orderdate, orders.o_shippriority
                     ->  Sort  (cost=114136.17..114354.92 rows=87499 width=24) (actual time=905.440..906.127 rows=10008 loops=3)
                           Sort Key: lineitem.l_orderkey, orders.o_orderdate, orders.o_shippriority
                           Sort Method: quicksort  Memory: 1188kB
                           Worker 0:  Sort Method: quicksort  Memory: 1164kB
                           Worker 1:  Sort Method: quicksort  Memory: 1147kB
                           ->  Nested Loop  (cost=10526.33..105158.33 rows=87499 width=24) (actual time=83.310..896.364 rows=10008 loops=3)
                                 ->  Parallel Hash Join  (cost=10525.90..38638.46 rows=26999 width=12) (actual time=82.868..351.895 rows=21278 loops=3)
                                       Hash Cond: (orders.o_custkey = customer.c_custkey)
                                       ->  Parallel Bitmap Heap Scan on orders  (cost=6001.52..33763.92 rows=133392 width=16) (actual time=50.840..259.467 rows=106243 loops=3)
                                             Recheck Cond: (o_orderdate < '1993-05-29'::date)
                                             Heap Blocks: exact=8698
                                             ->  Bitmap Index Scan on idx_orders_orderdate  (cost=0.00..5921.48 rows=320141 width=0) (actual time=45.499..45.499 rows=318729 loops=1)
                                                   Index Cond: (o_orderdate < '1993-05-29'::date)
                                       ->  Parallel Hash  (cost=4366.25..4366.25 rows=12650 width=4) (actual time=31.352..31.352 rows=9983 loops=3)
                                             Buckets: 32768  Batches: 1  Memory Usage: 1504kB
                                             ->  Parallel Seq Scan on customer  (cost=0.00..4366.25 rows=12650 width=4) (actual time=0.026..25.962 rows=9983 loops=3)
                                                   Filter: (c_mktsegment = 'MACHINERY'::bpchar)
                                                   Rows Removed by Filter: 40017
                                 ->  Index Scan using lineitem_pkey on lineitem  (cost=0.43..2.34 rows=12 width=16) (actual time=0.024..0.024 rows=0 loops=63835)
                                       Index Cond: (l_orderkey = orders.o_orderkey)
                                       Filter: (l_shipdate > '1993-05-29'::date)
                                       Rows Removed by Filter: 4
 Planning Time: 2.999 ms
 Execution Time: 952.571 ms
(34 rows)

execute /home/pei/Project/benchmarks/JCC-H/out/skinner_explained/4.sql_explained.sql
SET
                                                                               QUERY PLAN                                                                               
------------------------------------------------------------------------------------------------------------------------------------------------------------------------
 Finalize GroupAggregate  (cost=64722.70..64769.93 rows=5 width=24) (actual time=715.455..718.037 rows=5 loops=1)
   Group Key: orders.o_orderpriority
   ->  Gather Merge  (cost=64722.70..64769.83 rows=10 width=24) (actual time=714.602..722.643 rows=15 loops=1)
         Workers Planned: 2
         Workers Launched: 2
         ->  Partial GroupAggregate  (cost=63722.68..63768.65 rows=5 width=24) (actual time=707.677..710.865 rows=5 loops=3)
               Group Key: orders.o_orderpriority
               ->  Sort  (cost=63722.68..63737.98 rows=6123 width=16) (actual time=706.863..708.065 rows=17575 loops=3)
                     Sort Key: orders.o_orderpriority
                     Sort Method: quicksort  Memory: 1600kB
                     Worker 0:  Sort Method: quicksort  Memory: 1589kB
                     Worker 1:  Sort Method: quicksort  Memory: 1589kB
                     ->  Nested Loop Semi Join  (cost=1190.06..63337.54 rows=6123 width=16) (actual time=15.390..689.848 rows=17575 loops=3)
                           ->  Parallel Bitmap Heap Scan on orders  (cost=1189.63..27634.14 rows=23301 width=20) (actual time=15.291..195.414 rows=19158 loops=3)
                                 Recheck Cond: ((o_orderdate >= '1994-06-01'::date) AND (o_orderdate < '1994-09-01 00:00:00'::timestamp without time zone))
                                 Heap Blocks: exact=7837
                                 ->  Bitmap Index Scan on idx_orders_orderdate  (cost=0.00..1175.65 rows=55922 width=0) (actual time=16.157..16.157 rows=57474 loops=1)
                                       Index Cond: ((o_orderdate >= '1994-06-01'::date) AND (o_orderdate < '1994-09-01 00:00:00'::timestamp without time zone))
                           ->  Index Scan using idx_lineitem_orderkey on lineitem  (cost=0.43..5.11 rows=5 width=4) (actual time=0.024..0.024 rows=1 loops=57474)
                                 Index Cond: (l_orderkey = orders.o_orderkey)
                                 Filter: (l_commitdate < l_receiptdate)
                                 Rows Removed by Filter: 1
 Planning Time: 2.520 ms
 Execution Time: 723.143 ms
(24 rows)

execute /home/pei/Project/benchmarks/JCC-H/out/skinner_explained/5.sql_explained.sql
SET
                                                                                   QUERY PLAN                                                                                   
--------------------------------------------------------------------------------------------------------------------------------------------------------------------------------
 Sort  (cost=85981.88..85981.94 rows=25 width=136) (actual time=1655.170..1655.171 rows=5 loops=1)
   Sort Key: (sum((lineitem.l_extendedprice * ('1'::numeric - lineitem.l_discount)))) DESC
   Sort Method: quicksort  Memory: 25kB
   ->  Finalize GroupAggregate  (cost=85937.25..85981.30 rows=25 width=136) (actual time=1654.003..1655.111 rows=5 loops=1)
         Group Key: nation.n_name
         ->  Gather Merge  (cost=85937.25..85980.61 rows=50 width=136) (actual time=1653.682..1659.319 rows=15 loops=1)
               Workers Planned: 2
               Workers Launched: 2
               ->  Partial GroupAggregate  (cost=84937.23..84974.82 rows=25 width=136) (actual time=1646.060..1647.379 rows=5 loops=3)
                     Group Key: nation.n_name
                     ->  Sort  (cost=84937.23..84944.68 rows=2982 width=116) (actual time=1645.725..1645.887 rows=2459 loops=3)
                           Sort Key: nation.n_name
                           Sort Method: quicksort  Memory: 288kB
                           Worker 0:  Sort Method: quicksort  Memory: 290kB
                           Worker 1:  Sort Method: quicksort  Memory: 288kB
                           ->  Hash Join  (cost=475.32..84765.14 rows=2982 width=116) (actual time=8.704..1641.904 rows=2459 loops=3)
                                 Hash Cond: ((lineitem.l_suppkey = supplier.s_suppkey) AND (customer.c_nationkey = supplier.s_nationkey))
                                 ->  Nested Loop  (cost=3.32..83900.20 rows=74844 width=128) (actual time=0.633..1609.297 rows=60981 loops=3)
                                       ->  Nested Loop  (cost=2.89..25143.84 rows=18707 width=116) (actual time=0.520..1062.629 rows=15233 loops=3)
                                             ->  Hash Join  (cost=2.46..4571.84 rows=12500 width=116) (actual time=0.286..41.249 rows=10066 loops=3)
                                                   Hash Cond: (customer.c_nationkey = nation.n_nationkey)
                                                   ->  Parallel Seq Scan on customer  (cost=0.00..4210.00 rows=62500 width=8) (actual time=0.030..23.486 rows=50000 loops=3)
                                                   ->  Hash  (cost=2.40..2.40 rows=5 width=108) (actual time=0.161..0.162 rows=5 loops=3)
                                                         Buckets: 1024  Batches: 1  Memory Usage: 9kB
                                                         ->  Hash Join  (cost=1.07..2.40 rows=5 width=108) (actual time=0.141..0.148 rows=5 loops=3)
                                                               Hash Cond: (nation.n_regionkey = region.r_regionkey)
                                                               ->  Seq Scan on nation  (cost=0.00..1.25 rows=25 width=112) (actual time=0.038..0.041 rows=25 loops=3)
                                                               ->  Hash  (cost=1.06..1.06 rows=1 width=4) (actual time=0.049..0.049 rows=1 loops=3)
                                                                     Buckets: 1024  Batches: 1  Memory Usage: 9kB
                                                                     ->  Seq Scan on region  (cost=0.00..1.06 rows=1 width=4) (actual time=0.025..0.026 rows=1 loops=3)
                                                                           Filter: (r_name = 'EUROPE'::bpchar)
                                                                           Rows Removed by Filter: 4
                                             ->  Index Scan using idx_orders_custkey on orders  (cost=0.43..1.62 rows=3 width=8) (actual time=0.042..0.100 rows=2 loops=30197)
                                                   Index Cond: (o_custkey = customer.c_custkey)
                                                   Filter: ((o_orderdate >= '1993-01-01'::date) AND (o_orderdate < '1994-01-01 00:00:00'::timestamp without time zone))
                                                   Rows Removed by Filter: 9
                                       ->  Index Scan using idx_lineitem_orderkey on lineitem  (cost=0.43..2.99 rows=15 width=20) (actual time=0.031..0.033 rows=4 loops=45699)
                                             Index Cond: (l_orderkey = orders.o_orderkey)
                                 ->  Hash  (cost=322.00..322.00 rows=10000 width=8) (actual time=7.142..7.142 rows=10000 loops=3)
                                       Buckets: 16384  Batches: 1  Memory Usage: 519kB
                                       ->  Seq Scan on supplier  (cost=0.00..322.00 rows=10000 width=8) (actual time=0.026..4.069 rows=10000 loops=3)
 Planning Time: 6.732 ms
 Execution Time: 1660.110 ms
(43 rows)

execute /home/pei/Project/benchmarks/JCC-H/out/skinner_explained/6.sql_explained.sql
SET
                                                                                                         QUERY PLAN                                                                                                         
----------------------------------------------------------------------------------------------------------------------------------------------------------------------------------------------------------------------------
 Finalize Aggregate  (cost=170272.46..170272.47 rows=1 width=32) (actual time=923.964..923.964 rows=1 loops=1)
   ->  Gather  (cost=170272.23..170272.44 rows=2 width=32) (actual time=923.815..927.041 rows=3 loops=1)
         Workers Planned: 2
         Workers Launched: 2
         ->  Partial Aggregate  (cost=169272.23..169272.24 rows=1 width=32) (actual time=917.831..917.831 rows=1 loops=3)
               ->  Parallel Seq Scan on lineitem  (cost=0.00..168764.39 rows=101568 width=12) (actual time=0.083..862.014 rows=82632 loops=3)
                     Filter: ((l_shipdate >= '1993-01-01'::date) AND (l_shipdate < '1994-01-01 00:00:00'::timestamp without time zone) AND (l_discount >= 0.06) AND (l_discount <= 0.08) AND (l_quantity < '100'::numeric))
                     Rows Removed by Filter: 1917773
 Planning Time: 1.484 ms
 Execution Time: 927.258 ms
(10 rows)

execute /home/pei/Project/benchmarks/JCC-H/out/skinner_explained/7.sql_explained.sql
SET
                                                                                             QUERY PLAN                                                                                              
-----------------------------------------------------------------------------------------------------------------------------------------------------------------------------------------------------
 Finalize GroupAggregate  (cost=72940.15..73769.59 rows=5980 width=248) (actual time=1920.339..1921.431 rows=4 loops=1)
   Group Key: n1.n_name, n2.n_name, (date_part('year'::text, (lineitem.l_shipdate)::timestamp without time zone))
   ->  Gather Merge  (cost=72940.15..73602.64 rows=4984 width=248) (actual time=1919.914..1925.869 rows=12 loops=1)
         Workers Planned: 2
         Workers Launched: 2
         ->  Partial GroupAggregate  (cost=71940.12..72027.34 rows=2492 width=248) (actual time=1911.280..1912.415 rows=4 loops=3)
               Group Key: n1.n_name, n2.n_name, (date_part('year'::text, (lineitem.l_shipdate)::timestamp without time zone))
               ->  Sort  (cost=71940.12..71946.35 rows=2492 width=228) (actual time=1910.875..1911.006 rows=1930 loops=3)
                     Sort Key: n1.n_name, n2.n_name, (date_part('year'::text, (lineitem.l_shipdate)::timestamp without time zone))
                     Sort Method: quicksort  Memory: 331kB
                     Worker 0:  Sort Method: quicksort  Memory: 319kB
                     Worker 1:  Sort Method: quicksort  Memory: 310kB
                     ->  Hash Join  (cost=366.36..71799.54 rows=2492 width=228) (actual time=7.473..1906.976 rows=1930 loops=3)
                           Hash Cond: (lineitem.l_suppkey = supplier.s_suppkey)
                           Join Filter: (((n1.n_name = 'UNITED STATES'::bpchar) AND (n2.n_name = 'GERMANY'::bpchar)) OR ((n1.n_name = 'GERMANY'::bpchar) AND (n2.n_name = 'UNITED STATES'::bpchar)))
                           Rows Removed by Join Filter: 1894
                           ->  Nested Loop  (cost=2.26..71101.74 rows=60116 width=124) (actual time=0.639..1881.524 rows=48207 loops=3)
                                 ->  Nested Loop  (cost=1.83..12907.07 rows=50000 width=108) (actual time=0.334..562.302 rows=39882 loops=3)
                                       ->  Hash Join  (cost=1.40..4403.27 rows=5000 width=108) (actual time=0.216..34.339 rows=3964 loops=3)
                                             Hash Cond: (customer.c_nationkey = n2.n_nationkey)
                                             ->  Parallel Seq Scan on customer  (cost=0.00..4210.00 rows=62500 width=8) (actual time=0.037..22.635 rows=50000 loops=3)
                                             ->  Hash  (cost=1.38..1.38 rows=2 width=108) (actual time=0.075..0.076 rows=2 loops=3)
                                                   Buckets: 1024  Batches: 1  Memory Usage: 9kB
                                                   ->  Seq Scan on nation n2  (cost=0.00..1.38 rows=2 width=108) (actual time=0.036..0.050 rows=2 loops=3)
                                                         Filter: ((n_name = 'GERMANY'::bpchar) OR (n_name = 'UNITED STATES'::bpchar))
                                                         Rows Removed by Filter: 23
                                       ->  Index Scan using idx_orders_custkey on orders  (cost=0.43..1.53 rows=17 width=8) (actual time=0.017..0.127 rows=10 loops=11891)
                                             Index Cond: (o_custkey = customer.c_custkey)
                                 ->  Index Scan using lineitem_pkey on lineitem  (cost=0.43..1.11 rows=5 width=24) (actual time=0.031..0.032 rows=1 loops=119645)
                                       Index Cond: (l_orderkey = orders.o_orderkey)
                                       Filter: ((l_shipdate >= '1993-01-01'::date) AND (l_shipdate <= '1994-12-31'::date))
                                       Rows Removed by Filter: 3
                           ->  Hash  (cost=354.10..354.10 rows=800 width=108) (actual time=5.515..5.515 rows=789 loops=3)
                                 Buckets: 1024  Batches: 1  Memory Usage: 56kB
                                 ->  Hash Join  (cost=1.40..354.10 rows=800 width=108) (actual time=0.119..5.115 rows=789 loops=3)
                                       Hash Cond: (supplier.s_nationkey = n1.n_nationkey)
                                       ->  Seq Scan on supplier  (cost=0.00..322.00 rows=10000 width=8) (actual time=0.032..3.367 rows=10000 loops=3)
                                       ->  Hash  (cost=1.38..1.38 rows=2 width=108) (actual time=0.028..0.028 rows=2 loops=3)
                                             Buckets: 1024  Batches: 1  Memory Usage: 9kB
                                             ->  Seq Scan on nation n1  (cost=0.00..1.38 rows=2 width=108) (actual time=0.011..0.017 rows=2 loops=3)
                                                   Filter: ((n_name = 'UNITED STATES'::bpchar) OR (n_name = 'GERMANY'::bpchar))
                                                   Rows Removed by Filter: 23
 Planning Time: 5.595 ms
 Execution Time: 1926.615 ms
(44 rows)

execute /home/pei/Project/benchmarks/JCC-H/out/skinner_explained/8.sql_explained.sql
SET
                                                                                QUERY PLAN                                                                                
--------------------------------------------------------------------------------------------------------------------------------------------------------------------------
 Finalize GroupAggregate  (cost=77405.33..77756.97 rows=2395 width=40) (actual time=32.491..32.491 rows=0 loops=1)
   Group Key: (date_part('year'::text, (orders.o_orderdate)::timestamp without time zone))
   ->  Gather Merge  (cost=77405.33..77678.13 rows=1996 width=72) (actual time=32.490..33.670 rows=0 loops=1)
         Workers Planned: 2
         Workers Launched: 2
         ->  Partial GroupAggregate  (cost=76405.31..76447.72 rows=998 width=72) (actual time=25.064..25.064 rows=0 loops=3)
               Group Key: (date_part('year'::text, (orders.o_orderdate)::timestamp without time zone))
               ->  Sort  (cost=76405.31..76407.80 rows=998 width=124) (actual time=25.063..25.063 rows=0 loops=3)
                     Sort Key: (date_part('year'::text, (orders.o_orderdate)::timestamp without time zone))
                     Sort Method: quicksort  Memory: 25kB
                     Worker 0:  Sort Method: quicksort  Memory: 25kB
                     Worker 1:  Sort Method: quicksort  Memory: 25kB
                     ->  Hash Join  (cost=5.59..76355.59 rows=998 width=124) (actual time=24.989..24.989 rows=0 loops=3)
                           Hash Cond: (supplier.s_nationkey = n2.n_nationkey)
                           ->  Nested Loop  (cost=4.03..76345.97 rows=998 width=20) (actual time=24.848..24.848 rows=0 loops=3)
                                 ->  Hash Join  (cost=3.74..76042.70 rows=1002 width=20) (actual time=24.847..24.847 rows=0 loops=3)
                                       Hash Cond: (customer.c_nationkey = n1.n_nationkey)
                                       ->  Nested Loop  (cost=1.28..76011.43 rows=5010 width=24) (actual time=24.847..24.847 rows=0 loops=3)
                                             ->  Nested Loop  (cost=0.86..73643.02 rows=5010 width=24) (actual time=24.847..24.847 rows=0 loops=3)
                                                   ->  Nested Loop  (cost=0.43..65860.85 rows=16553 width=20) (actual time=24.847..24.847 rows=0 loops=3)
                                                         ->  Parallel Seq Scan on part  (cost=0.00..5138.67 rows=552 width=4) (actual time=24.846..24.846 rows=0 loops=3)
                                                               Filter: ((p_type)::text = 'SHINY MINED GOLD'::text)
                                                               Rows Removed by Filter: 66667
                                                         ->  Index Scan using idx_lineitem_part_supp on lineitem  (cost=0.43..109.69 rows=31 width=24) (never executed)
                                                               Index Cond: (l_partkey = part.p_partkey)
                                                   ->  Index Scan using orders_pkey on orders  (cost=0.43..0.47 rows=1 width=12) (never executed)
                                                         Index Cond: (o_orderkey = lineitem.l_orderkey)
                                                         Filter: ((o_orderdate >= '1993-01-01'::date) AND (o_orderdate <= '1994-12-31'::date))
                                             ->  Index Scan using customer_pkey on customer  (cost=0.42..0.47 rows=1 width=8) (never executed)
                                                   Index Cond: (c_custkey = orders.o_custkey)
                                       ->  Hash  (cost=2.40..2.40 rows=5 width=4) (never executed)
                                             ->  Hash Join  (cost=1.07..2.40 rows=5 width=4) (never executed)
                                                   Hash Cond: (n1.n_regionkey = region.r_regionkey)
                                                   ->  Seq Scan on nation n1  (cost=0.00..1.25 rows=25 width=8) (never executed)
                                                   ->  Hash  (cost=1.06..1.06 rows=1 width=4) (never executed)
                                                         ->  Seq Scan on region  (cost=0.00..1.06 rows=1 width=4) (never executed)
                                                               Filter: (r_name = 'MIDDLE EAST'::bpchar)
                                 ->  Index Scan using supplier_pkey on supplier  (cost=0.29..0.30 rows=1 width=8) (never executed)
                                       Index Cond: (s_suppkey = lineitem.l_suppkey)
                           ->  Hash  (cost=1.25..1.25 rows=25 width=108) (actual time=0.066..0.066 rows=25 loops=3)
                                 Buckets: 1024  Batches: 1  Memory Usage: 10kB
                                 ->  Seq Scan on nation n2  (cost=0.00..1.25 rows=25 width=108) (actual time=0.032..0.037 rows=25 loops=3)
 Planning Time: 7.689 ms
 Execution Time: 34.338 ms
(44 rows)

execute /home/pei/Project/benchmarks/JCC-H/out/skinner_explained/9.sql_explained.sql
SET
                                                                            QUERY PLAN                                                                            
------------------------------------------------------------------------------------------------------------------------------------------------------------------
 Finalize GroupAggregate  (cost=6382.26..6464.52 rows=598 width=144) (actual time=41.138..41.138 rows=0 loops=1)
   Group Key: nation.n_name, (date_part('year'::text, (orders.o_orderdate)::timestamp without time zone))
   ->  Gather Merge  (cost=6382.26..6449.07 rows=498 width=144) (actual time=41.137..42.887 rows=0 loops=1)
         Workers Planned: 2
         Workers Launched: 2
         ->  Partial GroupAggregate  (cost=5382.23..5391.57 rows=249 width=144) (actual time=34.001..34.002 rows=0 loops=3)
               Group Key: nation.n_name, (date_part('year'::text, (orders.o_orderdate)::timestamp without time zone))
               ->  Sort  (cost=5382.23..5382.85 rows=249 width=135) (actual time=34.001..34.001 rows=0 loops=3)
                     Sort Key: nation.n_name, (date_part('year'::text, (orders.o_orderdate)::timestamp without time zone)) DESC
                     Sort Method: quicksort  Memory: 25kB
                     Worker 0:  Sort Method: quicksort  Memory: 25kB
                     Worker 1:  Sort Method: quicksort  Memory: 25kB
                     ->  Nested Loop  (cost=3.13..5372.32 rows=249 width=135) (actual time=33.921..33.922 rows=0 loops=3)
                           ->  Nested Loop  (cost=2.71..5255.26 rows=249 width=131) (actual time=33.921..33.921 rows=0 loops=3)
                                 Join Filter: (supplier.s_suppkey = lineitem.l_suppkey)
                                 ->  Hash Join  (cost=2.27..5218.63 rows=33 width=126) (actual time=33.921..33.921 rows=0 loops=3)
                                       Hash Cond: (supplier.s_nationkey = nation.n_nationkey)
                                       ->  Nested Loop  (cost=0.71..5216.97 rows=33 width=26) (actual time=33.920..33.920 rows=0 loops=3)
                                             ->  Nested Loop  (cost=0.42..5206.95 rows=33 width=18) (actual time=33.920..33.920 rows=0 loops=3)
                                                   ->  Parallel Seq Scan on part  (cost=0.00..5138.67 rows=8 width=4) (actual time=33.920..33.920 rows=0 loops=3)
                                                         Filter: ((p_name)::text ~~ '%shiny mined gold%'::text)
                                                         Rows Removed by Filter: 66667
                                                   ->  Index Scan using idx_partsupp_partkey on partsupp  (cost=0.42..8.50 rows=4 width=14) (never executed)
                                                         Index Cond: (ps_partkey = part.p_partkey)
                                             ->  Index Scan using supplier_pkey on supplier  (cost=0.29..0.30 rows=1 width=8) (never executed)
                                                   Index Cond: (s_suppkey = partsupp.ps_suppkey)
                                       ->  Hash  (cost=1.25..1.25 rows=25 width=108) (never executed)
                                             ->  Seq Scan on nation  (cost=0.00..1.25 rows=25 width=108) (never executed)
                                 ->  Index Scan using idx_lineitem_part_supp on lineitem  (cost=0.43..1.10 rows=1 width=29) (never executed)
                                       Index Cond: ((l_partkey = partsupp.ps_partkey) AND (l_suppkey = partsupp.ps_suppkey))
                           ->  Index Scan using orders_pkey on orders  (cost=0.43..0.47 rows=1 width=8) (never executed)
                                 Index Cond: (o_orderkey = lineitem.l_orderkey)
 Planning Time: 7.692 ms
 Execution Time: 43.447 ms
(34 rows)

execute /home/pei/Project/benchmarks/JCC-H/out/skinner_explained/10.sql_explained.sql
SET
                                                                                     QUERY PLAN                                                                                     
------------------------------------------------------------------------------------------------------------------------------------------------------------------------------------
 Sort  (cost=21298.42..21302.97 rows=1819 width=280) (actual time=111.540..111.657 rows=1584 loops=1)
   Sort Key: (sum((lineitem.l_extendedprice * ('1'::numeric - lineitem.l_discount)))) DESC
   Sort Method: quicksort  Memory: 469kB
   ->  Finalize GroupAggregate  (cost=21016.69..21199.93 rows=1819 width=280) (actual time=103.356..109.430 rows=1584 loops=1)
         Group Key: customer.c_custkey, nation.n_name
         ->  Gather Merge  (cost=21016.69..21166.49 rows=1070 width=280) (actual time=103.313..107.351 rows=1595 loops=1)
               Workers Planned: 1
               Workers Launched: 1
               ->  Partial GroupAggregate  (cost=20016.68..20046.11 rows=1070 width=280) (actual time=98.240..100.780 rows=798 loops=2)
                     Group Key: customer.c_custkey, nation.n_name
                     ->  Sort  (cost=20016.68..20019.36 rows=1070 width=260) (actual time=98.221..98.373 rows=1859 loops=2)
                           Sort Key: customer.c_custkey, nation.n_name
                           Sort Method: quicksort  Memory: 568kB
                           Worker 0:  Sort Method: quicksort  Memory: 520kB
                           ->  Hash Join  (cost=45.88..19962.84 rows=1070 width=260) (actual time=1.437..95.197 rows=1859 loops=2)
                                 Hash Cond: (customer.c_nationkey = nation.n_nationkey)
                                 ->  Nested Loop  (cost=44.31..19957.99 rows=1070 width=160) (actual time=1.324..93.686 rows=1859 loops=2)
                                       ->  Nested Loop  (cost=43.89..15136.11 rows=1070 width=16) (actual time=1.232..66.708 rows=1859 loops=2)
                                             ->  Parallel Bitmap Heap Scan on orders  (cost=43.46..5824.69 rows=1092 width=8) (actual time=1.114..22.713 rows=940 loops=2)
                                                   Recheck Cond: ((o_orderdate >= '1992-05-26'::date) AND (o_orderdate < '1992-05-29'::date))
                                                   Heap Blocks: exact=944
                                                   ->  Bitmap Index Scan on idx_orders_orderdate  (cost=0.00..43.00 rows=1857 width=0) (actual time=1.762..1.762 rows=1879 loops=1)
                                                         Index Cond: ((o_orderdate >= '1992-05-26'::date) AND (o_orderdate < '1992-05-29'::date))
                                             ->  Index Scan using idx_lineitem_orderkey on lineitem  (cost=0.43..8.49 rows=4 width=16) (actual time=0.042..0.045 rows=2 loops=1879)
                                                   Index Cond: (l_orderkey = orders.o_orderkey)
                                                   Filter: (l_returnflag = 'R'::bpchar)
                                                   Rows Removed by Filter: 2
                                       ->  Index Scan using customer_pkey on customer  (cost=0.42..4.51 rows=1 width=148) (actual time=0.013..0.013 rows=1 loops=3718)
                                             Index Cond: (c_custkey = orders.o_custkey)
                                 ->  Hash  (cost=1.25..1.25 rows=25 width=108) (actual time=0.051..0.051 rows=25 loops=2)
                                       Buckets: 1024  Batches: 1  Memory Usage: 10kB
                                       ->  Seq Scan on nation  (cost=0.00..1.25 rows=25 width=108) (actual time=0.022..0.027 rows=25 loops=2)
 Planning Time: 3.257 ms
 Execution Time: 113.050 ms
(34 rows)

execute /home/pei/Project/benchmarks/JCC-H/out/skinner_explained/11.sql_explained.sql
SET
                                                                            QUERY PLAN                                                                             
-------------------------------------------------------------------------------------------------------------------------------------------------------------------
 Sort  (cost=13433.18..13459.84 rows=10667 width=36) (actual time=457.255..457.313 rows=869 loops=1)
   Sort Key: (sum((partsupp.ps_supplycost * (partsupp.ps_availqty)::numeric))) DESC
   Sort Method: quicksort  Memory: 65kB
   InitPlan 1 (returns $2)
     ->  Aggregate  (cost=4682.49..4682.50 rows=1 width=32) (actual time=125.940..125.940 rows=1 loops=1)
           ->  Nested Loop  (cost=11.81..4442.48 rows=32000 width=10) (actual time=0.140..105.634 rows=32560 loops=1)
                 ->  Nested Loop  (cost=11.38..248.58 rows=400 width=4) (actual time=0.106..3.477 rows=407 loops=1)
                       ->  Seq Scan on nation nation_1  (cost=0.00..1.31 rows=1 width=4) (actual time=0.015..0.020 rows=1 loops=1)
                             Filter: (n_name = 'CHINA'::bpchar)
                             Rows Removed by Filter: 24
                       ->  Bitmap Heap Scan on supplier supplier_1  (cost=11.38..243.27 rows=400 width=8) (actual time=0.083..3.306 rows=407 loops=1)
                             Recheck Cond: (s_nationkey = nation_1.n_nationkey)
                             Heap Blocks: exact=186
                             ->  Bitmap Index Scan on idx_supplier_nation_key  (cost=0.00..11.29 rows=400 width=0) (actual time=0.060..0.060 rows=407 loops=1)
                                   Index Cond: (s_nationkey = nation_1.n_nationkey)
                 ->  Index Scan using idx_partsupp_suppkey on partsupp partsupp_1  (cost=0.42..9.68 rows=80 width=14) (actual time=0.017..0.230 rows=80 loops=407)
                       Index Cond: (ps_suppkey = supplier_1.s_suppkey)
   ->  GroupAggregate  (cost=6837.01..8037.01 rows=10667 width=36) (actual time=419.595..456.764 rows=869 loops=1)
         Group Key: partsupp.ps_partkey
         Filter: (sum((partsupp.ps_supplycost * (partsupp.ps_availqty)::numeric)) > $2)
         Rows Removed by Filter: 29770
         ->  Sort  (cost=6837.01..6917.01 rows=32000 width=14) (actual time=293.600..295.962 rows=32560 loops=1)
               Sort Key: partsupp.ps_partkey
               Sort Method: quicksort  Memory: 2295kB
               ->  Nested Loop  (cost=11.81..4442.48 rows=32000 width=14) (actual time=0.233..267.150 rows=32560 loops=1)
                     ->  Nested Loop  (cost=11.38..248.58 rows=400 width=4) (actual time=0.186..4.135 rows=407 loops=1)
                           ->  Seq Scan on nation  (cost=0.00..1.31 rows=1 width=4) (actual time=0.018..0.024 rows=1 loops=1)
                                 Filter: (n_name = 'CHINA'::bpchar)
                                 Rows Removed by Filter: 24
                           ->  Bitmap Heap Scan on supplier  (cost=11.38..243.27 rows=400 width=8) (actual time=0.160..3.954 rows=407 loops=1)
                                 Recheck Cond: (s_nationkey = nation.n_nationkey)
                                 Heap Blocks: exact=186
                                 ->  Bitmap Index Scan on idx_supplier_nation_key  (cost=0.00..11.29 rows=400 width=0) (actual time=0.116..0.116 rows=407 loops=1)
                                       Index Cond: (s_nationkey = nation.n_nationkey)
                     ->  Index Scan using idx_partsupp_suppkey on partsupp  (cost=0.42..9.68 rows=80 width=18) (actual time=0.025..0.612 rows=80 loops=407)
                           Index Cond: (ps_suppkey = supplier.s_suppkey)
 Planning Time: 2.434 ms
 Execution Time: 458.057 ms
(38 rows)

execute /home/pei/Project/benchmarks/JCC-H/out/skinner_explained/12.sql_explained.sql
SET
                                                                                                                                       QUERY PLAN                                                                                                                                       
----------------------------------------------------------------------------------------------------------------------------------------------------------------------------------------------------------------------------------------------------------------------------------------
 Finalize GroupAggregate  (cost=209360.10..209599.26 rows=7 width=27) (actual time=1344.243..1344.246 rows=2 loops=1)
   Group Key: lineitem.l_shipmode
   ->  Gather Merge  (cost=209360.10..209599.08 rows=14 width=27) (actual time=1341.705..1346.091 rows=6 loops=1)
         Workers Planned: 2
         Workers Launched: 2
         ->  Partial GroupAggregate  (cost=208360.07..208597.44 rows=7 width=27) (actual time=1335.309..1337.714 rows=2 loops=3)
               Group Key: lineitem.l_shipmode
               ->  Sort  (cost=208360.07..208389.74 rows=11865 width=27) (actual time=1332.850..1333.505 rows=10341 loops=3)
                     Sort Key: lineitem.l_shipmode
                     Sort Method: quicksort  Memory: 1201kB
                     Worker 0:  Sort Method: quicksort  Memory: 1163kB
                     Worker 1:  Sort Method: quicksort  Memory: 1214kB
                     ->  Parallel Hash Join  (cost=168912.70..207557.14 rows=11865 width=27) (actual time=1075.431..1324.105 rows=10341 loops=3)
                           Hash Cond: (orders.o_orderkey = lineitem.l_orderkey)
                           ->  Parallel Seq Scan on orders  (cost=0.00..32345.00 rows=625000 width=20) (actual time=0.051..155.711 rows=500000 loops=3)
                           ->  Parallel Hash  (cost=168764.39..168764.39 rows=11865 width=15) (actual time=1074.494..1074.494 rows=10341 loops=3)
                                 Buckets: 32768  Batches: 1  Memory Usage: 1760kB
                                 ->  Parallel Seq Scan on lineitem  (cost=0.00..168764.39 rows=11865 width=15) (actual time=0.170..1061.823 rows=10341 loops=3)
                                       Filter: ((l_shipmode = ANY ('{"REG AIR",FOB}'::bpchar[])) AND (l_commitdate < l_receiptdate) AND (l_shipdate < l_commitdate) AND (l_receiptdate >= '1993-01-01'::date) AND (l_receiptdate < '1994-01-01 00:00:00'::timestamp without time zone))
                                       Rows Removed by Filter: 1990064
 Planning Time: 2.148 ms
 Execution Time: 1346.518 ms
(22 rows)

execute /home/pei/Project/benchmarks/JCC-H/out/skinner_explained/13.sql_explained.sql
SET
                                                                                      QUERY PLAN                                                                                      
--------------------------------------------------------------------------------------------------------------------------------------------------------------------------------------
 Sort  (cost=161053.73..161054.23 rows=200 width=16) (actual time=4961.549..4961.552 rows=42 loops=1)
   Sort Key: (count(*)) DESC, (count(orders.o_orderkey)) DESC
   Sort Method: quicksort  Memory: 26kB
   ->  HashAggregate  (cost=161044.09..161046.09 rows=200 width=16) (actual time=4961.462..4961.470 rows=42 loops=1)
         Group Key: count(orders.o_orderkey)
         ->  Finalize GroupAggregate  (cost=1000.87..158794.09 rows=150000 width=12) (actual time=10.097..4900.896 rows=150000 loops=1)
               Group Key: customer.c_custkey
               ->  Gather Merge  (cost=1000.87..155794.09 rows=300000 width=12) (actual time=9.864..4804.918 rows=150000 loops=1)
                     Workers Planned: 2
                     Workers Launched: 2
                     ->  Partial GroupAggregate  (cost=0.85..120166.62 rows=150000 width=12) (actual time=0.467..4019.662 rows=50000 loops=3)
                           Group Key: customer.c_custkey
                           ->  Nested Loop Left Join  (cost=0.85..115573.18 rows=618687 width=8) (actual time=0.195..3815.141 rows=511342 loops=3)
                                 ->  Parallel Index Only Scan using customer_pkey on customer  (cost=0.42..6619.43 rows=62500 width=4) (actual time=0.082..51.712 rows=50000 loops=3)
                                       Heap Fetches: 150000
                                 ->  Index Scan using idx_orders_custkey on orders  (cost=0.43..1.57 rows=17 width=8) (actual time=0.008..0.072 rows=10 loops=150000)
                                       Index Cond: (o_custkey = customer.c_custkey)
                                       Filter: ((o_comment)::text !~~ '%express%deposits%'::text)
                                       Rows Removed by Filter: 0
 Planning Time: 2.152 ms
 Execution Time: 4962.133 ms
(21 rows)

execute /home/pei/Project/benchmarks/JCC-H/out/skinner_explained/14.sql_explained.sql
SET
                                                                               QUERY PLAN                                                                                
-------------------------------------------------------------------------------------------------------------------------------------------------------------------------
 Finalize Aggregate  (cost=118266.17..118266.18 rows=1 width=32) (actual time=496.316..496.316 rows=1 loops=1)
   ->  Gather  (cost=118265.93..118266.14 rows=2 width=64) (actual time=495.099..501.157 rows=3 loops=1)
         Workers Planned: 2
         Workers Launched: 2
         ->  Partial Aggregate  (cost=117265.93..117265.94 rows=1 width=64) (actual time=488.531..488.532 rows=1 loops=3)
               ->  Parallel Hash Join  (cost=110065.79..116694.64 rows=32645 width=33) (actual time=423.014..470.140 rows=25967 loops=3)
                     Hash Cond: (part.p_partkey = lineitem.l_partkey)
                     ->  Parallel Seq Scan on part  (cost=0.00..4930.33 rows=83333 width=25) (actual time=0.048..23.105 rows=66667 loops=3)
                     ->  Parallel Hash  (cost=109657.73..109657.73 rows=32645 width=16) (actual time=421.599..421.600 rows=25967 loops=3)
                           Buckets: 131072  Batches: 1  Memory Usage: 5216kB
                           ->  Parallel Bitmap Heap Scan on lineitem  (cost=2015.50..109657.73 rows=32645 width=16) (actual time=31.544..395.550 rows=25967 loops=3)
                                 Recheck Cond: ((l_shipdate >= '1995-05-01'::date) AND (l_shipdate < '1995-06-01 00:00:00'::timestamp without time zone))
                                 Heap Blocks: exact=14682
                                 ->  Bitmap Index Scan on idx_lineitem_shipdate  (cost=0.00..1995.91 rows=78348 width=0) (actual time=25.923..25.923 rows=77900 loops=1)
                                       Index Cond: ((l_shipdate >= '1995-05-01'::date) AND (l_shipdate < '1995-06-01 00:00:00'::timestamp without time zone))
 Planning Time: 2.424 ms
 Execution Time: 501.441 ms
(17 rows)

execute /home/pei/Project/benchmarks/JCC-H/out/skinner_explained/15.sql_explained.sql
SET
CREATE VIEW
                                                                                       QUERY PLAN                                                                                       
----------------------------------------------------------------------------------------------------------------------------------------------------------------------------------------
 Nested Loop  (cost=299146.69..302223.56 rows=50 width=103) (actual time=1831.367..1844.577 rows=1 loops=1)
   InitPlan 1 (returns $1)
     ->  Aggregate  (cost=150945.41..150945.42 rows=1 width=32) (actual time=911.679..911.679 rows=1 loops=1)
           ->  Finalize GroupAggregate  (cost=148200.98..150819.91 rows=10040 width=36) (actual time=878.302..910.503 rows=10000 loops=1)
                 Group Key: lineitem_1.l_suppkey
                 ->  Gather Merge  (cost=148200.98..150543.81 rows=20080 width=36) (actual time=878.281..888.594 rows=29986 loops=1)
                       Workers Planned: 2
                       Workers Launched: 2
                       ->  Sort  (cost=147200.96..147226.06 rows=10040 width=36) (actual time=870.054..870.892 rows=9995 loops=3)
                             Sort Key: lineitem_1.l_suppkey
                             Sort Method: quicksort  Memory: 1166kB
                             Worker 0:  Sort Method: quicksort  Memory: 1165kB
                             Worker 1:  Sort Method: quicksort  Memory: 1165kB
                             ->  Partial HashAggregate  (cost=146408.13..146533.63 rows=10040 width=36) (actual time=858.223..864.001 rows=9995 loops=3)
                                   Group Key: lineitem_1.l_suppkey
                                   ->  Parallel Bitmap Heap Scan on lineitem lineitem_1  (cost=5705.45..145482.51 rows=92562 width=16) (actual time=62.958..730.868 rows=75898 loops=3)
                                         Recheck Cond: ((l_shipdate >= '1993-05-01'::date) AND (l_shipdate < '1993-08-01 00:00:00'::timestamp without time zone))
                                         Rows Removed by Index Recheck: 552534
                                         Heap Blocks: exact=11822 lossy=11434
                                         ->  Bitmap Index Scan on idx_lineitem_shipdate  (cost=0.00..5649.91 rows=222148 width=0) (actual time=63.052..63.052 rows=227694 loops=1)
                                               Index Cond: ((l_shipdate >= '1993-05-01'::date) AND (l_shipdate < '1993-08-01 00:00:00'::timestamp without time zone))
   ->  Finalize GroupAggregate  (cost=148200.98..150970.51 rows=50 width=36) (actual time=1831.309..1844.519 rows=1 loops=1)
         Group Key: lineitem.l_suppkey
         Filter: (sum((lineitem.l_extendedprice * ('1'::numeric - lineitem.l_discount))) = $1)
         Rows Removed by Filter: 9999
         ->  Gather Merge  (cost=148200.98..150543.81 rows=20080 width=36) (actual time=900.457..911.177 rows=29990 loops=1)
               Workers Planned: 2
               Workers Launched: 2
               ->  Sort  (cost=147200.96..147226.06 rows=10040 width=36) (actual time=893.038..894.199 rows=9997 loops=3)
                     Sort Key: lineitem.l_suppkey
                     Sort Method: quicksort  Memory: 1166kB
                     Worker 0:  Sort Method: quicksort  Memory: 1166kB
                     Worker 1:  Sort Method: quicksort  Memory: 1165kB
                     ->  Partial HashAggregate  (cost=146408.13..146533.63 rows=10040 width=36) (actual time=881.181..886.970 rows=9997 loops=3)
                           Group Key: lineitem.l_suppkey
                           ->  Parallel Bitmap Heap Scan on lineitem  (cost=5705.45..145482.51 rows=92562 width=16) (actual time=66.522..753.993 rows=75898 loops=3)
                                 Recheck Cond: ((l_shipdate >= '1993-05-01'::date) AND (l_shipdate < '1993-08-01 00:00:00'::timestamp without time zone))
                                 Rows Removed by Index Recheck: 552534
                                 Heap Blocks: exact=10976 lossy=10814
                                 ->  Bitmap Index Scan on idx_lineitem_shipdate  (cost=0.00..5649.91 rows=222148 width=0) (actual time=65.418..65.418 rows=227694 loops=1)
                                       Index Cond: ((l_shipdate >= '1993-05-01'::date) AND (l_shipdate < '1993-08-01 00:00:00'::timestamp without time zone))
   ->  Index Scan using supplier_pkey on supplier  (cost=0.29..6.14 rows=1 width=71) (actual time=0.051..0.051 rows=1 loops=1)
         Index Cond: (s_suppkey = lineitem.l_suppkey)
 Planning Time: 2.586 ms
 Execution Time: 1851.602 ms
(45 rows)

DROP VIEW
execute /home/pei/Project/benchmarks/JCC-H/out/skinner_explained/16.sql_explained.sql
SET
                                                                                         QUERY PLAN                                                                                          
---------------------------------------------------------------------------------------------------------------------------------------------------------------------------------------------
 Sort  (cost=42566.75..42606.95 rows=16081 width=44) (actual time=883.899..885.070 rows=18337 loops=1)
   Sort Key: (count(DISTINCT partsupp.ps_suppkey)) DESC, part.p_brand, part.p_type, part.p_size
   Sort Method: quicksort  Memory: 2217kB
   ->  GroupAggregate  (cost=40530.46..41443.25 rows=16081 width=44) (actual time=677.210..803.256 rows=18337 loops=1)
         Group Key: part.p_brand, part.p_type, part.p_size
         ->  Sort  (cost=40530.46..40680.86 rows=60158 width=40) (actual time=677.190..742.728 rows=119466 loops=1)
               Sort Key: part.p_brand, part.p_type, part.p_size
               Sort Method: external merge  Disk: 6104kB
               ->  Gather  (cost=7684.00..35754.98 rows=60158 width=40) (actual time=61.428..250.618 rows=119466 loops=1)
                     Workers Planned: 2
                     Workers Launched: 2
                     ->  Parallel Hash Join  (cost=6684.00..28739.18 rows=25066 width=40) (actual time=55.114..235.331 rows=39822 loops=3)
                           Hash Cond: (partsupp.ps_partkey = part.p_partkey)
                           ->  Parallel Seq Scan on partsupp  (cost=347.00..21964.67 rows=166667 width=8) (actual time=8.333..141.019 rows=266560 loops=3)
                                 Filter: (NOT (hashed SubPlan 1))
                                 Rows Removed by Filter: 107
                                 SubPlan 1
                                   ->  Seq Scan on supplier  (cost=0.00..347.00 rows=1 width=4) (actual time=0.319..8.272 rows=4 loops=3)
                                         Filter: ((s_comment)::text ~~ '%Customer%Complaints%'::text)
                                         Rows Removed by Filter: 9996
                           ->  Parallel Hash  (cost=6180.33..6180.33 rows=12533 width=40) (actual time=46.048..46.049 rows=9959 loops=3)
                                 Buckets: 32768  Batches: 1  Memory Usage: 2560kB
                                 ->  Parallel Seq Scan on part  (cost=0.00..6180.33 rows=12533 width=40) (actual time=0.050..38.307 rows=9959 loops=3)
                                       Filter: ((p_brand <> 'Brand#21'::bpchar) AND ((p_type)::text !~~ 'LARGE BURNISHED%'::text) AND (p_size = ANY ('{26,35,38,45,10,37,8,1}'::integer[])))
                                       Rows Removed by Filter: 56707
 Planning Time: 2.673 ms
 Execution Time: 888.674 ms
(27 rows)

execute /home/pei/Project/benchmarks/JCC-H/out/skinner_explained/17.sql_explained.sql
SET
                                                                       QUERY PLAN                                                                       
--------------------------------------------------------------------------------------------------------------------------------------------------------
 Aggregate  (cost=195920.86..195920.87 rows=1 width=32) (actual time=2996.183..2996.183 rows=1 loops=1)
   ->  Hash Join  (cost=6370.96..195915.53 rows=2130 width=8) (actual time=35.922..2995.998 rows=570 loops=1)
         Hash Cond: (lineitem.l_partkey = part.p_partkey)
         Join Filter: (lineitem.l_quantity < (SubPlan 1))
         Rows Removed by Join Filter: 5714
         ->  Seq Scan on lineitem  (cost=0.00..172515.15 rows=6001215 width=17) (actual time=0.035..1666.669 rows=6001215 loops=1)
         ->  Hash  (cost=6368.30..6368.30 rows=213 width=4) (actual time=33.298..33.298 rows=207 loops=1)
               Buckets: 1024  Batches: 1  Memory Usage: 16kB
               ->  Gather  (cost=1000.00..6368.30 rows=213 width=4) (actual time=1.473..33.286 rows=207 loops=1)
                     Workers Planned: 2
                     Workers Launched: 2
                     ->  Parallel Seq Scan on part  (cost=0.00..5347.00 rows=89 width=4) (actual time=0.950..27.285 rows=69 loops=3)
                           Filter: ((p_brand = 'Brand#55'::bpchar) AND (p_container = 'LG BOX'::bpchar))
                           Rows Removed by Filter: 66598
         SubPlan 1
           ->  Aggregate  (cost=127.60..127.61 rows=1 width=32) (actual time=0.080..0.080 rows=1 loops=6284)
                 ->  Bitmap Heap Scan on lineitem lineitem_1  (cost=4.67..127.52 rows=31 width=5) (actual time=0.016..0.063 rows=31 loops=6284)
                       Recheck Cond: (l_partkey = part.p_partkey)
                       Heap Blocks: exact=196800
                       ->  Bitmap Index Scan on idx_lineitem_part_supp  (cost=0.00..4.67 rows=31 width=0) (actual time=0.010..0.010 rows=31 loops=6284)
                             Index Cond: (l_partkey = part.p_partkey)
 Planning Time: 1.916 ms
 Execution Time: 2996.684 ms
(23 rows)

execute /home/pei/Project/benchmarks/JCC-H/out/skinner_explained/18.sql_explained.sql
SET
                                                                                                        QUERY PLAN                                                                                                         
---------------------------------------------------------------------------------------------------------------------------------------------------------------------------------------------------------------------------
 Sort  (cost=599988.69..601302.86 rows=525670 width=71) (actual time=8490.270..8490.270 rows=0 loops=1)
   Sort Key: orders.o_totalprice DESC, orders.o_orderdate
   Sort Method: quicksort  Memory: 25kB
   ->  Finalize GroupAggregate  (cost=462034.19..528476.56 rows=525670 width=71) (actual time=8490.217..8490.217 rows=0 loops=1)
         Group Key: customer.c_custkey, orders.o_orderkey
         ->  Gather Merge  (cost=462034.19..517525.10 rows=438058 width=71) (actual time=8490.216..8495.511 rows=0 loops=1)
               Workers Planned: 2
               Workers Launched: 2
               ->  Partial GroupAggregate  (cost=461034.16..465962.32 rows=219029 width=71) (actual time=8483.238..8483.238 rows=0 loops=3)
                     Group Key: customer.c_custkey, orders.o_orderkey
                     ->  Sort  (cost=461034.16..461581.74 rows=219029 width=44) (actual time=8483.237..8483.237 rows=0 loops=3)
                           Sort Key: customer.c_custkey, orders.o_orderkey
                           Sort Method: quicksort  Memory: 25kB
                           Worker 0:  Sort Method: quicksort  Memory: 25kB
                           Worker 1:  Sort Method: quicksort  Memory: 25kB
                           ->  Nested Loop  (cost=327808.40..434864.46 rows=219029 width=44) (actual time=8483.165..8483.165 rows=0 loops=3)
                                 ->  Parallel Hash Join  (cost=327807.97..369777.30 rows=54746 width=43) (actual time=8483.164..8483.164 rows=0 loops=3)
                                       Hash Cond: (orders.o_custkey = customer.c_custkey)
                                       ->  Hash Join  (cost=322816.72..364642.34 rows=54746 width=24) (actual time=8419.334..8419.334 rows=0 loops=3)
                                             Hash Cond: (orders.o_orderkey = lineitem_1.l_orderkey)
                                             ->  Parallel Seq Scan on orders  (cost=0.00..32345.00 rows=625000 width=20) (actual time=0.030..0.030 rows=1 loops=3)
                                             ->  Hash  (cost=320660.33..320660.33 rows=131391 width=4) (actual time=8417.021..8417.021 rows=0 loops=3)
                                                   Buckets: 131072  Batches: 2  Memory Usage: 1024kB
                                                   ->  GroupAggregate  (cost=0.43..319346.42 rows=131391 width=4) (actual time=8417.020..8417.020 rows=0 loops=3)
                                                         Group Key: lineitem_1.l_orderkey
                                                         Filter: (sum(lineitem_1.l_quantity) > '814'::numeric)
                                                         Rows Removed by Filter: 1500000
                                                         ->  Index Scan using idx_lineitem_orderkey on lineitem lineitem_1  (cost=0.43..283427.74 rows=6001215 width=9) (actual time=0.032..6358.227 rows=6001215 loops=3)
                                                               Filter: (l_quantity <= '100'::numeric)
                                       ->  Parallel Hash  (cost=4210.00..4210.00 rows=62500 width=23) (actual time=61.676..61.676 rows=50000 loops=3)
                                             Buckets: 262144  Batches: 1  Memory Usage: 10304kB
                                             ->  Parallel Seq Scan on customer  (cost=0.00..4210.00 rows=62500 width=23) (actual time=0.032..31.454 rows=50000 loops=3)
                                 ->  Index Scan using lineitem_pkey on lineitem  (cost=0.43..1.04 rows=15 width=9) (never executed)
                                       Index Cond: (l_orderkey = orders.o_orderkey)
 Planning Time: 3.186 ms
 Execution Time: 8496.115 ms
(36 rows)

execute /home/pei/Project/benchmarks/JCC-H/out/skinner_explained/19.sql_explained.sql
SET
                                                                                                                                                                                                                                                                                                                                                                                                                                                                                                              QUERY PLAN                                                                                                                                                                                                                                                                                                                                                                                                                                                                                                              
--------------------------------------------------------------------------------------------------------------------------------------------------------------------------------------------------------------------------------------------------------------------------------------------------------------------------------------------------------------------------------------------------------------------------------------------------------------------------------------------------------------------------------------------------------------------------------------------------------------------------------------------------------------------------------------------------------------------------------------------------------------------------------------------------------------------------------------------------------------------------------------------------------------------------------------------------------------------------------------------------------------------------------------
 Finalize Aggregate  (cost=21574.99..21575.00 rows=1 width=32) (actual time=113.645..113.645 rows=1 loops=1)
   ->  Gather  (cost=21574.77..21574.98 rows=2 width=32) (actual time=113.631..116.319 rows=3 loops=1)
         Workers Planned: 2
         Workers Launched: 2
         ->  Partial Aggregate  (cost=20574.77..20574.78 rows=1 width=32) (actual time=106.519..106.520 rows=1 loops=3)
               ->  Nested Loop  (cost=4.65..20574.63 rows=18 width=12) (actual time=4.577..106.481 rows=14 loops=3)
                     ->  Parallel Seq Scan on part  (cost=0.00..7638.67 rows=103 width=30) (actual time=0.506..37.602 rows=80 loops=3)
                           Filter: ((p_size >= 1) AND (((p_brand = 'Brand#00'::bpchar) AND (p_container = ANY ('{"SM CASE","SM BOX","SM PACK","SM PKG"}'::bpchar[])) AND (p_size <= 5)) OR ((p_brand = 'Brand#00'::bpchar) AND (p_container = ANY ('{"MED BAG","MED BOX","MED PKG","MED PACK"}'::bpchar[])) AND (p_size <= 10)) OR ((p_brand = 'Brand#55'::bpchar) AND (p_container = ANY ('{"LG CASE","LG BOX","LG PACK","LG PKG"}'::bpchar[])) AND (p_size <= 15))))
                           Rows Removed by Filter: 66587
                     ->  Bitmap Heap Scan on lineitem  (cost=4.65..125.58 rows=1 width=21) (actual time=0.800..0.857 rows=0 loops=239)
                           Recheck Cond: (l_partkey = part.p_partkey)
                           Filter: ((l_shipmode = ANY ('{AIR,"AIR REG"}'::bpchar[])) AND (l_shipinstruct = 'DELIVER IN PERSON'::bpchar) AND (((l_quantity >= '1'::numeric) AND (l_quantity <= '11'::numeric)) OR ((l_quantity >= '17'::numeric) AND (l_quantity <= '27'::numeric)) OR ((l_quantity >= '43'::numeric) AND (l_quantity <= '53'::numeric))) AND (((part.p_brand = 'Brand#00'::bpchar) AND (part.p_container = ANY ('{"SM CASE","SM BOX","SM PACK","SM PKG"}'::bpchar[])) AND (l_quantity >= '1'::numeric) AND (l_quantity <= '11'::numeric) AND (part.p_size <= 5)) OR ((part.p_brand = 'Brand#00'::bpchar) AND (part.p_container = ANY ('{"MED BAG","MED BOX","MED PKG","MED PACK"}'::bpchar[])) AND (l_quantity >= '17'::numeric) AND (l_quantity <= '27'::numeric) AND (part.p_size <= 10)) OR ((part.p_brand = 'Brand#55'::bpchar) AND (part.p_container = ANY ('{"LG CASE","LG BOX","LG PACK","LG PKG"}'::bpchar[])) AND (l_quantity >= '43'::numeric) AND (l_quantity <= '53'::numeric) AND (part.p_size <= 15))))
                           Rows Removed by Filter: 30
                           Heap Blocks: exact=2493
                           ->  Bitmap Index Scan on idx_lineitem_part_supp  (cost=0.00..4.65 rows=31 width=0) (actual time=0.044..0.044 rows=30 loops=239)
                                 Index Cond: (l_partkey = part.p_partkey)
 Planning Time: 3.420 ms
 Execution Time: 116.638 ms
(18 rows)

execute /home/pei/Project/benchmarks/JCC-H/out/skinner_explained/1.sql_explained.sql
SET
psql:/home/pei/Project/benchmarks/JCC-H/out/skinner_explained/1.sql_explained.sql:29: ERROR:  syntax error at or near "("
LINE 15:  l_shipdate <= date '1998-12-01' - interval '108' day (3)
                                                               ^
execute /home/pei/Project/benchmarks/JCC-H/out/skinner_explained/20.sql_explained.sql
SET
                                                                            QUERY PLAN                                                                            
------------------------------------------------------------------------------------------------------------------------------------------------------------------
 Sort  (cost=7001.80..7001.81 rows=1 width=51) (actual time=30.586..30.586 rows=0 loops=1)
   Sort Key: supplier.s_name
   Sort Method: quicksort  Memory: 25kB
   ->  Hash Join  (cost=6990.84..7001.79 rows=1 width=51) (actual time=30.524..30.524 rows=0 loops=1)
         Hash Cond: (supplier.s_nationkey = nation.n_nationkey)
         ->  Nested Loop  (cost=6989.52..7000.39 rows=27 width=55) (actual time=30.427..30.427 rows=0 loops=1)
               ->  HashAggregate  (cost=6989.23..6989.50 rows=27 width=4) (actual time=30.427..30.427 rows=0 loops=1)
                     Group Key: partsupp.ps_suppkey
                     ->  Nested Loop  (cost=1000.42..6989.17 rows=27 width=4) (actual time=30.426..30.426 rows=0 loops=1)
                           ->  Gather  (cost=1000.00..6140.67 rows=20 width=4) (actual time=30.425..31.577 rows=0 loops=1)
                                 Workers Planned: 2
                                 Workers Launched: 2
                                 ->  Parallel Seq Scan on part  (cost=0.00..5138.67 rows=8 width=4) (actual time=24.835..24.836 rows=0 loops=3)
                                       Filter: ((p_name)::text ~~ 'shiny mined g%'::text)
                                       Rows Removed by Filter: 66667
                           ->  Index Scan using idx_partsupp_partkey on partsupp  (cost=0.42..42.41 rows=1 width=8) (never executed)
                                 Index Cond: (ps_partkey = part.p_partkey)
                                 Filter: ((ps_availqty)::numeric > (SubPlan 1))
                                 SubPlan 1
                                   ->  Aggregate  (cost=8.46..8.47 rows=1 width=32) (never executed)
                                         ->  Index Scan using idx_lineitem_part_supp on lineitem  (cost=0.43..8.46 rows=1 width=5) (never executed)
                                               Index Cond: ((l_partkey = partsupp.ps_partkey) AND (l_suppkey = partsupp.ps_suppkey))
                                               Filter: ((l_shipdate >= '1993-01-01'::date) AND (l_shipdate < '1994-01-01 00:00:00'::timestamp without time zone))
               ->  Index Scan using supplier_pkey on supplier  (cost=0.29..0.40 rows=1 width=59) (never executed)
                     Index Cond: (s_suppkey = partsupp.ps_suppkey)
         ->  Hash  (cost=1.31..1.31 rows=1 width=4) (actual time=0.053..0.054 rows=1 loops=1)
               Buckets: 1024  Batches: 1  Memory Usage: 9kB
               ->  Seq Scan on nation  (cost=0.00..1.31 rows=1 width=4) (actual time=0.033..0.036 rows=1 loops=1)
                     Filter: (n_name = 'MOROCCO'::bpchar)
                     Rows Removed by Filter: 24
 Planning Time: 3.515 ms
 Execution Time: 32.148 ms
(32 rows)

execute /home/pei/Project/benchmarks/JCC-H/out/skinner_explained/21.sql_explained.sql
SET
                                                                                           QUERY PLAN                                                                                            
-------------------------------------------------------------------------------------------------------------------------------------------------------------------------------------------------
 Sort  (cost=169890.75..169890.76 rows=1 width=34) (actual time=1953.337..1953.364 rows=415 loops=1)
   Sort Key: (count(*)) DESC, supplier.s_name
   Sort Method: quicksort  Memory: 57kB
   ->  GroupAggregate  (cost=169890.72..169890.74 rows=1 width=34) (actual time=1950.837..1951.964 rows=415 loops=1)
         Group Key: supplier.s_name
         ->  Sort  (cost=169890.72..169890.73 rows=1 width=26) (actual time=1950.827..1951.122 rows=4112 loops=1)
               Sort Key: supplier.s_name
               Sort Method: quicksort  Memory: 514kB
               ->  Nested Loop  (cost=1254.87..169890.71 rows=1 width=26) (actual time=7.164..1930.641 rows=4112 loops=1)
                     ->  Nested Loop Semi Join  (cost=1254.44..169890.20 rows=1 width=34) (actual time=7.094..1732.854 rows=8423 loops=1)
                           ->  Gather  (cost=1254.01..169889.19 rows=1 width=34) (actual time=7.062..1620.392 rows=14099 loops=1)
                                 Workers Planned: 2
                                 Workers Launched: 2
                                 ->  Nested Loop Anti Join  (cost=254.01..168889.09 rows=1 width=34) (actual time=3.919..1813.587 rows=4700 loops=3)
                                       ->  Hash Join  (cost=253.58..147470.61 rows=33207 width=34) (actual time=3.527..1134.332 rows=52665 loops=3)
                                             Hash Cond: (l1.l_suppkey = supplier.s_suppkey)
                                             ->  Parallel Seq Scan on lineitem l1  (cost=0.00..143759.33 rows=833502 width=8) (actual time=0.059..949.519 rows=1264432 loops=3)
                                                   Filter: (l_receiptdate > l_commitdate)
                                                   Rows Removed by Filter: 735973
                                             ->  Hash  (cost=248.58..248.58 rows=400 width=30) (actual time=3.267..3.267 rows=415 loops=3)
                                                   Buckets: 1024  Batches: 1  Memory Usage: 34kB
                                                   ->  Nested Loop  (cost=11.38..248.58 rows=400 width=30) (actual time=0.199..2.991 rows=415 loops=3)
                                                         ->  Seq Scan on nation  (cost=0.00..1.31 rows=1 width=4) (actual time=0.032..0.036 rows=1 loops=3)
                                                               Filter: (n_name = 'EGYPT'::bpchar)
                                                               Rows Removed by Filter: 24
                                                         ->  Bitmap Heap Scan on supplier  (cost=11.38..243.27 rows=400 width=34) (actual time=0.158..2.817 rows=415 loops=3)
                                                               Recheck Cond: (s_nationkey = nation.n_nationkey)
                                                               Heap Blocks: exact=183
                                                               ->  Bitmap Index Scan on idx_supplier_nation_key  (cost=0.00..11.29 rows=400 width=0) (actual time=0.121..0.121 rows=415 loops=3)
                                                                     Index Cond: (s_nationkey = nation.n_nationkey)
                                       ->  Index Scan using lineitem_pkey on lineitem l3  (cost=0.43..1.03 rows=5 width=8) (actual time=0.012..0.012 rows=1 loops=157994)
                                             Index Cond: (l_orderkey = l1.l_orderkey)
                                             Filter: ((l_receiptdate > l_commitdate) AND (l_suppkey <> l1.l_suppkey))
                                             Rows Removed by Filter: 1
                           ->  Index Scan using lineitem_pkey on lineitem l2  (cost=0.43..0.99 rows=15 width=8) (actual time=0.007..0.007 rows=1 loops=14099)
                                 Index Cond: (l_orderkey = l1.l_orderkey)
                                 Filter: (l_suppkey <> l1.l_suppkey)
                                 Rows Removed by Filter: 1
                     ->  Index Scan using orders_pkey on orders  (cost=0.43..0.51 rows=1 width=4) (actual time=0.023..0.023 rows=0 loops=8423)
                           Index Cond: (o_orderkey = l1.l_orderkey)
                           Filter: (o_orderstatus = 'F'::bpchar)
                           Rows Removed by Filter: 1
 Planning Time: 4.404 ms
 Execution Time: 1954.107 ms
(44 rows)

execute /home/pei/Project/benchmarks/JCC-H/out/skinner_explained/22.sql_explained.sql
SET
                                                                            QUERY PLAN                                                                             
-------------------------------------------------------------------------------------------------------------------------------------------------------------------
 Finalize GroupAggregate  (cost=15870.27..15965.73 rows=715 width=72) (actual time=173.869..173.873 rows=2 loops=1)
   Group Key: ("substring"((customer.c_phone)::text, 1, 2))
   InitPlan 1 (returns $1)
     ->  Finalize Aggregate  (cost=6230.80..6230.81 rows=1 width=32) (actual time=67.953..67.953 rows=1 loops=1)
           ->  Gather  (cost=6230.58..6230.79 rows=2 width=32) (actual time=67.825..68.071 rows=3 loops=1)
                 Workers Planned: 2
                 Workers Launched: 2
                 ->  Partial Aggregate  (cost=5230.58..5230.59 rows=1 width=32) (actual time=61.750..61.751 rows=1 loops=3)
                       ->  Parallel Seq Scan on customer customer_1  (cost=0.00..5225.62 rows=1981 width=6) (actual time=0.050..60.652 rows=3616 loops=3)
                             Filter: ((c_acctbal > 0.00) AND ("substring"((c_phone)::text, 1, 2) = ANY ('{40,50,60,70,80,27,20}'::text[])))
                             Rows Removed by Filter: 46384
   ->  Gather Merge  (cost=9639.46..9716.45 rows=596 width=72) (actual time=173.737..179.626 rows=6 loops=1)
         Workers Planned: 2
         Params Evaluated: $1
         Workers Launched: 2
         ->  Partial GroupAggregate  (cost=8639.43..8647.63 rows=298 width=72) (actual time=98.710..98.813 rows=2 loops=3)
               Group Key: ("substring"((customer.c_phone)::text, 1, 2))
               ->  Sort  (cost=8639.43..8640.18 rows=298 width=38) (actual time=98.595..98.632 rows=599 loops=3)
                     Sort Key: ("substring"((customer.c_phone)::text, 1, 2))
                     Sort Method: quicksort  Memory: 57kB
                     Worker 0:  Sort Method: quicksort  Memory: 51kB
                     Worker 1:  Sort Method: quicksort  Memory: 49kB
                     ->  Nested Loop Anti Join  (cost=0.43..8627.19 rows=298 width=38) (actual time=0.490..97.942 rows=599 loops=3)
                           ->  Parallel Seq Scan on customer  (cost=0.00..5225.62 rows=729 width=26) (actual time=0.042..43.842 rows=1806 loops=3)
                                 Filter: ((c_acctbal > $1) AND ("substring"((c_phone)::text, 1, 2) = ANY ('{40,50,60,70,80,27,20}'::text[])))
                                 Rows Removed by Filter: 48194
                           ->  Index Only Scan using idx_orders_custkey on orders  (cost=0.43..47.34 rows=17 width=4) (actual time=0.028..0.028 rows=1 loops=5418)
                                 Index Cond: (o_custkey = customer.c_custkey)
                                 Heap Fetches: 3622
 Planning Time: 2.805 ms
 Execution Time: 180.247 ms
(31 rows)

execute /home/pei/Project/benchmarks/JCC-H/out/skinner_explained/2.sql_explained.sql
SET
                                                                                QUERY PLAN                                                                                
--------------------------------------------------------------------------------------------------------------------------------------------------------------------------
 Sort  (cost=6532.22..6532.23 rows=1 width=270) (actual time=38.525..38.525 rows=0 loops=1)
   Sort Key: supplier.s_acctbal DESC, nation.n_name, supplier.s_name, part.p_partkey
   Sort Method: quicksort  Memory: 25kB
   ->  Nested Loop  (cost=1001.78..6532.21 rows=1 width=270) (actual time=38.417..38.417 rows=0 loops=1)
         Join Filter: (nation.n_nationkey = supplier.s_nationkey)
         ->  Nested Loop  (cost=1000.71..6529.75 rows=1 width=170) (actual time=38.417..38.417 rows=0 loops=1)
               ->  Nested Loop  (cost=1000.42..6529.45 rows=1 width=34) (actual time=38.417..38.417 rows=0 loops=1)
                     ->  Gather  (cost=1000.00..6347.10 rows=1 width=30) (actual time=38.416..39.462 rows=0 loops=1)
                           Workers Planned: 2
                           Workers Launched: 2
                           ->  Parallel Seq Scan on part  (cost=0.00..5347.00 rows=1 width=30) (actual time=32.587..32.587 rows=0 loops=3)
                                 Filter: (((p_type)::text ~~ '%INED GOLD'::text) AND (p_size = 1))
                                 Rows Removed by Filter: 66667
                     ->  Index Scan using idx_partsupp_partkey on partsupp  (cost=0.42..182.34 rows=1 width=14) (never executed)
                           Index Cond: (ps_partkey = part.p_partkey)
                           Filter: ((SubPlan 1) = ps_supplycost)
                           SubPlan 1
                             ->  Aggregate  (cost=43.45..43.46 rows=1 width=32) (never executed)
                                   ->  Nested Loop  (cost=0.85..43.45 rows=1 width=6) (never executed)
                                         Join Filter: (nation_1.n_regionkey = region_1.r_regionkey)
                                         ->  Seq Scan on region region_1  (cost=0.00..1.06 rows=1 width=4) (never executed)
                                               Filter: (r_name = 'AFRICA'::bpchar)
                                         ->  Nested Loop  (cost=0.85..42.33 rows=4 width=10) (never executed)
                                               ->  Nested Loop  (cost=0.71..41.71 rows=4 width=10) (never executed)
                                                     ->  Index Scan using idx_partsupp_partkey on partsupp partsupp_1  (cost=0.42..8.50 rows=4 width=10) (never executed)
                                                           Index Cond: (ps_partkey = part.p_partkey)
                                                     ->  Index Scan using supplier_pkey on supplier supplier_1  (cost=0.29..8.30 rows=1 width=8) (never executed)
                                                           Index Cond: (s_suppkey = partsupp_1.ps_suppkey)
                                               ->  Index Scan using nation_pkey on nation nation_1  (cost=0.14..0.16 rows=1 width=8) (never executed)
                                                     Index Cond: (n_nationkey = supplier_1.s_nationkey)
               ->  Index Scan using supplier_pkey on supplier  (cost=0.29..0.30 rows=1 width=144) (never executed)
                     Index Cond: (s_suppkey = partsupp.ps_suppkey)
         ->  Hash Join  (cost=1.07..2.40 rows=5 width=108) (never executed)
               Hash Cond: (nation.n_regionkey = region.r_regionkey)
               ->  Seq Scan on nation  (cost=0.00..1.25 rows=25 width=112) (never executed)
               ->  Hash  (cost=1.06..1.06 rows=1 width=4) (never executed)
                     ->  Seq Scan on region  (cost=0.00..1.06 rows=1 width=4) (never executed)
                           Filter: (r_name = 'AFRICA'::bpchar)
 Planning Time: 4.939 ms
 Execution Time: 40.072 ms
(40 rows)

execute /home/pei/Project/benchmarks/JCC-H/out/skinner_explained/3.sql_explained.sql
SET
                                                                                      QUERY PLAN                                                                                      
--------------------------------------------------------------------------------------------------------------------------------------------------------------------------------------
 Sort  (cost=167797.46..168322.45 rows=209997 width=44) (actual time=1025.508..1026.349 rows=11343 loops=1)
   Sort Key: (sum((lineitem.l_extendedprice * ('1'::numeric - lineitem.l_discount)))) DESC, orders.o_orderdate
   Sort Method: quicksort  Memory: 1271kB
   ->  Finalize GroupAggregate  (cost=115136.20..142772.72 rows=209997 width=44) (actual time=988.629..1017.474 rows=11343 loops=1)
         Group Key: lineitem.l_orderkey, orders.o_orderdate, orders.o_shippriority
         ->  Gather Merge  (cost=115136.20..137960.28 rows=174998 width=44) (actual time=988.621..1004.909 rows=11343 loops=1)
               Workers Planned: 2
               Workers Launched: 2
               ->  Partial GroupAggregate  (cost=114136.17..116761.14 rows=87499 width=44) (actual time=981.820..992.123 rows=3781 loops=3)
                     Group Key: lineitem.l_orderkey, orders.o_orderdate, orders.o_shippriority
                     ->  Sort  (cost=114136.17..114354.92 rows=87499 width=24) (actual time=981.797..982.492 rows=10008 loops=3)
                           Sort Key: lineitem.l_orderkey, orders.o_orderdate, orders.o_shippriority
                           Sort Method: quicksort  Memory: 1206kB
                           Worker 0:  Sort Method: quicksort  Memory: 1116kB
                           Worker 1:  Sort Method: quicksort  Memory: 1177kB
                           ->  Nested Loop  (cost=10526.33..105158.33 rows=87499 width=24) (actual time=85.220..972.442 rows=10008 loops=3)
                                 ->  Parallel Hash Join  (cost=10525.90..38638.46 rows=26999 width=12) (actual time=84.878..378.746 rows=21278 loops=3)
                                       Hash Cond: (orders.o_custkey = customer.c_custkey)
                                       ->  Parallel Bitmap Heap Scan on orders  (cost=6001.52..33763.92 rows=133392 width=16) (actual time=50.721..281.248 rows=106243 loops=3)
                                             Recheck Cond: (o_orderdate < '1993-05-29'::date)
                                             Heap Blocks: exact=9051
                                             ->  Bitmap Index Scan on idx_orders_orderdate  (cost=0.00..5921.48 rows=320141 width=0) (actual time=45.387..45.387 rows=318729 loops=1)
                                                   Index Cond: (o_orderdate < '1993-05-29'::date)
                                       ->  Parallel Hash  (cost=4366.25..4366.25 rows=12650 width=4) (actual time=33.496..33.496 rows=9983 loops=3)
                                             Buckets: 32768  Batches: 1  Memory Usage: 1472kB
                                             ->  Parallel Seq Scan on customer  (cost=0.00..4366.25 rows=12650 width=4) (actual time=0.030..27.449 rows=9983 loops=3)
                                                   Filter: (c_mktsegment = 'MACHINERY'::bpchar)
                                                   Rows Removed by Filter: 40017
                                 ->  Index Scan using lineitem_pkey on lineitem  (cost=0.43..2.34 rows=12 width=16) (actual time=0.026..0.027 rows=0 loops=63835)
                                       Index Cond: (l_orderkey = orders.o_orderkey)
                                       Filter: (l_shipdate > '1993-05-29'::date)
                                       Rows Removed by Filter: 4
 Planning Time: 3.024 ms
 Execution Time: 1029.236 ms
(34 rows)

execute /home/pei/Project/benchmarks/JCC-H/out/skinner_explained/4.sql_explained.sql
SET
                                                                               QUERY PLAN                                                                               
------------------------------------------------------------------------------------------------------------------------------------------------------------------------
 Finalize GroupAggregate  (cost=64722.70..64769.93 rows=5 width=24) (actual time=716.374..719.601 rows=5 loops=1)
   Group Key: orders.o_orderpriority
   ->  Gather Merge  (cost=64722.70..64769.83 rows=10 width=24) (actual time=715.579..723.667 rows=15 loops=1)
         Workers Planned: 2
         Workers Launched: 2
         ->  Partial GroupAggregate  (cost=63722.68..63768.65 rows=5 width=24) (actual time=708.927..712.106 rows=5 loops=3)
               Group Key: orders.o_orderpriority
               ->  Sort  (cost=63722.68..63737.98 rows=6123 width=16) (actual time=708.119..709.300 rows=17575 loops=3)
                     Sort Key: orders.o_orderpriority
                     Sort Method: quicksort  Memory: 1585kB
                     Worker 0:  Sort Method: quicksort  Memory: 1590kB
                     Worker 1:  Sort Method: quicksort  Memory: 1602kB
                     ->  Nested Loop Semi Join  (cost=1190.06..63337.54 rows=6123 width=16) (actual time=15.629..691.188 rows=17575 loops=3)
                           ->  Parallel Bitmap Heap Scan on orders  (cost=1189.63..27634.14 rows=23301 width=20) (actual time=15.534..196.662 rows=19158 loops=3)
                                 Recheck Cond: ((o_orderdate >= '1994-06-01'::date) AND (o_orderdate < '1994-09-01 00:00:00'::timestamp without time zone))
                                 Heap Blocks: exact=7711
                                 ->  Bitmap Index Scan on idx_orders_orderdate  (cost=0.00..1175.65 rows=55922 width=0) (actual time=16.298..16.298 rows=57474 loops=1)
                                       Index Cond: ((o_orderdate >= '1994-06-01'::date) AND (o_orderdate < '1994-09-01 00:00:00'::timestamp without time zone))
                           ->  Index Scan using idx_lineitem_orderkey on lineitem  (cost=0.43..5.11 rows=5 width=4) (actual time=0.024..0.024 rows=1 loops=57474)
                                 Index Cond: (l_orderkey = orders.o_orderkey)
                                 Filter: (l_commitdate < l_receiptdate)
                                 Rows Removed by Filter: 1
 Planning Time: 2.551 ms
 Execution Time: 724.132 ms
(24 rows)

execute /home/pei/Project/benchmarks/JCC-H/out/skinner_explained/5.sql_explained.sql
SET
                                                                                   QUERY PLAN                                                                                   
--------------------------------------------------------------------------------------------------------------------------------------------------------------------------------
 Sort  (cost=85981.88..85981.94 rows=25 width=136) (actual time=1608.225..1608.225 rows=5 loops=1)
   Sort Key: (sum((lineitem.l_extendedprice * ('1'::numeric - lineitem.l_discount)))) DESC
   Sort Method: quicksort  Memory: 25kB
   ->  Finalize GroupAggregate  (cost=85937.25..85981.30 rows=25 width=136) (actual time=1607.076..1608.168 rows=5 loops=1)
         Group Key: nation.n_name
         ->  Gather Merge  (cost=85937.25..85980.61 rows=50 width=136) (actual time=1606.765..1612.264 rows=15 loops=1)
               Workers Planned: 2
               Workers Launched: 2
               ->  Partial GroupAggregate  (cost=84937.23..84974.82 rows=25 width=136) (actual time=1599.104..1600.430 rows=5 loops=3)
                     Group Key: nation.n_name
                     ->  Sort  (cost=84937.23..84944.68 rows=2982 width=116) (actual time=1598.768..1598.929 rows=2459 loops=3)
                           Sort Key: nation.n_name
                           Sort Method: quicksort  Memory: 288kB
                           Worker 0:  Sort Method: quicksort  Memory: 286kB
                           Worker 1:  Sort Method: quicksort  Memory: 292kB
                           ->  Hash Join  (cost=475.32..84765.14 rows=2982 width=116) (actual time=8.839..1594.936 rows=2459 loops=3)
                                 Hash Cond: ((lineitem.l_suppkey = supplier.s_suppkey) AND (customer.c_nationkey = supplier.s_nationkey))
                                 ->  Nested Loop  (cost=3.32..83900.20 rows=74844 width=128) (actual time=0.650..1562.602 rows=60981 loops=3)
                                       ->  Nested Loop  (cost=2.89..25143.84 rows=18707 width=116) (actual time=0.538..1029.732 rows=15233 loops=3)
                                             ->  Hash Join  (cost=2.46..4571.84 rows=12500 width=116) (actual time=0.306..40.486 rows=10066 loops=3)
                                                   Hash Cond: (customer.c_nationkey = nation.n_nationkey)
                                                   ->  Parallel Seq Scan on customer  (cost=0.00..4210.00 rows=62500 width=8) (actual time=0.030..22.852 rows=50000 loops=3)
                                                   ->  Hash  (cost=2.40..2.40 rows=5 width=108) (actual time=0.168..0.168 rows=5 loops=3)
                                                         Buckets: 1024  Batches: 1  Memory Usage: 9kB
                                                         ->  Hash Join  (cost=1.07..2.40 rows=5 width=108) (actual time=0.147..0.154 rows=5 loops=3)
                                                               Hash Cond: (nation.n_regionkey = region.r_regionkey)
                                                               ->  Seq Scan on nation  (cost=0.00..1.25 rows=25 width=112) (actual time=0.036..0.039 rows=25 loops=3)
                                                               ->  Hash  (cost=1.06..1.06 rows=1 width=4) (actual time=0.050..0.050 rows=1 loops=3)
                                                                     Buckets: 1024  Batches: 1  Memory Usage: 9kB
                                                                     ->  Seq Scan on region  (cost=0.00..1.06 rows=1 width=4) (actual time=0.024..0.026 rows=1 loops=3)
                                                                           Filter: (r_name = 'EUROPE'::bpchar)
                                                                           Rows Removed by Filter: 4
                                             ->  Index Scan using idx_orders_custkey on orders  (cost=0.43..1.62 rows=3 width=8) (actual time=0.041..0.097 rows=2 loops=30197)
                                                   Index Cond: (o_custkey = customer.c_custkey)
                                                   Filter: ((o_orderdate >= '1993-01-01'::date) AND (o_orderdate < '1994-01-01 00:00:00'::timestamp without time zone))
                                                   Rows Removed by Filter: 9
                                       ->  Index Scan using idx_lineitem_orderkey on lineitem  (cost=0.43..2.99 rows=15 width=20) (actual time=0.030..0.033 rows=4 loops=45699)
                                             Index Cond: (l_orderkey = orders.o_orderkey)
                                 ->  Hash  (cost=322.00..322.00 rows=10000 width=8) (actual time=7.243..7.243 rows=10000 loops=3)
                                       Buckets: 16384  Batches: 1  Memory Usage: 519kB
                                       ->  Seq Scan on supplier  (cost=0.00..322.00 rows=10000 width=8) (actual time=0.029..4.069 rows=10000 loops=3)
 Planning Time: 6.757 ms
 Execution Time: 1613.042 ms
(43 rows)

execute /home/pei/Project/benchmarks/JCC-H/out/skinner_explained/6.sql_explained.sql
SET
                                                                                                         QUERY PLAN                                                                                                         
----------------------------------------------------------------------------------------------------------------------------------------------------------------------------------------------------------------------------
 Finalize Aggregate  (cost=170272.46..170272.47 rows=1 width=32) (actual time=920.143..920.143 rows=1 loops=1)
   ->  Gather  (cost=170272.23..170272.44 rows=2 width=32) (actual time=920.026..923.101 rows=3 loops=1)
         Workers Planned: 2
         Workers Launched: 2
         ->  Partial Aggregate  (cost=169272.23..169272.24 rows=1 width=32) (actual time=913.944..913.944 rows=1 loops=3)
               ->  Parallel Seq Scan on lineitem  (cost=0.00..168764.39 rows=101568 width=12) (actual time=0.060..857.942 rows=82632 loops=3)
                     Filter: ((l_shipdate >= '1993-01-01'::date) AND (l_shipdate < '1994-01-01 00:00:00'::timestamp without time zone) AND (l_discount >= 0.06) AND (l_discount <= 0.08) AND (l_quantity < '100'::numeric))
                     Rows Removed by Filter: 1917773
 Planning Time: 1.580 ms
 Execution Time: 923.344 ms
(10 rows)

execute /home/pei/Project/benchmarks/JCC-H/out/skinner_explained/7.sql_explained.sql
SET
                                                                                             QUERY PLAN                                                                                              
-----------------------------------------------------------------------------------------------------------------------------------------------------------------------------------------------------
 Finalize GroupAggregate  (cost=72940.15..73769.59 rows=5980 width=248) (actual time=1872.870..1874.043 rows=4 loops=1)
   Group Key: n1.n_name, n2.n_name, (date_part('year'::text, (lineitem.l_shipdate)::timestamp without time zone))
   ->  Gather Merge  (cost=72940.15..73602.64 rows=4984 width=248) (actual time=1872.452..1878.347 rows=12 loops=1)
         Workers Planned: 2
         Workers Launched: 2
         ->  Partial GroupAggregate  (cost=71940.12..72027.34 rows=2492 width=248) (actual time=1864.315..1865.458 rows=4 loops=3)
               Group Key: n1.n_name, n2.n_name, (date_part('year'::text, (lineitem.l_shipdate)::timestamp without time zone))
               ->  Sort  (cost=71940.12..71946.35 rows=2492 width=228) (actual time=1863.921..1864.052 rows=1930 loops=3)
                     Sort Key: n1.n_name, n2.n_name, (date_part('year'::text, (lineitem.l_shipdate)::timestamp without time zone))
                     Sort Method: quicksort  Memory: 322kB
                     Worker 0:  Sort Method: quicksort  Memory: 315kB
                     Worker 1:  Sort Method: quicksort  Memory: 323kB
                     ->  Hash Join  (cost=366.36..71799.54 rows=2492 width=228) (actual time=7.240..1860.060 rows=1930 loops=3)
                           Hash Cond: (lineitem.l_suppkey = supplier.s_suppkey)
                           Join Filter: (((n1.n_name = 'UNITED STATES'::bpchar) AND (n2.n_name = 'GERMANY'::bpchar)) OR ((n1.n_name = 'GERMANY'::bpchar) AND (n2.n_name = 'UNITED STATES'::bpchar)))
                           Rows Removed by Join Filter: 1894
                           ->  Nested Loop  (cost=2.26..71101.74 rows=60116 width=124) (actual time=0.601..1834.934 rows=48207 loops=3)
                                 ->  Nested Loop  (cost=1.83..12907.07 rows=50000 width=108) (actual time=0.310..547.100 rows=39882 loops=3)
                                       ->  Hash Join  (cost=1.40..4403.27 rows=5000 width=108) (actual time=0.202..33.869 rows=3964 loops=3)
                                             Hash Cond: (customer.c_nationkey = n2.n_nationkey)
                                             ->  Parallel Seq Scan on customer  (cost=0.00..4210.00 rows=62500 width=8) (actual time=0.030..22.212 rows=50000 loops=3)
                                             ->  Hash  (cost=1.38..1.38 rows=2 width=108) (actual time=0.065..0.065 rows=2 loops=3)
                                                   Buckets: 1024  Batches: 1  Memory Usage: 9kB
                                                   ->  Seq Scan on nation n2  (cost=0.00..1.38 rows=2 width=108) (actual time=0.036..0.041 rows=2 loops=3)
                                                         Filter: ((n_name = 'GERMANY'::bpchar) OR (n_name = 'UNITED STATES'::bpchar))
                                                         Rows Removed by Filter: 23
                                       ->  Index Scan using idx_orders_custkey on orders  (cost=0.43..1.53 rows=17 width=8) (actual time=0.016..0.123 rows=10 loops=11891)
                                             Index Cond: (o_custkey = customer.c_custkey)
                                 ->  Index Scan using lineitem_pkey on lineitem  (cost=0.43..1.11 rows=5 width=24) (actual time=0.030..0.031 rows=1 loops=119645)
                                       Index Cond: (l_orderkey = orders.o_orderkey)
                                       Filter: ((l_shipdate >= '1993-01-01'::date) AND (l_shipdate <= '1994-12-31'::date))
                                       Rows Removed by Filter: 3
                           ->  Hash  (cost=354.10..354.10 rows=800 width=108) (actual time=5.318..5.318 rows=789 loops=3)
                                 Buckets: 1024  Batches: 1  Memory Usage: 56kB
                                 ->  Hash Join  (cost=1.40..354.10 rows=800 width=108) (actual time=0.114..4.926 rows=789 loops=3)
                                       Hash Cond: (supplier.s_nationkey = n1.n_nationkey)
                                       ->  Seq Scan on supplier  (cost=0.00..322.00 rows=10000 width=8) (actual time=0.031..3.186 rows=10000 loops=3)
                                       ->  Hash  (cost=1.38..1.38 rows=2 width=108) (actual time=0.027..0.027 rows=2 loops=3)
                                             Buckets: 1024  Batches: 1  Memory Usage: 9kB
                                             ->  Seq Scan on nation n1  (cost=0.00..1.38 rows=2 width=108) (actual time=0.011..0.016 rows=2 loops=3)
                                                   Filter: ((n_name = 'UNITED STATES'::bpchar) OR (n_name = 'GERMANY'::bpchar))
                                                   Rows Removed by Filter: 23
 Planning Time: 5.625 ms
 Execution Time: 1879.027 ms
(44 rows)

execute /home/pei/Project/benchmarks/JCC-H/out/skinner_explained/8.sql_explained.sql
SET
                                                                                QUERY PLAN                                                                                
--------------------------------------------------------------------------------------------------------------------------------------------------------------------------
 Finalize GroupAggregate  (cost=77405.33..77756.97 rows=2395 width=40) (actual time=33.208..33.208 rows=0 loops=1)
   Group Key: (date_part('year'::text, (orders.o_orderdate)::timestamp without time zone))
   ->  Gather Merge  (cost=77405.33..77678.13 rows=1996 width=72) (actual time=33.207..34.472 rows=0 loops=1)
         Workers Planned: 2
         Workers Launched: 2
         ->  Partial GroupAggregate  (cost=76405.31..76447.72 rows=998 width=72) (actual time=25.613..25.613 rows=0 loops=3)
               Group Key: (date_part('year'::text, (orders.o_orderdate)::timestamp without time zone))
               ->  Sort  (cost=76405.31..76407.80 rows=998 width=124) (actual time=25.613..25.613 rows=0 loops=3)
                     Sort Key: (date_part('year'::text, (orders.o_orderdate)::timestamp without time zone))
                     Sort Method: quicksort  Memory: 25kB
                     Worker 0:  Sort Method: quicksort  Memory: 25kB
                     Worker 1:  Sort Method: quicksort  Memory: 25kB
                     ->  Hash Join  (cost=5.59..76355.59 rows=998 width=124) (actual time=25.537..25.538 rows=0 loops=3)
                           Hash Cond: (supplier.s_nationkey = n2.n_nationkey)
                           ->  Nested Loop  (cost=4.03..76345.97 rows=998 width=20) (actual time=25.394..25.394 rows=0 loops=3)
                                 ->  Hash Join  (cost=3.74..76042.70 rows=1002 width=20) (actual time=25.393..25.394 rows=0 loops=3)
                                       Hash Cond: (customer.c_nationkey = n1.n_nationkey)
                                       ->  Nested Loop  (cost=1.28..76011.43 rows=5010 width=24) (actual time=25.393..25.393 rows=0 loops=3)
                                             ->  Nested Loop  (cost=0.86..73643.02 rows=5010 width=24) (actual time=25.393..25.393 rows=0 loops=3)
                                                   ->  Nested Loop  (cost=0.43..65860.85 rows=16553 width=20) (actual time=25.393..25.393 rows=0 loops=3)
                                                         ->  Parallel Seq Scan on part  (cost=0.00..5138.67 rows=552 width=4) (actual time=25.392..25.392 rows=0 loops=3)
                                                               Filter: ((p_type)::text = 'SHINY MINED GOLD'::text)
                                                               Rows Removed by Filter: 66667
                                                         ->  Index Scan using idx_lineitem_part_supp on lineitem  (cost=0.43..109.69 rows=31 width=24) (never executed)
                                                               Index Cond: (l_partkey = part.p_partkey)
                                                   ->  Index Scan using orders_pkey on orders  (cost=0.43..0.47 rows=1 width=12) (never executed)
                                                         Index Cond: (o_orderkey = lineitem.l_orderkey)
                                                         Filter: ((o_orderdate >= '1993-01-01'::date) AND (o_orderdate <= '1994-12-31'::date))
                                             ->  Index Scan using customer_pkey on customer  (cost=0.42..0.47 rows=1 width=8) (never executed)
                                                   Index Cond: (c_custkey = orders.o_custkey)
                                       ->  Hash  (cost=2.40..2.40 rows=5 width=4) (never executed)
                                             ->  Hash Join  (cost=1.07..2.40 rows=5 width=4) (never executed)
                                                   Hash Cond: (n1.n_regionkey = region.r_regionkey)
                                                   ->  Seq Scan on nation n1  (cost=0.00..1.25 rows=25 width=8) (never executed)
                                                   ->  Hash  (cost=1.06..1.06 rows=1 width=4) (never executed)
                                                         ->  Seq Scan on region  (cost=0.00..1.06 rows=1 width=4) (never executed)
                                                               Filter: (r_name = 'MIDDLE EAST'::bpchar)
                                 ->  Index Scan using supplier_pkey on supplier  (cost=0.29..0.30 rows=1 width=8) (never executed)
                                       Index Cond: (s_suppkey = lineitem.l_suppkey)
                           ->  Hash  (cost=1.25..1.25 rows=25 width=108) (actual time=0.066..0.066 rows=25 loops=3)
                                 Buckets: 1024  Batches: 1  Memory Usage: 10kB
                                 ->  Seq Scan on nation n2  (cost=0.00..1.25 rows=25 width=108) (actual time=0.033..0.038 rows=25 loops=3)
 Planning Time: 8.256 ms
 Execution Time: 35.139 ms
(44 rows)

execute /home/pei/Project/benchmarks/JCC-H/out/skinner_explained/9.sql_explained.sql
SET
                                                                            QUERY PLAN                                                                            
------------------------------------------------------------------------------------------------------------------------------------------------------------------
 Finalize GroupAggregate  (cost=6382.26..6464.52 rows=598 width=144) (actual time=40.704..40.704 rows=0 loops=1)
   Group Key: nation.n_name, (date_part('year'::text, (orders.o_orderdate)::timestamp without time zone))
   ->  Gather Merge  (cost=6382.26..6449.07 rows=498 width=144) (actual time=40.703..42.295 rows=0 loops=1)
         Workers Planned: 2
         Workers Launched: 2
         ->  Partial GroupAggregate  (cost=5382.23..5391.57 rows=249 width=144) (actual time=33.526..33.526 rows=0 loops=3)
               Group Key: nation.n_name, (date_part('year'::text, (orders.o_orderdate)::timestamp without time zone))
               ->  Sort  (cost=5382.23..5382.85 rows=249 width=135) (actual time=33.525..33.525 rows=0 loops=3)
                     Sort Key: nation.n_name, (date_part('year'::text, (orders.o_orderdate)::timestamp without time zone)) DESC
                     Sort Method: quicksort  Memory: 25kB
                     Worker 0:  Sort Method: quicksort  Memory: 25kB
                     Worker 1:  Sort Method: quicksort  Memory: 25kB
                     ->  Nested Loop  (cost=3.13..5372.32 rows=249 width=135) (actual time=33.433..33.433 rows=0 loops=3)
                           ->  Nested Loop  (cost=2.71..5255.26 rows=249 width=131) (actual time=33.432..33.432 rows=0 loops=3)
                                 Join Filter: (supplier.s_suppkey = lineitem.l_suppkey)
                                 ->  Hash Join  (cost=2.27..5218.63 rows=33 width=126) (actual time=33.432..33.432 rows=0 loops=3)
                                       Hash Cond: (supplier.s_nationkey = nation.n_nationkey)
                                       ->  Nested Loop  (cost=0.71..5216.97 rows=33 width=26) (actual time=33.431..33.431 rows=0 loops=3)
                                             ->  Nested Loop  (cost=0.42..5206.95 rows=33 width=18) (actual time=33.431..33.431 rows=0 loops=3)
                                                   ->  Parallel Seq Scan on part  (cost=0.00..5138.67 rows=8 width=4) (actual time=33.431..33.431 rows=0 loops=3)
                                                         Filter: ((p_name)::text ~~ '%shiny mined gold%'::text)
                                                         Rows Removed by Filter: 66667
                                                   ->  Index Scan using idx_partsupp_partkey on partsupp  (cost=0.42..8.50 rows=4 width=14) (never executed)
                                                         Index Cond: (ps_partkey = part.p_partkey)
                                             ->  Index Scan using supplier_pkey on supplier  (cost=0.29..0.30 rows=1 width=8) (never executed)
                                                   Index Cond: (s_suppkey = partsupp.ps_suppkey)
                                       ->  Hash  (cost=1.25..1.25 rows=25 width=108) (never executed)
                                             ->  Seq Scan on nation  (cost=0.00..1.25 rows=25 width=108) (never executed)
                                 ->  Index Scan using idx_lineitem_part_supp on lineitem  (cost=0.43..1.10 rows=1 width=29) (never executed)
                                       Index Cond: ((l_partkey = partsupp.ps_partkey) AND (l_suppkey = partsupp.ps_suppkey))
                           ->  Index Scan using orders_pkey on orders  (cost=0.43..0.47 rows=1 width=8) (never executed)
                                 Index Cond: (o_orderkey = lineitem.l_orderkey)
 Planning Time: 7.962 ms
 Execution Time: 42.844 ms
(34 rows)

execute /home/pei/Project/benchmarks/JCC-H/out/skinner_explained/10.sql_explained.sql
SET
                                                                                     QUERY PLAN                                                                                     
------------------------------------------------------------------------------------------------------------------------------------------------------------------------------------
 Sort  (cost=21298.42..21302.97 rows=1819 width=280) (actual time=109.664..109.781 rows=1584 loops=1)
   Sort Key: (sum((lineitem.l_extendedprice * ('1'::numeric - lineitem.l_discount)))) DESC
   Sort Method: quicksort  Memory: 469kB
   ->  Finalize GroupAggregate  (cost=21016.69..21199.93 rows=1819 width=280) (actual time=101.505..107.525 rows=1584 loops=1)
         Group Key: customer.c_custkey, nation.n_name
         ->  Gather Merge  (cost=21016.69..21166.49 rows=1070 width=280) (actual time=101.483..105.108 rows=1591 loops=1)
               Workers Planned: 1
               Workers Launched: 1
               ->  Partial GroupAggregate  (cost=20016.68..20046.11 rows=1070 width=280) (actual time=96.377..98.920 rows=796 loops=2)
                     Group Key: customer.c_custkey, nation.n_name
                     ->  Sort  (cost=20016.68..20019.36 rows=1070 width=260) (actual time=96.356..96.508 rows=1859 loops=2)
                           Sort Key: customer.c_custkey, nation.n_name
                           Sort Method: quicksort  Memory: 570kB
                           Worker 0:  Sort Method: quicksort  Memory: 518kB
                           ->  Hash Join  (cost=45.88..19962.84 rows=1070 width=260) (actual time=1.405..93.340 rows=1859 loops=2)
                                 Hash Cond: (customer.c_nationkey = nation.n_nationkey)
                                 ->  Nested Loop  (cost=44.31..19957.99 rows=1070 width=160) (actual time=1.273..91.827 rows=1859 loops=2)
                                       ->  Nested Loop  (cost=43.89..15136.11 rows=1070 width=16) (actual time=1.185..65.653 rows=1859 loops=2)
                                             ->  Parallel Bitmap Heap Scan on orders  (cost=43.46..5824.69 rows=1092 width=8) (actual time=1.082..22.489 rows=940 loops=2)
                                                   Recheck Cond: ((o_orderdate >= '1992-05-26'::date) AND (o_orderdate < '1992-05-29'::date))
                                                   Heap Blocks: exact=933
                                                   ->  Bitmap Index Scan on idx_orders_orderdate  (cost=0.00..43.00 rows=1857 width=0) (actual time=1.703..1.703 rows=1879 loops=1)
                                                         Index Cond: ((o_orderdate >= '1992-05-26'::date) AND (o_orderdate < '1992-05-29'::date))
                                             ->  Index Scan using idx_lineitem_orderkey on lineitem  (cost=0.43..8.49 rows=4 width=16) (actual time=0.041..0.044 rows=2 loops=1879)
                                                   Index Cond: (l_orderkey = orders.o_orderkey)
                                                   Filter: (l_returnflag = 'R'::bpchar)
                                                   Rows Removed by Filter: 2
                                       ->  Index Scan using customer_pkey on customer  (cost=0.42..4.51 rows=1 width=148) (actual time=0.013..0.013 rows=1 loops=3718)
                                             Index Cond: (c_custkey = orders.o_custkey)
                                 ->  Hash  (cost=1.25..1.25 rows=25 width=108) (actual time=0.052..0.052 rows=25 loops=2)
                                       Buckets: 1024  Batches: 1  Memory Usage: 10kB
                                       ->  Seq Scan on nation  (cost=0.00..1.25 rows=25 width=108) (actual time=0.023..0.027 rows=25 loops=2)
 Planning Time: 3.221 ms
 Execution Time: 110.794 ms
(34 rows)

execute /home/pei/Project/benchmarks/JCC-H/out/skinner_explained/11.sql_explained.sql
SET
                                                                            QUERY PLAN                                                                             
-------------------------------------------------------------------------------------------------------------------------------------------------------------------
 Sort  (cost=13433.18..13459.84 rows=10667 width=36) (actual time=456.673..456.731 rows=869 loops=1)
   Sort Key: (sum((partsupp.ps_supplycost * (partsupp.ps_availqty)::numeric))) DESC
   Sort Method: quicksort  Memory: 65kB
   InitPlan 1 (returns $2)
     ->  Aggregate  (cost=4682.49..4682.50 rows=1 width=32) (actual time=126.021..126.021 rows=1 loops=1)
           ->  Nested Loop  (cost=11.81..4442.48 rows=32000 width=10) (actual time=0.147..105.698 rows=32560 loops=1)
                 ->  Nested Loop  (cost=11.38..248.58 rows=400 width=4) (actual time=0.107..3.492 rows=407 loops=1)
                       ->  Seq Scan on nation nation_1  (cost=0.00..1.31 rows=1 width=4) (actual time=0.015..0.020 rows=1 loops=1)
                             Filter: (n_name = 'CHINA'::bpchar)
                             Rows Removed by Filter: 24
                       ->  Bitmap Heap Scan on supplier supplier_1  (cost=11.38..243.27 rows=400 width=8) (actual time=0.085..3.322 rows=407 loops=1)
                             Recheck Cond: (s_nationkey = nation_1.n_nationkey)
                             Heap Blocks: exact=186
                             ->  Bitmap Index Scan on idx_supplier_nation_key  (cost=0.00..11.29 rows=400 width=0) (actual time=0.061..0.061 rows=407 loops=1)
                                   Index Cond: (s_nationkey = nation_1.n_nationkey)
                 ->  Index Scan using idx_partsupp_suppkey on partsupp partsupp_1  (cost=0.42..9.68 rows=80 width=14) (actual time=0.017..0.230 rows=80 loops=407)
                       Index Cond: (ps_suppkey = supplier_1.s_suppkey)
   ->  GroupAggregate  (cost=6837.01..8037.01 rows=10667 width=36) (actual time=419.136..456.181 rows=869 loops=1)
         Group Key: partsupp.ps_partkey
         Filter: (sum((partsupp.ps_supplycost * (partsupp.ps_availqty)::numeric)) > $2)
         Rows Removed by Filter: 29770
         ->  Sort  (cost=6837.01..6917.01 rows=32000 width=14) (actual time=293.059..295.468 rows=32560 loops=1)
               Sort Key: partsupp.ps_partkey
               Sort Method: quicksort  Memory: 2295kB
               ->  Nested Loop  (cost=11.81..4442.48 rows=32000 width=14) (actual time=0.201..266.684 rows=32560 loops=1)
                     ->  Nested Loop  (cost=11.38..248.58 rows=400 width=4) (actual time=0.156..4.086 rows=407 loops=1)
                           ->  Seq Scan on nation  (cost=0.00..1.31 rows=1 width=4) (actual time=0.016..0.021 rows=1 loops=1)
                                 Filter: (n_name = 'CHINA'::bpchar)
                                 Rows Removed by Filter: 24
                           ->  Bitmap Heap Scan on supplier  (cost=11.38..243.27 rows=400 width=8) (actual time=0.133..3.907 rows=407 loops=1)
                                 Recheck Cond: (s_nationkey = nation.n_nationkey)
                                 Heap Blocks: exact=186
                                 ->  Bitmap Index Scan on idx_supplier_nation_key  (cost=0.00..11.29 rows=400 width=0) (actual time=0.101..0.101 rows=407 loops=1)
                                       Index Cond: (s_nationkey = nation.n_nationkey)
                     ->  Index Scan using idx_partsupp_suppkey on partsupp  (cost=0.42..9.68 rows=80 width=18) (actual time=0.025..0.611 rows=80 loops=407)
                           Index Cond: (ps_suppkey = supplier.s_suppkey)
 Planning Time: 2.554 ms
 Execution Time: 457.466 ms
(38 rows)

execute /home/pei/Project/benchmarks/JCC-H/out/skinner_explained/12.sql_explained.sql
SET
                                                                                                                                       QUERY PLAN                                                                                                                                       
----------------------------------------------------------------------------------------------------------------------------------------------------------------------------------------------------------------------------------------------------------------------------------------
 Finalize GroupAggregate  (cost=209360.10..209599.26 rows=7 width=27) (actual time=1321.843..1321.845 rows=2 loops=1)
   Group Key: lineitem.l_shipmode
   ->  Gather Merge  (cost=209360.10..209599.08 rows=14 width=27) (actual time=1319.372..1323.352 rows=6 loops=1)
         Workers Planned: 2
         Workers Launched: 2
         ->  Partial GroupAggregate  (cost=208360.07..208597.44 rows=7 width=27) (actual time=1313.146..1315.555 rows=2 loops=3)
               Group Key: lineitem.l_shipmode
               ->  Sort  (cost=208360.07..208389.74 rows=11865 width=27) (actual time=1310.670..1311.314 rows=10341 loops=3)
                     Sort Key: lineitem.l_shipmode
                     Sort Method: quicksort  Memory: 1220kB
                     Worker 0:  Sort Method: quicksort  Memory: 1180kB
                     Worker 1:  Sort Method: quicksort  Memory: 1178kB
                     ->  Parallel Hash Join  (cost=168912.70..207557.14 rows=11865 width=27) (actual time=1060.281..1302.006 rows=10341 loops=3)
                           Hash Cond: (orders.o_orderkey = lineitem.l_orderkey)
                           ->  Parallel Seq Scan on orders  (cost=0.00..32345.00 rows=625000 width=20) (actual time=0.043..147.318 rows=500000 loops=3)
                           ->  Parallel Hash  (cost=168764.39..168764.39 rows=11865 width=15) (actual time=1059.415..1059.415 rows=10341 loops=3)
                                 Buckets: 32768  Batches: 1  Memory Usage: 1792kB
                                 ->  Parallel Seq Scan on lineitem  (cost=0.00..168764.39 rows=11865 width=15) (actual time=0.246..1047.596 rows=10341 loops=3)
                                       Filter: ((l_shipmode = ANY ('{"REG AIR",FOB}'::bpchar[])) AND (l_commitdate < l_receiptdate) AND (l_shipdate < l_commitdate) AND (l_receiptdate >= '1993-01-01'::date) AND (l_receiptdate < '1994-01-01 00:00:00'::timestamp without time zone))
                                       Rows Removed by Filter: 1990064
 Planning Time: 2.141 ms
 Execution Time: 1323.801 ms
(22 rows)

execute /home/pei/Project/benchmarks/JCC-H/out/skinner_explained/13.sql_explained.sql
SET
                                                                                      QUERY PLAN                                                                                      
--------------------------------------------------------------------------------------------------------------------------------------------------------------------------------------
 Sort  (cost=161053.73..161054.23 rows=200 width=16) (actual time=4817.566..4817.569 rows=42 loops=1)
   Sort Key: (count(*)) DESC, (count(orders.o_orderkey)) DESC
   Sort Method: quicksort  Memory: 26kB
   ->  HashAggregate  (cost=161044.09..161046.09 rows=200 width=16) (actual time=4817.479..4817.488 rows=42 loops=1)
         Group Key: count(orders.o_orderkey)
         ->  Finalize GroupAggregate  (cost=1000.87..158794.09 rows=150000 width=12) (actual time=9.709..4758.394 rows=150000 loops=1)
               Group Key: customer.c_custkey
               ->  Gather Merge  (cost=1000.87..155794.09 rows=300000 width=12) (actual time=9.508..4665.173 rows=150000 loops=1)
                     Workers Planned: 2
                     Workers Launched: 2
                     ->  Partial GroupAggregate  (cost=0.85..120166.62 rows=150000 width=12) (actual time=0.450..3944.519 rows=50000 loops=3)
                           Group Key: customer.c_custkey
                           ->  Nested Loop Left Join  (cost=0.85..115573.18 rows=618687 width=8) (actual time=0.181..3739.983 rows=511342 loops=3)
                                 ->  Parallel Index Only Scan using customer_pkey on customer  (cost=0.42..6619.43 rows=62500 width=4) (actual time=0.076..50.941 rows=50000 loops=3)
                                       Heap Fetches: 150000
                                 ->  Index Scan using idx_orders_custkey on orders  (cost=0.43..1.57 rows=17 width=8) (actual time=0.008..0.070 rows=10 loops=150000)
                                       Index Cond: (o_custkey = customer.c_custkey)
                                       Filter: ((o_comment)::text !~~ '%express%deposits%'::text)
                                       Rows Removed by Filter: 0
 Planning Time: 2.073 ms
 Execution Time: 4818.083 ms
(21 rows)

execute /home/pei/Project/benchmarks/JCC-H/out/skinner_explained/14.sql_explained.sql
SET
                                                                               QUERY PLAN                                                                                
-------------------------------------------------------------------------------------------------------------------------------------------------------------------------
 Finalize Aggregate  (cost=118266.17..118266.18 rows=1 width=32) (actual time=497.468..497.468 rows=1 loops=1)
   ->  Gather  (cost=118265.93..118266.14 rows=2 width=64) (actual time=496.231..502.465 rows=3 loops=1)
         Workers Planned: 2
         Workers Launched: 2
         ->  Partial Aggregate  (cost=117265.93..117265.94 rows=1 width=64) (actual time=489.574..489.575 rows=1 loops=3)
               ->  Parallel Hash Join  (cost=110065.79..116694.64 rows=32645 width=33) (actual time=424.074..471.151 rows=25967 loops=3)
                     Hash Cond: (part.p_partkey = lineitem.l_partkey)
                     ->  Parallel Seq Scan on part  (cost=0.00..4930.33 rows=83333 width=25) (actual time=0.065..23.249 rows=66667 loops=3)
                     ->  Parallel Hash  (cost=109657.73..109657.73 rows=32645 width=16) (actual time=422.651..422.651 rows=25967 loops=3)
                           Buckets: 131072  Batches: 1  Memory Usage: 5216kB
                           ->  Parallel Bitmap Heap Scan on lineitem  (cost=2015.50..109657.73 rows=32645 width=16) (actual time=31.831..396.534 rows=25967 loops=3)
                                 Recheck Cond: ((l_shipdate >= '1995-05-01'::date) AND (l_shipdate < '1995-06-01 00:00:00'::timestamp without time zone))
                                 Heap Blocks: exact=14647
                                 ->  Bitmap Index Scan on idx_lineitem_shipdate  (cost=0.00..1995.91 rows=78348 width=0) (actual time=26.192..26.192 rows=77900 loops=1)
                                       Index Cond: ((l_shipdate >= '1995-05-01'::date) AND (l_shipdate < '1995-06-01 00:00:00'::timestamp without time zone))
 Planning Time: 2.436 ms
 Execution Time: 502.749 ms
(17 rows)

execute /home/pei/Project/benchmarks/JCC-H/out/skinner_explained/15.sql_explained.sql
SET
CREATE VIEW
                                                                                       QUERY PLAN                                                                                       
----------------------------------------------------------------------------------------------------------------------------------------------------------------------------------------
 Nested Loop  (cost=299146.69..302223.56 rows=50 width=103) (actual time=1834.968..1848.125 rows=1 loops=1)
   InitPlan 1 (returns $1)
     ->  Aggregate  (cost=150945.41..150945.42 rows=1 width=32) (actual time=911.003..911.003 rows=1 loops=1)
           ->  Finalize GroupAggregate  (cost=148200.98..150819.91 rows=10040 width=36) (actual time=877.808..909.846 rows=10000 loops=1)
                 Group Key: lineitem_1.l_suppkey
                 ->  Gather Merge  (cost=148200.98..150543.81 rows=20080 width=36) (actual time=877.796..888.218 rows=29989 loops=1)
                       Workers Planned: 2
                       Workers Launched: 2
                       ->  Sort  (cost=147200.96..147226.06 rows=10040 width=36) (actual time=869.711..870.580 rows=9996 loops=3)
                             Sort Key: lineitem_1.l_suppkey
                             Sort Method: quicksort  Memory: 1166kB
                             Worker 0:  Sort Method: quicksort  Memory: 1165kB
                             Worker 1:  Sort Method: quicksort  Memory: 1166kB
                             ->  Partial HashAggregate  (cost=146408.13..146533.63 rows=10040 width=36) (actual time=857.887..863.652 rows=9996 loops=3)
                                   Group Key: lineitem_1.l_suppkey
                                   ->  Parallel Bitmap Heap Scan on lineitem lineitem_1  (cost=5705.45..145482.51 rows=92562 width=16) (actual time=61.116..730.650 rows=75898 loops=3)
                                         Recheck Cond: ((l_shipdate >= '1993-05-01'::date) AND (l_shipdate < '1993-08-01 00:00:00'::timestamp without time zone))
                                         Rows Removed by Index Recheck: 552534
                                         Heap Blocks: exact=11923 lossy=11613
                                         ->  Bitmap Index Scan on idx_lineitem_shipdate  (cost=0.00..5649.91 rows=222148 width=0) (actual time=60.950..60.950 rows=227694 loops=1)
                                               Index Cond: ((l_shipdate >= '1993-05-01'::date) AND (l_shipdate < '1993-08-01 00:00:00'::timestamp without time zone))
   ->  Finalize GroupAggregate  (cost=148200.98..150970.51 rows=50 width=36) (actual time=1834.912..1848.070 rows=1 loops=1)
         Group Key: lineitem.l_suppkey
         Filter: (sum((lineitem.l_extendedprice * ('1'::numeric - lineitem.l_discount))) = $1)
         Rows Removed by Filter: 9999
         ->  Gather Merge  (cost=148200.98..150543.81 rows=20080 width=36) (actual time=904.805..916.156 rows=29982 loops=1)
               Workers Planned: 2
               Workers Launched: 2
               ->  Sort  (cost=147200.96..147226.06 rows=10040 width=36) (actual time=897.578..898.827 rows=9994 loops=3)
                     Sort Key: lineitem.l_suppkey
                     Sort Method: quicksort  Memory: 1166kB
                     Worker 0:  Sort Method: quicksort  Memory: 1165kB
                     Worker 1:  Sort Method: quicksort  Memory: 1165kB
                     ->  Partial HashAggregate  (cost=146408.13..146533.63 rows=10040 width=36) (actual time=885.548..891.338 rows=9994 loops=3)
                           Group Key: lineitem.l_suppkey
                           ->  Parallel Bitmap Heap Scan on lineitem  (cost=5705.45..145482.51 rows=92562 width=16) (actual time=68.405..757.903 rows=75898 loops=3)
                                 Recheck Cond: ((l_shipdate >= '1993-05-01'::date) AND (l_shipdate < '1993-08-01 00:00:00'::timestamp without time zone))
                                 Rows Removed by Index Recheck: 552534
                                 Heap Blocks: exact=11227 lossy=11106
                                 ->  Bitmap Index Scan on idx_lineitem_shipdate  (cost=0.00..5649.91 rows=222148 width=0) (actual time=66.758..66.758 rows=227694 loops=1)
                                       Index Cond: ((l_shipdate >= '1993-05-01'::date) AND (l_shipdate < '1993-08-01 00:00:00'::timestamp without time zone))
   ->  Index Scan using supplier_pkey on supplier  (cost=0.29..6.14 rows=1 width=71) (actual time=0.049..0.049 rows=1 loops=1)
         Index Cond: (s_suppkey = lineitem.l_suppkey)
 Planning Time: 2.561 ms
 Execution Time: 1855.964 ms
(45 rows)

DROP VIEW
execute /home/pei/Project/benchmarks/JCC-H/out/skinner_explained/16.sql_explained.sql
SET
                                                                                         QUERY PLAN                                                                                          
---------------------------------------------------------------------------------------------------------------------------------------------------------------------------------------------
 Sort  (cost=42566.75..42606.95 rows=16081 width=44) (actual time=900.853..902.033 rows=18337 loops=1)
   Sort Key: (count(DISTINCT partsupp.ps_suppkey)) DESC, part.p_brand, part.p_type, part.p_size
   Sort Method: quicksort  Memory: 2217kB
   ->  GroupAggregate  (cost=40530.46..41443.25 rows=16081 width=44) (actual time=694.842..820.598 rows=18337 loops=1)
         Group Key: part.p_brand, part.p_type, part.p_size
         ->  Sort  (cost=40530.46..40680.86 rows=60158 width=40) (actual time=694.821..760.241 rows=119466 loops=1)
               Sort Key: part.p_brand, part.p_type, part.p_size
               Sort Method: external merge  Disk: 6104kB
               ->  Gather  (cost=7684.00..35754.98 rows=60158 width=40) (actual time=64.180..268.616 rows=119466 loops=1)
                     Workers Planned: 2
                     Workers Launched: 2
                     ->  Parallel Hash Join  (cost=6684.00..28739.18 rows=25066 width=40) (actual time=57.771..247.122 rows=39822 loops=3)
                           Hash Cond: (partsupp.ps_partkey = part.p_partkey)
                           ->  Parallel Seq Scan on partsupp  (cost=347.00..21964.67 rows=166667 width=8) (actual time=9.028..149.302 rows=266560 loops=3)
                                 Filter: (NOT (hashed SubPlan 1))
                                 Rows Removed by Filter: 107
                                 SubPlan 1
                                   ->  Seq Scan on supplier  (cost=0.00..347.00 rows=1 width=4) (actual time=0.317..8.967 rows=4 loops=3)
                                         Filter: ((s_comment)::text ~~ '%Customer%Complaints%'::text)
                                         Rows Removed by Filter: 9996
                           ->  Parallel Hash  (cost=6180.33..6180.33 rows=12533 width=40) (actual time=48.039..48.039 rows=9959 loops=3)
                                 Buckets: 32768  Batches: 1  Memory Usage: 2528kB
                                 ->  Parallel Seq Scan on part  (cost=0.00..6180.33 rows=12533 width=40) (actual time=0.053..39.570 rows=9959 loops=3)
                                       Filter: ((p_brand <> 'Brand#21'::bpchar) AND ((p_type)::text !~~ 'LARGE BURNISHED%'::text) AND (p_size = ANY ('{26,35,38,45,10,37,8,1}'::integer[])))
                                       Rows Removed by Filter: 56707
 Planning Time: 2.643 ms
 Execution Time: 905.692 ms
(27 rows)

execute /home/pei/Project/benchmarks/JCC-H/out/skinner_explained/17.sql_explained.sql
SET
                                                                       QUERY PLAN                                                                       
--------------------------------------------------------------------------------------------------------------------------------------------------------
 Aggregate  (cost=195920.86..195920.87 rows=1 width=32) (actual time=2998.509..2998.509 rows=1 loops=1)
   ->  Hash Join  (cost=6370.96..195915.53 rows=2130 width=8) (actual time=36.079..2998.322 rows=570 loops=1)
         Hash Cond: (lineitem.l_partkey = part.p_partkey)
         Join Filter: (lineitem.l_quantity < (SubPlan 1))
         Rows Removed by Join Filter: 5714
         ->  Seq Scan on lineitem  (cost=0.00..172515.15 rows=6001215 width=17) (actual time=0.035..1667.857 rows=6001215 loops=1)
         ->  Hash  (cost=6368.30..6368.30 rows=213 width=4) (actual time=33.460..33.460 rows=207 loops=1)
               Buckets: 1024  Batches: 1  Memory Usage: 16kB
               ->  Gather  (cost=1000.00..6368.30 rows=213 width=4) (actual time=1.347..33.452 rows=207 loops=1)
                     Workers Planned: 2
                     Workers Launched: 2
                     ->  Parallel Seq Scan on part  (cost=0.00..5347.00 rows=89 width=4) (actual time=0.920..27.699 rows=69 loops=3)
                           Filter: ((p_brand = 'Brand#55'::bpchar) AND (p_container = 'LG BOX'::bpchar))
                           Rows Removed by Filter: 66598
         SubPlan 1
           ->  Aggregate  (cost=127.60..127.61 rows=1 width=32) (actual time=0.080..0.080 rows=1 loops=6284)
                 ->  Bitmap Heap Scan on lineitem lineitem_1  (cost=4.67..127.52 rows=31 width=5) (actual time=0.016..0.064 rows=31 loops=6284)
                       Recheck Cond: (l_partkey = part.p_partkey)
                       Heap Blocks: exact=196800
                       ->  Bitmap Index Scan on idx_lineitem_part_supp  (cost=0.00..4.67 rows=31 width=0) (actual time=0.010..0.010 rows=31 loops=6284)
                             Index Cond: (l_partkey = part.p_partkey)
 Planning Time: 1.888 ms
 Execution Time: 2998.975 ms
(23 rows)

execute /home/pei/Project/benchmarks/JCC-H/out/skinner_explained/18.sql_explained.sql
SET
                                                                                                        QUERY PLAN                                                                                                         
---------------------------------------------------------------------------------------------------------------------------------------------------------------------------------------------------------------------------
 Sort  (cost=599988.69..601302.86 rows=525670 width=71) (actual time=8186.982..8186.982 rows=0 loops=1)
   Sort Key: orders.o_totalprice DESC, orders.o_orderdate
   Sort Method: quicksort  Memory: 25kB
   ->  Finalize GroupAggregate  (cost=462034.19..528476.56 rows=525670 width=71) (actual time=8186.928..8186.928 rows=0 loops=1)
         Group Key: customer.c_custkey, orders.o_orderkey
         ->  Gather Merge  (cost=462034.19..517525.10 rows=438058 width=71) (actual time=8186.927..8193.036 rows=0 loops=1)
               Workers Planned: 2
               Workers Launched: 2
               ->  Partial GroupAggregate  (cost=461034.16..465962.32 rows=219029 width=71) (actual time=8179.765..8179.765 rows=0 loops=3)
                     Group Key: customer.c_custkey, orders.o_orderkey
                     ->  Sort  (cost=461034.16..461581.74 rows=219029 width=44) (actual time=8179.764..8179.764 rows=0 loops=3)
                           Sort Key: customer.c_custkey, orders.o_orderkey
                           Sort Method: quicksort  Memory: 25kB
                           Worker 0:  Sort Method: quicksort  Memory: 25kB
                           Worker 1:  Sort Method: quicksort  Memory: 25kB
                           ->  Nested Loop  (cost=327808.40..434864.46 rows=219029 width=44) (actual time=8179.700..8179.700 rows=0 loops=3)
                                 ->  Parallel Hash Join  (cost=327807.97..369777.30 rows=54746 width=43) (actual time=8179.699..8179.700 rows=0 loops=3)
                                       Hash Cond: (orders.o_custkey = customer.c_custkey)
                                       ->  Hash Join  (cost=322816.72..364642.34 rows=54746 width=24) (actual time=8116.385..8116.385 rows=0 loops=3)
                                             Hash Cond: (orders.o_orderkey = lineitem_1.l_orderkey)
                                             ->  Parallel Seq Scan on orders  (cost=0.00..32345.00 rows=625000 width=20) (actual time=0.035..0.035 rows=1 loops=3)
                                             ->  Hash  (cost=320660.33..320660.33 rows=131391 width=4) (actual time=8114.093..8114.094 rows=0 loops=3)
                                                   Buckets: 131072  Batches: 2  Memory Usage: 1024kB
                                                   ->  GroupAggregate  (cost=0.43..319346.42 rows=131391 width=4) (actual time=8114.092..8114.093 rows=0 loops=3)
                                                         Group Key: lineitem_1.l_orderkey
                                                         Filter: (sum(lineitem_1.l_quantity) > '814'::numeric)
                                                         Rows Removed by Filter: 1500000
                                                         ->  Index Scan using idx_lineitem_orderkey on lineitem lineitem_1  (cost=0.43..283427.74 rows=6001215 width=9) (actual time=0.041..6058.555 rows=6001215 loops=3)
                                                               Filter: (l_quantity <= '100'::numeric)
                                       ->  Parallel Hash  (cost=4210.00..4210.00 rows=62500 width=23) (actual time=60.777..60.777 rows=50000 loops=3)
                                             Buckets: 262144  Batches: 1  Memory Usage: 10304kB
                                             ->  Parallel Seq Scan on customer  (cost=0.00..4210.00 rows=62500 width=23) (actual time=0.032..30.919 rows=50000 loops=3)
                                 ->  Index Scan using lineitem_pkey on lineitem  (cost=0.43..1.04 rows=15 width=9) (never executed)
                                       Index Cond: (l_orderkey = orders.o_orderkey)
 Planning Time: 3.187 ms
 Execution Time: 8193.667 ms
(36 rows)

execute /home/pei/Project/benchmarks/JCC-H/out/skinner_explained/19.sql_explained.sql
SET
                                                                                                                                                                                                                                                                                                                                                                                                                                                                                                              QUERY PLAN                                                                                                                                                                                                                                                                                                                                                                                                                                                                                                              
--------------------------------------------------------------------------------------------------------------------------------------------------------------------------------------------------------------------------------------------------------------------------------------------------------------------------------------------------------------------------------------------------------------------------------------------------------------------------------------------------------------------------------------------------------------------------------------------------------------------------------------------------------------------------------------------------------------------------------------------------------------------------------------------------------------------------------------------------------------------------------------------------------------------------------------------------------------------------------------------------------------------------------------
 Finalize Aggregate  (cost=21574.99..21575.00 rows=1 width=32) (actual time=114.776..114.776 rows=1 loops=1)
   ->  Gather  (cost=21574.77..21574.98 rows=2 width=32) (actual time=114.361..117.775 rows=3 loops=1)
         Workers Planned: 2
         Workers Launched: 2
         ->  Partial Aggregate  (cost=20574.77..20574.78 rows=1 width=32) (actual time=107.314..107.314 rows=1 loops=3)
               ->  Nested Loop  (cost=4.65..20574.63 rows=18 width=12) (actual time=4.940..107.277 rows=14 loops=3)
                     ->  Parallel Seq Scan on part  (cost=0.00..7638.67 rows=103 width=30) (actual time=0.560..37.902 rows=80 loops=3)
                           Filter: ((p_size >= 1) AND (((p_brand = 'Brand#00'::bpchar) AND (p_container = ANY ('{"SM CASE","SM BOX","SM PACK","SM PKG"}'::bpchar[])) AND (p_size <= 5)) OR ((p_brand = 'Brand#00'::bpchar) AND (p_container = ANY ('{"MED BAG","MED BOX","MED PKG","MED PACK"}'::bpchar[])) AND (p_size <= 10)) OR ((p_brand = 'Brand#55'::bpchar) AND (p_container = ANY ('{"LG CASE","LG BOX","LG PACK","LG PKG"}'::bpchar[])) AND (p_size <= 15))))
                           Rows Removed by Filter: 66587
                     ->  Bitmap Heap Scan on lineitem  (cost=4.65..125.58 rows=1 width=21) (actual time=0.806..0.864 rows=0 loops=239)
                           Recheck Cond: (l_partkey = part.p_partkey)
                           Filter: ((l_shipmode = ANY ('{AIR,"AIR REG"}'::bpchar[])) AND (l_shipinstruct = 'DELIVER IN PERSON'::bpchar) AND (((l_quantity >= '1'::numeric) AND (l_quantity <= '11'::numeric)) OR ((l_quantity >= '17'::numeric) AND (l_quantity <= '27'::numeric)) OR ((l_quantity >= '43'::numeric) AND (l_quantity <= '53'::numeric))) AND (((part.p_brand = 'Brand#00'::bpchar) AND (part.p_container = ANY ('{"SM CASE","SM BOX","SM PACK","SM PKG"}'::bpchar[])) AND (l_quantity >= '1'::numeric) AND (l_quantity <= '11'::numeric) AND (part.p_size <= 5)) OR ((part.p_brand = 'Brand#00'::bpchar) AND (part.p_container = ANY ('{"MED BAG","MED BOX","MED PKG","MED PACK"}'::bpchar[])) AND (l_quantity >= '17'::numeric) AND (l_quantity <= '27'::numeric) AND (part.p_size <= 10)) OR ((part.p_brand = 'Brand#55'::bpchar) AND (part.p_container = ANY ('{"LG CASE","LG BOX","LG PACK","LG PKG"}'::bpchar[])) AND (l_quantity >= '43'::numeric) AND (l_quantity <= '53'::numeric) AND (part.p_size <= 15))))
                           Rows Removed by Filter: 30
                           Heap Blocks: exact=2435
                           ->  Bitmap Index Scan on idx_lineitem_part_supp  (cost=0.00..4.65 rows=31 width=0) (actual time=0.045..0.045 rows=30 loops=239)
                                 Index Cond: (l_partkey = part.p_partkey)
 Planning Time: 3.500 ms
 Execution Time: 118.092 ms
(18 rows)

execute /home/pei/Project/benchmarks/JCC-H/out/skinner_explained/1.sql_explained.sql
SET
psql:/home/pei/Project/benchmarks/JCC-H/out/skinner_explained/1.sql_explained.sql:29: ERROR:  syntax error at or near "("
LINE 15:  l_shipdate <= date '1998-12-01' - interval '108' day (3)
                                                               ^
execute /home/pei/Project/benchmarks/JCC-H/out/skinner_explained/20.sql_explained.sql
SET
                                                                            QUERY PLAN                                                                            
------------------------------------------------------------------------------------------------------------------------------------------------------------------
 Sort  (cost=7001.80..7001.81 rows=1 width=51) (actual time=30.571..30.571 rows=0 loops=1)
   Sort Key: supplier.s_name
   Sort Method: quicksort  Memory: 25kB
   ->  Hash Join  (cost=6990.84..7001.79 rows=1 width=51) (actual time=30.509..30.509 rows=0 loops=1)
         Hash Cond: (supplier.s_nationkey = nation.n_nationkey)
         ->  Nested Loop  (cost=6989.52..7000.39 rows=27 width=55) (actual time=30.412..30.412 rows=0 loops=1)
               ->  HashAggregate  (cost=6989.23..6989.50 rows=27 width=4) (actual time=30.412..30.412 rows=0 loops=1)
                     Group Key: partsupp.ps_suppkey
                     ->  Nested Loop  (cost=1000.42..6989.17 rows=27 width=4) (actual time=30.410..30.410 rows=0 loops=1)
                           ->  Gather  (cost=1000.00..6140.67 rows=20 width=4) (actual time=30.410..31.490 rows=0 loops=1)
                                 Workers Planned: 2
                                 Workers Launched: 2
                                 ->  Parallel Seq Scan on part  (cost=0.00..5138.67 rows=8 width=4) (actual time=24.687..24.687 rows=0 loops=3)
                                       Filter: ((p_name)::text ~~ 'shiny mined g%'::text)
                                       Rows Removed by Filter: 66667
                           ->  Index Scan using idx_partsupp_partkey on partsupp  (cost=0.42..42.41 rows=1 width=8) (never executed)
                                 Index Cond: (ps_partkey = part.p_partkey)
                                 Filter: ((ps_availqty)::numeric > (SubPlan 1))
                                 SubPlan 1
                                   ->  Aggregate  (cost=8.46..8.47 rows=1 width=32) (never executed)
                                         ->  Index Scan using idx_lineitem_part_supp on lineitem  (cost=0.43..8.46 rows=1 width=5) (never executed)
                                               Index Cond: ((l_partkey = partsupp.ps_partkey) AND (l_suppkey = partsupp.ps_suppkey))
                                               Filter: ((l_shipdate >= '1993-01-01'::date) AND (l_shipdate < '1994-01-01 00:00:00'::timestamp without time zone))
               ->  Index Scan using supplier_pkey on supplier  (cost=0.29..0.40 rows=1 width=59) (never executed)
                     Index Cond: (s_suppkey = partsupp.ps_suppkey)
         ->  Hash  (cost=1.31..1.31 rows=1 width=4) (actual time=0.053..0.053 rows=1 loops=1)
               Buckets: 1024  Batches: 1  Memory Usage: 9kB
               ->  Seq Scan on nation  (cost=0.00..1.31 rows=1 width=4) (actual time=0.032..0.035 rows=1 loops=1)
                     Filter: (n_name = 'MOROCCO'::bpchar)
                     Rows Removed by Filter: 24
 Planning Time: 3.461 ms
 Execution Time: 32.070 ms
(32 rows)

execute /home/pei/Project/benchmarks/JCC-H/out/skinner_explained/21.sql_explained.sql
SET
                                                                                           QUERY PLAN                                                                                            
-------------------------------------------------------------------------------------------------------------------------------------------------------------------------------------------------
 Sort  (cost=169890.75..169890.76 rows=1 width=34) (actual time=1785.979..1786.005 rows=415 loops=1)
   Sort Key: (count(*)) DESC, supplier.s_name
   Sort Method: quicksort  Memory: 57kB
   ->  GroupAggregate  (cost=169890.72..169890.74 rows=1 width=34) (actual time=1783.476..1784.610 rows=415 loops=1)
         Group Key: supplier.s_name
         ->  Sort  (cost=169890.72..169890.73 rows=1 width=26) (actual time=1783.467..1783.761 rows=4112 loops=1)
               Sort Key: supplier.s_name
               Sort Method: quicksort  Memory: 514kB
               ->  Nested Loop  (cost=1254.87..169890.71 rows=1 width=26) (actual time=7.028..1763.015 rows=4112 loops=1)
                     ->  Nested Loop Semi Join  (cost=1254.44..169890.20 rows=1 width=34) (actual time=6.962..1580.684 rows=8423 loops=1)
                           ->  Gather  (cost=1254.01..169889.19 rows=1 width=34) (actual time=6.930..1481.998 rows=14099 loops=1)
                                 Workers Planned: 2
                                 Workers Launched: 2
                                 ->  Nested Loop Anti Join  (cost=254.01..168889.09 rows=1 width=34) (actual time=3.620..1657.159 rows=4700 loops=3)
                                       ->  Hash Join  (cost=253.58..147470.61 rows=33207 width=34) (actual time=3.288..1087.578 rows=52665 loops=3)
                                             Hash Cond: (l1.l_suppkey = supplier.s_suppkey)
                                             ->  Parallel Seq Scan on lineitem l1  (cost=0.00..143759.33 rows=833502 width=8) (actual time=0.049..905.097 rows=1264432 loops=3)
                                                   Filter: (l_receiptdate > l_commitdate)
                                                   Rows Removed by Filter: 735973
                                             ->  Hash  (cost=248.58..248.58 rows=400 width=30) (actual time=3.058..3.058 rows=415 loops=3)
                                                   Buckets: 1024  Batches: 1  Memory Usage: 34kB
                                                   ->  Nested Loop  (cost=11.38..248.58 rows=400 width=30) (actual time=0.188..2.784 rows=415 loops=3)
                                                         ->  Seq Scan on nation  (cost=0.00..1.31 rows=1 width=4) (actual time=0.031..0.035 rows=1 loops=3)
                                                               Filter: (n_name = 'EGYPT'::bpchar)
                                                               Rows Removed by Filter: 24
                                                         ->  Bitmap Heap Scan on supplier  (cost=11.38..243.27 rows=400 width=34) (actual time=0.146..2.610 rows=415 loops=3)
                                                               Recheck Cond: (s_nationkey = nation.n_nationkey)
                                                               Heap Blocks: exact=183
                                                               ->  Bitmap Index Scan on idx_supplier_nation_key  (cost=0.00..11.29 rows=400 width=0) (actual time=0.110..0.110 rows=415 loops=3)
                                                                     Index Cond: (s_nationkey = nation.n_nationkey)
                                       ->  Index Scan using lineitem_pkey on lineitem l3  (cost=0.43..1.03 rows=5 width=8) (actual time=0.010..0.010 rows=1 loops=157994)
                                             Index Cond: (l_orderkey = l1.l_orderkey)
                                             Filter: ((l_receiptdate > l_commitdate) AND (l_suppkey <> l1.l_suppkey))
                                             Rows Removed by Filter: 1
                           ->  Index Scan using lineitem_pkey on lineitem l2  (cost=0.43..0.99 rows=15 width=8) (actual time=0.006..0.006 rows=1 loops=14099)
                                 Index Cond: (l_orderkey = l1.l_orderkey)
                                 Filter: (l_suppkey <> l1.l_suppkey)
                                 Rows Removed by Filter: 1
                     ->  Index Scan using orders_pkey on orders  (cost=0.43..0.51 rows=1 width=4) (actual time=0.021..0.021 rows=0 loops=8423)
                           Index Cond: (o_orderkey = l1.l_orderkey)
                           Filter: (o_orderstatus = 'F'::bpchar)
                           Rows Removed by Filter: 1
 Planning Time: 4.314 ms
 Execution Time: 1786.782 ms
(44 rows)

execute /home/pei/Project/benchmarks/JCC-H/out/skinner_explained/22.sql_explained.sql
SET
                                                                            QUERY PLAN                                                                             
-------------------------------------------------------------------------------------------------------------------------------------------------------------------
 Finalize GroupAggregate  (cost=15870.27..15965.73 rows=715 width=72) (actual time=172.796..172.800 rows=2 loops=1)
   Group Key: ("substring"((customer.c_phone)::text, 1, 2))
   InitPlan 1 (returns $1)
     ->  Finalize Aggregate  (cost=6230.80..6230.81 rows=1 width=32) (actual time=67.228..67.228 rows=1 loops=1)
           ->  Gather  (cost=6230.58..6230.79 rows=2 width=32) (actual time=67.088..67.378 rows=3 loops=1)
                 Workers Planned: 2
                 Workers Launched: 2
                 ->  Partial Aggregate  (cost=5230.58..5230.59 rows=1 width=32) (actual time=61.046..61.046 rows=1 loops=3)
                       ->  Parallel Seq Scan on customer customer_1  (cost=0.00..5225.62 rows=1981 width=6) (actual time=0.054..59.952 rows=3616 loops=3)
                             Filter: ((c_acctbal > 0.00) AND ("substring"((c_phone)::text, 1, 2) = ANY ('{40,50,60,70,80,27,20}'::text[])))
                             Rows Removed by Filter: 46384
   ->  Gather Merge  (cost=9639.46..9716.45 rows=596 width=72) (actual time=172.666..178.213 rows=6 loops=1)
         Workers Planned: 2
         Params Evaluated: $1
         Workers Launched: 2
         ->  Partial GroupAggregate  (cost=8639.43..8647.63 rows=298 width=72) (actual time=98.139..98.242 rows=2 loops=3)
               Group Key: ("substring"((customer.c_phone)::text, 1, 2))
               ->  Sort  (cost=8639.43..8640.18 rows=298 width=38) (actual time=98.024..98.061 rows=599 loops=3)
                     Sort Key: ("substring"((customer.c_phone)::text, 1, 2))
                     Sort Method: quicksort  Memory: 56kB
                     Worker 0:  Sort Method: quicksort  Memory: 52kB
                     Worker 1:  Sort Method: quicksort  Memory: 49kB
                     ->  Nested Loop Anti Join  (cost=0.43..8627.19 rows=298 width=38) (actual time=0.377..97.366 rows=599 loops=3)
                           ->  Parallel Seq Scan on customer  (cost=0.00..5225.62 rows=729 width=26) (actual time=0.023..43.997 rows=1806 loops=3)
                                 Filter: ((c_acctbal > $1) AND ("substring"((c_phone)::text, 1, 2) = ANY ('{40,50,60,70,80,27,20}'::text[])))
                                 Rows Removed by Filter: 48194
                           ->  Index Only Scan using idx_orders_custkey on orders  (cost=0.43..47.34 rows=17 width=4) (actual time=0.028..0.028 rows=1 loops=5418)
                                 Index Cond: (o_custkey = customer.c_custkey)
                                 Heap Fetches: 3622
 Planning Time: 2.672 ms
 Execution Time: 178.853 ms
(31 rows)

execute /home/pei/Project/benchmarks/JCC-H/out/skinner_explained/2.sql_explained.sql
SET
                                                                                QUERY PLAN                                                                                
--------------------------------------------------------------------------------------------------------------------------------------------------------------------------
 Sort  (cost=6532.22..6532.23 rows=1 width=270) (actual time=38.875..38.875 rows=0 loops=1)
   Sort Key: supplier.s_acctbal DESC, nation.n_name, supplier.s_name, part.p_partkey
   Sort Method: quicksort  Memory: 25kB
   ->  Nested Loop  (cost=1001.78..6532.21 rows=1 width=270) (actual time=38.770..38.770 rows=0 loops=1)
         Join Filter: (nation.n_nationkey = supplier.s_nationkey)
         ->  Nested Loop  (cost=1000.71..6529.75 rows=1 width=170) (actual time=38.769..38.769 rows=0 loops=1)
               ->  Nested Loop  (cost=1000.42..6529.45 rows=1 width=34) (actual time=38.769..38.769 rows=0 loops=1)
                     ->  Gather  (cost=1000.00..6347.10 rows=1 width=30) (actual time=38.769..39.845 rows=0 loops=1)
                           Workers Planned: 2
                           Workers Launched: 2
                           ->  Parallel Seq Scan on part  (cost=0.00..5347.00 rows=1 width=30) (actual time=32.877..32.877 rows=0 loops=3)
                                 Filter: (((p_type)::text ~~ '%INED GOLD'::text) AND (p_size = 1))
                                 Rows Removed by Filter: 66667
                     ->  Index Scan using idx_partsupp_partkey on partsupp  (cost=0.42..182.34 rows=1 width=14) (never executed)
                           Index Cond: (ps_partkey = part.p_partkey)
                           Filter: ((SubPlan 1) = ps_supplycost)
                           SubPlan 1
                             ->  Aggregate  (cost=43.45..43.46 rows=1 width=32) (never executed)
                                   ->  Nested Loop  (cost=0.85..43.45 rows=1 width=6) (never executed)
                                         Join Filter: (nation_1.n_regionkey = region_1.r_regionkey)
                                         ->  Seq Scan on region region_1  (cost=0.00..1.06 rows=1 width=4) (never executed)
                                               Filter: (r_name = 'AFRICA'::bpchar)
                                         ->  Nested Loop  (cost=0.85..42.33 rows=4 width=10) (never executed)
                                               ->  Nested Loop  (cost=0.71..41.71 rows=4 width=10) (never executed)
                                                     ->  Index Scan using idx_partsupp_partkey on partsupp partsupp_1  (cost=0.42..8.50 rows=4 width=10) (never executed)
                                                           Index Cond: (ps_partkey = part.p_partkey)
                                                     ->  Index Scan using supplier_pkey on supplier supplier_1  (cost=0.29..8.30 rows=1 width=8) (never executed)
                                                           Index Cond: (s_suppkey = partsupp_1.ps_suppkey)
                                               ->  Index Scan using nation_pkey on nation nation_1  (cost=0.14..0.16 rows=1 width=8) (never executed)
                                                     Index Cond: (n_nationkey = supplier_1.s_nationkey)
               ->  Index Scan using supplier_pkey on supplier  (cost=0.29..0.30 rows=1 width=144) (never executed)
                     Index Cond: (s_suppkey = partsupp.ps_suppkey)
         ->  Hash Join  (cost=1.07..2.40 rows=5 width=108) (never executed)
               Hash Cond: (nation.n_regionkey = region.r_regionkey)
               ->  Seq Scan on nation  (cost=0.00..1.25 rows=25 width=112) (never executed)
               ->  Hash  (cost=1.06..1.06 rows=1 width=4) (never executed)
                     ->  Seq Scan on region  (cost=0.00..1.06 rows=1 width=4) (never executed)
                           Filter: (r_name = 'AFRICA'::bpchar)
 Planning Time: 4.875 ms
 Execution Time: 40.443 ms
(40 rows)

execute /home/pei/Project/benchmarks/JCC-H/out/skinner_explained/3.sql_explained.sql
SET
                                                                                      QUERY PLAN                                                                                      
--------------------------------------------------------------------------------------------------------------------------------------------------------------------------------------
 Sort  (cost=167797.46..168322.45 rows=209997 width=44) (actual time=944.633..945.468 rows=11343 loops=1)
   Sort Key: (sum((lineitem.l_extendedprice * ('1'::numeric - lineitem.l_discount)))) DESC, orders.o_orderdate
   Sort Method: quicksort  Memory: 1271kB
   ->  Finalize GroupAggregate  (cost=115136.20..142772.72 rows=209997 width=44) (actual time=908.219..936.617 rows=11343 loops=1)
         Group Key: lineitem.l_orderkey, orders.o_orderdate, orders.o_shippriority
         ->  Gather Merge  (cost=115136.20..137960.28 rows=174998 width=44) (actual time=908.210..923.903 rows=11343 loops=1)
               Workers Planned: 2
               Workers Launched: 2
               ->  Partial GroupAggregate  (cost=114136.17..116761.14 rows=87499 width=44) (actual time=901.558..911.820 rows=3781 loops=3)
                     Group Key: lineitem.l_orderkey, orders.o_orderdate, orders.o_shippriority
                     ->  Sort  (cost=114136.17..114354.92 rows=87499 width=24) (actual time=901.537..902.220 rows=10008 loops=3)
                           Sort Key: lineitem.l_orderkey, orders.o_orderdate, orders.o_shippriority
                           Sort Method: quicksort  Memory: 1173kB
                           Worker 0:  Sort Method: quicksort  Memory: 1159kB
                           Worker 1:  Sort Method: quicksort  Memory: 1167kB
                           ->  Nested Loop  (cost=10526.33..105158.33 rows=87499 width=24) (actual time=81.851..892.296 rows=10008 loops=3)
                                 ->  Parallel Hash Join  (cost=10525.90..38638.46 rows=26999 width=12) (actual time=81.289..349.983 rows=21278 loops=3)
                                       Hash Cond: (orders.o_custkey = customer.c_custkey)
                                       ->  Parallel Bitmap Heap Scan on orders  (cost=6001.52..33763.92 rows=133392 width=16) (actual time=49.305..257.444 rows=106243 loops=3)
                                             Recheck Cond: (o_orderdate < '1993-05-29'::date)
                                             Heap Blocks: exact=8697
                                             ->  Bitmap Index Scan on idx_orders_orderdate  (cost=0.00..5921.48 rows=320141 width=0) (actual time=43.986..43.986 rows=318729 loops=1)
                                                   Index Cond: (o_orderdate < '1993-05-29'::date)
                                       ->  Parallel Hash  (cost=4366.25..4366.25 rows=12650 width=4) (actual time=31.303..31.304 rows=9983 loops=3)
                                             Buckets: 32768  Batches: 1  Memory Usage: 1472kB
                                             ->  Parallel Seq Scan on customer  (cost=0.00..4366.25 rows=12650 width=4) (actual time=0.026..25.908 rows=9983 loops=3)
                                                   Filter: (c_mktsegment = 'MACHINERY'::bpchar)
                                                   Rows Removed by Filter: 40017
                                 ->  Index Scan using lineitem_pkey on lineitem  (cost=0.43..2.34 rows=12 width=16) (actual time=0.024..0.024 rows=0 loops=63835)
                                       Index Cond: (l_orderkey = orders.o_orderkey)
                                       Filter: (l_shipdate > '1993-05-29'::date)
                                       Rows Removed by Filter: 4
 Planning Time: 2.954 ms
 Execution Time: 948.099 ms
(34 rows)

execute /home/pei/Project/benchmarks/JCC-H/out/skinner_explained/4.sql_explained.sql
SET
                                                                               QUERY PLAN                                                                               
------------------------------------------------------------------------------------------------------------------------------------------------------------------------
 Finalize GroupAggregate  (cost=64722.70..64769.93 rows=5 width=24) (actual time=727.629..730.782 rows=5 loops=1)
   Group Key: orders.o_orderpriority
   ->  Gather Merge  (cost=64722.70..64769.83 rows=10 width=24) (actual time=726.792..735.190 rows=15 loops=1)
         Workers Planned: 2
         Workers Launched: 2
         ->  Partial GroupAggregate  (cost=63722.68..63768.65 rows=5 width=24) (actual time=720.040..723.207 rows=5 loops=3)
               Group Key: orders.o_orderpriority
               ->  Sort  (cost=63722.68..63737.98 rows=6123 width=16) (actual time=719.235..720.419 rows=17575 loops=3)
                     Sort Key: orders.o_orderpriority
                     Sort Method: quicksort  Memory: 1590kB
                     Worker 0:  Sort Method: quicksort  Memory: 1602kB
                     Worker 1:  Sort Method: quicksort  Memory: 1585kB
                     ->  Nested Loop Semi Join  (cost=1190.06..63337.54 rows=6123 width=16) (actual time=15.162..702.120 rows=17575 loops=3)
                           ->  Parallel Bitmap Heap Scan on orders  (cost=1189.63..27634.14 rows=23301 width=20) (actual time=15.069..198.187 rows=19158 loops=3)
                                 Recheck Cond: ((o_orderdate >= '1994-06-01'::date) AND (o_orderdate < '1994-09-01 00:00:00'::timestamp without time zone))
                                 Heap Blocks: exact=7770
                                 ->  Bitmap Index Scan on idx_orders_orderdate  (cost=0.00..1175.65 rows=55922 width=0) (actual time=15.924..15.924 rows=57474 loops=1)
                                       Index Cond: ((o_orderdate >= '1994-06-01'::date) AND (o_orderdate < '1994-09-01 00:00:00'::timestamp without time zone))
                           ->  Index Scan using idx_lineitem_orderkey on lineitem  (cost=0.43..5.11 rows=5 width=4) (actual time=0.025..0.025 rows=1 loops=57474)
                                 Index Cond: (l_orderkey = orders.o_orderkey)
                                 Filter: (l_commitdate < l_receiptdate)
                                 Rows Removed by Filter: 1
 Planning Time: 2.467 ms
 Execution Time: 735.643 ms
(24 rows)

execute /home/pei/Project/benchmarks/JCC-H/out/skinner_explained/5.sql_explained.sql
SET
                                                                                   QUERY PLAN                                                                                   
--------------------------------------------------------------------------------------------------------------------------------------------------------------------------------
 Sort  (cost=85981.88..85981.94 rows=25 width=136) (actual time=1610.060..1610.075 rows=5 loops=1)
   Sort Key: (sum((lineitem.l_extendedprice * ('1'::numeric - lineitem.l_discount)))) DESC
   Sort Method: quicksort  Memory: 25kB
   ->  Finalize GroupAggregate  (cost=85937.25..85981.30 rows=25 width=136) (actual time=1608.601..1609.958 rows=5 loops=1)
         Group Key: nation.n_name
         ->  Gather Merge  (cost=85937.25..85980.61 rows=50 width=136) (actual time=1608.193..1614.814 rows=15 loops=1)
               Workers Planned: 2
               Workers Launched: 2
               ->  Partial GroupAggregate  (cost=84937.23..84974.82 rows=25 width=136) (actual time=1600.246..1601.588 rows=5 loops=3)
                     Group Key: nation.n_name
                     ->  Sort  (cost=84937.23..84944.68 rows=2982 width=116) (actual time=1599.907..1600.071 rows=2459 loops=3)
                           Sort Key: nation.n_name
                           Sort Method: quicksort  Memory: 299kB
                           Worker 0:  Sort Method: quicksort  Memory: 281kB
                           Worker 1:  Sort Method: quicksort  Memory: 286kB
                           ->  Hash Join  (cost=475.32..84765.14 rows=2982 width=116) (actual time=8.863..1596.126 rows=2459 loops=3)
                                 Hash Cond: ((lineitem.l_suppkey = supplier.s_suppkey) AND (customer.c_nationkey = supplier.s_nationkey))
                                 ->  Nested Loop  (cost=3.32..83900.20 rows=74844 width=128) (actual time=0.627..1563.346 rows=60981 loops=3)
                                       ->  Nested Loop  (cost=2.89..25143.84 rows=18707 width=116) (actual time=0.524..1030.144 rows=15233 loops=3)
                                             ->  Hash Join  (cost=2.46..4571.84 rows=12500 width=116) (actual time=0.295..40.680 rows=10066 loops=3)
                                                   Hash Cond: (customer.c_nationkey = nation.n_nationkey)
                                                   ->  Parallel Seq Scan on customer  (cost=0.00..4210.00 rows=62500 width=8) (actual time=0.031..22.926 rows=50000 loops=3)
                                                   ->  Hash  (cost=2.40..2.40 rows=5 width=108) (actual time=0.161..0.161 rows=5 loops=3)
                                                         Buckets: 1024  Batches: 1  Memory Usage: 9kB
                                                         ->  Hash Join  (cost=1.07..2.40 rows=5 width=108) (actual time=0.141..0.148 rows=5 loops=3)
                                                               Hash Cond: (nation.n_regionkey = region.r_regionkey)
                                                               ->  Seq Scan on nation  (cost=0.00..1.25 rows=25 width=112) (actual time=0.037..0.040 rows=25 loops=3)
                                                               ->  Hash  (cost=1.06..1.06 rows=1 width=4) (actual time=0.050..0.051 rows=1 loops=3)
                                                                     Buckets: 1024  Batches: 1  Memory Usage: 9kB
                                                                     ->  Seq Scan on region  (cost=0.00..1.06 rows=1 width=4) (actual time=0.025..0.027 rows=1 loops=3)
                                                                           Filter: (r_name = 'EUROPE'::bpchar)
                                                                           Rows Removed by Filter: 4
                                             ->  Index Scan using idx_orders_custkey on orders  (cost=0.43..1.62 rows=3 width=8) (actual time=0.041..0.097 rows=2 loops=30197)
                                                   Index Cond: (o_custkey = customer.c_custkey)
                                                   Filter: ((o_orderdate >= '1993-01-01'::date) AND (o_orderdate < '1994-01-01 00:00:00'::timestamp without time zone))
                                                   Rows Removed by Filter: 9
                                       ->  Index Scan using idx_lineitem_orderkey on lineitem  (cost=0.43..2.99 rows=15 width=20) (actual time=0.030..0.033 rows=4 loops=45699)
                                             Index Cond: (l_orderkey = orders.o_orderkey)
                                 ->  Hash  (cost=322.00..322.00 rows=10000 width=8) (actual time=7.323..7.323 rows=10000 loops=3)
                                       Buckets: 16384  Batches: 1  Memory Usage: 519kB
                                       ->  Seq Scan on supplier  (cost=0.00..322.00 rows=10000 width=8) (actual time=0.029..4.234 rows=10000 loops=3)
 Planning Time: 6.806 ms
 Execution Time: 1615.643 ms
(43 rows)

execute /home/pei/Project/benchmarks/JCC-H/out/skinner_explained/6.sql_explained.sql
SET
                                                                                                         QUERY PLAN                                                                                                         
----------------------------------------------------------------------------------------------------------------------------------------------------------------------------------------------------------------------------
 Finalize Aggregate  (cost=170272.46..170272.47 rows=1 width=32) (actual time=926.705..926.705 rows=1 loops=1)
   ->  Gather  (cost=170272.23..170272.44 rows=2 width=32) (actual time=926.556..929.756 rows=3 loops=1)
         Workers Planned: 2
         Workers Launched: 2
         ->  Partial Aggregate  (cost=169272.23..169272.24 rows=1 width=32) (actual time=920.537..920.538 rows=1 loops=3)
               ->  Parallel Seq Scan on lineitem  (cost=0.00..168764.39 rows=101568 width=12) (actual time=0.069..864.507 rows=82632 loops=3)
                     Filter: ((l_shipdate >= '1993-01-01'::date) AND (l_shipdate < '1994-01-01 00:00:00'::timestamp without time zone) AND (l_discount >= 0.06) AND (l_discount <= 0.08) AND (l_quantity < '100'::numeric))
                     Rows Removed by Filter: 1917773
 Planning Time: 1.501 ms
 Execution Time: 929.969 ms
(10 rows)

execute /home/pei/Project/benchmarks/JCC-H/out/skinner_explained/7.sql_explained.sql
SET
                                                                                             QUERY PLAN                                                                                              
-----------------------------------------------------------------------------------------------------------------------------------------------------------------------------------------------------
 Finalize GroupAggregate  (cost=72940.15..73769.59 rows=5980 width=248) (actual time=1874.796..1875.544 rows=4 loops=1)
   Group Key: n1.n_name, n2.n_name, (date_part('year'::text, (lineitem.l_shipdate)::timestamp without time zone))
   ->  Gather Merge  (cost=72940.15..73602.64 rows=4984 width=248) (actual time=1874.386..1878.446 rows=12 loops=1)
         Workers Planned: 2
         Workers Launched: 2
         ->  Partial GroupAggregate  (cost=71940.12..72027.34 rows=2492 width=248) (actual time=1866.222..1867.351 rows=4 loops=3)
               Group Key: n1.n_name, n2.n_name, (date_part('year'::text, (lineitem.l_shipdate)::timestamp without time zone))
               ->  Sort  (cost=71940.12..71946.35 rows=2492 width=228) (actual time=1865.825..1865.954 rows=1930 loops=3)
                     Sort Key: n1.n_name, n2.n_name, (date_part('year'::text, (lineitem.l_shipdate)::timestamp without time zone))
                     Sort Method: quicksort  Memory: 318kB
                     Worker 0:  Sort Method: quicksort  Memory: 318kB
                     Worker 1:  Sort Method: quicksort  Memory: 324kB
                     ->  Hash Join  (cost=366.36..71799.54 rows=2492 width=228) (actual time=7.641..1861.922 rows=1930 loops=3)
                           Hash Cond: (lineitem.l_suppkey = supplier.s_suppkey)
                           Join Filter: (((n1.n_name = 'UNITED STATES'::bpchar) AND (n2.n_name = 'GERMANY'::bpchar)) OR ((n1.n_name = 'GERMANY'::bpchar) AND (n2.n_name = 'UNITED STATES'::bpchar)))
                           Rows Removed by Join Filter: 1894
                           ->  Nested Loop  (cost=2.26..71101.74 rows=60116 width=124) (actual time=0.610..1836.476 rows=48207 loops=3)
                                 ->  Nested Loop  (cost=1.83..12907.07 rows=50000 width=108) (actual time=0.312..547.663 rows=39882 loops=3)
                                       ->  Hash Join  (cost=1.40..4403.27 rows=5000 width=108) (actual time=0.205..34.050 rows=3964 loops=3)
                                             Hash Cond: (customer.c_nationkey = n2.n_nationkey)
                                             ->  Parallel Seq Scan on customer  (cost=0.00..4210.00 rows=62500 width=8) (actual time=0.042..22.324 rows=50000 loops=3)
                                             ->  Hash  (cost=1.38..1.38 rows=2 width=108) (actual time=0.066..0.067 rows=2 loops=3)
                                                   Buckets: 1024  Batches: 1  Memory Usage: 9kB
                                                   ->  Seq Scan on nation n2  (cost=0.00..1.38 rows=2 width=108) (actual time=0.037..0.042 rows=2 loops=3)
                                                         Filter: ((n_name = 'GERMANY'::bpchar) OR (n_name = 'UNITED STATES'::bpchar))
                                                         Rows Removed by Filter: 23
                                       ->  Index Scan using idx_orders_custkey on orders  (cost=0.43..1.53 rows=17 width=8) (actual time=0.016..0.123 rows=10 loops=11891)
                                             Index Cond: (o_custkey = customer.c_custkey)
                                 ->  Index Scan using lineitem_pkey on lineitem  (cost=0.43..1.11 rows=5 width=24) (actual time=0.030..0.031 rows=1 loops=119645)
                                       Index Cond: (l_orderkey = orders.o_orderkey)
                                       Filter: ((l_shipdate >= '1993-01-01'::date) AND (l_shipdate <= '1994-12-31'::date))
                                       Rows Removed by Filter: 3
                           ->  Hash  (cost=354.10..354.10 rows=800 width=108) (actual time=5.702..5.702 rows=789 loops=3)
                                 Buckets: 1024  Batches: 1  Memory Usage: 56kB
                                 ->  Hash Join  (cost=1.40..354.10 rows=800 width=108) (actual time=0.113..5.311 rows=789 loops=3)
                                       Hash Cond: (supplier.s_nationkey = n1.n_nationkey)
                                       ->  Seq Scan on supplier  (cost=0.00..322.00 rows=10000 width=8) (actual time=0.025..3.538 rows=10000 loops=3)
                                       ->  Hash  (cost=1.38..1.38 rows=2 width=108) (actual time=0.027..0.027 rows=2 loops=3)
                                             Buckets: 1024  Batches: 1  Memory Usage: 9kB
                                             ->  Seq Scan on nation n1  (cost=0.00..1.38 rows=2 width=108) (actual time=0.011..0.017 rows=2 loops=3)
                                                   Filter: ((n_name = 'UNITED STATES'::bpchar) OR (n_name = 'GERMANY'::bpchar))
                                                   Rows Removed by Filter: 23
 Planning Time: 5.442 ms
 Execution Time: 1879.133 ms
(44 rows)

execute /home/pei/Project/benchmarks/JCC-H/out/skinner_explained/8.sql_explained.sql
SET
                                                                                QUERY PLAN                                                                                
--------------------------------------------------------------------------------------------------------------------------------------------------------------------------
 Finalize GroupAggregate  (cost=77405.33..77756.97 rows=2395 width=40) (actual time=32.399..32.400 rows=0 loops=1)
   Group Key: (date_part('year'::text, (orders.o_orderdate)::timestamp without time zone))
   ->  Gather Merge  (cost=77405.33..77678.13 rows=1996 width=72) (actual time=32.398..33.587 rows=0 loops=1)
         Workers Planned: 2
         Workers Launched: 2
         ->  Partial GroupAggregate  (cost=76405.31..76447.72 rows=998 width=72) (actual time=25.047..25.047 rows=0 loops=3)
               Group Key: (date_part('year'::text, (orders.o_orderdate)::timestamp without time zone))
               ->  Sort  (cost=76405.31..76407.80 rows=998 width=124) (actual time=25.047..25.047 rows=0 loops=3)
                     Sort Key: (date_part('year'::text, (orders.o_orderdate)::timestamp without time zone))
                     Sort Method: quicksort  Memory: 25kB
                     Worker 0:  Sort Method: quicksort  Memory: 25kB
                     Worker 1:  Sort Method: quicksort  Memory: 25kB
                     ->  Hash Join  (cost=5.59..76355.59 rows=998 width=124) (actual time=24.973..24.974 rows=0 loops=3)
                           Hash Cond: (supplier.s_nationkey = n2.n_nationkey)
                           ->  Nested Loop  (cost=4.03..76345.97 rows=998 width=20) (actual time=24.834..24.835 rows=0 loops=3)
                                 ->  Hash Join  (cost=3.74..76042.70 rows=1002 width=20) (actual time=24.834..24.834 rows=0 loops=3)
                                       Hash Cond: (customer.c_nationkey = n1.n_nationkey)
                                       ->  Nested Loop  (cost=1.28..76011.43 rows=5010 width=24) (actual time=24.834..24.834 rows=0 loops=3)
                                             ->  Nested Loop  (cost=0.86..73643.02 rows=5010 width=24) (actual time=24.833..24.833 rows=0 loops=3)
                                                   ->  Nested Loop  (cost=0.43..65860.85 rows=16553 width=20) (actual time=24.833..24.833 rows=0 loops=3)
                                                         ->  Parallel Seq Scan on part  (cost=0.00..5138.67 rows=552 width=4) (actual time=24.833..24.833 rows=0 loops=3)
                                                               Filter: ((p_type)::text = 'SHINY MINED GOLD'::text)
                                                               Rows Removed by Filter: 66667
                                                         ->  Index Scan using idx_lineitem_part_supp on lineitem  (cost=0.43..109.69 rows=31 width=24) (never executed)
                                                               Index Cond: (l_partkey = part.p_partkey)
                                                   ->  Index Scan using orders_pkey on orders  (cost=0.43..0.47 rows=1 width=12) (never executed)
                                                         Index Cond: (o_orderkey = lineitem.l_orderkey)
                                                         Filter: ((o_orderdate >= '1993-01-01'::date) AND (o_orderdate <= '1994-12-31'::date))
                                             ->  Index Scan using customer_pkey on customer  (cost=0.42..0.47 rows=1 width=8) (never executed)
                                                   Index Cond: (c_custkey = orders.o_custkey)
                                       ->  Hash  (cost=2.40..2.40 rows=5 width=4) (never executed)
                                             ->  Hash Join  (cost=1.07..2.40 rows=5 width=4) (never executed)
                                                   Hash Cond: (n1.n_regionkey = region.r_regionkey)
                                                   ->  Seq Scan on nation n1  (cost=0.00..1.25 rows=25 width=8) (never executed)
                                                   ->  Hash  (cost=1.06..1.06 rows=1 width=4) (never executed)
                                                         ->  Seq Scan on region  (cost=0.00..1.06 rows=1 width=4) (never executed)
                                                               Filter: (r_name = 'MIDDLE EAST'::bpchar)
                                 ->  Index Scan using supplier_pkey on supplier  (cost=0.29..0.30 rows=1 width=8) (never executed)
                                       Index Cond: (s_suppkey = lineitem.l_suppkey)
                           ->  Hash  (cost=1.25..1.25 rows=25 width=108) (actual time=0.065..0.066 rows=25 loops=3)
                                 Buckets: 1024  Batches: 1  Memory Usage: 10kB
                                 ->  Seq Scan on nation n2  (cost=0.00..1.25 rows=25 width=108) (actual time=0.032..0.037 rows=25 loops=3)
 Planning Time: 7.913 ms
 Execution Time: 34.253 ms
(44 rows)

execute /home/pei/Project/benchmarks/JCC-H/out/skinner_explained/9.sql_explained.sql
SET
                                                                            QUERY PLAN                                                                            
------------------------------------------------------------------------------------------------------------------------------------------------------------------
 Finalize GroupAggregate  (cost=6382.26..6464.52 rows=598 width=144) (actual time=39.177..39.177 rows=0 loops=1)
   Group Key: nation.n_name, (date_part('year'::text, (orders.o_orderdate)::timestamp without time zone))
   ->  Gather Merge  (cost=6382.26..6449.07 rows=498 width=144) (actual time=39.176..40.375 rows=0 loops=1)
         Workers Planned: 2
         Workers Launched: 2
         ->  Partial GroupAggregate  (cost=5382.23..5391.57 rows=249 width=144) (actual time=32.475..32.475 rows=0 loops=3)
               Group Key: nation.n_name, (date_part('year'::text, (orders.o_orderdate)::timestamp without time zone))
               ->  Sort  (cost=5382.23..5382.85 rows=249 width=135) (actual time=32.474..32.474 rows=0 loops=3)
                     Sort Key: nation.n_name, (date_part('year'::text, (orders.o_orderdate)::timestamp without time zone)) DESC
                     Sort Method: quicksort  Memory: 25kB
                     Worker 0:  Sort Method: quicksort  Memory: 25kB
                     Worker 1:  Sort Method: quicksort  Memory: 25kB
                     ->  Nested Loop  (cost=3.13..5372.32 rows=249 width=135) (actual time=32.393..32.393 rows=0 loops=3)
                           ->  Nested Loop  (cost=2.71..5255.26 rows=249 width=131) (actual time=32.392..32.392 rows=0 loops=3)
                                 Join Filter: (supplier.s_suppkey = lineitem.l_suppkey)
                                 ->  Hash Join  (cost=2.27..5218.63 rows=33 width=126) (actual time=32.392..32.392 rows=0 loops=3)
                                       Hash Cond: (supplier.s_nationkey = nation.n_nationkey)
                                       ->  Nested Loop  (cost=0.71..5216.97 rows=33 width=26) (actual time=32.391..32.391 rows=0 loops=3)
                                             ->  Nested Loop  (cost=0.42..5206.95 rows=33 width=18) (actual time=32.391..32.391 rows=0 loops=3)
                                                   ->  Parallel Seq Scan on part  (cost=0.00..5138.67 rows=8 width=4) (actual time=32.391..32.391 rows=0 loops=3)
                                                         Filter: ((p_name)::text ~~ '%shiny mined gold%'::text)
                                                         Rows Removed by Filter: 66667
                                                   ->  Index Scan using idx_partsupp_partkey on partsupp  (cost=0.42..8.50 rows=4 width=14) (never executed)
                                                         Index Cond: (ps_partkey = part.p_partkey)
                                             ->  Index Scan using supplier_pkey on supplier  (cost=0.29..0.30 rows=1 width=8) (never executed)
                                                   Index Cond: (s_suppkey = partsupp.ps_suppkey)
                                       ->  Hash  (cost=1.25..1.25 rows=25 width=108) (never executed)
                                             ->  Seq Scan on nation  (cost=0.00..1.25 rows=25 width=108) (never executed)
                                 ->  Index Scan using idx_lineitem_part_supp on lineitem  (cost=0.43..1.10 rows=1 width=29) (never executed)
                                       Index Cond: ((l_partkey = partsupp.ps_partkey) AND (l_suppkey = partsupp.ps_suppkey))
                           ->  Index Scan using orders_pkey on orders  (cost=0.43..0.47 rows=1 width=8) (never executed)
                                 Index Cond: (o_orderkey = lineitem.l_orderkey)
 Planning Time: 7.866 ms
 Execution Time: 40.931 ms
(34 rows)

execute /home/pei/Project/benchmarks/JCC-H/out/skinner_explained/10.sql_explained.sql
SET
                                                                                     QUERY PLAN                                                                                     
------------------------------------------------------------------------------------------------------------------------------------------------------------------------------------
 Sort  (cost=21298.42..21302.97 rows=1819 width=280) (actual time=109.492..109.609 rows=1584 loops=1)
   Sort Key: (sum((lineitem.l_extendedprice * ('1'::numeric - lineitem.l_discount)))) DESC
   Sort Method: quicksort  Memory: 469kB
   ->  Finalize GroupAggregate  (cost=21016.69..21199.93 rows=1819 width=280) (actual time=101.350..107.386 rows=1584 loops=1)
         Group Key: customer.c_custkey, nation.n_name
         ->  Gather Merge  (cost=21016.69..21166.49 rows=1070 width=280) (actual time=101.328..104.907 rows=1592 loops=1)
               Workers Planned: 1
               Workers Launched: 1
               ->  Partial GroupAggregate  (cost=20016.68..20046.11 rows=1070 width=280) (actual time=96.305..98.857 rows=796 loops=2)
                     Group Key: customer.c_custkey, nation.n_name
                     ->  Sort  (cost=20016.68..20019.36 rows=1070 width=260) (actual time=96.284..96.435 rows=1859 loops=2)
                           Sort Key: customer.c_custkey, nation.n_name
                           Sort Method: quicksort  Memory: 546kB
                           Worker 0:  Sort Method: quicksort  Memory: 542kB
                           ->  Hash Join  (cost=45.88..19962.84 rows=1070 width=260) (actual time=1.395..93.251 rows=1859 loops=2)
                                 Hash Cond: (customer.c_nationkey = nation.n_nationkey)
                                 ->  Nested Loop  (cost=44.31..19957.99 rows=1070 width=160) (actual time=1.283..91.725 rows=1859 loops=2)
                                       ->  Nested Loop  (cost=43.89..15136.11 rows=1070 width=16) (actual time=1.194..65.265 rows=1859 loops=2)
                                             ->  Parallel Bitmap Heap Scan on orders  (cost=43.46..5824.69 rows=1092 width=8) (actual time=1.080..22.258 rows=940 loops=2)
                                                   Recheck Cond: ((o_orderdate >= '1992-05-26'::date) AND (o_orderdate < '1992-05-29'::date))
                                                   Heap Blocks: exact=939
                                                   ->  Bitmap Index Scan on idx_orders_orderdate  (cost=0.00..43.00 rows=1857 width=0) (actual time=1.733..1.733 rows=1879 loops=1)
                                                         Index Cond: ((o_orderdate >= '1992-05-26'::date) AND (o_orderdate < '1992-05-29'::date))
                                             ->  Index Scan using idx_lineitem_orderkey on lineitem  (cost=0.43..8.49 rows=4 width=16) (actual time=0.041..0.044 rows=2 loops=1879)
                                                   Index Cond: (l_orderkey = orders.o_orderkey)
                                                   Filter: (l_returnflag = 'R'::bpchar)
                                                   Rows Removed by Filter: 2
                                       ->  Index Scan using customer_pkey on customer  (cost=0.42..4.51 rows=1 width=148) (actual time=0.013..0.013 rows=1 loops=3718)
                                             Index Cond: (c_custkey = orders.o_custkey)
                                 ->  Hash  (cost=1.25..1.25 rows=25 width=108) (actual time=0.051..0.051 rows=25 loops=2)
                                       Buckets: 1024  Batches: 1  Memory Usage: 10kB
                                       ->  Seq Scan on nation  (cost=0.00..1.25 rows=25 width=108) (actual time=0.022..0.027 rows=25 loops=2)
 Planning Time: 3.230 ms
 Execution Time: 110.607 ms
(34 rows)

execute /home/pei/Project/benchmarks/JCC-H/out/skinner_explained/11.sql_explained.sql
SET
                                                                            QUERY PLAN                                                                             
-------------------------------------------------------------------------------------------------------------------------------------------------------------------
 Sort  (cost=13433.18..13459.84 rows=10667 width=36) (actual time=458.520..458.578 rows=869 loops=1)
   Sort Key: (sum((partsupp.ps_supplycost * (partsupp.ps_availqty)::numeric))) DESC
   Sort Method: quicksort  Memory: 65kB
   InitPlan 1 (returns $2)
     ->  Aggregate  (cost=4682.49..4682.50 rows=1 width=32) (actual time=126.508..126.508 rows=1 loops=1)
           ->  Nested Loop  (cost=11.81..4442.48 rows=32000 width=10) (actual time=0.150..106.003 rows=32560 loops=1)
                 ->  Nested Loop  (cost=11.38..248.58 rows=400 width=4) (actual time=0.109..3.587 rows=407 loops=1)
                       ->  Seq Scan on nation nation_1  (cost=0.00..1.31 rows=1 width=4) (actual time=0.015..0.020 rows=1 loops=1)
                             Filter: (n_name = 'CHINA'::bpchar)
                             Rows Removed by Filter: 24
                       ->  Bitmap Heap Scan on supplier supplier_1  (cost=11.38..243.27 rows=400 width=8) (actual time=0.086..3.405 rows=407 loops=1)
                             Recheck Cond: (s_nationkey = nation_1.n_nationkey)
                             Heap Blocks: exact=186
                             ->  Bitmap Index Scan on idx_supplier_nation_key  (cost=0.00..11.29 rows=400 width=0) (actual time=0.064..0.064 rows=407 loops=1)
                                   Index Cond: (s_nationkey = nation_1.n_nationkey)
                 ->  Index Scan using idx_partsupp_suppkey on partsupp partsupp_1  (cost=0.42..9.68 rows=80 width=14) (actual time=0.017..0.231 rows=80 loops=407)
                       Index Cond: (ps_suppkey = supplier_1.s_suppkey)
   ->  GroupAggregate  (cost=6837.01..8037.01 rows=10667 width=36) (actual time=420.936..458.025 rows=869 loops=1)
         Group Key: partsupp.ps_partkey
         Filter: (sum((partsupp.ps_supplycost * (partsupp.ps_availqty)::numeric)) > $2)
         Rows Removed by Filter: 29770
         ->  Sort  (cost=6837.01..6917.01 rows=32000 width=14) (actual time=294.373..296.777 rows=32560 loops=1)
               Sort Key: partsupp.ps_partkey
               Sort Method: quicksort  Memory: 2295kB
               ->  Nested Loop  (cost=11.81..4442.48 rows=32000 width=14) (actual time=0.207..267.450 rows=32560 loops=1)
                     ->  Nested Loop  (cost=11.38..248.58 rows=400 width=4) (actual time=0.162..4.069 rows=407 loops=1)
                           ->  Seq Scan on nation  (cost=0.00..1.31 rows=1 width=4) (actual time=0.016..0.020 rows=1 loops=1)
                                 Filter: (n_name = 'CHINA'::bpchar)
                                 Rows Removed by Filter: 24
                           ->  Bitmap Heap Scan on supplier  (cost=11.38..243.27 rows=400 width=8) (actual time=0.140..3.890 rows=407 loops=1)
                                 Recheck Cond: (s_nationkey = nation.n_nationkey)
                                 Heap Blocks: exact=186
                                 ->  Bitmap Index Scan on idx_supplier_nation_key  (cost=0.00..11.29 rows=400 width=0) (actual time=0.108..0.108 rows=407 loops=1)
                                       Index Cond: (s_nationkey = nation.n_nationkey)
                     ->  Index Scan using idx_partsupp_suppkey on partsupp  (cost=0.42..9.68 rows=80 width=18) (actual time=0.025..0.613 rows=80 loops=407)
                           Index Cond: (ps_suppkey = supplier.s_suppkey)
 Planning Time: 2.474 ms
 Execution Time: 459.318 ms
(38 rows)

execute /home/pei/Project/benchmarks/JCC-H/out/skinner_explained/12.sql_explained.sql
SET
                                                                                                                                       QUERY PLAN                                                                                                                                       
----------------------------------------------------------------------------------------------------------------------------------------------------------------------------------------------------------------------------------------------------------------------------------------
 Finalize GroupAggregate  (cost=209360.10..209599.26 rows=7 width=27) (actual time=1320.458..1320.460 rows=2 loops=1)
   Group Key: lineitem.l_shipmode
   ->  Gather Merge  (cost=209360.10..209599.08 rows=14 width=27) (actual time=1318.022..1322.047 rows=6 loops=1)
         Workers Planned: 2
         Workers Launched: 2
         ->  Partial GroupAggregate  (cost=208360.07..208597.44 rows=7 width=27) (actual time=1311.744..1314.143 rows=2 loops=3)
               Group Key: lineitem.l_shipmode
               ->  Sort  (cost=208360.07..208389.74 rows=11865 width=27) (actual time=1309.260..1309.912 rows=10341 loops=3)
                     Sort Key: lineitem.l_shipmode
                     Sort Method: quicksort  Memory: 1188kB
                     Worker 0:  Sort Method: quicksort  Memory: 1197kB
                     Worker 1:  Sort Method: quicksort  Memory: 1192kB
                     ->  Parallel Hash Join  (cost=168912.70..207557.14 rows=11865 width=27) (actual time=1060.260..1300.481 rows=10341 loops=3)
                           Hash Cond: (orders.o_orderkey = lineitem.l_orderkey)
                           ->  Parallel Seq Scan on orders  (cost=0.00..32345.00 rows=625000 width=20) (actual time=0.038..148.390 rows=500000 loops=3)
                           ->  Parallel Hash  (cost=168764.39..168764.39 rows=11865 width=15) (actual time=1059.400..1059.400 rows=10341 loops=3)
                                 Buckets: 32768  Batches: 1  Memory Usage: 1760kB
                                 ->  Parallel Seq Scan on lineitem  (cost=0.00..168764.39 rows=11865 width=15) (actual time=0.169..1047.480 rows=10341 loops=3)
                                       Filter: ((l_shipmode = ANY ('{"REG AIR",FOB}'::bpchar[])) AND (l_commitdate < l_receiptdate) AND (l_shipdate < l_commitdate) AND (l_receiptdate >= '1993-01-01'::date) AND (l_receiptdate < '1994-01-01 00:00:00'::timestamp without time zone))
                                       Rows Removed by Filter: 1990064
 Planning Time: 2.164 ms
 Execution Time: 1322.471 ms
(22 rows)

execute /home/pei/Project/benchmarks/JCC-H/out/skinner_explained/13.sql_explained.sql
SET
                                                                                      QUERY PLAN                                                                                      
--------------------------------------------------------------------------------------------------------------------------------------------------------------------------------------
 Sort  (cost=161053.73..161054.23 rows=200 width=16) (actual time=4938.606..4938.608 rows=42 loops=1)
   Sort Key: (count(*)) DESC, (count(orders.o_orderkey)) DESC
   Sort Method: quicksort  Memory: 26kB
   ->  HashAggregate  (cost=161044.09..161046.09 rows=200 width=16) (actual time=4938.522..4938.531 rows=42 loops=1)
         Group Key: count(orders.o_orderkey)
         ->  Finalize GroupAggregate  (cost=1000.87..158794.09 rows=150000 width=12) (actual time=9.665..4878.688 rows=150000 loops=1)
               Group Key: customer.c_custkey
               ->  Gather Merge  (cost=1000.87..155794.09 rows=300000 width=12) (actual time=9.456..4784.719 rows=150000 loops=1)
                     Workers Planned: 2
                     Workers Launched: 2
                     ->  Partial GroupAggregate  (cost=0.85..120166.62 rows=150000 width=12) (actual time=0.442..4004.122 rows=50000 loops=3)
                           Group Key: customer.c_custkey
                           ->  Nested Loop Left Join  (cost=0.85..115573.18 rows=618687 width=8) (actual time=0.176..3800.263 rows=511342 loops=3)
                                 ->  Parallel Index Only Scan using customer_pkey on customer  (cost=0.42..6619.43 rows=62500 width=4) (actual time=0.072..51.341 rows=50000 loops=3)
                                       Heap Fetches: 150000
                                 ->  Index Scan using idx_orders_custkey on orders  (cost=0.43..1.57 rows=17 width=8) (actual time=0.008..0.072 rows=10 loops=150000)
                                       Index Cond: (o_custkey = customer.c_custkey)
                                       Filter: ((o_comment)::text !~~ '%express%deposits%'::text)
                                       Rows Removed by Filter: 0
 Planning Time: 2.104 ms
 Execution Time: 4939.151 ms
(21 rows)

execute /home/pei/Project/benchmarks/JCC-H/out/skinner_explained/14.sql_explained.sql
SET
                                                                               QUERY PLAN                                                                                
-------------------------------------------------------------------------------------------------------------------------------------------------------------------------
 Finalize Aggregate  (cost=118266.17..118266.18 rows=1 width=32) (actual time=496.422..496.422 rows=1 loops=1)
   ->  Gather  (cost=118265.93..118266.14 rows=2 width=64) (actual time=495.021..501.341 rows=3 loops=1)
         Workers Planned: 2
         Workers Launched: 2
         ->  Partial Aggregate  (cost=117265.93..117265.94 rows=1 width=64) (actual time=488.448..488.448 rows=1 loops=3)
               ->  Parallel Hash Join  (cost=110065.79..116694.64 rows=32645 width=33) (actual time=422.859..470.006 rows=25967 loops=3)
                     Hash Cond: (part.p_partkey = lineitem.l_partkey)
                     ->  Parallel Seq Scan on part  (cost=0.00..4930.33 rows=83333 width=25) (actual time=0.097..22.793 rows=66667 loops=3)
                     ->  Parallel Hash  (cost=109657.73..109657.73 rows=32645 width=16) (actual time=421.406..421.406 rows=25967 loops=3)
                           Buckets: 131072  Batches: 1  Memory Usage: 5184kB
                           ->  Parallel Bitmap Heap Scan on lineitem  (cost=2015.50..109657.73 rows=32645 width=16) (actual time=32.157..395.239 rows=25967 loops=3)
                                 Recheck Cond: ((l_shipdate >= '1995-05-01'::date) AND (l_shipdate < '1995-06-01 00:00:00'::timestamp without time zone))
                                 Heap Blocks: exact=14863
                                 ->  Bitmap Index Scan on idx_lineitem_shipdate  (cost=0.00..1995.91 rows=78348 width=0) (actual time=26.445..26.445 rows=77900 loops=1)
                                       Index Cond: ((l_shipdate >= '1995-05-01'::date) AND (l_shipdate < '1995-06-01 00:00:00'::timestamp without time zone))
 Planning Time: 2.454 ms
 Execution Time: 501.654 ms
(17 rows)

execute /home/pei/Project/benchmarks/JCC-H/out/skinner_explained/15.sql_explained.sql
SET
CREATE VIEW
                                                                                       QUERY PLAN                                                                                       
----------------------------------------------------------------------------------------------------------------------------------------------------------------------------------------
 Nested Loop  (cost=299146.69..302223.56 rows=50 width=103) (actual time=1947.964..1961.256 rows=1 loops=1)
   InitPlan 1 (returns $1)
     ->  Aggregate  (cost=150945.41..150945.42 rows=1 width=32) (actual time=962.979..962.979 rows=1 loops=1)
           ->  Finalize GroupAggregate  (cost=148200.98..150819.91 rows=10040 width=36) (actual time=929.315..961.820 rows=10000 loops=1)
                 Group Key: lineitem_1.l_suppkey
                 ->  Gather Merge  (cost=148200.98..150543.81 rows=20080 width=36) (actual time=929.303..940.125 rows=29989 loops=1)
                       Workers Planned: 2
                       Workers Launched: 2
                       ->  Sort  (cost=147200.96..147226.06 rows=10040 width=36) (actual time=921.385..922.255 rows=9996 loops=3)
                             Sort Key: lineitem_1.l_suppkey
                             Sort Method: quicksort  Memory: 1166kB
                             Worker 0:  Sort Method: quicksort  Memory: 1165kB
                             Worker 1:  Sort Method: quicksort  Memory: 1166kB
                             ->  Partial HashAggregate  (cost=146408.13..146533.63 rows=10040 width=36) (actual time=909.519..915.313 rows=9996 loops=3)
                                   Group Key: lineitem_1.l_suppkey
                                   ->  Parallel Bitmap Heap Scan on lineitem lineitem_1  (cost=5705.45..145482.51 rows=92562 width=16) (actual time=60.629..782.311 rows=75898 loops=3)
                                         Recheck Cond: ((l_shipdate >= '1993-05-01'::date) AND (l_shipdate < '1993-08-01 00:00:00'::timestamp without time zone))
                                         Rows Removed by Index Recheck: 552534
                                         Heap Blocks: exact=11773 lossy=11740
                                         ->  Bitmap Index Scan on idx_lineitem_shipdate  (cost=0.00..5649.91 rows=222148 width=0) (actual time=60.567..60.567 rows=227694 loops=1)
                                               Index Cond: ((l_shipdate >= '1993-05-01'::date) AND (l_shipdate < '1993-08-01 00:00:00'::timestamp without time zone))
   ->  Finalize GroupAggregate  (cost=148200.98..150970.51 rows=50 width=36) (actual time=1947.911..1961.203 rows=1 loops=1)
         Group Key: lineitem.l_suppkey
         Filter: (sum((lineitem.l_extendedprice * ('1'::numeric - lineitem.l_discount))) = $1)
         Rows Removed by Filter: 9999
         ->  Gather Merge  (cost=148200.98..150543.81 rows=20080 width=36) (actual time=965.666..977.622 rows=29989 loops=1)
               Workers Planned: 2
               Workers Launched: 2
               ->  Sort  (cost=147200.96..147226.06 rows=10040 width=36) (actual time=958.054..959.184 rows=9996 loops=3)
                     Sort Key: lineitem.l_suppkey
                     Sort Method: quicksort  Memory: 1165kB
                     Worker 0:  Sort Method: quicksort  Memory: 1166kB
                     Worker 1:  Sort Method: quicksort  Memory: 1166kB
                     ->  Partial HashAggregate  (cost=146408.13..146533.63 rows=10040 width=36) (actual time=946.089..951.930 rows=9996 loops=3)
                           Group Key: lineitem.l_suppkey
                           ->  Parallel Bitmap Heap Scan on lineitem  (cost=5705.45..145482.51 rows=92562 width=16) (actual time=66.077..817.471 rows=75898 loops=3)
                                 Recheck Cond: ((l_shipdate >= '1993-05-01'::date) AND (l_shipdate < '1993-08-01 00:00:00'::timestamp without time zone))
                                 Rows Removed by Index Recheck: 552534
                                 Heap Blocks: exact=11510 lossy=11312
                                 ->  Bitmap Index Scan on idx_lineitem_shipdate  (cost=0.00..5649.91 rows=222148 width=0) (actual time=65.137..65.137 rows=227694 loops=1)
                                       Index Cond: ((l_shipdate >= '1993-05-01'::date) AND (l_shipdate < '1993-08-01 00:00:00'::timestamp without time zone))
   ->  Index Scan using supplier_pkey on supplier  (cost=0.29..6.14 rows=1 width=71) (actual time=0.049..0.049 rows=1 loops=1)
         Index Cond: (s_suppkey = lineitem.l_suppkey)
 Planning Time: 2.492 ms
 Execution Time: 1969.312 ms
(45 rows)

DROP VIEW
execute /home/pei/Project/benchmarks/JCC-H/out/skinner_explained/16.sql_explained.sql
SET
                                                                                         QUERY PLAN                                                                                          
---------------------------------------------------------------------------------------------------------------------------------------------------------------------------------------------
 Sort  (cost=42566.75..42606.95 rows=16081 width=44) (actual time=883.921..885.095 rows=18337 loops=1)
   Sort Key: (count(DISTINCT partsupp.ps_suppkey)) DESC, part.p_brand, part.p_type, part.p_size
   Sort Method: quicksort  Memory: 2217kB
   ->  GroupAggregate  (cost=40530.46..41443.25 rows=16081 width=44) (actual time=677.490..803.439 rows=18337 loops=1)
         Group Key: part.p_brand, part.p_type, part.p_size
         ->  Sort  (cost=40530.46..40680.86 rows=60158 width=40) (actual time=677.466..743.114 rows=119466 loops=1)
               Sort Key: part.p_brand, part.p_type, part.p_size
               Sort Method: external merge  Disk: 6104kB
               ->  Gather  (cost=7684.00..35754.98 rows=60158 width=40) (actual time=61.552..250.667 rows=119466 loops=1)
                     Workers Planned: 2
                     Workers Launched: 2
                     ->  Parallel Hash Join  (cost=6684.00..28739.18 rows=25066 width=40) (actual time=55.251..235.608 rows=39822 loops=3)
                           Hash Cond: (partsupp.ps_partkey = part.p_partkey)
                           ->  Parallel Seq Scan on partsupp  (cost=347.00..21964.67 rows=166667 width=8) (actual time=8.410..141.340 rows=266560 loops=3)
                                 Filter: (NOT (hashed SubPlan 1))
                                 Rows Removed by Filter: 107
                                 SubPlan 1
                                   ->  Seq Scan on supplier  (cost=0.00..347.00 rows=1 width=4) (actual time=0.292..8.348 rows=4 loops=3)
                                         Filter: ((s_comment)::text ~~ '%Customer%Complaints%'::text)
                                         Rows Removed by Filter: 9996
                           ->  Parallel Hash  (cost=6180.33..6180.33 rows=12533 width=40) (actual time=46.112..46.117 rows=9959 loops=3)
                                 Buckets: 32768  Batches: 1  Memory Usage: 2560kB
                                 ->  Parallel Seq Scan on part  (cost=0.00..6180.33 rows=12533 width=40) (actual time=0.052..38.419 rows=9959 loops=3)
                                       Filter: ((p_brand <> 'Brand#21'::bpchar) AND ((p_type)::text !~~ 'LARGE BURNISHED%'::text) AND (p_size = ANY ('{26,35,38,45,10,37,8,1}'::integer[])))
                                       Rows Removed by Filter: 56707
 Planning Time: 2.729 ms
 Execution Time: 888.787 ms
(27 rows)

execute /home/pei/Project/benchmarks/JCC-H/out/skinner_explained/17.sql_explained.sql
SET
                                                                       QUERY PLAN                                                                       
--------------------------------------------------------------------------------------------------------------------------------------------------------
 Aggregate  (cost=195920.86..195920.87 rows=1 width=32) (actual time=2995.905..2995.905 rows=1 loops=1)
   ->  Hash Join  (cost=6370.96..195915.53 rows=2130 width=8) (actual time=36.144..2995.721 rows=570 loops=1)
         Hash Cond: (lineitem.l_partkey = part.p_partkey)
         Join Filter: (lineitem.l_quantity < (SubPlan 1))
         Rows Removed by Join Filter: 5714
         ->  Seq Scan on lineitem  (cost=0.00..172515.15 rows=6001215 width=17) (actual time=0.035..1666.077 rows=6001215 loops=1)
         ->  Hash  (cost=6368.30..6368.30 rows=213 width=4) (actual time=33.510..33.510 rows=207 loops=1)
               Buckets: 1024  Batches: 1  Memory Usage: 16kB
               ->  Gather  (cost=1000.00..6368.30 rows=213 width=4) (actual time=1.405..33.497 rows=207 loops=1)
                     Workers Planned: 2
                     Workers Launched: 2
                     ->  Parallel Seq Scan on part  (cost=0.00..5347.00 rows=89 width=4) (actual time=1.054..27.647 rows=69 loops=3)
                           Filter: ((p_brand = 'Brand#55'::bpchar) AND (p_container = 'LG BOX'::bpchar))
                           Rows Removed by Filter: 66598
         SubPlan 1
           ->  Aggregate  (cost=127.60..127.61 rows=1 width=32) (actual time=0.081..0.081 rows=1 loops=6284)
                 ->  Bitmap Heap Scan on lineitem lineitem_1  (cost=4.67..127.52 rows=31 width=5) (actual time=0.016..0.064 rows=31 loops=6284)
                       Recheck Cond: (l_partkey = part.p_partkey)
                       Heap Blocks: exact=196800
                       ->  Bitmap Index Scan on idx_lineitem_part_supp  (cost=0.00..4.67 rows=31 width=0) (actual time=0.010..0.010 rows=31 loops=6284)
                             Index Cond: (l_partkey = part.p_partkey)
 Planning Time: 1.900 ms
 Execution Time: 2996.375 ms
(23 rows)

execute /home/pei/Project/benchmarks/JCC-H/out/skinner_explained/18.sql_explained.sql
SET
                                                                                                        QUERY PLAN                                                                                                         
---------------------------------------------------------------------------------------------------------------------------------------------------------------------------------------------------------------------------
 Sort  (cost=599988.69..601302.86 rows=525670 width=71) (actual time=8199.357..8199.357 rows=0 loops=1)
   Sort Key: orders.o_totalprice DESC, orders.o_orderdate
   Sort Method: quicksort  Memory: 25kB
   ->  Finalize GroupAggregate  (cost=462034.19..528476.56 rows=525670 width=71) (actual time=8199.301..8199.301 rows=0 loops=1)
         Group Key: customer.c_custkey, orders.o_orderkey
         ->  Gather Merge  (cost=462034.19..517525.10 rows=438058 width=71) (actual time=8199.300..8205.090 rows=0 loops=1)
               Workers Planned: 2
               Workers Launched: 2
               ->  Partial GroupAggregate  (cost=461034.16..465962.32 rows=219029 width=71) (actual time=8192.033..8192.033 rows=0 loops=3)
                     Group Key: customer.c_custkey, orders.o_orderkey
                     ->  Sort  (cost=461034.16..461581.74 rows=219029 width=44) (actual time=8192.032..8192.032 rows=0 loops=3)
                           Sort Key: customer.c_custkey, orders.o_orderkey
                           Sort Method: quicksort  Memory: 25kB
                           Worker 0:  Sort Method: quicksort  Memory: 25kB
                           Worker 1:  Sort Method: quicksort  Memory: 25kB
                           ->  Nested Loop  (cost=327808.40..434864.46 rows=219029 width=44) (actual time=8191.968..8191.968 rows=0 loops=3)
                                 ->  Parallel Hash Join  (cost=327807.97..369777.30 rows=54746 width=43) (actual time=8191.967..8191.968 rows=0 loops=3)
                                       Hash Cond: (orders.o_custkey = customer.c_custkey)
                                       ->  Hash Join  (cost=322816.72..364642.34 rows=54746 width=24) (actual time=8126.791..8126.791 rows=0 loops=3)
                                             Hash Cond: (orders.o_orderkey = lineitem_1.l_orderkey)
                                             ->  Parallel Seq Scan on orders  (cost=0.00..32345.00 rows=625000 width=20) (actual time=0.053..0.053 rows=1 loops=3)
                                             ->  Hash  (cost=320660.33..320660.33 rows=131391 width=4) (actual time=8124.522..8124.522 rows=0 loops=3)
                                                   Buckets: 131072  Batches: 2  Memory Usage: 1024kB
                                                   ->  GroupAggregate  (cost=0.43..319346.42 rows=131391 width=4) (actual time=8124.520..8124.521 rows=0 loops=3)
                                                         Group Key: lineitem_1.l_orderkey
                                                         Filter: (sum(lineitem_1.l_quantity) > '814'::numeric)
                                                         Rows Removed by Filter: 1500000
                                                         ->  Index Scan using idx_lineitem_orderkey on lineitem lineitem_1  (cost=0.43..283427.74 rows=6001215 width=9) (actual time=0.036..6072.331 rows=6001215 loops=3)
                                                               Filter: (l_quantity <= '100'::numeric)
                                       ->  Parallel Hash  (cost=4210.00..4210.00 rows=62500 width=23) (actual time=62.914..62.915 rows=50000 loops=3)
                                             Buckets: 262144  Batches: 1  Memory Usage: 10304kB
                                             ->  Parallel Seq Scan on customer  (cost=0.00..4210.00 rows=62500 width=23) (actual time=0.034..31.713 rows=50000 loops=3)
                                 ->  Index Scan using lineitem_pkey on lineitem  (cost=0.43..1.04 rows=15 width=9) (never executed)
                                       Index Cond: (l_orderkey = orders.o_orderkey)
 Planning Time: 3.296 ms
 Execution Time: 8205.718 ms
(36 rows)

execute /home/pei/Project/benchmarks/JCC-H/out/skinner_explained/19.sql_explained.sql
SET
                                                                                                                                                                                                                                                                                                                                                                                                                                                                                                              QUERY PLAN                                                                                                                                                                                                                                                                                                                                                                                                                                                                                                              
--------------------------------------------------------------------------------------------------------------------------------------------------------------------------------------------------------------------------------------------------------------------------------------------------------------------------------------------------------------------------------------------------------------------------------------------------------------------------------------------------------------------------------------------------------------------------------------------------------------------------------------------------------------------------------------------------------------------------------------------------------------------------------------------------------------------------------------------------------------------------------------------------------------------------------------------------------------------------------------------------------------------------------------
 Finalize Aggregate  (cost=21574.99..21575.00 rows=1 width=32) (actual time=119.946..119.946 rows=1 loops=1)
   ->  Gather  (cost=21574.77..21574.98 rows=2 width=32) (actual time=119.499..123.756 rows=3 loops=1)
         Workers Planned: 2
         Workers Launched: 2
         ->  Partial Aggregate  (cost=20574.77..20574.78 rows=1 width=32) (actual time=112.504..112.505 rows=1 loops=3)
               ->  Nested Loop  (cost=4.65..20574.63 rows=18 width=12) (actual time=4.950..112.465 rows=14 loops=3)
                     ->  Parallel Seq Scan on part  (cost=0.00..7638.67 rows=103 width=30) (actual time=0.644..38.430 rows=80 loops=3)
                           Filter: ((p_size >= 1) AND (((p_brand = 'Brand#00'::bpchar) AND (p_container = ANY ('{"SM CASE","SM BOX","SM PACK","SM PKG"}'::bpchar[])) AND (p_size <= 5)) OR ((p_brand = 'Brand#00'::bpchar) AND (p_container = ANY ('{"MED BAG","MED BOX","MED PKG","MED PACK"}'::bpchar[])) AND (p_size <= 10)) OR ((p_brand = 'Brand#55'::bpchar) AND (p_container = ANY ('{"LG CASE","LG BOX","LG PACK","LG PKG"}'::bpchar[])) AND (p_size <= 15))))
                           Rows Removed by Filter: 66587
                     ->  Bitmap Heap Scan on lineitem  (cost=4.65..125.58 rows=1 width=21) (actual time=0.860..0.922 rows=0 loops=239)
                           Recheck Cond: (l_partkey = part.p_partkey)
                           Filter: ((l_shipmode = ANY ('{AIR,"AIR REG"}'::bpchar[])) AND (l_shipinstruct = 'DELIVER IN PERSON'::bpchar) AND (((l_quantity >= '1'::numeric) AND (l_quantity <= '11'::numeric)) OR ((l_quantity >= '17'::numeric) AND (l_quantity <= '27'::numeric)) OR ((l_quantity >= '43'::numeric) AND (l_quantity <= '53'::numeric))) AND (((part.p_brand = 'Brand#00'::bpchar) AND (part.p_container = ANY ('{"SM CASE","SM BOX","SM PACK","SM PKG"}'::bpchar[])) AND (l_quantity >= '1'::numeric) AND (l_quantity <= '11'::numeric) AND (part.p_size <= 5)) OR ((part.p_brand = 'Brand#00'::bpchar) AND (part.p_container = ANY ('{"MED BAG","MED BOX","MED PKG","MED PACK"}'::bpchar[])) AND (l_quantity >= '17'::numeric) AND (l_quantity <= '27'::numeric) AND (part.p_size <= 10)) OR ((part.p_brand = 'Brand#55'::bpchar) AND (part.p_container = ANY ('{"LG CASE","LG BOX","LG PACK","LG PKG"}'::bpchar[])) AND (l_quantity >= '43'::numeric) AND (l_quantity <= '53'::numeric) AND (part.p_size <= 15))))
                           Rows Removed by Filter: 30
                           Heap Blocks: exact=2544
                           ->  Bitmap Index Scan on idx_lineitem_part_supp  (cost=0.00..4.65 rows=31 width=0) (actual time=0.049..0.049 rows=30 loops=239)
                                 Index Cond: (l_partkey = part.p_partkey)
 Planning Time: 3.552 ms
 Execution Time: 124.091 ms
(18 rows)

execute /home/pei/Project/benchmarks/JCC-H/out/skinner_explained/1.sql_explained.sql
SET
psql:/home/pei/Project/benchmarks/JCC-H/out/skinner_explained/1.sql_explained.sql:29: ERROR:  syntax error at or near "("
LINE 15:  l_shipdate <= date '1998-12-01' - interval '108' day (3)
                                                               ^
execute /home/pei/Project/benchmarks/JCC-H/out/skinner_explained/20.sql_explained.sql
SET
                                                                            QUERY PLAN                                                                            
------------------------------------------------------------------------------------------------------------------------------------------------------------------
 Sort  (cost=7001.80..7001.81 rows=1 width=51) (actual time=30.791..30.791 rows=0 loops=1)
   Sort Key: supplier.s_name
   Sort Method: quicksort  Memory: 25kB
   ->  Hash Join  (cost=6990.84..7001.79 rows=1 width=51) (actual time=30.729..30.730 rows=0 loops=1)
         Hash Cond: (supplier.s_nationkey = nation.n_nationkey)
         ->  Nested Loop  (cost=6989.52..7000.39 rows=27 width=55) (actual time=30.631..30.631 rows=0 loops=1)
               ->  HashAggregate  (cost=6989.23..6989.50 rows=27 width=4) (actual time=30.630..30.630 rows=0 loops=1)
                     Group Key: partsupp.ps_suppkey
                     ->  Nested Loop  (cost=1000.42..6989.17 rows=27 width=4) (actual time=30.629..30.629 rows=0 loops=1)
                           ->  Gather  (cost=1000.00..6140.67 rows=20 width=4) (actual time=30.629..31.726 rows=0 loops=1)
                                 Workers Planned: 2
                                 Workers Launched: 2
                                 ->  Parallel Seq Scan on part  (cost=0.00..5138.67 rows=8 width=4) (actual time=24.961..24.961 rows=0 loops=3)
                                       Filter: ((p_name)::text ~~ 'shiny mined g%'::text)
                                       Rows Removed by Filter: 66667
                           ->  Index Scan using idx_partsupp_partkey on partsupp  (cost=0.42..42.41 rows=1 width=8) (never executed)
                                 Index Cond: (ps_partkey = part.p_partkey)
                                 Filter: ((ps_availqty)::numeric > (SubPlan 1))
                                 SubPlan 1
                                   ->  Aggregate  (cost=8.46..8.47 rows=1 width=32) (never executed)
                                         ->  Index Scan using idx_lineitem_part_supp on lineitem  (cost=0.43..8.46 rows=1 width=5) (never executed)
                                               Index Cond: ((l_partkey = partsupp.ps_partkey) AND (l_suppkey = partsupp.ps_suppkey))
                                               Filter: ((l_shipdate >= '1993-01-01'::date) AND (l_shipdate < '1994-01-01 00:00:00'::timestamp without time zone))
               ->  Index Scan using supplier_pkey on supplier  (cost=0.29..0.40 rows=1 width=59) (never executed)
                     Index Cond: (s_suppkey = partsupp.ps_suppkey)
         ->  Hash  (cost=1.31..1.31 rows=1 width=4) (actual time=0.055..0.055 rows=1 loops=1)
               Buckets: 1024  Batches: 1  Memory Usage: 9kB
               ->  Seq Scan on nation  (cost=0.00..1.31 rows=1 width=4) (actual time=0.034..0.036 rows=1 loops=1)
                     Filter: (n_name = 'MOROCCO'::bpchar)
                     Rows Removed by Filter: 24
 Planning Time: 3.514 ms
 Execution Time: 32.305 ms
(32 rows)

execute /home/pei/Project/benchmarks/JCC-H/out/skinner_explained/21.sql_explained.sql
SET
                                                                                           QUERY PLAN                                                                                            
-------------------------------------------------------------------------------------------------------------------------------------------------------------------------------------------------
 Sort  (cost=169890.75..169890.76 rows=1 width=34) (actual time=1929.797..1929.823 rows=415 loops=1)
   Sort Key: (count(*)) DESC, supplier.s_name
   Sort Method: quicksort  Memory: 57kB
   ->  GroupAggregate  (cost=169890.72..169890.74 rows=1 width=34) (actual time=1927.313..1928.432 rows=415 loops=1)
         Group Key: supplier.s_name
         ->  Sort  (cost=169890.72..169890.73 rows=1 width=26) (actual time=1927.303..1927.599 rows=4112 loops=1)
               Sort Key: supplier.s_name
               Sort Method: quicksort  Memory: 514kB
               ->  Nested Loop  (cost=1254.87..169890.71 rows=1 width=26) (actual time=7.273..1906.191 rows=4112 loops=1)
                     ->  Nested Loop Semi Join  (cost=1254.44..169890.20 rows=1 width=34) (actual time=7.202..1709.971 rows=8423 loops=1)
                           ->  Gather  (cost=1254.01..169889.19 rows=1 width=34) (actual time=7.167..1600.677 rows=14099 loops=1)
                                 Workers Planned: 2
                                 Workers Launched: 2
                                 ->  Nested Loop Anti Join  (cost=254.01..168889.09 rows=1 width=34) (actual time=3.923..1790.708 rows=4700 loops=3)
                                       ->  Hash Join  (cost=253.58..147470.61 rows=33207 width=34) (actual time=3.512..1126.194 rows=52665 loops=3)
                                             Hash Cond: (l1.l_suppkey = supplier.s_suppkey)
                                             ->  Parallel Seq Scan on lineitem l1  (cost=0.00..143759.33 rows=833502 width=8) (actual time=0.056..942.339 rows=1264432 loops=3)
                                                   Filter: (l_receiptdate > l_commitdate)
                                                   Rows Removed by Filter: 735973
                                             ->  Hash  (cost=248.58..248.58 rows=400 width=30) (actual time=3.252..3.252 rows=415 loops=3)
                                                   Buckets: 1024  Batches: 1  Memory Usage: 34kB
                                                   ->  Nested Loop  (cost=11.38..248.58 rows=400 width=30) (actual time=0.202..2.972 rows=415 loops=3)
                                                         ->  Seq Scan on nation  (cost=0.00..1.31 rows=1 width=4) (actual time=0.040..0.044 rows=1 loops=3)
                                                               Filter: (n_name = 'EGYPT'::bpchar)
                                                               Rows Removed by Filter: 24
                                                         ->  Bitmap Heap Scan on supplier  (cost=11.38..243.27 rows=400 width=34) (actual time=0.152..2.786 rows=415 loops=3)
                                                               Recheck Cond: (s_nationkey = nation.n_nationkey)
                                                               Heap Blocks: exact=183
                                                               ->  Bitmap Index Scan on idx_supplier_nation_key  (cost=0.00..11.29 rows=400 width=0) (actual time=0.114..0.114 rows=415 loops=3)
                                                                     Index Cond: (s_nationkey = nation.n_nationkey)
                                       ->  Index Scan using lineitem_pkey on lineitem l3  (cost=0.43..1.03 rows=5 width=8) (actual time=0.012..0.012 rows=1 loops=157994)
                                             Index Cond: (l_orderkey = l1.l_orderkey)
                                             Filter: ((l_receiptdate > l_commitdate) AND (l_suppkey <> l1.l_suppkey))
                                             Rows Removed by Filter: 1
                           ->  Index Scan using lineitem_pkey on lineitem l2  (cost=0.43..0.99 rows=15 width=8) (actual time=0.007..0.007 rows=1 loops=14099)
                                 Index Cond: (l_orderkey = l1.l_orderkey)
                                 Filter: (l_suppkey <> l1.l_suppkey)
                                 Rows Removed by Filter: 1
                     ->  Index Scan using orders_pkey on orders  (cost=0.43..0.51 rows=1 width=4) (actual time=0.023..0.023 rows=0 loops=8423)
                           Index Cond: (o_orderkey = l1.l_orderkey)
                           Filter: (o_orderstatus = 'F'::bpchar)
                           Rows Removed by Filter: 1
 Planning Time: 4.365 ms
 Execution Time: 1930.562 ms
(44 rows)

execute /home/pei/Project/benchmarks/JCC-H/out/skinner_explained/22.sql_explained.sql
SET
                                                                            QUERY PLAN                                                                             
-------------------------------------------------------------------------------------------------------------------------------------------------------------------
 Finalize GroupAggregate  (cost=15870.27..15965.73 rows=715 width=72) (actual time=175.791..175.795 rows=2 loops=1)
   Group Key: ("substring"((customer.c_phone)::text, 1, 2))
   InitPlan 1 (returns $1)
     ->  Finalize Aggregate  (cost=6230.80..6230.81 rows=1 width=32) (actual time=68.085..68.085 rows=1 loops=1)
           ->  Gather  (cost=6230.58..6230.79 rows=2 width=32) (actual time=67.952..68.249 rows=3 loops=1)
                 Workers Planned: 2
                 Workers Launched: 2
                 ->  Partial Aggregate  (cost=5230.58..5230.59 rows=1 width=32) (actual time=62.005..62.006 rows=1 loops=3)
                       ->  Parallel Seq Scan on customer customer_1  (cost=0.00..5225.62 rows=1981 width=6) (actual time=0.056..60.914 rows=3616 loops=3)
                             Filter: ((c_acctbal > 0.00) AND ("substring"((c_phone)::text, 1, 2) = ANY ('{40,50,60,70,80,27,20}'::text[])))
                             Rows Removed by Filter: 46384
   ->  Gather Merge  (cost=9639.46..9716.45 rows=596 width=72) (actual time=175.656..181.292 rows=6 loops=1)
         Workers Planned: 2
         Params Evaluated: $1
         Workers Launched: 2
         ->  Partial GroupAggregate  (cost=8639.43..8647.63 rows=298 width=72) (actual time=100.638..100.741 rows=2 loops=3)
               Group Key: ("substring"((customer.c_phone)::text, 1, 2))
               ->  Sort  (cost=8639.43..8640.18 rows=298 width=38) (actual time=100.523..100.561 rows=599 loops=3)
                     Sort Key: ("substring"((customer.c_phone)::text, 1, 2))
                     Sort Method: quicksort  Memory: 57kB
                     Worker 0:  Sort Method: quicksort  Memory: 52kB
                     Worker 1:  Sort Method: quicksort  Memory: 49kB
                     ->  Nested Loop Anti Join  (cost=0.43..8627.19 rows=298 width=38) (actual time=0.247..99.866 rows=599 loops=3)
                           ->  Parallel Seq Scan on customer  (cost=0.00..5225.62 rows=729 width=26) (actual time=0.019..44.368 rows=1806 loops=3)
                                 Filter: ((c_acctbal > $1) AND ("substring"((c_phone)::text, 1, 2) = ANY ('{40,50,60,70,80,27,20}'::text[])))
                                 Rows Removed by Filter: 48194
                           ->  Index Only Scan using idx_orders_custkey on orders  (cost=0.43..47.34 rows=17 width=4) (actual time=0.029..0.029 rows=1 loops=5418)
                                 Index Cond: (o_custkey = customer.c_custkey)
                                 Heap Fetches: 3622
 Planning Time: 2.729 ms
 Execution Time: 181.965 ms
(31 rows)

execute /home/pei/Project/benchmarks/JCC-H/out/skinner_explained/2.sql_explained.sql
SET
                                                                                QUERY PLAN                                                                                
--------------------------------------------------------------------------------------------------------------------------------------------------------------------------
 Sort  (cost=6532.22..6532.23 rows=1 width=270) (actual time=38.055..38.055 rows=0 loops=1)
   Sort Key: supplier.s_acctbal DESC, nation.n_name, supplier.s_name, part.p_partkey
   Sort Method: quicksort  Memory: 25kB
   ->  Nested Loop  (cost=1001.78..6532.21 rows=1 width=270) (actual time=37.950..37.950 rows=0 loops=1)
         Join Filter: (nation.n_nationkey = supplier.s_nationkey)
         ->  Nested Loop  (cost=1000.71..6529.75 rows=1 width=170) (actual time=37.950..37.950 rows=0 loops=1)
               ->  Nested Loop  (cost=1000.42..6529.45 rows=1 width=34) (actual time=37.950..37.950 rows=0 loops=1)
                     ->  Gather  (cost=1000.00..6347.10 rows=1 width=30) (actual time=37.949..38.980 rows=0 loops=1)
                           Workers Planned: 2
                           Workers Launched: 2
                           ->  Parallel Seq Scan on part  (cost=0.00..5347.00 rows=1 width=30) (actual time=32.297..32.297 rows=0 loops=3)
                                 Filter: (((p_type)::text ~~ '%INED GOLD'::text) AND (p_size = 1))
                                 Rows Removed by Filter: 66667
                     ->  Index Scan using idx_partsupp_partkey on partsupp  (cost=0.42..182.34 rows=1 width=14) (never executed)
                           Index Cond: (ps_partkey = part.p_partkey)
                           Filter: ((SubPlan 1) = ps_supplycost)
                           SubPlan 1
                             ->  Aggregate  (cost=43.45..43.46 rows=1 width=32) (never executed)
                                   ->  Nested Loop  (cost=0.85..43.45 rows=1 width=6) (never executed)
                                         Join Filter: (nation_1.n_regionkey = region_1.r_regionkey)
                                         ->  Seq Scan on region region_1  (cost=0.00..1.06 rows=1 width=4) (never executed)
                                               Filter: (r_name = 'AFRICA'::bpchar)
                                         ->  Nested Loop  (cost=0.85..42.33 rows=4 width=10) (never executed)
                                               ->  Nested Loop  (cost=0.71..41.71 rows=4 width=10) (never executed)
                                                     ->  Index Scan using idx_partsupp_partkey on partsupp partsupp_1  (cost=0.42..8.50 rows=4 width=10) (never executed)
                                                           Index Cond: (ps_partkey = part.p_partkey)
                                                     ->  Index Scan using supplier_pkey on supplier supplier_1  (cost=0.29..8.30 rows=1 width=8) (never executed)
                                                           Index Cond: (s_suppkey = partsupp_1.ps_suppkey)
                                               ->  Index Scan using nation_pkey on nation nation_1  (cost=0.14..0.16 rows=1 width=8) (never executed)
                                                     Index Cond: (n_nationkey = supplier_1.s_nationkey)
               ->  Index Scan using supplier_pkey on supplier  (cost=0.29..0.30 rows=1 width=144) (never executed)
                     Index Cond: (s_suppkey = partsupp.ps_suppkey)
         ->  Hash Join  (cost=1.07..2.40 rows=5 width=108) (never executed)
               Hash Cond: (nation.n_regionkey = region.r_regionkey)
               ->  Seq Scan on nation  (cost=0.00..1.25 rows=25 width=112) (never executed)
               ->  Hash  (cost=1.06..1.06 rows=1 width=4) (never executed)
                     ->  Seq Scan on region  (cost=0.00..1.06 rows=1 width=4) (never executed)
                           Filter: (r_name = 'AFRICA'::bpchar)
 Planning Time: 4.967 ms
 Execution Time: 39.633 ms
(40 rows)

execute /home/pei/Project/benchmarks/JCC-H/out/skinner_explained/3.sql_explained.sql
SET
                                                                                      QUERY PLAN                                                                                      
--------------------------------------------------------------------------------------------------------------------------------------------------------------------------------------
 Sort  (cost=167797.46..168322.45 rows=209997 width=44) (actual time=1011.082..1011.928 rows=11343 loops=1)
   Sort Key: (sum((lineitem.l_extendedprice * ('1'::numeric - lineitem.l_discount)))) DESC, orders.o_orderdate
   Sort Method: quicksort  Memory: 1271kB
   ->  Finalize GroupAggregate  (cost=115136.20..142772.72 rows=209997 width=44) (actual time=974.203..1003.088 rows=11343 loops=1)
         Group Key: lineitem.l_orderkey, orders.o_orderdate, orders.o_shippriority
         ->  Gather Merge  (cost=115136.20..137960.28 rows=174998 width=44) (actual time=974.189..990.795 rows=11343 loops=1)
               Workers Planned: 2
               Workers Launched: 2
               ->  Partial GroupAggregate  (cost=114136.17..116761.14 rows=87499 width=44) (actual time=967.131..977.451 rows=3781 loops=3)
                     Group Key: lineitem.l_orderkey, orders.o_orderdate, orders.o_shippriority
                     ->  Sort  (cost=114136.17..114354.92 rows=87499 width=24) (actual time=967.109..967.796 rows=10008 loops=3)
                           Sort Key: lineitem.l_orderkey, orders.o_orderdate, orders.o_shippriority
                           Sort Method: quicksort  Memory: 1206kB
                           Worker 0:  Sort Method: quicksort  Memory: 1124kB
                           Worker 1:  Sort Method: quicksort  Memory: 1169kB
                           ->  Nested Loop  (cost=10526.33..105158.33 rows=87499 width=24) (actual time=87.715..957.825 rows=10008 loops=3)
                                 ->  Parallel Hash Join  (cost=10525.90..38638.46 rows=26999 width=12) (actual time=87.262..377.443 rows=21278 loops=3)
                                       Hash Cond: (orders.o_custkey = customer.c_custkey)
                                       ->  Parallel Bitmap Heap Scan on orders  (cost=6001.52..33763.92 rows=133392 width=16) (actual time=53.236..280.211 rows=106243 loops=3)
                                             Recheck Cond: (o_orderdate < '1993-05-29'::date)
                                             Heap Blocks: exact=8979
                                             ->  Bitmap Index Scan on idx_orders_orderdate  (cost=0.00..5921.48 rows=320141 width=0) (actual time=47.883..47.883 rows=318729 loops=1)
                                                   Index Cond: (o_orderdate < '1993-05-29'::date)
                                       ->  Parallel Hash  (cost=4366.25..4366.25 rows=12650 width=4) (actual time=33.320..33.320 rows=9983 loops=3)
                                             Buckets: 32768  Batches: 1  Memory Usage: 1472kB
                                             ->  Parallel Seq Scan on customer  (cost=0.00..4366.25 rows=12650 width=4) (actual time=0.027..27.352 rows=9983 loops=3)
                                                   Filter: (c_mktsegment = 'MACHINERY'::bpchar)
                                                   Rows Removed by Filter: 40017
                                 ->  Index Scan using lineitem_pkey on lineitem  (cost=0.43..2.34 rows=12 width=16) (actual time=0.026..0.026 rows=0 loops=63835)
                                       Index Cond: (l_orderkey = orders.o_orderkey)
                                       Filter: (l_shipdate > '1993-05-29'::date)
                                       Rows Removed by Filter: 4
 Planning Time: 2.971 ms
 Execution Time: 1015.018 ms
(34 rows)

execute /home/pei/Project/benchmarks/JCC-H/out/skinner_explained/4.sql_explained.sql
SET
                                                                               QUERY PLAN                                                                               
------------------------------------------------------------------------------------------------------------------------------------------------------------------------
 Finalize GroupAggregate  (cost=64722.70..64769.93 rows=5 width=24) (actual time=717.932..720.636 rows=5 loops=1)
   Group Key: orders.o_orderpriority
   ->  Gather Merge  (cost=64722.70..64769.83 rows=10 width=24) (actual time=717.110..724.960 rows=15 loops=1)
         Workers Planned: 2
         Workers Launched: 2
         ->  Partial GroupAggregate  (cost=63722.68..63768.65 rows=5 width=24) (actual time=710.372..713.533 rows=5 loops=3)
               Group Key: orders.o_orderpriority
               ->  Sort  (cost=63722.68..63737.98 rows=6123 width=16) (actual time=709.561..710.752 rows=17575 loops=3)
                     Sort Key: orders.o_orderpriority
                     Sort Method: quicksort  Memory: 1587kB
                     Worker 0:  Sort Method: quicksort  Memory: 1591kB
                     Worker 1:  Sort Method: quicksort  Memory: 1599kB
                     ->  Nested Loop Semi Join  (cost=1190.06..63337.54 rows=6123 width=16) (actual time=15.101..692.423 rows=17575 loops=3)
                           ->  Parallel Bitmap Heap Scan on orders  (cost=1189.63..27634.14 rows=23301 width=20) (actual time=14.998..195.567 rows=19158 loops=3)
                                 Recheck Cond: ((o_orderdate >= '1994-06-01'::date) AND (o_orderdate < '1994-09-01 00:00:00'::timestamp without time zone))
                                 Heap Blocks: exact=7689
                                 ->  Bitmap Index Scan on idx_orders_orderdate  (cost=0.00..1175.65 rows=55922 width=0) (actual time=15.762..15.762 rows=57474 loops=1)
                                       Index Cond: ((o_orderdate >= '1994-06-01'::date) AND (o_orderdate < '1994-09-01 00:00:00'::timestamp without time zone))
                           ->  Index Scan using idx_lineitem_orderkey on lineitem  (cost=0.43..5.11 rows=5 width=4) (actual time=0.024..0.024 rows=1 loops=57474)
                                 Index Cond: (l_orderkey = orders.o_orderkey)
                                 Filter: (l_commitdate < l_receiptdate)
                                 Rows Removed by Filter: 1
 Planning Time: 2.616 ms
 Execution Time: 725.417 ms
(24 rows)

execute /home/pei/Project/benchmarks/JCC-H/out/skinner_explained/5.sql_explained.sql
SET
                                                                                   QUERY PLAN                                                                                   
--------------------------------------------------------------------------------------------------------------------------------------------------------------------------------
 Sort  (cost=85981.88..85981.94 rows=25 width=136) (actual time=1610.025..1610.026 rows=5 loops=1)
   Sort Key: (sum((lineitem.l_extendedprice * ('1'::numeric - lineitem.l_discount)))) DESC
   Sort Method: quicksort  Memory: 25kB
   ->  Finalize GroupAggregate  (cost=85937.25..85981.30 rows=25 width=136) (actual time=1608.929..1609.968 rows=5 loops=1)
         Group Key: nation.n_name
         ->  Gather Merge  (cost=85937.25..85980.61 rows=50 width=136) (actual time=1608.588..1614.044 rows=15 loops=1)
               Workers Planned: 2
               Workers Launched: 2
               ->  Partial GroupAggregate  (cost=84937.23..84974.82 rows=25 width=136) (actual time=1600.867..1602.203 rows=5 loops=3)
                     Group Key: nation.n_name
                     ->  Sort  (cost=84937.23..84944.68 rows=2982 width=116) (actual time=1600.531..1600.699 rows=2459 loops=3)
                           Sort Key: nation.n_name
                           Sort Method: quicksort  Memory: 283kB
                           Worker 0:  Sort Method: quicksort  Memory: 285kB
                           Worker 1:  Sort Method: quicksort  Memory: 297kB
                           ->  Hash Join  (cost=475.32..84765.14 rows=2982 width=116) (actual time=8.707..1596.756 rows=2459 loops=3)
                                 Hash Cond: ((lineitem.l_suppkey = supplier.s_suppkey) AND (customer.c_nationkey = supplier.s_nationkey))
                                 ->  Nested Loop  (cost=3.32..83900.20 rows=74844 width=128) (actual time=0.611..1564.446 rows=60981 loops=3)
                                       ->  Nested Loop  (cost=2.89..25143.84 rows=18707 width=116) (actual time=0.502..1030.797 rows=15233 loops=3)
                                             ->  Hash Join  (cost=2.46..4571.84 rows=12500 width=116) (actual time=0.278..40.553 rows=10066 loops=3)
                                                   Hash Cond: (customer.c_nationkey = nation.n_nationkey)
                                                   ->  Parallel Seq Scan on customer  (cost=0.00..4210.00 rows=62500 width=8) (actual time=0.031..22.907 rows=50000 loops=3)
                                                   ->  Hash  (cost=2.40..2.40 rows=5 width=108) (actual time=0.161..0.161 rows=5 loops=3)
                                                         Buckets: 1024  Batches: 1  Memory Usage: 9kB
                                                         ->  Hash Join  (cost=1.07..2.40 rows=5 width=108) (actual time=0.141..0.148 rows=5 loops=3)
                                                               Hash Cond: (nation.n_regionkey = region.r_regionkey)
                                                               ->  Seq Scan on nation  (cost=0.00..1.25 rows=25 width=112) (actual time=0.038..0.040 rows=25 loops=3)
                                                               ->  Hash  (cost=1.06..1.06 rows=1 width=4) (actual time=0.050..0.050 rows=1 loops=3)
                                                                     Buckets: 1024  Batches: 1  Memory Usage: 9kB
                                                                     ->  Seq Scan on region  (cost=0.00..1.06 rows=1 width=4) (actual time=0.025..0.026 rows=1 loops=3)
                                                                           Filter: (r_name = 'EUROPE'::bpchar)
                                                                           Rows Removed by Filter: 4
                                             ->  Index Scan using idx_orders_custkey on orders  (cost=0.43..1.62 rows=3 width=8) (actual time=0.041..0.097 rows=2 loops=30197)
                                                   Index Cond: (o_custkey = customer.c_custkey)
                                                   Filter: ((o_orderdate >= '1993-01-01'::date) AND (o_orderdate < '1994-01-01 00:00:00'::timestamp without time zone))
                                                   Rows Removed by Filter: 9
                                       ->  Index Scan using idx_lineitem_orderkey on lineitem  (cost=0.43..2.99 rows=15 width=20) (actual time=0.030..0.033 rows=4 loops=45699)
                                             Index Cond: (l_orderkey = orders.o_orderkey)
                                 ->  Hash  (cost=322.00..322.00 rows=10000 width=8) (actual time=7.163..7.163 rows=10000 loops=3)
                                       Buckets: 16384  Batches: 1  Memory Usage: 519kB
                                       ->  Seq Scan on supplier  (cost=0.00..322.00 rows=10000 width=8) (actual time=0.029..4.082 rows=10000 loops=3)
 Planning Time: 6.898 ms
 Execution Time: 1614.839 ms
(43 rows)

execute /home/pei/Project/benchmarks/JCC-H/out/skinner_explained/6.sql_explained.sql
SET
                                                                                                         QUERY PLAN                                                                                                         
----------------------------------------------------------------------------------------------------------------------------------------------------------------------------------------------------------------------------
 Finalize Aggregate  (cost=170272.46..170272.47 rows=1 width=32) (actual time=925.048..925.048 rows=1 loops=1)
   ->  Gather  (cost=170272.23..170272.44 rows=2 width=32) (actual time=924.900..928.170 rows=3 loops=1)
         Workers Planned: 2
         Workers Launched: 2
         ->  Partial Aggregate  (cost=169272.23..169272.24 rows=1 width=32) (actual time=918.633..918.633 rows=1 loops=3)
               ->  Parallel Seq Scan on lineitem  (cost=0.00..168764.39 rows=101568 width=12) (actual time=0.068..862.621 rows=82632 loops=3)
                     Filter: ((l_shipdate >= '1993-01-01'::date) AND (l_shipdate < '1994-01-01 00:00:00'::timestamp without time zone) AND (l_discount >= 0.06) AND (l_discount <= 0.08) AND (l_quantity < '100'::numeric))
                     Rows Removed by Filter: 1917773
 Planning Time: 1.517 ms
 Execution Time: 928.390 ms
(10 rows)

execute /home/pei/Project/benchmarks/JCC-H/out/skinner_explained/7.sql_explained.sql
SET
                                                                                             QUERY PLAN                                                                                              
-----------------------------------------------------------------------------------------------------------------------------------------------------------------------------------------------------
 Finalize GroupAggregate  (cost=72940.15..73769.59 rows=5980 width=248) (actual time=1922.691..1923.818 rows=4 loops=1)
   Group Key: n1.n_name, n2.n_name, (date_part('year'::text, (lineitem.l_shipdate)::timestamp without time zone))
   ->  Gather Merge  (cost=72940.15..73602.64 rows=4984 width=248) (actual time=1922.270..1928.257 rows=12 loops=1)
         Workers Planned: 2
         Workers Launched: 2
         ->  Partial GroupAggregate  (cost=71940.12..72027.34 rows=2492 width=248) (actual time=1913.690..1914.832 rows=4 loops=3)
               Group Key: n1.n_name, n2.n_name, (date_part('year'::text, (lineitem.l_shipdate)::timestamp without time zone))
               ->  Sort  (cost=71940.12..71946.35 rows=2492 width=228) (actual time=1913.301..1913.431 rows=1930 loops=3)
                     Sort Key: n1.n_name, n2.n_name, (date_part('year'::text, (lineitem.l_shipdate)::timestamp without time zone))
                     Sort Method: quicksort  Memory: 319kB
                     Worker 0:  Sort Method: quicksort  Memory: 321kB
                     Worker 1:  Sort Method: quicksort  Memory: 320kB
                     ->  Hash Join  (cost=366.36..71799.54 rows=2492 width=228) (actual time=7.488..1909.406 rows=1930 loops=3)
                           Hash Cond: (lineitem.l_suppkey = supplier.s_suppkey)
                           Join Filter: (((n1.n_name = 'UNITED STATES'::bpchar) AND (n2.n_name = 'GERMANY'::bpchar)) OR ((n1.n_name = 'GERMANY'::bpchar) AND (n2.n_name = 'UNITED STATES'::bpchar)))
                           Rows Removed by Join Filter: 1894
                           ->  Nested Loop  (cost=2.26..71101.74 rows=60116 width=124) (actual time=0.634..1883.984 rows=48207 loops=3)
                                 ->  Nested Loop  (cost=1.83..12907.07 rows=50000 width=108) (actual time=0.329..564.057 rows=39882 loops=3)
                                       ->  Hash Join  (cost=1.40..4403.27 rows=5000 width=108) (actual time=0.210..34.499 rows=3964 loops=3)
                                             Hash Cond: (customer.c_nationkey = n2.n_nationkey)
                                             ->  Parallel Seq Scan on customer  (cost=0.00..4210.00 rows=62500 width=8) (actual time=0.032..22.727 rows=50000 loops=3)
                                             ->  Hash  (cost=1.38..1.38 rows=2 width=108) (actual time=0.066..0.067 rows=2 loops=3)
                                                   Buckets: 1024  Batches: 1  Memory Usage: 9kB
                                                   ->  Seq Scan on nation n2  (cost=0.00..1.38 rows=2 width=108) (actual time=0.037..0.042 rows=2 loops=3)
                                                         Filter: ((n_name = 'GERMANY'::bpchar) OR (n_name = 'UNITED STATES'::bpchar))
                                                         Rows Removed by Filter: 23
                                       ->  Index Scan using idx_orders_custkey on orders  (cost=0.43..1.53 rows=17 width=8) (actual time=0.017..0.127 rows=10 loops=11891)
                                             Index Cond: (o_custkey = customer.c_custkey)
                                 ->  Index Scan using lineitem_pkey on lineitem  (cost=0.43..1.11 rows=5 width=24) (actual time=0.031..0.032 rows=1 loops=119645)
                                       Index Cond: (l_orderkey = orders.o_orderkey)
                                       Filter: ((l_shipdate >= '1993-01-01'::date) AND (l_shipdate <= '1994-12-31'::date))
                                       Rows Removed by Filter: 3
                           ->  Hash  (cost=354.10..354.10 rows=800 width=108) (actual time=5.502..5.502 rows=789 loops=3)
                                 Buckets: 1024  Batches: 1  Memory Usage: 56kB
                                 ->  Hash Join  (cost=1.40..354.10 rows=800 width=108) (actual time=0.121..5.094 rows=789 loops=3)
                                       Hash Cond: (supplier.s_nationkey = n1.n_nationkey)
                                       ->  Seq Scan on supplier  (cost=0.00..322.00 rows=10000 width=8) (actual time=0.025..3.320 rows=10000 loops=3)
                                       ->  Hash  (cost=1.38..1.38 rows=2 width=108) (actual time=0.028..0.028 rows=2 loops=3)
                                             Buckets: 1024  Batches: 1  Memory Usage: 9kB
                                             ->  Seq Scan on nation n1  (cost=0.00..1.38 rows=2 width=108) (actual time=0.011..0.017 rows=2 loops=3)
                                                   Filter: ((n_name = 'UNITED STATES'::bpchar) OR (n_name = 'GERMANY'::bpchar))
                                                   Rows Removed by Filter: 23
 Planning Time: 5.601 ms
 Execution Time: 1929.047 ms
(44 rows)

execute /home/pei/Project/benchmarks/JCC-H/out/skinner_explained/8.sql_explained.sql
SET
                                                                                QUERY PLAN                                                                                
--------------------------------------------------------------------------------------------------------------------------------------------------------------------------
 Finalize GroupAggregate  (cost=77405.33..77756.97 rows=2395 width=40) (actual time=32.205..32.205 rows=0 loops=1)
   Group Key: (date_part('year'::text, (orders.o_orderdate)::timestamp without time zone))
   ->  Gather Merge  (cost=77405.33..77678.13 rows=1996 width=72) (actual time=32.203..33.393 rows=0 loops=1)
         Workers Planned: 2
         Workers Launched: 2
         ->  Partial GroupAggregate  (cost=76405.31..76447.72 rows=998 width=72) (actual time=24.857..24.857 rows=0 loops=3)
               Group Key: (date_part('year'::text, (orders.o_orderdate)::timestamp without time zone))
               ->  Sort  (cost=76405.31..76407.80 rows=998 width=124) (actual time=24.856..24.856 rows=0 loops=3)
                     Sort Key: (date_part('year'::text, (orders.o_orderdate)::timestamp without time zone))
                     Sort Method: quicksort  Memory: 25kB
                     Worker 0:  Sort Method: quicksort  Memory: 25kB
                     Worker 1:  Sort Method: quicksort  Memory: 25kB
                     ->  Hash Join  (cost=5.59..76355.59 rows=998 width=124) (actual time=24.776..24.776 rows=0 loops=3)
                           Hash Cond: (supplier.s_nationkey = n2.n_nationkey)
                           ->  Nested Loop  (cost=4.03..76345.97 rows=998 width=20) (actual time=24.639..24.639 rows=0 loops=3)
                                 ->  Hash Join  (cost=3.74..76042.70 rows=1002 width=20) (actual time=24.638..24.638 rows=0 loops=3)
                                       Hash Cond: (customer.c_nationkey = n1.n_nationkey)
                                       ->  Nested Loop  (cost=1.28..76011.43 rows=5010 width=24) (actual time=24.638..24.638 rows=0 loops=3)
                                             ->  Nested Loop  (cost=0.86..73643.02 rows=5010 width=24) (actual time=24.638..24.638 rows=0 loops=3)
                                                   ->  Nested Loop  (cost=0.43..65860.85 rows=16553 width=20) (actual time=24.638..24.638 rows=0 loops=3)
                                                         ->  Parallel Seq Scan on part  (cost=0.00..5138.67 rows=552 width=4) (actual time=24.637..24.637 rows=0 loops=3)
                                                               Filter: ((p_type)::text = 'SHINY MINED GOLD'::text)
                                                               Rows Removed by Filter: 66667
                                                         ->  Index Scan using idx_lineitem_part_supp on lineitem  (cost=0.43..109.69 rows=31 width=24) (never executed)
                                                               Index Cond: (l_partkey = part.p_partkey)
                                                   ->  Index Scan using orders_pkey on orders  (cost=0.43..0.47 rows=1 width=12) (never executed)
                                                         Index Cond: (o_orderkey = lineitem.l_orderkey)
                                                         Filter: ((o_orderdate >= '1993-01-01'::date) AND (o_orderdate <= '1994-12-31'::date))
                                             ->  Index Scan using customer_pkey on customer  (cost=0.42..0.47 rows=1 width=8) (never executed)
                                                   Index Cond: (c_custkey = orders.o_custkey)
                                       ->  Hash  (cost=2.40..2.40 rows=5 width=4) (never executed)
                                             ->  Hash Join  (cost=1.07..2.40 rows=5 width=4) (never executed)
                                                   Hash Cond: (n1.n_regionkey = region.r_regionkey)
                                                   ->  Seq Scan on nation n1  (cost=0.00..1.25 rows=25 width=8) (never executed)
                                                   ->  Hash  (cost=1.06..1.06 rows=1 width=4) (never executed)
                                                         ->  Seq Scan on region  (cost=0.00..1.06 rows=1 width=4) (never executed)
                                                               Filter: (r_name = 'MIDDLE EAST'::bpchar)
                                 ->  Index Scan using supplier_pkey on supplier  (cost=0.29..0.30 rows=1 width=8) (never executed)
                                       Index Cond: (s_suppkey = lineitem.l_suppkey)
                           ->  Hash  (cost=1.25..1.25 rows=25 width=108) (actual time=0.065..0.065 rows=25 loops=3)
                                 Buckets: 1024  Batches: 1  Memory Usage: 10kB
                                 ->  Seq Scan on nation n2  (cost=0.00..1.25 rows=25 width=108) (actual time=0.031..0.036 rows=25 loops=3)
 Planning Time: 7.842 ms
 Execution Time: 34.059 ms
(44 rows)

execute /home/pei/Project/benchmarks/JCC-H/out/skinner_explained/9.sql_explained.sql
SET
                                                                            QUERY PLAN                                                                            
------------------------------------------------------------------------------------------------------------------------------------------------------------------
 Finalize GroupAggregate  (cost=6382.26..6464.52 rows=598 width=144) (actual time=39.187..39.188 rows=0 loops=1)
   Group Key: nation.n_name, (date_part('year'::text, (orders.o_orderdate)::timestamp without time zone))
   ->  Gather Merge  (cost=6382.26..6449.07 rows=498 width=144) (actual time=39.186..40.331 rows=0 loops=1)
         Workers Planned: 2
         Workers Launched: 2
         ->  Partial GroupAggregate  (cost=5382.23..5391.57 rows=249 width=144) (actual time=32.410..32.410 rows=0 loops=3)
               Group Key: nation.n_name, (date_part('year'::text, (orders.o_orderdate)::timestamp without time zone))
               ->  Sort  (cost=5382.23..5382.85 rows=249 width=135) (actual time=32.409..32.409 rows=0 loops=3)
                     Sort Key: nation.n_name, (date_part('year'::text, (orders.o_orderdate)::timestamp without time zone)) DESC
                     Sort Method: quicksort  Memory: 25kB
                     Worker 0:  Sort Method: quicksort  Memory: 25kB
                     Worker 1:  Sort Method: quicksort  Memory: 25kB
                     ->  Nested Loop  (cost=3.13..5372.32 rows=249 width=135) (actual time=32.327..32.327 rows=0 loops=3)
                           ->  Nested Loop  (cost=2.71..5255.26 rows=249 width=131) (actual time=32.327..32.327 rows=0 loops=3)
                                 Join Filter: (supplier.s_suppkey = lineitem.l_suppkey)
                                 ->  Hash Join  (cost=2.27..5218.63 rows=33 width=126) (actual time=32.327..32.327 rows=0 loops=3)
                                       Hash Cond: (supplier.s_nationkey = nation.n_nationkey)
                                       ->  Nested Loop  (cost=0.71..5216.97 rows=33 width=26) (actual time=32.326..32.326 rows=0 loops=3)
                                             ->  Nested Loop  (cost=0.42..5206.95 rows=33 width=18) (actual time=32.326..32.326 rows=0 loops=3)
                                                   ->  Parallel Seq Scan on part  (cost=0.00..5138.67 rows=8 width=4) (actual time=32.326..32.326 rows=0 loops=3)
                                                         Filter: ((p_name)::text ~~ '%shiny mined gold%'::text)
                                                         Rows Removed by Filter: 66667
                                                   ->  Index Scan using idx_partsupp_partkey on partsupp  (cost=0.42..8.50 rows=4 width=14) (never executed)
                                                         Index Cond: (ps_partkey = part.p_partkey)
                                             ->  Index Scan using supplier_pkey on supplier  (cost=0.29..0.30 rows=1 width=8) (never executed)
                                                   Index Cond: (s_suppkey = partsupp.ps_suppkey)
                                       ->  Hash  (cost=1.25..1.25 rows=25 width=108) (never executed)
                                             ->  Seq Scan on nation  (cost=0.00..1.25 rows=25 width=108) (never executed)
                                 ->  Index Scan using idx_lineitem_part_supp on lineitem  (cost=0.43..1.10 rows=1 width=29) (never executed)
                                       Index Cond: ((l_partkey = partsupp.ps_partkey) AND (l_suppkey = partsupp.ps_suppkey))
                           ->  Index Scan using orders_pkey on orders  (cost=0.43..0.47 rows=1 width=8) (never executed)
                                 Index Cond: (o_orderkey = lineitem.l_orderkey)
 Planning Time: 7.787 ms
 Execution Time: 40.928 ms
(34 rows)

